[Wed  4 Mar 23:49:15 GMT 2026] Sibyl ablation: ABL_EPOCHS | epochs=15 | QF_BV
SLURM_JOB_ID=1260744
Node: gecko-03
GPU: NVIDIA A10
SMT environment loaded from /dcs/large/u5573765
======================================================================
Sibyl Ablation Runner
  Experiment: ABL_EPOCHS
  Knob:       epochs = 15
  Logic:      QF_BV
  Output:     /dcs/23/u5573765/cs351/smt-ablation-sibyl/ablation/results/ABL_EPOCHS/15/QF_BV
======================================================================

  Logic: QF_BV
  Benchmarks: 245
  Configs: ['z3_bv_default', 'z3_bv_eager', 'cvc5_bv_default', 'cvc5_bv_eager']
  K-folds: 5

  --- Fold 1/5: train=196, val=49 ---
    Training (epochs=15, t=1, dropout=0.1, pool=max, edges=['AST', 'Back-AST', 'Data'], mode=cat, jump=True, weight=best)...
    Evaluating on 49 benchmarks...
    VBS:   46/49 solved, PAR-2=455.5
    Sibyl: 45/49 solved, PAR-2=583.5
    SBS:   45/49 solved, PAR-2=578.7
    VBS matches: 18/49
    Wall: 304.9s

  --- Fold 2/5: train=196, val=49 ---
    Training (epochs=15, t=1, dropout=0.1, pool=max, edges=['AST', 'Back-AST', 'Data'], mode=cat, jump=True, weight=best)...
    Evaluating on 49 benchmarks...
    VBS:   46/49 solved, PAR-2=423.0
    Sibyl: 44/49 solved, PAR-2=669.3
    SBS:   45/49 solved, PAR-2=526.5
    VBS matches: 25/49
    Wall: 326.2s

  --- Fold 3/5: train=196, val=49 ---
    Training (epochs=15, t=1, dropout=0.1, pool=max, edges=['AST', 'Back-AST', 'Data'], mode=cat, jump=True, weight=best)...
    Evaluating on 49 benchmarks...
    VBS:   46/49 solved, PAR-2=505.4
    Sibyl: 43/49 solved, PAR-2=831.7
    SBS:   44/49 solved, PAR-2=702.8
    VBS matches: 26/49
    Wall: 329.6s

  --- Fold 4/5: train=196, val=49 ---
    Training (epochs=15, t=1, dropout=0.1, pool=max, edges=['AST', 'Back-AST', 'Data'], mode=cat, jump=True, weight=best)...
    Evaluating on 49 benchmarks...
    VBS:   46/49 solved, PAR-2=536.3
    Sibyl: 45/49 solved, PAR-2=652.9
    SBS:   44/49 solved, PAR-2=751.7
    VBS matches: 20/49
    Wall: 389.8s

  --- Fold 5/5: train=196, val=49 ---
    Training (epochs=15, t=1, dropout=0.1, pool=max, edges=['AST', 'Back-AST', 'Data'], mode=cat, jump=True, weight=best)...
    Evaluating on 49 benchmarks...
    VBS:   45/49 solved, PAR-2=511.3
    Sibyl: 42/49 solved, PAR-2=879.5
    SBS:   44/49 solved, PAR-2=657.1
    VBS matches: 17/49
    Wall: 379.0s

  Wrote: /dcs/23/u5573765/cs351/smt-ablation-sibyl/ablation/results/ABL_EPOCHS/15/QF_BV/perfold.csv
  Wrote: /dcs/23/u5573765/cs351/smt-ablation-sibyl/ablation/results/ABL_EPOCHS/15/QF_BV/summary.csv

======================================================================
SUMMARY: ABL_EPOCHS | epochs=15 | QF_BV
  Sibyl: 219/245 solved (89.4%), PAR-2=3617.0
  vs SBS: -12.4%
  Closeness to VBS: -51.0%
  Wall time: 1730s
======================================================================
[Thu  5 Mar 00:18:05 GMT 2026] Done.
