[Wed  4 Mar 19:42:09 GMT 2026] Sibyl ablation: ABL_DATA_WEIGHT | data_weight=order | QF_BV
SLURM_JOB_ID=1260540
Node: falcon-03
GPU: NVIDIA RTX A5000
SMT environment loaded from /dcs/large/u5573765
======================================================================
Sibyl Ablation Runner
  Experiment: ABL_DATA_WEIGHT
  Knob:       data_weight = order
  Logic:      QF_BV
  Output:     /dcs/23/u5573765/cs351/smt-ablation-sibyl/ablation/results/ABL_DATA_WEIGHT/order/QF_BV
======================================================================

  Logic: QF_BV
  Benchmarks: 245
  Configs: ['z3_bv_default', 'z3_bv_eager', 'cvc5_bv_default', 'cvc5_bv_eager']
  K-folds: 5

  --- Fold 1/5: train=196, val=49 ---
    Training (epochs=5, t=1, dropout=0.1, pool=max, edges=['AST', 'Back-AST', 'Data'], mode=cat, jump=True, weight=order)...
    Evaluating on 49 benchmarks...
    VBS:   46/49 solved, PAR-2=455.5
    Sibyl: 44/49 solved, PAR-2=782.5
    SBS:   45/49 solved, PAR-2=578.7
    VBS matches: 16/49
    Wall: 274.8s

  --- Fold 2/5: train=196, val=49 ---
    Training (epochs=5, t=1, dropout=0.1, pool=max, edges=['AST', 'Back-AST', 'Data'], mode=cat, jump=True, weight=order)...
    Evaluating on 49 benchmarks...
    VBS:   46/49 solved, PAR-2=423.0
    Sibyl: 42/49 solved, PAR-2=907.7
    SBS:   45/49 solved, PAR-2=526.5
    VBS matches: 18/49
    Wall: 274.7s

  --- Fold 3/5: train=196, val=49 ---
    Training (epochs=5, t=1, dropout=0.1, pool=max, edges=['AST', 'Back-AST', 'Data'], mode=cat, jump=True, weight=order)...
    Evaluating on 49 benchmarks...
    VBS:   46/49 solved, PAR-2=505.4
    Sibyl: 41/49 solved, PAR-2=1111.6
    SBS:   44/49 solved, PAR-2=702.8
    VBS matches: 12/49
    Wall: 279.0s

  --- Fold 4/5: train=196, val=49 ---
    Training (epochs=5, t=1, dropout=0.1, pool=max, edges=['AST', 'Back-AST', 'Data'], mode=cat, jump=True, weight=order)...
    Evaluating on 49 benchmarks...
    VBS:   46/49 solved, PAR-2=536.3
    Sibyl: 45/49 solved, PAR-2=682.5
    SBS:   44/49 solved, PAR-2=751.7
    VBS matches: 15/49
    Wall: 274.1s

  --- Fold 5/5: train=196, val=49 ---
    Training (epochs=5, t=1, dropout=0.1, pool=max, edges=['AST', 'Back-AST', 'Data'], mode=cat, jump=True, weight=order)...
    Evaluating on 49 benchmarks...
    VBS:   45/49 solved, PAR-2=511.3
    Sibyl: 43/49 solved, PAR-2=745.0
    SBS:   44/49 solved, PAR-2=657.1
    VBS matches: 24/49
    Wall: 272.5s

  Wrote: /dcs/23/u5573765/cs351/smt-ablation-sibyl/ablation/results/ABL_DATA_WEIGHT/order/QF_BV/perfold.csv
  Wrote: /dcs/23/u5573765/cs351/smt-ablation-sibyl/ablation/results/ABL_DATA_WEIGHT/order/QF_BV/summary.csv

======================================================================
SUMMARY: ABL_DATA_WEIGHT | data_weight=order | QF_BV
  Sibyl: 215/245 solved (87.8%), PAR-2=4229.2
  vs SBS: -31.5%
  Closeness to VBS: -128.9%
  Wall time: 1375s
======================================================================
[Wed  4 Mar 20:05:06 GMT 2026] Done.
