[Thu  5 Mar 02:32:32 GMT 2026] Sibyl ablation: ABL_TIME_STEPS | time_steps=2 | QF_LIA
SLURM_JOB_ID=1260860
Node: gecko-03
GPU: NVIDIA A10
SMT environment loaded from /dcs/large/u5573765
======================================================================
Sibyl Ablation Runner
  Experiment: ABL_TIME_STEPS
  Knob:       time_steps = 2
  Logic:      QF_LIA
  Output:     /dcs/23/u5573765/cs351/smt-ablation-sibyl/ablation/results/ABL_TIME_STEPS/2/QF_LIA
======================================================================

  Logic: QF_LIA
  Benchmarks: 250
  Configs: ['z3_lia_default', 'z3_lia_arith', 'cvc5_lia_default', 'cvc5_lia_arith']
  K-folds: 5

  --- Fold 1/5: train=200, val=50 ---
    Training (epochs=5, t=2, dropout=0.1, pool=max, edges=['AST', 'Back-AST', 'Data'], mode=cat, jump=True, weight=best)...
    Evaluating on 50 benchmarks...
    VBS:   47/50 solved, PAR-2=393.7
    Sibyl: 45/50 solved, PAR-2=631.0
    SBS:   47/50 solved, PAR-2=409.5
    VBS matches: 24/50
    Wall: 195.2s

  --- Fold 2/5: train=200, val=50 ---
    Training (epochs=5, t=2, dropout=0.1, pool=max, edges=['AST', 'Back-AST', 'Data'], mode=cat, jump=True, weight=best)...
    Evaluating on 50 benchmarks...
    VBS:   47/50 solved, PAR-2=514.6
    Sibyl: 41/50 solved, PAR-2=1180.0
    SBS:   47/50 solved, PAR-2=537.6
    VBS matches: 15/50
    Wall: 193.2s

  --- Fold 3/5: train=200, val=50 ---
    Training (epochs=5, t=2, dropout=0.1, pool=max, edges=['AST', 'Back-AST', 'Data'], mode=cat, jump=True, weight=best)...
    Evaluating on 50 benchmarks...
    VBS:   49/50 solved, PAR-2=142.0
    Sibyl: 47/50 solved, PAR-2=411.1
    SBS:   49/50 solved, PAR-2=192.6
    VBS matches: 14/50
    Wall: 190.0s

  --- Fold 4/5: train=200, val=50 ---
    Training (epochs=5, t=2, dropout=0.1, pool=max, edges=['AST', 'Back-AST', 'Data'], mode=cat, jump=True, weight=best)...
    Evaluating on 50 benchmarks...
    VBS:   49/50 solved, PAR-2=182.7
    Sibyl: 47/50 solved, PAR-2=481.0
    SBS:   49/50 solved, PAR-2=235.3
    VBS matches: 13/50
    Wall: 191.6s

  --- Fold 5/5: train=200, val=50 ---
    Training (epochs=5, t=2, dropout=0.1, pool=max, edges=['AST', 'Back-AST', 'Data'], mode=cat, jump=True, weight=best)...
    Evaluating on 50 benchmarks...
    VBS:   48/50 solved, PAR-2=335.7
    Sibyl: 48/50 solved, PAR-2=375.5
    SBS:   47/50 solved, PAR-2=469.8
    VBS matches: 26/50
    Wall: 185.5s

  Wrote: /dcs/23/u5573765/cs351/smt-ablation-sibyl/ablation/results/ABL_TIME_STEPS/2/QF_LIA/perfold.csv
  Wrote: /dcs/23/u5573765/cs351/smt-ablation-sibyl/ablation/results/ABL_TIME_STEPS/2/QF_LIA/summary.csv

======================================================================
SUMMARY: ABL_TIME_STEPS | time_steps=2 | QF_LIA
  Sibyl: 228/250 solved (91.2%), PAR-2=3078.6
  vs SBS: -66.9%
  Closeness to VBS: -447.1%
  Wall time: 956s
======================================================================
[Thu  5 Mar 02:48:28 GMT 2026] Done.
