[Thu  5 Mar 01:14:59 GMT 2026] Sibyl ablation: ABL_NO_JUMP | no_jump=True | QF_BV
SLURM_JOB_ID=1260792
Node: gecko-03
GPU: NVIDIA A10
SMT environment loaded from /dcs/large/u5573765
======================================================================
Sibyl Ablation Runner
  Experiment: ABL_NO_JUMP
  Knob:       no_jump = True
  Logic:      QF_BV
  Output:     /dcs/23/u5573765/cs351/smt-ablation-sibyl/ablation/results/ABL_NO_JUMP/true/QF_BV
======================================================================

  Logic: QF_BV
  Benchmarks: 245
  Configs: ['z3_bv_default', 'z3_bv_eager', 'cvc5_bv_default', 'cvc5_bv_eager']
  K-folds: 5

  --- Fold 1/5: train=196, val=49 ---
    Training (epochs=5, t=1, dropout=0.1, pool=max, edges=['AST', 'Back-AST', 'Data'], mode=cat, jump=True, weight=best)...
    Evaluating on 49 benchmarks...
    VBS:   46/49 solved, PAR-2=455.5
    Sibyl: 45/49 solved, PAR-2=627.0
    SBS:   45/49 solved, PAR-2=578.7
    VBS matches: 23/49
    Wall: 250.8s

  --- Fold 2/5: train=196, val=49 ---
    Training (epochs=5, t=1, dropout=0.1, pool=max, edges=['AST', 'Back-AST', 'Data'], mode=cat, jump=True, weight=best)...
    Evaluating on 49 benchmarks...
    VBS:   46/49 solved, PAR-2=423.0
    Sibyl: 44/49 solved, PAR-2=671.5
    SBS:   45/49 solved, PAR-2=526.5
    VBS matches: 18/49
    Wall: 229.0s

  --- Fold 3/5: train=196, val=49 ---
    Training (epochs=5, t=1, dropout=0.1, pool=max, edges=['AST', 'Back-AST', 'Data'], mode=cat, jump=True, weight=best)...
    Evaluating on 49 benchmarks...
    VBS:   46/49 solved, PAR-2=505.4
    Sibyl: 45/49 solved, PAR-2=669.2
    SBS:   44/49 solved, PAR-2=702.8
    VBS matches: 14/49
    Wall: 226.4s

  --- Fold 4/5: train=196, val=49 ---
    Training (epochs=5, t=1, dropout=0.1, pool=max, edges=['AST', 'Back-AST', 'Data'], mode=cat, jump=True, weight=best)...
    Evaluating on 49 benchmarks...
    VBS:   46/49 solved, PAR-2=536.3
    Sibyl: 46/49 solved, PAR-2=594.4
    SBS:   44/49 solved, PAR-2=751.7
    VBS matches: 28/49
    Wall: 226.5s

  --- Fold 5/5: train=196, val=49 ---
    Training (epochs=5, t=1, dropout=0.1, pool=max, edges=['AST', 'Back-AST', 'Data'], mode=cat, jump=True, weight=best)...
    Evaluating on 49 benchmarks...
    VBS:   45/49 solved, PAR-2=511.3
    Sibyl: 43/49 solved, PAR-2=752.7
    SBS:   44/49 solved, PAR-2=657.1
    VBS matches: 24/49
    Wall: 225.9s

  Wrote: /dcs/23/u5573765/cs351/smt-ablation-sibyl/ablation/results/ABL_NO_JUMP/true/QF_BV/perfold.csv
  Wrote: /dcs/23/u5573765/cs351/smt-ablation-sibyl/ablation/results/ABL_NO_JUMP/true/QF_BV/summary.csv

======================================================================
SUMMARY: ABL_NO_JUMP | no_jump=True | QF_BV
  Sibyl: 223/245 solved (91.0%), PAR-2=3314.8
  vs SBS: -3.0%
  Closeness to VBS: -12.5%
  Wall time: 1159s
======================================================================
[Thu  5 Mar 01:34:17 GMT 2026] Done.
