[Thu  5 Mar 00:37:23 GMT 2026] Sibyl ablation: ABL_EPOCHS | epochs=5 | QF_LIA
SLURM_JOB_ID=1260773
Node: gecko-03
GPU: NVIDIA A10
SMT environment loaded from /dcs/large/u5573765
======================================================================
Sibyl Ablation Runner
  Experiment: ABL_EPOCHS
  Knob:       epochs = 5
  Logic:      QF_LIA
  Output:     /dcs/23/u5573765/cs351/smt-ablation-sibyl/ablation/results/ABL_EPOCHS/5/QF_LIA
======================================================================

  Logic: QF_LIA
  Benchmarks: 250
  Configs: ['z3_lia_default', 'z3_lia_arith', 'cvc5_lia_default', 'cvc5_lia_arith']
  K-folds: 5

  --- Fold 1/5: train=200, val=50 ---
    Training (epochs=5, t=1, dropout=0.1, pool=max, edges=['AST', 'Back-AST', 'Data'], mode=cat, jump=True, weight=best)...
    Evaluating on 50 benchmarks...
    VBS:   47/50 solved, PAR-2=393.7
    Sibyl: 45/50 solved, PAR-2=632.7
    SBS:   47/50 solved, PAR-2=409.5
    VBS matches: 26/50
    Wall: 198.2s

  --- Fold 2/5: train=200, val=50 ---
    Training (epochs=5, t=1, dropout=0.1, pool=max, edges=['AST', 'Back-AST', 'Data'], mode=cat, jump=True, weight=best)...
    Evaluating on 50 benchmarks...
    VBS:   47/50 solved, PAR-2=514.6
    Sibyl: 42/50 solved, PAR-2=1063.1
    SBS:   47/50 solved, PAR-2=537.6
    VBS matches: 14/50
    Wall: 196.9s

  --- Fold 3/5: train=200, val=50 ---
    Training (epochs=5, t=1, dropout=0.1, pool=max, edges=['AST', 'Back-AST', 'Data'], mode=cat, jump=True, weight=best)...
    Evaluating on 50 benchmarks...
    VBS:   49/50 solved, PAR-2=142.0
    Sibyl: 47/50 solved, PAR-2=451.9
    SBS:   49/50 solved, PAR-2=192.6
    VBS matches: 16/50
    Wall: 220.3s

  --- Fold 4/5: train=200, val=50 ---
    Training (epochs=5, t=1, dropout=0.1, pool=max, edges=['AST', 'Back-AST', 'Data'], mode=cat, jump=True, weight=best)...
    Evaluating on 50 benchmarks...
    VBS:   49/50 solved, PAR-2=182.7
    Sibyl: 49/50 solved, PAR-2=241.1
    SBS:   49/50 solved, PAR-2=235.3
    VBS matches: 17/50
    Wall: 209.4s

  --- Fold 5/5: train=200, val=50 ---
    Training (epochs=5, t=1, dropout=0.1, pool=max, edges=['AST', 'Back-AST', 'Data'], mode=cat, jump=True, weight=best)...
    Evaluating on 50 benchmarks...
    VBS:   48/50 solved, PAR-2=335.7
    Sibyl: 44/50 solved, PAR-2=894.5
    SBS:   47/50 solved, PAR-2=469.8
    VBS matches: 18/50
    Wall: 205.3s

  Wrote: /dcs/23/u5573765/cs351/smt-ablation-sibyl/ablation/results/ABL_EPOCHS/5/QF_LIA/perfold.csv
  Wrote: /dcs/23/u5573765/cs351/smt-ablation-sibyl/ablation/results/ABL_EPOCHS/5/QF_LIA/summary.csv

======================================================================
SUMMARY: ABL_EPOCHS | epochs=5 | QF_LIA
  Sibyl: 227/250 solved (90.8%), PAR-2=3283.4
  vs SBS: -78.0%
  Closeness to VBS: -521.4%
  Wall time: 1030s
======================================================================
[Thu  5 Mar 00:54:34 GMT 2026] Done.
