[Thu  5 Mar 02:27:54 GMT 2026] Sibyl ablation: ABL_TIME_STEPS | time_steps=1 | QF_LIA
SLURM_JOB_ID=1260851
Node: gecko-03
GPU: NVIDIA A10
SMT environment loaded from /dcs/large/u5573765
======================================================================
Sibyl Ablation Runner
  Experiment: ABL_TIME_STEPS
  Knob:       time_steps = 1
  Logic:      QF_LIA
  Output:     /dcs/23/u5573765/cs351/smt-ablation-sibyl/ablation/results/ABL_TIME_STEPS/1/QF_LIA
======================================================================

  Logic: QF_LIA
  Benchmarks: 250
  Configs: ['z3_lia_default', 'z3_lia_arith', 'cvc5_lia_default', 'cvc5_lia_arith']
  K-folds: 5

  --- Fold 1/5: train=200, val=50 ---
    Training (epochs=5, t=1, dropout=0.1, pool=max, edges=['AST', 'Back-AST', 'Data'], mode=cat, jump=True, weight=best)...
    Evaluating on 50 benchmarks...
    VBS:   47/50 solved, PAR-2=393.7
    Sibyl: 43/50 solved, PAR-2=907.1
    SBS:   47/50 solved, PAR-2=409.5
    VBS matches: 18/50
    Wall: 193.4s

  --- Fold 2/5: train=200, val=50 ---
    Training (epochs=5, t=1, dropout=0.1, pool=max, edges=['AST', 'Back-AST', 'Data'], mode=cat, jump=True, weight=best)...
    Evaluating on 50 benchmarks...
    VBS:   47/50 solved, PAR-2=514.6
    Sibyl: 43/50 solved, PAR-2=997.2
    SBS:   47/50 solved, PAR-2=537.6
    VBS matches: 20/50
    Wall: 195.5s

  --- Fold 3/5: train=200, val=50 ---
    Training (epochs=5, t=1, dropout=0.1, pool=max, edges=['AST', 'Back-AST', 'Data'], mode=cat, jump=True, weight=best)...
    Evaluating on 50 benchmarks...
    VBS:   49/50 solved, PAR-2=142.0
    Sibyl: 47/50 solved, PAR-2=403.3
    SBS:   49/50 solved, PAR-2=192.6
    VBS matches: 22/50
    Wall: 195.9s

  --- Fold 4/5: train=200, val=50 ---
    Training (epochs=5, t=1, dropout=0.1, pool=max, edges=['AST', 'Back-AST', 'Data'], mode=cat, jump=True, weight=best)...
    Evaluating on 50 benchmarks...
    VBS:   49/50 solved, PAR-2=182.7
    Sibyl: 49/50 solved, PAR-2=225.7
    SBS:   49/50 solved, PAR-2=235.3
    VBS matches: 22/50
    Wall: 197.1s

  --- Fold 5/5: train=200, val=50 ---
    Training (epochs=5, t=1, dropout=0.1, pool=max, edges=['AST', 'Back-AST', 'Data'], mode=cat, jump=True, weight=best)...
    Evaluating on 50 benchmarks...
    VBS:   48/50 solved, PAR-2=335.7
    Sibyl: 43/50 solved, PAR-2=1065.7
    SBS:   47/50 solved, PAR-2=469.8
    VBS matches: 9/50
    Wall: 189.3s

  Wrote: /dcs/23/u5573765/cs351/smt-ablation-sibyl/ablation/results/ABL_TIME_STEPS/1/QF_LIA/perfold.csv
  Wrote: /dcs/23/u5573765/cs351/smt-ablation-sibyl/ablation/results/ABL_TIME_STEPS/1/QF_LIA/summary.csv

======================================================================
SUMMARY: ABL_TIME_STEPS | time_steps=1 | QF_LIA
  Sibyl: 225/250 solved (90.0%), PAR-2=3598.9
  vs SBS: -95.1%
  Closeness to VBS: -635.7%
  Wall time: 971s
======================================================================
[Thu  5 Mar 02:44:06 GMT 2026] Done.
