[Thu  5 Mar 01:34:18 GMT 2026] Sibyl ablation: ABL_POOL_TYPE | pool_type=attention | QF_LIA
SLURM_JOB_ID=1260816
Node: gecko-03
GPU: NVIDIA A10
SMT environment loaded from /dcs/large/u5573765
======================================================================
Sibyl Ablation Runner
  Experiment: ABL_POOL_TYPE
  Knob:       pool_type = attention
  Logic:      QF_LIA
  Output:     /dcs/23/u5573765/cs351/smt-ablation-sibyl/ablation/results/ABL_POOL_TYPE/attention/QF_LIA
======================================================================

  Logic: QF_LIA
  Benchmarks: 250
  Configs: ['z3_lia_default', 'z3_lia_arith', 'cvc5_lia_default', 'cvc5_lia_arith']
  K-folds: 5

  --- Fold 1/5: train=200, val=50 ---
    Training (epochs=5, t=1, dropout=0.1, pool=attention, edges=['AST', 'Back-AST', 'Data'], mode=cat, jump=True, weight=best)...
    Evaluating on 50 benchmarks...
    VBS:   47/50 solved, PAR-2=393.7
    Sibyl: 43/50 solved, PAR-2=957.1
    SBS:   47/50 solved, PAR-2=409.5
    VBS matches: 16/50
    Wall: 197.8s

  --- Fold 2/5: train=200, val=50 ---
    Training (epochs=5, t=1, dropout=0.1, pool=attention, edges=['AST', 'Back-AST', 'Data'], mode=cat, jump=True, weight=best)...
    Evaluating on 50 benchmarks...
    VBS:   47/50 solved, PAR-2=514.6
    Sibyl: 43/50 solved, PAR-2=997.6
    SBS:   47/50 solved, PAR-2=537.6
    VBS matches: 18/50
    Wall: 199.7s

  --- Fold 3/5: train=200, val=50 ---
    Training (epochs=5, t=1, dropout=0.1, pool=attention, edges=['AST', 'Back-AST', 'Data'], mode=cat, jump=True, weight=best)...
    Evaluating on 50 benchmarks...
    VBS:   49/50 solved, PAR-2=142.0
    Sibyl: 47/50 solved, PAR-2=392.4
    SBS:   49/50 solved, PAR-2=192.6
    VBS matches: 27/50
    Wall: 195.5s

  --- Fold 4/5: train=200, val=50 ---
    Training (epochs=5, t=1, dropout=0.1, pool=attention, edges=['AST', 'Back-AST', 'Data'], mode=cat, jump=True, weight=best)...
    Evaluating on 50 benchmarks...
    VBS:   49/50 solved, PAR-2=182.7
    Sibyl: 47/50 solved, PAR-2=466.5
    SBS:   49/50 solved, PAR-2=235.3
    VBS matches: 9/50
    Wall: 195.3s

  --- Fold 5/5: train=200, val=50 ---
    Training (epochs=5, t=1, dropout=0.1, pool=attention, edges=['AST', 'Back-AST', 'Data'], mode=cat, jump=True, weight=best)...
    Evaluating on 50 benchmarks...
    VBS:   48/50 solved, PAR-2=335.7
    Sibyl: 44/50 solved, PAR-2=903.5
    SBS:   47/50 solved, PAR-2=469.8
    VBS matches: 11/50
    Wall: 189.8s

  Wrote: /dcs/23/u5573765/cs351/smt-ablation-sibyl/ablation/results/ABL_POOL_TYPE/attention/QF_LIA/perfold.csv
  Wrote: /dcs/23/u5573765/cs351/smt-ablation-sibyl/ablation/results/ABL_POOL_TYPE/attention/QF_LIA/summary.csv

======================================================================
SUMMARY: ABL_POOL_TYPE | pool_type=attention | QF_LIA
  Sibyl: 224/250 solved (89.6%), PAR-2=3717.1
  vs SBS: -101.5%
  Closeness to VBS: -678.5%
  Wall time: 978s
======================================================================
[Thu  5 Mar 01:50:36 GMT 2026] Done.
