[Wed  4 Mar 20:05:06 GMT 2026] Sibyl ablation: ABL_MODE | mode=cat | QF_LIA
SLURM_JOB_ID=1260602
Node: gecko-03
GPU: NVIDIA A10
SMT environment loaded from /dcs/large/u5573765
======================================================================
Sibyl Ablation Runner
  Experiment: ABL_MODE
  Knob:       mode = cat
  Logic:      QF_LIA
  Output:     /dcs/23/u5573765/cs351/smt-ablation-sibyl/ablation/results/ABL_MODE/cat/QF_LIA
======================================================================

  Logic: QF_LIA
  Benchmarks: 250
  Configs: ['z3_lia_default', 'z3_lia_arith', 'cvc5_lia_default', 'cvc5_lia_arith']
  K-folds: 5

  --- Fold 1/5: train=200, val=50 ---
    Training (epochs=5, t=1, dropout=0.1, pool=max, edges=['AST', 'Back-AST', 'Data'], mode=cat, jump=True, weight=best)...
    Evaluating on 50 benchmarks...
    VBS:   47/50 solved, PAR-2=393.7
    Sibyl: 44/50 solved, PAR-2=751.7
    SBS:   47/50 solved, PAR-2=409.5
    VBS matches: 24/50
    Wall: 197.3s

  --- Fold 2/5: train=200, val=50 ---
    Training (epochs=5, t=1, dropout=0.1, pool=max, edges=['AST', 'Back-AST', 'Data'], mode=cat, jump=True, weight=best)...
    Evaluating on 50 benchmarks...
    VBS:   47/50 solved, PAR-2=514.6
    Sibyl: 40/50 solved, PAR-2=1243.0
    SBS:   47/50 solved, PAR-2=537.6
    VBS matches: 12/50
    Wall: 193.6s

  --- Fold 3/5: train=200, val=50 ---
    Training (epochs=5, t=1, dropout=0.1, pool=max, edges=['AST', 'Back-AST', 'Data'], mode=cat, jump=True, weight=best)...
    Evaluating on 50 benchmarks...
    VBS:   49/50 solved, PAR-2=142.0
    Sibyl: 44/50 solved, PAR-2=872.7
    SBS:   49/50 solved, PAR-2=192.6
    VBS matches: 10/50
    Wall: 192.8s

  --- Fold 4/5: train=200, val=50 ---
    Training (epochs=5, t=1, dropout=0.1, pool=max, edges=['AST', 'Back-AST', 'Data'], mode=cat, jump=True, weight=best)...
    Evaluating on 50 benchmarks...
    VBS:   49/50 solved, PAR-2=182.7
    Sibyl: 48/50 solved, PAR-2=348.0
    SBS:   49/50 solved, PAR-2=235.3
    VBS matches: 19/50
    Wall: 195.9s

  --- Fold 5/5: train=200, val=50 ---
    Training (epochs=5, t=1, dropout=0.1, pool=max, edges=['AST', 'Back-AST', 'Data'], mode=cat, jump=True, weight=best)...
    Evaluating on 50 benchmarks...
    VBS:   48/50 solved, PAR-2=335.7
    Sibyl: 46/50 solved, PAR-2=687.9
    SBS:   47/50 solved, PAR-2=469.8
    VBS matches: 14/50
    Wall: 187.8s

  Wrote: /dcs/23/u5573765/cs351/smt-ablation-sibyl/ablation/results/ABL_MODE/cat/QF_LIA/perfold.csv
  Wrote: /dcs/23/u5573765/cs351/smt-ablation-sibyl/ablation/results/ABL_MODE/cat/QF_LIA/summary.csv

======================================================================
SUMMARY: ABL_MODE | mode=cat | QF_LIA
  Sibyl: 222/250 solved (88.8%), PAR-2=3903.3
  vs SBS: -111.6%
  Closeness to VBS: -746.0%
  Wall time: 967s
======================================================================
[Wed  4 Mar 20:21:14 GMT 2026] Done.
