[Wed  4 Mar 23:56:28 GMT 2026] Sibyl ablation: ABL_EPOCHS | epochs=15 | QF_LIA
SLURM_JOB_ID=1260750
Node: gecko-03
GPU: NVIDIA A10
SMT environment loaded from /dcs/large/u5573765
======================================================================
Sibyl Ablation Runner
  Experiment: ABL_EPOCHS
  Knob:       epochs = 15
  Logic:      QF_LIA
  Output:     /dcs/23/u5573765/cs351/smt-ablation-sibyl/ablation/results/ABL_EPOCHS/15/QF_LIA
======================================================================

  Logic: QF_LIA
  Benchmarks: 250
  Configs: ['z3_lia_default', 'z3_lia_arith', 'cvc5_lia_default', 'cvc5_lia_arith']
  K-folds: 5

  --- Fold 1/5: train=200, val=50 ---
    Training (epochs=15, t=1, dropout=0.1, pool=max, edges=['AST', 'Back-AST', 'Data'], mode=cat, jump=True, weight=best)...
    Evaluating on 50 benchmarks...
    VBS:   47/50 solved, PAR-2=393.7
    Sibyl: 42/50 solved, PAR-2=989.8
    SBS:   47/50 solved, PAR-2=409.5
    VBS matches: 21/50
    Wall: 230.6s

  --- Fold 2/5: train=200, val=50 ---
    Training (epochs=15, t=1, dropout=0.1, pool=max, edges=['AST', 'Back-AST', 'Data'], mode=cat, jump=True, weight=best)...
    Evaluating on 50 benchmarks...
    VBS:   47/50 solved, PAR-2=514.6
    Sibyl: 42/50 solved, PAR-2=1110.4
    SBS:   47/50 solved, PAR-2=537.6
    VBS matches: 21/50
    Wall: 225.1s

  --- Fold 3/5: train=200, val=50 ---
    Training (epochs=15, t=1, dropout=0.1, pool=max, edges=['AST', 'Back-AST', 'Data'], mode=cat, jump=True, weight=best)...
    Evaluating on 50 benchmarks...
    VBS:   49/50 solved, PAR-2=142.0
    Sibyl: 47/50 solved, PAR-2=439.8
    SBS:   49/50 solved, PAR-2=192.6
    VBS matches: 17/50
    Wall: 283.7s

  --- Fold 4/5: train=200, val=50 ---
    Training (epochs=15, t=1, dropout=0.1, pool=max, edges=['AST', 'Back-AST', 'Data'], mode=cat, jump=True, weight=best)...
    Evaluating on 50 benchmarks...
    VBS:   49/50 solved, PAR-2=182.7
    Sibyl: 49/50 solved, PAR-2=233.9
    SBS:   49/50 solved, PAR-2=235.3
    VBS matches: 17/50
    Wall: 283.4s

  --- Fold 5/5: train=200, val=50 ---
    Training (epochs=15, t=1, dropout=0.1, pool=max, edges=['AST', 'Back-AST', 'Data'], mode=cat, jump=True, weight=best)...
    Evaluating on 50 benchmarks...
    VBS:   48/50 solved, PAR-2=335.7
    Sibyl: 46/50 solved, PAR-2=685.3
    SBS:   47/50 solved, PAR-2=469.8
    VBS matches: 19/50
    Wall: 267.8s

  Wrote: /dcs/23/u5573765/cs351/smt-ablation-sibyl/ablation/results/ABL_EPOCHS/15/QF_LIA/perfold.csv
  Wrote: /dcs/23/u5573765/cs351/smt-ablation-sibyl/ablation/results/ABL_EPOCHS/15/QF_LIA/summary.csv

======================================================================
SUMMARY: ABL_EPOCHS | epochs=15 | QF_LIA
  Sibyl: 226/250 solved (90.4%), PAR-2=3459.3
  vs SBS: -87.5%
  Closeness to VBS: -585.1%
  Wall time: 1291s
======================================================================
[Thu  5 Mar 00:17:59 GMT 2026] Done.
