[Wed  4 Mar 23:15:23 GMT 2026] Sibyl ablation: ABL_EDGE_SETS | edge_sets=['AST'] | QF_LIA
SLURM_JOB_ID=1260705
Node: gecko-03
GPU: NVIDIA A10
SMT environment loaded from /dcs/large/u5573765
======================================================================
Sibyl Ablation Runner
  Experiment: ABL_EDGE_SETS
  Knob:       edge_sets = ['AST']
  Logic:      QF_LIA
  Output:     /dcs/23/u5573765/cs351/smt-ablation-sibyl/ablation/results/ABL_EDGE_SETS/ast/QF_LIA
======================================================================

  Logic: QF_LIA
  Benchmarks: 250
  Configs: ['z3_lia_default', 'z3_lia_arith', 'cvc5_lia_default', 'cvc5_lia_arith']
  K-folds: 5

  --- Fold 1/5: train=200, val=50 ---
    Training (epochs=5, t=1, dropout=0.1, pool=max, edges=['AST'], mode=cat, jump=True, weight=best)...
    Evaluating on 50 benchmarks...
    VBS:   47/50 solved, PAR-2=393.7
    Sibyl: 45/50 solved, PAR-2=652.1
    SBS:   47/50 solved, PAR-2=409.5
    VBS matches: 29/50
    Wall: 190.3s

  --- Fold 2/5: train=200, val=50 ---
    Training (epochs=5, t=1, dropout=0.1, pool=max, edges=['AST'], mode=cat, jump=True, weight=best)...
    Evaluating on 50 benchmarks...
    VBS:   47/50 solved, PAR-2=514.6
    Sibyl: 41/50 solved, PAR-2=1182.3
    SBS:   47/50 solved, PAR-2=537.6
    VBS matches: 11/50
    Wall: 184.8s

  --- Fold 3/5: train=200, val=50 ---
    Training (epochs=5, t=1, dropout=0.1, pool=max, edges=['AST'], mode=cat, jump=True, weight=best)...
    Evaluating on 50 benchmarks...
    VBS:   49/50 solved, PAR-2=142.0
    Sibyl: 47/50 solved, PAR-2=441.7
    SBS:   49/50 solved, PAR-2=192.6
    VBS matches: 17/50
    Wall: 190.7s

  --- Fold 4/5: train=200, val=50 ---
    Training (epochs=5, t=1, dropout=0.1, pool=max, edges=['AST'], mode=cat, jump=True, weight=best)...
    Evaluating on 50 benchmarks...
    VBS:   49/50 solved, PAR-2=182.7
    Sibyl: 48/50 solved, PAR-2=433.1
    SBS:   49/50 solved, PAR-2=235.3
    VBS matches: 18/50
    Wall: 188.6s

  --- Fold 5/5: train=200, val=50 ---
    Training (epochs=5, t=1, dropout=0.1, pool=max, edges=['AST'], mode=cat, jump=True, weight=best)...
    Evaluating on 50 benchmarks...
    VBS:   48/50 solved, PAR-2=335.7
    Sibyl: 48/50 solved, PAR-2=368.1
    SBS:   47/50 solved, PAR-2=469.8
    VBS matches: 25/50
    Wall: 184.9s

  Wrote: /dcs/23/u5573765/cs351/smt-ablation-sibyl/ablation/results/ABL_EDGE_SETS/ast/QF_LIA/perfold.csv
  Wrote: /dcs/23/u5573765/cs351/smt-ablation-sibyl/ablation/results/ABL_EDGE_SETS/ast/QF_LIA/summary.csv

======================================================================
SUMMARY: ABL_EDGE_SETS | edge_sets=['AST'] | QF_LIA
  Sibyl: 229/250 solved (91.6%), PAR-2=3077.3
  vs SBS: -66.8%
  Closeness to VBS: -446.7%
  Wall time: 939s
======================================================================
[Wed  4 Mar 23:31:03 GMT 2026] Done.
