[Wed  4 Mar 22:22:00 GMT 2026] Sibyl ablation: ABL_DROPOUT | dropout=0.5 | QF_BV
SLURM_JOB_ID=1260676
Node: gecko-03
GPU: NVIDIA A10
SMT environment loaded from /dcs/large/u5573765
======================================================================
Sibyl Ablation Runner
  Experiment: ABL_DROPOUT
  Knob:       dropout = 0.5
  Logic:      QF_BV
  Output:     /dcs/23/u5573765/cs351/smt-ablation-sibyl/ablation/results/ABL_DROPOUT/0.5/QF_BV
======================================================================

  Logic: QF_BV
  Benchmarks: 245
  Configs: ['z3_bv_default', 'z3_bv_eager', 'cvc5_bv_default', 'cvc5_bv_eager']
  K-folds: 5

  --- Fold 1/5: train=196, val=49 ---
    Training (epochs=5, t=1, dropout=0.5, pool=max, edges=['AST', 'Back-AST', 'Data'], mode=cat, jump=True, weight=best)...
    Evaluating on 49 benchmarks...
    VBS:   46/49 solved, PAR-2=455.5
    Sibyl: 45/49 solved, PAR-2=636.7
    SBS:   45/49 solved, PAR-2=578.7
    VBS matches: 18/49
    Wall: 215.9s

  --- Fold 2/5: train=196, val=49 ---
    Training (epochs=5, t=1, dropout=0.5, pool=max, edges=['AST', 'Back-AST', 'Data'], mode=cat, jump=True, weight=best)...
    Evaluating on 49 benchmarks...
    VBS:   46/49 solved, PAR-2=423.0
    Sibyl: 43/49 solved, PAR-2=763.9
    SBS:   45/49 solved, PAR-2=526.5
    VBS matches: 17/49
    Wall: 229.1s

  --- Fold 3/5: train=196, val=49 ---
    Training (epochs=5, t=1, dropout=0.5, pool=max, edges=['AST', 'Back-AST', 'Data'], mode=cat, jump=True, weight=best)...
    Evaluating on 49 benchmarks...
    VBS:   46/49 solved, PAR-2=505.4
    Sibyl: 44/49 solved, PAR-2=708.1
    SBS:   44/49 solved, PAR-2=702.8
    VBS matches: 22/49
    Wall: 222.5s

  --- Fold 4/5: train=196, val=49 ---
    Training (epochs=5, t=1, dropout=0.5, pool=max, edges=['AST', 'Back-AST', 'Data'], mode=cat, jump=True, weight=best)...
    Evaluating on 49 benchmarks...
    VBS:   46/49 solved, PAR-2=536.3
    Sibyl: 45/49 solved, PAR-2=660.1
    SBS:   44/49 solved, PAR-2=751.7
    VBS matches: 18/49
    Wall: 220.2s

  --- Fold 5/5: train=196, val=49 ---
    Training (epochs=5, t=1, dropout=0.5, pool=max, edges=['AST', 'Back-AST', 'Data'], mode=cat, jump=True, weight=best)...
    Evaluating on 49 benchmarks...
    VBS:   45/49 solved, PAR-2=511.3
    Sibyl: 42/49 solved, PAR-2=881.4
    SBS:   44/49 solved, PAR-2=657.1
    VBS matches: 15/49
    Wall: 233.9s

  Wrote: /dcs/23/u5573765/cs351/smt-ablation-sibyl/ablation/results/ABL_DROPOUT/0.5/QF_BV/perfold.csv
  Wrote: /dcs/23/u5573765/cs351/smt-ablation-sibyl/ablation/results/ABL_DROPOUT/0.5/QF_BV/summary.csv

======================================================================
SUMMARY: ABL_DROPOUT | dropout=0.5 | QF_BV
  Sibyl: 219/245 solved (89.4%), PAR-2=3650.2
  vs SBS: -13.5%
  Closeness to VBS: -55.2%
  Wall time: 1122s
======================================================================
[Wed  4 Mar 22:40:42 GMT 2026] Done.
