[Thu  5 Mar 00:18:05 GMT 2026] Sibyl ablation: ABL_EPOCHS | epochs=5 | QF_BV
SLURM_JOB_ID=1260770
Node: gecko-03
GPU: NVIDIA A10
SMT environment loaded from /dcs/large/u5573765
======================================================================
Sibyl Ablation Runner
  Experiment: ABL_EPOCHS
  Knob:       epochs = 5
  Logic:      QF_BV
  Output:     /dcs/23/u5573765/cs351/smt-ablation-sibyl/ablation/results/ABL_EPOCHS/5/QF_BV
======================================================================

  Logic: QF_BV
  Benchmarks: 245
  Configs: ['z3_bv_default', 'z3_bv_eager', 'cvc5_bv_default', 'cvc5_bv_eager']
  K-folds: 5

  --- Fold 1/5: train=196, val=49 ---
    Training (epochs=5, t=1, dropout=0.1, pool=max, edges=['AST', 'Back-AST', 'Data'], mode=cat, jump=True, weight=best)...
    Evaluating on 49 benchmarks...
    VBS:   46/49 solved, PAR-2=455.5
    Sibyl: 45/49 solved, PAR-2=582.3
    SBS:   45/49 solved, PAR-2=578.7
    VBS matches: 12/49
    Wall: 280.1s

  --- Fold 2/5: train=196, val=49 ---
    Training (epochs=5, t=1, dropout=0.1, pool=max, edges=['AST', 'Back-AST', 'Data'], mode=cat, jump=True, weight=best)...
    Evaluating on 49 benchmarks...
    VBS:   46/49 solved, PAR-2=423.0
    Sibyl: 44/49 solved, PAR-2=673.7
    SBS:   45/49 solved, PAR-2=526.5
    VBS matches: 22/49
    Wall: 230.8s

  --- Fold 3/5: train=196, val=49 ---
    Training (epochs=5, t=1, dropout=0.1, pool=max, edges=['AST', 'Back-AST', 'Data'], mode=cat, jump=True, weight=best)...
    Evaluating on 49 benchmarks...
    VBS:   46/49 solved, PAR-2=505.4
    Sibyl: 41/49 solved, PAR-2=1071.6
    SBS:   44/49 solved, PAR-2=702.8
    VBS matches: 20/49
    Wall: 257.0s

  --- Fold 4/5: train=196, val=49 ---
    Training (epochs=5, t=1, dropout=0.1, pool=max, edges=['AST', 'Back-AST', 'Data'], mode=cat, jump=True, weight=best)...
    Evaluating on 49 benchmarks...
    VBS:   46/49 solved, PAR-2=536.3
    Sibyl: 45/49 solved, PAR-2=673.2
    SBS:   44/49 solved, PAR-2=751.7
    VBS matches: 25/49
    Wall: 260.0s

  --- Fold 5/5: train=196, val=49 ---
    Training (epochs=5, t=1, dropout=0.1, pool=max, edges=['AST', 'Back-AST', 'Data'], mode=cat, jump=True, weight=best)...
    Evaluating on 49 benchmarks...
    VBS:   45/49 solved, PAR-2=511.3
    Sibyl: 43/49 solved, PAR-2=758.2
    SBS:   44/49 solved, PAR-2=657.1
    VBS matches: 23/49
    Wall: 240.5s

  Wrote: /dcs/23/u5573765/cs351/smt-ablation-sibyl/ablation/results/ABL_EPOCHS/5/QF_BV/perfold.csv
  Wrote: /dcs/23/u5573765/cs351/smt-ablation-sibyl/ablation/results/ABL_EPOCHS/5/QF_BV/summary.csv

======================================================================
SUMMARY: ABL_EPOCHS | epochs=5 | QF_BV
  Sibyl: 218/245 solved (89.0%), PAR-2=3758.9
  vs SBS: -16.9%
  Closeness to VBS: -69.0%
  Wall time: 1268s
======================================================================
[Thu  5 Mar 00:39:14 GMT 2026] Done.
