[Thu  5 Mar 02:11:01 GMT 2026] Sibyl ablation: ABL_TIME_STEPS | time_steps=0 | QF_LIA
SLURM_JOB_ID=1260837
Node: gecko-03
GPU: NVIDIA A10
SMT environment loaded from /dcs/large/u5573765
======================================================================
Sibyl Ablation Runner
  Experiment: ABL_TIME_STEPS
  Knob:       time_steps = 0
  Logic:      QF_LIA
  Output:     /dcs/23/u5573765/cs351/smt-ablation-sibyl/ablation/results/ABL_TIME_STEPS/0/QF_LIA
======================================================================

  Logic: QF_LIA
  Benchmarks: 250
  Configs: ['z3_lia_default', 'z3_lia_arith', 'cvc5_lia_default', 'cvc5_lia_arith']
  K-folds: 5

  --- Fold 1/5: train=200, val=50 ---
    Training (epochs=5, t=0, dropout=0.1, pool=max, edges=['AST', 'Back-AST', 'Data'], mode=cat, jump=True, weight=best)...
    Evaluating on 50 benchmarks...
    VBS:   47/50 solved, PAR-2=393.7
    Sibyl: 42/50 solved, PAR-2=1002.4
    SBS:   47/50 solved, PAR-2=409.5
    VBS matches: 14/50
    Wall: 242.9s

  --- Fold 2/5: train=200, val=50 ---
    Training (epochs=5, t=0, dropout=0.1, pool=max, edges=['AST', 'Back-AST', 'Data'], mode=cat, jump=True, weight=best)...
    Evaluating on 50 benchmarks...
    VBS:   47/50 solved, PAR-2=514.6
    Sibyl: 41/50 solved, PAR-2=1120.4
    SBS:   47/50 solved, PAR-2=537.6
    VBS matches: 19/50
    Wall: 241.5s

  --- Fold 3/5: train=200, val=50 ---
    Training (epochs=5, t=0, dropout=0.1, pool=max, edges=['AST', 'Back-AST', 'Data'], mode=cat, jump=True, weight=best)...
    Evaluating on 50 benchmarks...
    VBS:   49/50 solved, PAR-2=142.0
    Sibyl: 46/50 solved, PAR-2=580.7
    SBS:   49/50 solved, PAR-2=192.6
    VBS matches: 9/50
    Wall: 237.1s

  --- Fold 4/5: train=200, val=50 ---
    Training (epochs=5, t=0, dropout=0.1, pool=max, edges=['AST', 'Back-AST', 'Data'], mode=cat, jump=True, weight=best)...
    Evaluating on 50 benchmarks...
    VBS:   49/50 solved, PAR-2=182.7
    Sibyl: 48/50 solved, PAR-2=374.2
    SBS:   49/50 solved, PAR-2=235.3
    VBS matches: 13/50
    Wall: 190.7s

  --- Fold 5/5: train=200, val=50 ---
    Training (epochs=5, t=0, dropout=0.1, pool=max, edges=['AST', 'Back-AST', 'Data'], mode=cat, jump=True, weight=best)...
    Evaluating on 50 benchmarks...
    VBS:   48/50 solved, PAR-2=335.7
    Sibyl: 42/50 solved, PAR-2=1202.3
    SBS:   47/50 solved, PAR-2=469.8
    VBS matches: 12/50
    Wall: 177.0s

  Wrote: /dcs/23/u5573765/cs351/smt-ablation-sibyl/ablation/results/ABL_TIME_STEPS/0/QF_LIA/perfold.csv
  Wrote: /dcs/23/u5573765/cs351/smt-ablation-sibyl/ablation/results/ABL_TIME_STEPS/0/QF_LIA/summary.csv

======================================================================
SUMMARY: ABL_TIME_STEPS | time_steps=0 | QF_LIA
  Sibyl: 219/250 solved (87.6%), PAR-2=4279.9
  vs SBS: -132.0%
  Closeness to VBS: -882.5%
  Wall time: 1089s
======================================================================
[Thu  5 Mar 02:29:11 GMT 2026] Done.
