[Wed  4 Mar 21:27:59 GMT 2026] Sibyl ablation: ABL_TIME_STEPS | time_steps=0 | QF_LIA
SLURM_JOB_ID=1260640
Node: gecko-03
GPU: NVIDIA A10
SMT environment loaded from /dcs/large/u5573765
======================================================================
Sibyl Ablation Runner
  Experiment: ABL_TIME_STEPS
  Knob:       time_steps = 0
  Logic:      QF_LIA
  Output:     /dcs/23/u5573765/cs351/smt-ablation-sibyl/ablation/results/ABL_TIME_STEPS/0/QF_LIA
======================================================================

  Logic: QF_LIA
  Benchmarks: 250
  Configs: ['z3_lia_default', 'z3_lia_arith', 'cvc5_lia_default', 'cvc5_lia_arith']
  K-folds: 5

  --- Fold 1/5: train=200, val=50 ---
    Training (epochs=5, t=0, dropout=0.1, pool=max, edges=['AST', 'Back-AST', 'Data'], mode=cat, jump=True, weight=best)...
    Evaluating on 50 benchmarks...
    VBS:   47/50 solved, PAR-2=393.7
    Sibyl: 43/50 solved, PAR-2=899.5
    SBS:   47/50 solved, PAR-2=409.5
    VBS matches: 22/50
    Wall: 186.2s

  --- Fold 2/5: train=200, val=50 ---
    Training (epochs=5, t=0, dropout=0.1, pool=max, edges=['AST', 'Back-AST', 'Data'], mode=cat, jump=True, weight=best)...
    Evaluating on 50 benchmarks...
    VBS:   47/50 solved, PAR-2=514.6
    Sibyl: 42/50 solved, PAR-2=1066.5
    SBS:   47/50 solved, PAR-2=537.6
    VBS matches: 13/50
    Wall: 182.2s

  --- Fold 3/5: train=200, val=50 ---
    Training (epochs=5, t=0, dropout=0.1, pool=max, edges=['AST', 'Back-AST', 'Data'], mode=cat, jump=True, weight=best)...
    Evaluating on 50 benchmarks...
    VBS:   49/50 solved, PAR-2=142.0
    Sibyl: 47/50 solved, PAR-2=437.4
    SBS:   49/50 solved, PAR-2=192.6
    VBS matches: 12/50
    Wall: 182.0s

  --- Fold 4/5: train=200, val=50 ---
    Training (epochs=5, t=0, dropout=0.1, pool=max, edges=['AST', 'Back-AST', 'Data'], mode=cat, jump=True, weight=best)...
    Evaluating on 50 benchmarks...
    VBS:   49/50 solved, PAR-2=182.7
    Sibyl: 45/50 solved, PAR-2=741.2
    SBS:   49/50 solved, PAR-2=235.3
    VBS matches: 14/50
    Wall: 187.6s

  --- Fold 5/5: train=200, val=50 ---
    Training (epochs=5, t=0, dropout=0.1, pool=max, edges=['AST', 'Back-AST', 'Data'], mode=cat, jump=True, weight=best)...
    Evaluating on 50 benchmarks...
    VBS:   48/50 solved, PAR-2=335.7
    Sibyl: 45/50 solved, PAR-2=867.1
    SBS:   47/50 solved, PAR-2=469.8
    VBS matches: 14/50
    Wall: 181.5s

  Wrote: /dcs/23/u5573765/cs351/smt-ablation-sibyl/ablation/results/ABL_TIME_STEPS/0/QF_LIA/perfold.csv
  Wrote: /dcs/23/u5573765/cs351/smt-ablation-sibyl/ablation/results/ABL_TIME_STEPS/0/QF_LIA/summary.csv

======================================================================
SUMMARY: ABL_TIME_STEPS | time_steps=0 | QF_LIA
  Sibyl: 222/250 solved (88.8%), PAR-2=4011.7
  vs SBS: -117.5%
  Closeness to VBS: -785.3%
  Wall time: 920s
======================================================================
[Wed  4 Mar 21:43:19 GMT 2026] Done.
