[Thu  5 Mar 01:13:23 GMT 2026] Sibyl ablation: ABL_NO_JUMP | no_jump=False | QF_LIA
SLURM_JOB_ID=1260790
Node: gecko-03
GPU: NVIDIA A10
SMT environment loaded from /dcs/large/u5573765
======================================================================
Sibyl Ablation Runner
  Experiment: ABL_NO_JUMP
  Knob:       no_jump = False
  Logic:      QF_LIA
  Output:     /dcs/23/u5573765/cs351/smt-ablation-sibyl/ablation/results/ABL_NO_JUMP/false/QF_LIA
======================================================================

  Logic: QF_LIA
  Benchmarks: 250
  Configs: ['z3_lia_default', 'z3_lia_arith', 'cvc5_lia_default', 'cvc5_lia_arith']
  K-folds: 5

  --- Fold 1/5: train=200, val=50 ---
    Training (epochs=5, t=1, dropout=0.1, pool=max, edges=['AST', 'Back-AST', 'Data'], mode=cat, jump=False, weight=best)...
    Evaluating on 50 benchmarks...
    VBS:   47/50 solved, PAR-2=393.7
    Sibyl: 43/50 solved, PAR-2=982.1
    SBS:   47/50 solved, PAR-2=409.5
    VBS matches: 17/50
    Wall: 219.3s

  --- Fold 2/5: train=200, val=50 ---
    Training (epochs=5, t=1, dropout=0.1, pool=max, edges=['AST', 'Back-AST', 'Data'], mode=cat, jump=False, weight=best)...
    Evaluating on 50 benchmarks...
    VBS:   47/50 solved, PAR-2=514.6
    Sibyl: 42/50 solved, PAR-2=1094.1
    SBS:   47/50 solved, PAR-2=537.6
    VBS matches: 10/50
    Wall: 212.7s

  --- Fold 3/5: train=200, val=50 ---
    Training (epochs=5, t=1, dropout=0.1, pool=max, edges=['AST', 'Back-AST', 'Data'], mode=cat, jump=False, weight=best)...
    Evaluating on 50 benchmarks...
    VBS:   49/50 solved, PAR-2=142.0
    Sibyl: 47/50 solved, PAR-2=450.9
    SBS:   49/50 solved, PAR-2=192.6
    VBS matches: 12/50
    Wall: 185.2s

  --- Fold 4/5: train=200, val=50 ---
    Training (epochs=5, t=1, dropout=0.1, pool=max, edges=['AST', 'Back-AST', 'Data'], mode=cat, jump=False, weight=best)...
    Evaluating on 50 benchmarks...
    VBS:   49/50 solved, PAR-2=182.7
    Sibyl: 46/50 solved, PAR-2=586.1
    SBS:   49/50 solved, PAR-2=235.3
    VBS matches: 12/50
    Wall: 187.8s

  --- Fold 5/5: train=200, val=50 ---
    Training (epochs=5, t=1, dropout=0.1, pool=max, edges=['AST', 'Back-AST', 'Data'], mode=cat, jump=False, weight=best)...
    Evaluating on 50 benchmarks...
    VBS:   48/50 solved, PAR-2=335.7
    Sibyl: 44/50 solved, PAR-2=1014.2
    SBS:   47/50 solved, PAR-2=469.8
    VBS matches: 7/50
    Wall: 189.2s

  Wrote: /dcs/23/u5573765/cs351/smt-ablation-sibyl/ablation/results/ABL_NO_JUMP/false/QF_LIA/perfold.csv
  Wrote: /dcs/23/u5573765/cs351/smt-ablation-sibyl/ablation/results/ABL_NO_JUMP/false/QF_LIA/summary.csv

======================================================================
SUMMARY: ABL_NO_JUMP | no_jump=False | QF_LIA
  Sibyl: 222/250 solved (88.8%), PAR-2=4127.5
  vs SBS: -123.7%
  Closeness to VBS: -827.3%
  Wall time: 994s
======================================================================
[Thu  5 Mar 01:29:58 GMT 2026] Done.
