[Wed 18 Mar 13:19:06 GMT 2026] Sibyl ablation: ABL_MODE | mode=lstm | QF_BV
SLURM_JOB_ID=1275000
Node: gecko-04
GPU: NVIDIA A10
SMT environment loaded from /dcs/large/u5573765
======================================================================
Sibyl Ablation Runner
  Experiment: ABL_MODE
  Knob:       mode = lstm
  Logic:      QF_BV
  Output:     /dcs/23/u5573765/cs351/smt-ablation-sibyl/ablation/results/ABL_MODE/lstm/QF_BV
======================================================================

  Logic: QF_BV
  Benchmarks: 245 valid (0 missing, 0 too large)
  Configs: ['z3_bv_default', 'z3_bv_eager', 'cvc5_bv_default', 'cvc5_bv_eager']
  K-folds: 5

  --- Fold 1/5: train=196, val=49 ---
    Training (epochs=5, t=1, dropout=0.1, pool=max, edges=['AST', 'Back-AST', 'Data'], mode=lstm, jump=True, weight=best)...
    Evaluating on 49 benchmarks...
    VBS:   46/49 solved, PAR-2=455.5
    Sibyl: 45/49 solved, PAR-2=629.5
    SBS:   45/49 solved, PAR-2=578.7
    VBS matches: 20/49
    Wall: 218.0s

  --- Fold 2/5: train=196, val=49 ---
    Training (epochs=5, t=1, dropout=0.1, pool=max, edges=['AST', 'Back-AST', 'Data'], mode=lstm, jump=True, weight=best)...
    Evaluating on 49 benchmarks...
    VBS:   46/49 solved, PAR-2=423.0
    Sibyl: 41/49 solved, PAR-2=1024.3
    SBS:   45/49 solved, PAR-2=526.5
    VBS matches: 15/49
    Wall: 228.1s

  --- Fold 3/5: train=196, val=49 ---
    Training (epochs=5, t=1, dropout=0.1, pool=max, edges=['AST', 'Back-AST', 'Data'], mode=lstm, jump=True, weight=best)...
    Evaluating on 49 benchmarks...
    VBS:   46/49 solved, PAR-2=505.4
    Sibyl: 44/49 solved, PAR-2=752.2
    SBS:   44/49 solved, PAR-2=702.8
    VBS matches: 12/49
    Wall: 227.0s

  --- Fold 4/5: train=196, val=49 ---
    Training (epochs=5, t=1, dropout=0.1, pool=max, edges=['AST', 'Back-AST', 'Data'], mode=lstm, jump=True, weight=best)...
    Evaluating on 49 benchmarks...
    VBS:   46/49 solved, PAR-2=536.3
    Sibyl: 44/49 solved, PAR-2=787.6
    SBS:   44/49 solved, PAR-2=751.7
    VBS matches: 13/49
    Wall: 231.4s

  --- Fold 5/5: train=196, val=49 ---
    Training (epochs=5, t=1, dropout=0.1, pool=max, edges=['AST', 'Back-AST', 'Data'], mode=lstm, jump=True, weight=best)...
    Evaluating on 49 benchmarks...
    VBS:   45/49 solved, PAR-2=511.3
    Sibyl: 43/49 solved, PAR-2=759.6
    SBS:   44/49 solved, PAR-2=657.1
    VBS matches: 28/49
    Wall: 227.6s

  Wrote: /dcs/23/u5573765/cs351/smt-ablation-sibyl/ablation/results/ABL_MODE/lstm/QF_BV/perfold.csv
  Wrote: /dcs/23/u5573765/cs351/smt-ablation-sibyl/ablation/results/ABL_MODE/lstm/QF_BV/summary.csv

======================================================================
SUMMARY: ABL_MODE | mode=lstm | QF_BV
  Sibyl: 217/245 solved (88.6%), PAR-2=3953.2
  vs SBS: -22.9%
  Closeness to VBS: -93.8%
  Wall time: 1132s
======================================================================
[Wed 18 Mar 13:38:06 GMT 2026] Done.
