[Wed  4 Mar 23:05:13 GMT 2026] Sibyl ablation: ABL_EDGE_SETS | edge_sets=['AST', 'Data'] | QF_LIA
SLURM_JOB_ID=1260695
Node: gecko-03
GPU: NVIDIA A10
SMT environment loaded from /dcs/large/u5573765
======================================================================
Sibyl Ablation Runner
  Experiment: ABL_EDGE_SETS
  Knob:       edge_sets = ['AST', 'Data']
  Logic:      QF_LIA
  Output:     /dcs/23/u5573765/cs351/smt-ablation-sibyl/ablation/results/ABL_EDGE_SETS/ast_data/QF_LIA
======================================================================

  Logic: QF_LIA
  Benchmarks: 250
  Configs: ['z3_lia_default', 'z3_lia_arith', 'cvc5_lia_default', 'cvc5_lia_arith']
  K-folds: 5

  --- Fold 1/5: train=200, val=50 ---
    Training (epochs=5, t=1, dropout=0.1, pool=max, edges=['AST', 'Data'], mode=cat, jump=True, weight=best)...
    Evaluating on 50 benchmarks...
    VBS:   47/50 solved, PAR-2=393.7
    Sibyl: 40/50 solved, PAR-2=1232.0
    SBS:   47/50 solved, PAR-2=409.5
    VBS matches: 11/50
    Wall: 219.8s

  --- Fold 2/5: train=200, val=50 ---
    Training (epochs=5, t=1, dropout=0.1, pool=max, edges=['AST', 'Data'], mode=cat, jump=True, weight=best)...
    Evaluating on 50 benchmarks...
    VBS:   47/50 solved, PAR-2=514.6
    Sibyl: 37/50 solved, PAR-2=1608.8
    SBS:   47/50 solved, PAR-2=537.6
    VBS matches: 5/50
    Wall: 192.9s

  --- Fold 3/5: train=200, val=50 ---
    Training (epochs=5, t=1, dropout=0.1, pool=max, edges=['AST', 'Data'], mode=cat, jump=True, weight=best)...
    Evaluating on 50 benchmarks...
    VBS:   49/50 solved, PAR-2=142.0
    Sibyl: 46/50 solved, PAR-2=535.9
    SBS:   49/50 solved, PAR-2=192.6
    VBS matches: 19/50
    Wall: 195.2s

  --- Fold 4/5: train=200, val=50 ---
    Training (epochs=5, t=1, dropout=0.1, pool=max, edges=['AST', 'Data'], mode=cat, jump=True, weight=best)...
    Evaluating on 50 benchmarks...
    VBS:   49/50 solved, PAR-2=182.7
    Sibyl: 46/50 solved, PAR-2=584.9
    SBS:   49/50 solved, PAR-2=235.3
    VBS matches: 13/50
    Wall: 194.4s

  --- Fold 5/5: train=200, val=50 ---
    Training (epochs=5, t=1, dropout=0.1, pool=max, edges=['AST', 'Data'], mode=cat, jump=True, weight=best)...
    Evaluating on 50 benchmarks...
    VBS:   48/50 solved, PAR-2=335.7
    Sibyl: 46/50 solved, PAR-2=689.0
    SBS:   47/50 solved, PAR-2=469.8
    VBS matches: 13/50
    Wall: 188.7s

  Wrote: /dcs/23/u5573765/cs351/smt-ablation-sibyl/ablation/results/ABL_EDGE_SETS/ast_data/QF_LIA/perfold.csv
  Wrote: /dcs/23/u5573765/cs351/smt-ablation-sibyl/ablation/results/ABL_EDGE_SETS/ast_data/QF_LIA/summary.csv

======================================================================
SUMMARY: ABL_EDGE_SETS | edge_sets=['AST', 'Data'] | QF_LIA
  Sibyl: 215/250 solved (86.0%), PAR-2=4650.6
  vs SBS: -152.1%
  Closeness to VBS: -1016.8%
  Wall time: 991s
======================================================================
[Wed  4 Mar 23:21:44 GMT 2026] Done.
