[Wed  4 Mar 22:18:20 GMT 2026] Sibyl ablation: ABL_DROPOUT | dropout=0.3 | QF_LIA
SLURM_JOB_ID=1260671
Node: gecko-03
GPU: NVIDIA A10
SMT environment loaded from /dcs/large/u5573765
======================================================================
Sibyl Ablation Runner
  Experiment: ABL_DROPOUT
  Knob:       dropout = 0.3
  Logic:      QF_LIA
  Output:     /dcs/23/u5573765/cs351/smt-ablation-sibyl/ablation/results/ABL_DROPOUT/0.3/QF_LIA
======================================================================

  Logic: QF_LIA
  Benchmarks: 250
  Configs: ['z3_lia_default', 'z3_lia_arith', 'cvc5_lia_default', 'cvc5_lia_arith']
  K-folds: 5

  --- Fold 1/5: train=200, val=50 ---
    Training (epochs=5, t=1, dropout=0.3, pool=max, edges=['AST', 'Back-AST', 'Data'], mode=cat, jump=True, weight=best)...
    Evaluating on 50 benchmarks...
    VBS:   47/50 solved, PAR-2=393.7
    Sibyl: 43/50 solved, PAR-2=952.1
    SBS:   47/50 solved, PAR-2=409.5
    VBS matches: 13/50
    Wall: 198.6s

  --- Fold 2/5: train=200, val=50 ---
    Training (epochs=5, t=1, dropout=0.3, pool=max, edges=['AST', 'Back-AST', 'Data'], mode=cat, jump=True, weight=best)...
    Evaluating on 50 benchmarks...
    VBS:   47/50 solved, PAR-2=514.6
    Sibyl: 41/50 solved, PAR-2=1180.6
    SBS:   47/50 solved, PAR-2=537.6
    VBS matches: 14/50
    Wall: 196.5s

  --- Fold 3/5: train=200, val=50 ---
    Training (epochs=5, t=1, dropout=0.3, pool=max, edges=['AST', 'Back-AST', 'Data'], mode=cat, jump=True, weight=best)...
    Evaluating on 50 benchmarks...
    VBS:   49/50 solved, PAR-2=142.0
    Sibyl: 47/50 solved, PAR-2=423.1
    SBS:   49/50 solved, PAR-2=192.6
    VBS matches: 17/50
    Wall: 195.0s

  --- Fold 4/5: train=200, val=50 ---
    Training (epochs=5, t=1, dropout=0.3, pool=max, edges=['AST', 'Back-AST', 'Data'], mode=cat, jump=True, weight=best)...
    Evaluating on 50 benchmarks...
    VBS:   49/50 solved, PAR-2=182.7
    Sibyl: 47/50 solved, PAR-2=569.6
    SBS:   49/50 solved, PAR-2=235.3
    VBS matches: 8/50
    Wall: 194.6s

  --- Fold 5/5: train=200, val=50 ---
    Training (epochs=5, t=1, dropout=0.3, pool=max, edges=['AST', 'Back-AST', 'Data'], mode=cat, jump=True, weight=best)...
    Evaluating on 50 benchmarks...
    VBS:   48/50 solved, PAR-2=335.7
    Sibyl: 44/50 solved, PAR-2=921.2
    SBS:   47/50 solved, PAR-2=469.8
    VBS matches: 16/50
    Wall: 189.6s

  Wrote: /dcs/23/u5573765/cs351/smt-ablation-sibyl/ablation/results/ABL_DROPOUT/0.3/QF_LIA/perfold.csv
  Wrote: /dcs/23/u5573765/cs351/smt-ablation-sibyl/ablation/results/ABL_DROPOUT/0.3/QF_LIA/summary.csv

======================================================================
SUMMARY: ABL_DROPOUT | dropout=0.3 | QF_LIA
  Sibyl: 222/250 solved (88.8%), PAR-2=4046.7
  vs SBS: -119.4%
  Closeness to VBS: -798.0%
  Wall time: 974s
======================================================================
[Wed  4 Mar 22:34:35 GMT 2026] Done.
