[Wed  4 Mar 21:43:19 GMT 2026] Sibyl ablation: ABL_DROPOUT | dropout=0.0 | QF_LIA
SLURM_JOB_ID=1260653
Node: gecko-03
GPU: NVIDIA A10
SMT environment loaded from /dcs/large/u5573765
======================================================================
Sibyl Ablation Runner
  Experiment: ABL_DROPOUT
  Knob:       dropout = 0.0
  Logic:      QF_LIA
  Output:     /dcs/23/u5573765/cs351/smt-ablation-sibyl/ablation/results/ABL_DROPOUT/0.0/QF_LIA
======================================================================

  Logic: QF_LIA
  Benchmarks: 250
  Configs: ['z3_lia_default', 'z3_lia_arith', 'cvc5_lia_default', 'cvc5_lia_arith']
  K-folds: 5

  --- Fold 1/5: train=200, val=50 ---
    Training (epochs=5, t=1, dropout=0.0, pool=max, edges=['AST', 'Back-AST', 'Data'], mode=cat, jump=True, weight=best)...
    Evaluating on 50 benchmarks...
    VBS:   47/50 solved, PAR-2=393.7
    Sibyl: 44/50 solved, PAR-2=773.6
    SBS:   47/50 solved, PAR-2=409.5
    VBS matches: 22/50
    Wall: 195.0s

  --- Fold 2/5: train=200, val=50 ---
    Training (epochs=5, t=1, dropout=0.0, pool=max, edges=['AST', 'Back-AST', 'Data'], mode=cat, jump=True, weight=best)...
    Evaluating on 50 benchmarks...
    VBS:   47/50 solved, PAR-2=514.6
    Sibyl: 40/50 solved, PAR-2=1243.4
    SBS:   47/50 solved, PAR-2=537.6
    VBS matches: 12/50
    Wall: 195.4s

  --- Fold 3/5: train=200, val=50 ---
    Training (epochs=5, t=1, dropout=0.0, pool=max, edges=['AST', 'Back-AST', 'Data'], mode=cat, jump=True, weight=best)...
    Evaluating on 50 benchmarks...
    VBS:   49/50 solved, PAR-2=142.0
    Sibyl: 47/50 solved, PAR-2=397.4
    SBS:   49/50 solved, PAR-2=192.6
    VBS matches: 22/50
    Wall: 192.1s

  --- Fold 4/5: train=200, val=50 ---
    Training (epochs=5, t=1, dropout=0.0, pool=max, edges=['AST', 'Back-AST', 'Data'], mode=cat, jump=True, weight=best)...
    Evaluating on 50 benchmarks...
    VBS:   49/50 solved, PAR-2=182.7
    Sibyl: 49/50 solved, PAR-2=228.7
    SBS:   49/50 solved, PAR-2=235.3
    VBS matches: 20/50
    Wall: 194.9s

  --- Fold 5/5: train=200, val=50 ---
    Training (epochs=5, t=1, dropout=0.0, pool=max, edges=['AST', 'Back-AST', 'Data'], mode=cat, jump=True, weight=best)...
    Evaluating on 50 benchmarks...
    VBS:   48/50 solved, PAR-2=335.7
    Sibyl: 46/50 solved, PAR-2=679.1
    SBS:   47/50 solved, PAR-2=469.8
    VBS matches: 18/50
    Wall: 186.2s

  Wrote: /dcs/23/u5573765/cs351/smt-ablation-sibyl/ablation/results/ABL_DROPOUT/0.0/QF_LIA/perfold.csv
  Wrote: /dcs/23/u5573765/cs351/smt-ablation-sibyl/ablation/results/ABL_DROPOUT/0.0/QF_LIA/summary.csv

======================================================================
SUMMARY: ABL_DROPOUT | dropout=0.0 | QF_LIA
  Sibyl: 226/250 solved (90.4%), PAR-2=3322.3
  vs SBS: -80.1%
  Closeness to VBS: -535.4%
  Wall time: 964s
======================================================================
[Wed  4 Mar 21:59:23 GMT 2026] Done.
