[Thu  5 Mar 02:48:29 GMT 2026] Sibyl ablation: ABL_TIME_STEPS | time_steps=3 | QF_LIA
SLURM_JOB_ID=1260862
Node: gecko-03
GPU: NVIDIA A10
SMT environment loaded from /dcs/large/u5573765
======================================================================
Sibyl Ablation Runner
  Experiment: ABL_TIME_STEPS
  Knob:       time_steps = 3
  Logic:      QF_LIA
  Output:     /dcs/23/u5573765/cs351/smt-ablation-sibyl/ablation/results/ABL_TIME_STEPS/3/QF_LIA
======================================================================

  Logic: QF_LIA
  Benchmarks: 250
  Configs: ['z3_lia_default', 'z3_lia_arith', 'cvc5_lia_default', 'cvc5_lia_arith']
  K-folds: 5

  --- Fold 1/5: train=200, val=50 ---
    Training (epochs=5, t=3, dropout=0.1, pool=max, edges=['AST', 'Back-AST', 'Data'], mode=cat, jump=True, weight=best)...
    Evaluating on 50 benchmarks...
    VBS:   47/50 solved, PAR-2=393.7
    Sibyl: 43/50 solved, PAR-2=957.2
    SBS:   47/50 solved, PAR-2=409.5
    VBS matches: 18/50
    Wall: 201.7s

  --- Fold 2/5: train=200, val=50 ---
    Training (epochs=5, t=3, dropout=0.1, pool=max, edges=['AST', 'Back-AST', 'Data'], mode=cat, jump=True, weight=best)...
    Evaluating on 50 benchmarks...
    VBS:   47/50 solved, PAR-2=514.6
    Sibyl: 40/50 solved, PAR-2=1249.1
    SBS:   47/50 solved, PAR-2=537.6
    VBS matches: 10/50
    Wall: 198.8s

  --- Fold 3/5: train=200, val=50 ---
    Training (epochs=5, t=3, dropout=0.1, pool=max, edges=['AST', 'Back-AST', 'Data'], mode=cat, jump=True, weight=best)...
    Evaluating on 50 benchmarks...
    VBS:   49/50 solved, PAR-2=142.0
    Sibyl: 47/50 solved, PAR-2=397.4
    SBS:   49/50 solved, PAR-2=192.6
    VBS matches: 22/50
    Wall: 190.5s

  --- Fold 4/5: train=200, val=50 ---
    Training (epochs=5, t=3, dropout=0.1, pool=max, edges=['AST', 'Back-AST', 'Data'], mode=cat, jump=True, weight=best)...
    Evaluating on 50 benchmarks...
    VBS:   49/50 solved, PAR-2=182.7
    Sibyl: 46/50 solved, PAR-2=585.4
    SBS:   49/50 solved, PAR-2=235.3
    VBS matches: 12/50
    Wall: 201.9s

  --- Fold 5/5: train=200, val=50 ---
    Training (epochs=5, t=3, dropout=0.1, pool=max, edges=['AST', 'Back-AST', 'Data'], mode=cat, jump=True, weight=best)...
    Evaluating on 50 benchmarks...
    VBS:   48/50 solved, PAR-2=335.7
    Sibyl: 44/50 solved, PAR-2=972.8
    SBS:   47/50 solved, PAR-2=469.8
    VBS matches: 9/50
    Wall: 187.9s

  Wrote: /dcs/23/u5573765/cs351/smt-ablation-sibyl/ablation/results/ABL_TIME_STEPS/3/QF_LIA/perfold.csv
  Wrote: /dcs/23/u5573765/cs351/smt-ablation-sibyl/ablation/results/ABL_TIME_STEPS/3/QF_LIA/summary.csv

======================================================================
SUMMARY: ABL_TIME_STEPS | time_steps=3 | QF_LIA
  Sibyl: 220/250 solved (88.0%), PAR-2=4161.9
  vs SBS: -125.6%
  Closeness to VBS: -839.7%
  Wall time: 981s
======================================================================
[Thu  5 Mar 03:04:50 GMT 2026] Done.
