[Thu  5 Mar 00:18:00 GMT 2026] Sibyl ablation: ABL_EPOCHS | epochs=20 | QF_LIA
SLURM_JOB_ID=1260765
Node: gecko-03
GPU: NVIDIA A10
SMT environment loaded from /dcs/large/u5573765
======================================================================
Sibyl Ablation Runner
  Experiment: ABL_EPOCHS
  Knob:       epochs = 20
  Logic:      QF_LIA
  Output:     /dcs/23/u5573765/cs351/smt-ablation-sibyl/ablation/results/ABL_EPOCHS/20/QF_LIA
======================================================================

  Logic: QF_LIA
  Benchmarks: 250
  Configs: ['z3_lia_default', 'z3_lia_arith', 'cvc5_lia_default', 'cvc5_lia_arith']
  K-folds: 5

  --- Fold 1/5: train=200, val=50 ---
    Training (epochs=20, t=1, dropout=0.1, pool=max, edges=['AST', 'Back-AST', 'Data'], mode=cat, jump=True, weight=best)...
    Evaluating on 50 benchmarks...
    VBS:   47/50 solved, PAR-2=393.7
    Sibyl: 44/50 solved, PAR-2=798.6
    SBS:   47/50 solved, PAR-2=409.5
    VBS matches: 23/50
    Wall: 322.3s

  --- Fold 2/5: train=200, val=50 ---
    Training (epochs=20, t=1, dropout=0.1, pool=max, edges=['AST', 'Back-AST', 'Data'], mode=cat, jump=True, weight=best)...
    Evaluating on 50 benchmarks...
    VBS:   47/50 solved, PAR-2=514.6
    Sibyl: 42/50 solved, PAR-2=1060.8
    SBS:   47/50 solved, PAR-2=537.6
    VBS matches: 13/50
    Wall: 260.5s

  --- Fold 3/5: train=200, val=50 ---
    Training (epochs=20, t=1, dropout=0.1, pool=max, edges=['AST', 'Back-AST', 'Data'], mode=cat, jump=True, weight=best)...
    Evaluating on 50 benchmarks...
    VBS:   49/50 solved, PAR-2=142.0
    Sibyl: 47/50 solved, PAR-2=407.1
    SBS:   49/50 solved, PAR-2=192.6
    VBS matches: 16/50
    Wall: 277.6s

  --- Fold 4/5: train=200, val=50 ---
    Training (epochs=20, t=1, dropout=0.1, pool=max, edges=['AST', 'Back-AST', 'Data'], mode=cat, jump=True, weight=best)...
    Evaluating on 50 benchmarks...
    VBS:   49/50 solved, PAR-2=182.7
    Sibyl: 49/50 solved, PAR-2=233.5
    SBS:   49/50 solved, PAR-2=235.3
    VBS matches: 18/50
    Wall: 288.0s

  --- Fold 5/5: train=200, val=50 ---
    Training (epochs=20, t=1, dropout=0.1, pool=max, edges=['AST', 'Back-AST', 'Data'], mode=cat, jump=True, weight=best)...
    Evaluating on 50 benchmarks...
    VBS:   48/50 solved, PAR-2=335.7
    Sibyl: 44/50 solved, PAR-2=888.9
    SBS:   47/50 solved, PAR-2=469.8
    VBS matches: 15/50
    Wall: 223.9s

  Wrote: /dcs/23/u5573765/cs351/smt-ablation-sibyl/ablation/results/ABL_EPOCHS/20/QF_LIA/perfold.csv
  Wrote: /dcs/23/u5573765/cs351/smt-ablation-sibyl/ablation/results/ABL_EPOCHS/20/QF_LIA/summary.csv

======================================================================
SUMMARY: ABL_EPOCHS | epochs=20 | QF_LIA
  Sibyl: 226/250 solved (90.4%), PAR-2=3388.9
  vs SBS: -83.7%
  Closeness to VBS: -559.6%
  Wall time: 1372s
======================================================================
[Thu  5 Mar 00:40:53 GMT 2026] Done.
