[Wed  4 Mar 22:34:35 GMT 2026] Sibyl ablation: ABL_EDGE_SETS | edge_sets=['AST', 'Back-AST', 'Data'] | QF_BV
SLURM_JOB_ID=1260680
Node: gecko-03
GPU: NVIDIA A10
SMT environment loaded from /dcs/large/u5573765
======================================================================
Sibyl Ablation Runner
  Experiment: ABL_EDGE_SETS
  Knob:       edge_sets = ['AST', 'Back-AST', 'Data']
  Logic:      QF_BV
  Output:     /dcs/23/u5573765/cs351/smt-ablation-sibyl/ablation/results/ABL_EDGE_SETS/ast_back-ast_data/QF_BV
======================================================================

  Logic: QF_BV
  Benchmarks: 245
  Configs: ['z3_bv_default', 'z3_bv_eager', 'cvc5_bv_default', 'cvc5_bv_eager']
  K-folds: 5

  --- Fold 1/5: train=196, val=49 ---
    Training (epochs=5, t=1, dropout=0.1, pool=max, edges=['AST', 'Back-AST', 'Data'], mode=cat, jump=True, weight=best)...
    Evaluating on 49 benchmarks...
    VBS:   46/49 solved, PAR-2=455.5
    Sibyl: 45/49 solved, PAR-2=580.6
    SBS:   45/49 solved, PAR-2=578.7
    VBS matches: 16/49
    Wall: 219.5s

  --- Fold 2/5: train=196, val=49 ---
    Training (epochs=5, t=1, dropout=0.1, pool=max, edges=['AST', 'Back-AST', 'Data'], mode=cat, jump=True, weight=best)...
    Evaluating on 49 benchmarks...
    VBS:   46/49 solved, PAR-2=423.0
    Sibyl: 45/49 solved, PAR-2=557.8
    SBS:   45/49 solved, PAR-2=526.5
    VBS matches: 19/49
    Wall: 230.9s

  --- Fold 3/5: train=196, val=49 ---
    Training (epochs=5, t=1, dropout=0.1, pool=max, edges=['AST', 'Back-AST', 'Data'], mode=cat, jump=True, weight=best)...
    Evaluating on 49 benchmarks...
    VBS:   46/49 solved, PAR-2=505.4
    Sibyl: 44/49 solved, PAR-2=708.0
    SBS:   44/49 solved, PAR-2=702.8
    VBS matches: 21/49
    Wall: 226.8s

  --- Fold 4/5: train=196, val=49 ---
    Training (epochs=5, t=1, dropout=0.1, pool=max, edges=['AST', 'Back-AST', 'Data'], mode=cat, jump=True, weight=best)...
    Evaluating on 49 benchmarks...
    VBS:   46/49 solved, PAR-2=536.3
    Sibyl: 46/49 solved, PAR-2=626.2
    SBS:   44/49 solved, PAR-2=751.7
    VBS matches: 21/49
    Wall: 234.9s

  --- Fold 5/5: train=196, val=49 ---
    Training (epochs=5, t=1, dropout=0.1, pool=max, edges=['AST', 'Back-AST', 'Data'], mode=cat, jump=True, weight=best)...
    Evaluating on 49 benchmarks...
    VBS:   45/49 solved, PAR-2=511.3
    Sibyl: 44/49 solved, PAR-2=637.9
    SBS:   44/49 solved, PAR-2=657.1
    VBS matches: 21/49
    Wall: 225.5s

  Wrote: /dcs/23/u5573765/cs351/smt-ablation-sibyl/ablation/results/ABL_EDGE_SETS/ast_back-ast_data/QF_BV/perfold.csv
  Wrote: /dcs/23/u5573765/cs351/smt-ablation-sibyl/ablation/results/ABL_EDGE_SETS/ast_back-ast_data/QF_BV/summary.csv

======================================================================
SUMMARY: ABL_EDGE_SETS | edge_sets=['AST', 'Back-AST', 'Data'] | QF_BV
  Sibyl: 224/245 solved (91.4%), PAR-2=3110.6
  vs SBS: +3.3%
  Closeness to VBS: 13.5%
  Wall time: 1138s
======================================================================
[Wed  4 Mar 22:53:33 GMT 2026] Done.
