[Thu  5 Mar 00:39:14 GMT 2026] Sibyl ablation: ABL_MODE | mode=cat | QF_BV
SLURM_JOB_ID=1260775
Node: gecko-03
GPU: NVIDIA A10
SMT environment loaded from /dcs/large/u5573765
======================================================================
Sibyl Ablation Runner
  Experiment: ABL_MODE
  Knob:       mode = cat
  Logic:      QF_BV
  Output:     /dcs/23/u5573765/cs351/smt-ablation-sibyl/ablation/results/ABL_MODE/cat/QF_BV
======================================================================

  Logic: QF_BV
  Benchmarks: 245
  Configs: ['z3_bv_default', 'z3_bv_eager', 'cvc5_bv_default', 'cvc5_bv_eager']
  K-folds: 5

  --- Fold 1/5: train=196, val=49 ---
    Training (epochs=5, t=1, dropout=0.1, pool=max, edges=['AST', 'Back-AST', 'Data'], mode=cat, jump=True, weight=best)...
    Evaluating on 49 benchmarks...
    VBS:   46/49 solved, PAR-2=455.5
    Sibyl: 45/49 solved, PAR-2=632.9
    SBS:   45/49 solved, PAR-2=578.7
    VBS matches: 19/49
    Wall: 219.8s

  --- Fold 2/5: train=196, val=49 ---
    Training (epochs=5, t=1, dropout=0.1, pool=max, edges=['AST', 'Back-AST', 'Data'], mode=cat, jump=True, weight=best)...
    Evaluating on 49 benchmarks...
    VBS:   46/49 solved, PAR-2=423.0
    Sibyl: 41/49 solved, PAR-2=1028.1
    SBS:   45/49 solved, PAR-2=526.5
    VBS matches: 12/49
    Wall: 251.2s

  --- Fold 3/5: train=196, val=49 ---
    Training (epochs=5, t=1, dropout=0.1, pool=max, edges=['AST', 'Back-AST', 'Data'], mode=cat, jump=True, weight=best)...
    Evaluating on 49 benchmarks...
    VBS:   46/49 solved, PAR-2=505.4
    Sibyl: 45/49 solved, PAR-2=661.9
    SBS:   44/49 solved, PAR-2=702.8
    VBS matches: 15/49
    Wall: 240.1s

  --- Fold 4/5: train=196, val=49 ---
    Training (epochs=5, t=1, dropout=0.1, pool=max, edges=['AST', 'Back-AST', 'Data'], mode=cat, jump=True, weight=best)...
    Evaluating on 49 benchmarks...
    VBS:   46/49 solved, PAR-2=536.3
    Sibyl: 45/49 solved, PAR-2=669.8
    SBS:   44/49 solved, PAR-2=751.7
    VBS matches: 27/49
    Wall: 223.1s

  --- Fold 5/5: train=196, val=49 ---
    Training (epochs=5, t=1, dropout=0.1, pool=max, edges=['AST', 'Back-AST', 'Data'], mode=cat, jump=True, weight=best)...
    Evaluating on 49 benchmarks...
    VBS:   45/49 solved, PAR-2=511.3
    Sibyl: 43/49 solved, PAR-2=758.8
    SBS:   44/49 solved, PAR-2=657.1
    VBS matches: 20/49
    Wall: 227.3s

  Wrote: /dcs/23/u5573765/cs351/smt-ablation-sibyl/ablation/results/ABL_MODE/cat/QF_BV/perfold.csv
  Wrote: /dcs/23/u5573765/cs351/smt-ablation-sibyl/ablation/results/ABL_MODE/cat/QF_BV/summary.csv

======================================================================
SUMMARY: ABL_MODE | mode=cat | QF_BV
  Sibyl: 219/245 solved (89.4%), PAR-2=3751.6
  vs SBS: -16.6%
  Closeness to VBS: -68.1%
  Wall time: 1162s
======================================================================
[Thu  5 Mar 00:58:36 GMT 2026] Done.
