[Thu  5 Mar 01:18:25 GMT 2026] Sibyl ablation: ABL_NO_JUMP | no_jump=True | QF_LIA
SLURM_JOB_ID=1260795
Node: gecko-03
GPU: NVIDIA A10
SMT environment loaded from /dcs/large/u5573765
======================================================================
Sibyl Ablation Runner
  Experiment: ABL_NO_JUMP
  Knob:       no_jump = True
  Logic:      QF_LIA
  Output:     /dcs/23/u5573765/cs351/smt-ablation-sibyl/ablation/results/ABL_NO_JUMP/true/QF_LIA
======================================================================

  Logic: QF_LIA
  Benchmarks: 250
  Configs: ['z3_lia_default', 'z3_lia_arith', 'cvc5_lia_default', 'cvc5_lia_arith']
  K-folds: 5

  --- Fold 1/5: train=200, val=50 ---
    Training (epochs=5, t=1, dropout=0.1, pool=max, edges=['AST', 'Back-AST', 'Data'], mode=cat, jump=True, weight=best)...
    Evaluating on 50 benchmarks...
    VBS:   47/50 solved, PAR-2=393.7
    Sibyl: 43/50 solved, PAR-2=893.1
    SBS:   47/50 solved, PAR-2=409.5
    VBS matches: 22/50
    Wall: 208.8s

  --- Fold 2/5: train=200, val=50 ---
    Training (epochs=5, t=1, dropout=0.1, pool=max, edges=['AST', 'Back-AST', 'Data'], mode=cat, jump=True, weight=best)...
    Evaluating on 50 benchmarks...
    VBS:   47/50 solved, PAR-2=514.6
    Sibyl: 40/50 solved, PAR-2=1242.9
    SBS:   47/50 solved, PAR-2=537.6
    VBS matches: 11/50
    Wall: 196.8s

  --- Fold 3/5: train=200, val=50 ---
    Training (epochs=5, t=1, dropout=0.1, pool=max, edges=['AST', 'Back-AST', 'Data'], mode=cat, jump=True, weight=best)...
    Evaluating on 50 benchmarks...
    VBS:   49/50 solved, PAR-2=142.0
    Sibyl: 47/50 solved, PAR-2=416.1
    SBS:   49/50 solved, PAR-2=192.6
    VBS matches: 15/50
    Wall: 201.1s

  --- Fold 4/5: train=200, val=50 ---
    Training (epochs=5, t=1, dropout=0.1, pool=max, edges=['AST', 'Back-AST', 'Data'], mode=cat, jump=True, weight=best)...
    Evaluating on 50 benchmarks...
    VBS:   49/50 solved, PAR-2=182.7
    Sibyl: 46/50 solved, PAR-2=676.5
    SBS:   49/50 solved, PAR-2=235.3
    VBS matches: 13/50
    Wall: 192.8s

  --- Fold 5/5: train=200, val=50 ---
    Training (epochs=5, t=1, dropout=0.1, pool=max, edges=['AST', 'Back-AST', 'Data'], mode=cat, jump=True, weight=best)...
    Evaluating on 50 benchmarks...
    VBS:   48/50 solved, PAR-2=335.7
    Sibyl: 47/50 solved, PAR-2=542.2
    SBS:   47/50 solved, PAR-2=469.8
    VBS matches: 23/50
    Wall: 189.9s

  Wrote: /dcs/23/u5573765/cs351/smt-ablation-sibyl/ablation/results/ABL_NO_JUMP/true/QF_LIA/perfold.csv
  Wrote: /dcs/23/u5573765/cs351/smt-ablation-sibyl/ablation/results/ABL_NO_JUMP/true/QF_LIA/summary.csv

======================================================================
SUMMARY: ABL_NO_JUMP | no_jump=True | QF_LIA
  Sibyl: 223/250 solved (89.2%), PAR-2=3770.9
  vs SBS: -104.4%
  Closeness to VBS: -698.0%
  Wall time: 989s
======================================================================
[Thu  5 Mar 01:34:55 GMT 2026] Done.
