[Wed  4 Mar 20:05:29 GMT 2026] Sibyl ablation: ABL_MODE | mode=max | QF_BV
SLURM_JOB_ID=1260605
Node: gecko-03
GPU: NVIDIA A10
SMT environment loaded from /dcs/large/u5573765
======================================================================
Sibyl Ablation Runner
  Experiment: ABL_MODE
  Knob:       mode = max
  Logic:      QF_BV
  Output:     /dcs/23/u5573765/cs351/smt-ablation-sibyl/ablation/results/ABL_MODE/max/QF_BV
======================================================================

  Logic: QF_BV
  Benchmarks: 245
  Configs: ['z3_bv_default', 'z3_bv_eager', 'cvc5_bv_default', 'cvc5_bv_eager']
  K-folds: 5

  --- Fold 1/5: train=196, val=49 ---
    Training (epochs=5, t=1, dropout=0.1, pool=max, edges=['AST', 'Back-AST', 'Data'], mode=max, jump=True, weight=best)...
    Evaluating on 49 benchmarks...
    VBS:   46/49 solved, PAR-2=455.5
    Sibyl: 45/49 solved, PAR-2=628.2
    SBS:   45/49 solved, PAR-2=578.7
    VBS matches: 17/49
    Wall: 219.7s

  --- Fold 2/5: train=196, val=49 ---
    Training (epochs=5, t=1, dropout=0.1, pool=max, edges=['AST', 'Back-AST', 'Data'], mode=max, jump=True, weight=best)...
    Evaluating on 49 benchmarks...
    VBS:   46/49 solved, PAR-2=423.0
    Sibyl: 44/49 solved, PAR-2=670.7
    SBS:   45/49 solved, PAR-2=526.5
    VBS matches: 24/49
    Wall: 223.6s

  --- Fold 3/5: train=196, val=49 ---
    Training (epochs=5, t=1, dropout=0.1, pool=max, edges=['AST', 'Back-AST', 'Data'], mode=max, jump=True, weight=best)...
    Evaluating on 49 benchmarks...
    VBS:   46/49 solved, PAR-2=505.4
    Sibyl: 45/49 solved, PAR-2=636.3
    SBS:   44/49 solved, PAR-2=702.8
    VBS matches: 10/49
    Wall: 222.0s

  --- Fold 4/5: train=196, val=49 ---
    Training (epochs=5, t=1, dropout=0.1, pool=max, edges=['AST', 'Back-AST', 'Data'], mode=max, jump=True, weight=best)...
    Evaluating on 49 benchmarks...
    VBS:   46/49 solved, PAR-2=536.3
    Sibyl: 45/49 solved, PAR-2=680.7
    SBS:   44/49 solved, PAR-2=751.7
    VBS matches: 18/49
    Wall: 230.1s

  --- Fold 5/5: train=196, val=49 ---
    Training (epochs=5, t=1, dropout=0.1, pool=max, edges=['AST', 'Back-AST', 'Data'], mode=max, jump=True, weight=best)...
    Evaluating on 49 benchmarks...
    VBS:   45/49 solved, PAR-2=511.3
    Sibyl: 44/49 solved, PAR-2=633.0
    SBS:   44/49 solved, PAR-2=657.1
    VBS matches: 17/49
    Wall: 221.4s

  Wrote: /dcs/23/u5573765/cs351/smt-ablation-sibyl/ablation/results/ABL_MODE/max/QF_BV/perfold.csv
  Wrote: /dcs/23/u5573765/cs351/smt-ablation-sibyl/ablation/results/ABL_MODE/max/QF_BV/summary.csv

======================================================================
SUMMARY: ABL_MODE | mode=max | QF_BV
  Sibyl: 223/245 solved (91.0%), PAR-2=3249.0
  vs SBS: -1.0%
  Closeness to VBS: -4.1%
  Wall time: 1117s
======================================================================
[Wed  4 Mar 20:24:06 GMT 2026] Done.
