[Wed  4 Mar 21:35:32 GMT 2026] Sibyl ablation: ABL_DROPOUT | dropout=0.0 | QF_BV
SLURM_JOB_ID=1260651
Node: gecko-03
GPU: NVIDIA A10
SMT environment loaded from /dcs/large/u5573765
======================================================================
Sibyl Ablation Runner
  Experiment: ABL_DROPOUT
  Knob:       dropout = 0.0
  Logic:      QF_BV
  Output:     /dcs/23/u5573765/cs351/smt-ablation-sibyl/ablation/results/ABL_DROPOUT/0.0/QF_BV
======================================================================

  Logic: QF_BV
  Benchmarks: 245
  Configs: ['z3_bv_default', 'z3_bv_eager', 'cvc5_bv_default', 'cvc5_bv_eager']
  K-folds: 5

  --- Fold 1/5: train=196, val=49 ---
    Training (epochs=5, t=1, dropout=0.0, pool=max, edges=['AST', 'Back-AST', 'Data'], mode=cat, jump=True, weight=best)...
    Evaluating on 49 benchmarks...
    VBS:   46/49 solved, PAR-2=455.5
    Sibyl: 45/49 solved, PAR-2=631.2
    SBS:   45/49 solved, PAR-2=578.7
    VBS matches: 24/49
    Wall: 217.3s

  --- Fold 2/5: train=196, val=49 ---
    Training (epochs=5, t=1, dropout=0.0, pool=max, edges=['AST', 'Back-AST', 'Data'], mode=cat, jump=True, weight=best)...
    Evaluating on 49 benchmarks...
    VBS:   46/49 solved, PAR-2=423.0
    Sibyl: 45/49 solved, PAR-2=559.1
    SBS:   45/49 solved, PAR-2=526.5
    VBS matches: 23/49
    Wall: 227.4s

  --- Fold 3/5: train=196, val=49 ---
    Training (epochs=5, t=1, dropout=0.0, pool=max, edges=['AST', 'Back-AST', 'Data'], mode=cat, jump=True, weight=best)...
    Evaluating on 49 benchmarks...
    VBS:   46/49 solved, PAR-2=505.4
    Sibyl: 44/49 solved, PAR-2=710.5
    SBS:   44/49 solved, PAR-2=702.8
    VBS matches: 19/49
    Wall: 222.6s

  --- Fold 4/5: train=196, val=49 ---
    Training (epochs=5, t=1, dropout=0.0, pool=max, edges=['AST', 'Back-AST', 'Data'], mode=cat, jump=True, weight=best)...
    Evaluating on 49 benchmarks...
    VBS:   46/49 solved, PAR-2=536.3
    Sibyl: 46/49 solved, PAR-2=609.9
    SBS:   44/49 solved, PAR-2=751.7
    VBS matches: 14/49
    Wall: 225.6s

  --- Fold 5/5: train=196, val=49 ---
    Training (epochs=5, t=1, dropout=0.0, pool=max, edges=['AST', 'Back-AST', 'Data'], mode=cat, jump=True, weight=best)...
    Evaluating on 49 benchmarks...
    VBS:   45/49 solved, PAR-2=511.3
    Sibyl: 44/49 solved, PAR-2=654.2
    SBS:   44/49 solved, PAR-2=657.1
    VBS matches: 12/49
    Wall: 225.7s

  Wrote: /dcs/23/u5573765/cs351/smt-ablation-sibyl/ablation/results/ABL_DROPOUT/0.0/QF_BV/perfold.csv
  Wrote: /dcs/23/u5573765/cs351/smt-ablation-sibyl/ablation/results/ABL_DROPOUT/0.0/QF_BV/summary.csv

======================================================================
SUMMARY: ABL_DROPOUT | dropout=0.0 | QF_BV
  Sibyl: 224/245 solved (91.4%), PAR-2=3164.9
  vs SBS: +1.6%
  Closeness to VBS: 6.6%
  Wall time: 1119s
======================================================================
[Wed  4 Mar 21:54:11 GMT 2026] Done.
