[Sun  8 Mar 18:35:10 GMT 2026] Sibyl ablation: ABL_POOL_TYPE | pool_type=add | QF_BV
SLURM_JOB_ID=1264351
Node: gecko-04
GPU: NVIDIA A10
SMT environment loaded from /dcs/large/u5573765
======================================================================
Sibyl Ablation Runner
  Experiment: ABL_POOL_TYPE
  Knob:       pool_type = add
  Logic:      QF_BV
  Output:     /dcs/23/u5573765/cs351/smt-ablation-sibyl/ablation/results/ABL_POOL_TYPE/add/QF_BV
======================================================================

  Logic: QF_BV
  Benchmarks: 245
  Configs: ['z3_bv_default', 'z3_bv_eager', 'cvc5_bv_default', 'cvc5_bv_eager']
  K-folds: 5

  --- Fold 1/5: train=196, val=49 ---
    Training (epochs=5, t=1, dropout=0.1, pool=add, edges=['AST', 'Back-AST', 'Data'], mode=cat, jump=True, weight=best)...
    Evaluating on 49 benchmarks...
    VBS:   46/49 solved, PAR-2=455.5
    Sibyl: 45/49 solved, PAR-2=642.2
    SBS:   45/49 solved, PAR-2=578.7
    VBS matches: 19/49
    Wall: 211.3s

  --- Fold 2/5: train=196, val=49 ---
    Training (epochs=5, t=1, dropout=0.1, pool=add, edges=['AST', 'Back-AST', 'Data'], mode=cat, jump=True, weight=best)...
    Evaluating on 49 benchmarks...
    VBS:   46/49 solved, PAR-2=423.0
    Sibyl: 44/49 solved, PAR-2=675.5
    SBS:   45/49 solved, PAR-2=526.5
    VBS matches: 24/49
    Wall: 223.9s

  --- Fold 3/5: train=196, val=49 ---
    Training (epochs=5, t=1, dropout=0.1, pool=add, edges=['AST', 'Back-AST', 'Data'], mode=cat, jump=True, weight=best)...
    Evaluating on 49 benchmarks...
    VBS:   46/49 solved, PAR-2=505.4
    Sibyl: 43/49 solved, PAR-2=898.9
    SBS:   44/49 solved, PAR-2=702.8
    VBS matches: 19/49
    Wall: 220.1s

  --- Fold 4/5: train=196, val=49 ---
    Training (epochs=5, t=1, dropout=0.1, pool=add, edges=['AST', 'Back-AST', 'Data'], mode=cat, jump=True, weight=best)...
    Evaluating on 49 benchmarks...
    VBS:   46/49 solved, PAR-2=536.3
    Sibyl: 44/49 solved, PAR-2=764.2
    SBS:   44/49 solved, PAR-2=751.7
    VBS matches: 25/49
    Wall: 216.2s

  --- Fold 5/5: train=196, val=49 ---
    Training (epochs=5, t=1, dropout=0.1, pool=add, edges=['AST', 'Back-AST', 'Data'], mode=cat, jump=True, weight=best)...
    Evaluating on 49 benchmarks...
    VBS:   45/49 solved, PAR-2=511.3
    Sibyl: 43/49 solved, PAR-2=774.8
    SBS:   44/49 solved, PAR-2=657.1
    VBS matches: 17/49
    Wall: 233.6s

  Wrote: /dcs/23/u5573765/cs351/smt-ablation-sibyl/ablation/results/ABL_POOL_TYPE/add/QF_BV/perfold.csv
  Wrote: /dcs/23/u5573765/cs351/smt-ablation-sibyl/ablation/results/ABL_POOL_TYPE/add/QF_BV/summary.csv

======================================================================
SUMMARY: ABL_POOL_TYPE | pool_type=add | QF_BV
  Sibyl: 219/245 solved (89.4%), PAR-2=3755.7
  vs SBS: -16.8%
  Closeness to VBS: -68.6%
  Wall time: 1105s
======================================================================
[Sun  8 Mar 18:53:37 GMT 2026] Done.
