[Wed  4 Mar 23:42:41 GMT 2026] Sibyl ablation: ABL_EPOCHS | epochs=10 | QF_LIA
SLURM_JOB_ID=1260735
Node: gecko-03
GPU: NVIDIA A10
SMT environment loaded from /dcs/large/u5573765
======================================================================
Sibyl Ablation Runner
  Experiment: ABL_EPOCHS
  Knob:       epochs = 10
  Logic:      QF_LIA
  Output:     /dcs/23/u5573765/cs351/smt-ablation-sibyl/ablation/results/ABL_EPOCHS/10/QF_LIA
======================================================================

  Logic: QF_LIA
  Benchmarks: 250
  Configs: ['z3_lia_default', 'z3_lia_arith', 'cvc5_lia_default', 'cvc5_lia_arith']
  K-folds: 5

  --- Fold 1/5: train=200, val=50 ---
    Training (epochs=10, t=1, dropout=0.1, pool=max, edges=['AST', 'Back-AST', 'Data'], mode=cat, jump=True, weight=best)...
    Evaluating on 50 benchmarks...
    VBS:   47/50 solved, PAR-2=393.7
    Sibyl: 43/50 solved, PAR-2=892.4
    SBS:   47/50 solved, PAR-2=409.5
    VBS matches: 23/50
    Wall: 275.7s

  --- Fold 2/5: train=200, val=50 ---
    Training (epochs=10, t=1, dropout=0.1, pool=max, edges=['AST', 'Back-AST', 'Data'], mode=cat, jump=True, weight=best)...
    Evaluating on 50 benchmarks...
    VBS:   47/50 solved, PAR-2=514.6
    Sibyl: 40/50 solved, PAR-2=1238.6
    SBS:   47/50 solved, PAR-2=537.6
    VBS matches: 15/50
    Wall: 253.4s

  --- Fold 3/5: train=200, val=50 ---
    Training (epochs=10, t=1, dropout=0.1, pool=max, edges=['AST', 'Back-AST', 'Data'], mode=cat, jump=True, weight=best)...
    Evaluating on 50 benchmarks...
    VBS:   49/50 solved, PAR-2=142.0
    Sibyl: 47/50 solved, PAR-2=411.1
    SBS:   49/50 solved, PAR-2=192.6
    VBS matches: 15/50
    Wall: 214.5s

  --- Fold 4/5: train=200, val=50 ---
    Training (epochs=10, t=1, dropout=0.1, pool=max, edges=['AST', 'Back-AST', 'Data'], mode=cat, jump=True, weight=best)...
    Evaluating on 50 benchmarks...
    VBS:   49/50 solved, PAR-2=182.7
    Sibyl: 48/50 solved, PAR-2=346.6
    SBS:   49/50 solved, PAR-2=235.3
    VBS matches: 20/50
    Wall: 217.1s

  --- Fold 5/5: train=200, val=50 ---
    Training (epochs=10, t=1, dropout=0.1, pool=max, edges=['AST', 'Back-AST', 'Data'], mode=cat, jump=True, weight=best)...
    Evaluating on 50 benchmarks...
    VBS:   48/50 solved, PAR-2=335.7
    Sibyl: 46/50 solved, PAR-2=679.9
    SBS:   47/50 solved, PAR-2=469.8
    VBS matches: 17/50
    Wall: 204.3s

  Wrote: /dcs/23/u5573765/cs351/smt-ablation-sibyl/ablation/results/ABL_EPOCHS/10/QF_LIA/perfold.csv
  Wrote: /dcs/23/u5573765/cs351/smt-ablation-sibyl/ablation/results/ABL_EPOCHS/10/QF_LIA/summary.csv

======================================================================
SUMMARY: ABL_EPOCHS | epochs=10 | QF_LIA
  Sibyl: 224/250 solved (89.6%), PAR-2=3568.5
  vs SBS: -93.4%
  Closeness to VBS: -624.7%
  Wall time: 1165s
======================================================================
[Thu  5 Mar 00:02:06 GMT 2026] Done.
