[Wed  4 Mar 20:42:37 GMT 2026] Sibyl ablation: ABL_POOL_TYPE | pool_type=attention | QF_BV
SLURM_JOB_ID=1260613
Node: gecko-03
GPU: NVIDIA A10
SMT environment loaded from /dcs/large/u5573765
======================================================================
Sibyl Ablation Runner
  Experiment: ABL_POOL_TYPE
  Knob:       pool_type = attention
  Logic:      QF_BV
  Output:     /dcs/23/u5573765/cs351/smt-ablation-sibyl/ablation/results/ABL_POOL_TYPE/attention/QF_BV
======================================================================

  Logic: QF_BV
  Benchmarks: 245
  Configs: ['z3_bv_default', 'z3_bv_eager', 'cvc5_bv_default', 'cvc5_bv_eager']
  K-folds: 5

  --- Fold 1/5: train=196, val=49 ---
    Training (epochs=5, t=1, dropout=0.1, pool=attention, edges=['AST', 'Back-AST', 'Data'], mode=cat, jump=True, weight=best)...
    Evaluating on 49 benchmarks...
    VBS:   46/49 solved, PAR-2=455.5
    Sibyl: 45/49 solved, PAR-2=638.9
    SBS:   45/49 solved, PAR-2=578.7
    VBS matches: 11/49
    Wall: 218.2s

  --- Fold 2/5: train=196, val=49 ---
    Training (epochs=5, t=1, dropout=0.1, pool=attention, edges=['AST', 'Back-AST', 'Data'], mode=cat, jump=True, weight=best)...
    Evaluating on 49 benchmarks...
    VBS:   46/49 solved, PAR-2=423.0
    Sibyl: 46/49 solved, PAR-2=434.9
    SBS:   45/49 solved, PAR-2=526.5
    VBS matches: 10/49
    Wall: 226.4s

  --- Fold 3/5: train=196, val=49 ---
    Training (epochs=5, t=1, dropout=0.1, pool=attention, edges=['AST', 'Back-AST', 'Data'], mode=cat, jump=True, weight=best)...
    Evaluating on 49 benchmarks...
    VBS:   46/49 solved, PAR-2=505.4
    Sibyl: 45/49 solved, PAR-2=615.6
    SBS:   44/49 solved, PAR-2=702.8
    VBS matches: 12/49
    Wall: 221.8s

  --- Fold 4/5: train=196, val=49 ---
    Training (epochs=5, t=1, dropout=0.1, pool=attention, edges=['AST', 'Back-AST', 'Data'], mode=cat, jump=True, weight=best)...
    Evaluating on 49 benchmarks...
    VBS:   46/49 solved, PAR-2=536.3
    Sibyl: 45/49 solved, PAR-2=713.3
    SBS:   44/49 solved, PAR-2=751.7
    VBS matches: 12/49
    Wall: 225.0s

  --- Fold 5/5: train=196, val=49 ---
    Training (epochs=5, t=1, dropout=0.1, pool=attention, edges=['AST', 'Back-AST', 'Data'], mode=cat, jump=True, weight=best)...
    Evaluating on 49 benchmarks...
    VBS:   45/49 solved, PAR-2=511.3
    Sibyl: 44/49 solved, PAR-2=639.0
    SBS:   44/49 solved, PAR-2=657.1
    VBS matches: 13/49
    Wall: 224.6s

  Wrote: /dcs/23/u5573765/cs351/smt-ablation-sibyl/ablation/results/ABL_POOL_TYPE/attention/QF_BV/perfold.csv
  Wrote: /dcs/23/u5573765/cs351/smt-ablation-sibyl/ablation/results/ABL_POOL_TYPE/attention/QF_BV/summary.csv

======================================================================
SUMMARY: ABL_POOL_TYPE | pool_type=attention | QF_BV
  Sibyl: 225/245 solved (91.8%), PAR-2=3041.8
  vs SBS: +5.4%
  Closeness to VBS: 22.3%
  Wall time: 1116s
======================================================================
[Wed  4 Mar 21:01:14 GMT 2026] Done.
