[Thu  5 Mar 01:33:50 GMT 2026] Sibyl ablation: ABL_POOL_TYPE | pool_type=attention | QF_BV
SLURM_JOB_ID=1260815
Node: gecko-03
GPU: NVIDIA A10
SMT environment loaded from /dcs/large/u5573765
======================================================================
Sibyl Ablation Runner
  Experiment: ABL_POOL_TYPE
  Knob:       pool_type = attention
  Logic:      QF_BV
  Output:     /dcs/23/u5573765/cs351/smt-ablation-sibyl/ablation/results/ABL_POOL_TYPE/attention/QF_BV
======================================================================

  Logic: QF_BV
  Benchmarks: 245
  Configs: ['z3_bv_default', 'z3_bv_eager', 'cvc5_bv_default', 'cvc5_bv_eager']
  K-folds: 5

  --- Fold 1/5: train=196, val=49 ---
    Training (epochs=5, t=1, dropout=0.1, pool=attention, edges=['AST', 'Back-AST', 'Data'], mode=cat, jump=True, weight=best)...
    Evaluating on 49 benchmarks...
    VBS:   46/49 solved, PAR-2=455.5
    Sibyl: 45/49 solved, PAR-2=631.8
    SBS:   45/49 solved, PAR-2=578.7
    VBS matches: 17/49
    Wall: 212.6s

  --- Fold 2/5: train=196, val=49 ---
    Training (epochs=5, t=1, dropout=0.1, pool=attention, edges=['AST', 'Back-AST', 'Data'], mode=cat, jump=True, weight=best)...
    Evaluating on 49 benchmarks...
    VBS:   46/49 solved, PAR-2=423.0
    Sibyl: 45/49 solved, PAR-2=549.6
    SBS:   45/49 solved, PAR-2=526.5
    VBS matches: 11/49
    Wall: 221.4s

  --- Fold 3/5: train=196, val=49 ---
    Training (epochs=5, t=1, dropout=0.1, pool=attention, edges=['AST', 'Back-AST', 'Data'], mode=cat, jump=True, weight=best)...
    Evaluating on 49 benchmarks...
    VBS:   46/49 solved, PAR-2=505.4
    Sibyl: 44/49 solved, PAR-2=727.1
    SBS:   44/49 solved, PAR-2=702.8
    VBS matches: 14/49
    Wall: 218.7s

  --- Fold 4/5: train=196, val=49 ---
    Training (epochs=5, t=1, dropout=0.1, pool=attention, edges=['AST', 'Back-AST', 'Data'], mode=cat, jump=True, weight=best)...
    Evaluating on 49 benchmarks...
    VBS:   46/49 solved, PAR-2=536.3
    Sibyl: 44/49 solved, PAR-2=828.5
    SBS:   44/49 solved, PAR-2=751.7
    VBS matches: 13/49
    Wall: 223.6s

  --- Fold 5/5: train=196, val=49 ---
    Training (epochs=5, t=1, dropout=0.1, pool=attention, edges=['AST', 'Back-AST', 'Data'], mode=cat, jump=True, weight=best)...
    Evaluating on 49 benchmarks...
    VBS:   45/49 solved, PAR-2=511.3
    Sibyl: 45/49 solved, PAR-2=530.2
    SBS:   44/49 solved, PAR-2=657.1
    VBS matches: 13/49
    Wall: 223.7s

  Wrote: /dcs/23/u5573765/cs351/smt-ablation-sibyl/ablation/results/ABL_POOL_TYPE/attention/QF_BV/perfold.csv
  Wrote: /dcs/23/u5573765/cs351/smt-ablation-sibyl/ablation/results/ABL_POOL_TYPE/attention/QF_BV/summary.csv

======================================================================
SUMMARY: ABL_POOL_TYPE | pool_type=attention | QF_BV
  Sibyl: 223/245 solved (91.0%), PAR-2=3267.3
  vs SBS: -1.6%
  Closeness to VBS: -6.4%
  Wall time: 1100s
======================================================================
[Thu  5 Mar 01:52:10 GMT 2026] Done.
