[Thu  5 Mar 00:02:07 GMT 2026] Sibyl ablation: ABL_EPOCHS | epochs=20 | QF_BV
SLURM_JOB_ID=1260761
Node: gecko-03
GPU: NVIDIA A10
SMT environment loaded from /dcs/large/u5573765
======================================================================
Sibyl Ablation Runner
  Experiment: ABL_EPOCHS
  Knob:       epochs = 20
  Logic:      QF_BV
  Output:     /dcs/23/u5573765/cs351/smt-ablation-sibyl/ablation/results/ABL_EPOCHS/20/QF_BV
======================================================================

  Logic: QF_BV
  Benchmarks: 245
  Configs: ['z3_bv_default', 'z3_bv_eager', 'cvc5_bv_default', 'cvc5_bv_eager']
  K-folds: 5

  --- Fold 1/5: train=196, val=49 ---
    Training (epochs=20, t=1, dropout=0.1, pool=max, edges=['AST', 'Back-AST', 'Data'], mode=cat, jump=True, weight=best)...
    Evaluating on 49 benchmarks...
    VBS:   46/49 solved, PAR-2=455.5
    Sibyl: 45/49 solved, PAR-2=577.7
    SBS:   45/49 solved, PAR-2=578.7
    VBS matches: 24/49
    Wall: 409.2s

  --- Fold 2/5: train=196, val=49 ---
    Training (epochs=20, t=1, dropout=0.1, pool=max, edges=['AST', 'Back-AST', 'Data'], mode=cat, jump=True, weight=best)...
    Evaluating on 49 benchmarks...
    VBS:   46/49 solved, PAR-2=423.0
    Sibyl: 45/49 solved, PAR-2=553.4
    SBS:   45/49 solved, PAR-2=526.5
    VBS matches: 20/49
    Wall: 436.5s

  --- Fold 3/5: train=196, val=49 ---
    Training (epochs=20, t=1, dropout=0.1, pool=max, edges=['AST', 'Back-AST', 'Data'], mode=cat, jump=True, weight=best)...
    Evaluating on 49 benchmarks...
    VBS:   46/49 solved, PAR-2=505.4
    Sibyl: 44/49 solved, PAR-2=752.1
    SBS:   44/49 solved, PAR-2=702.8
    VBS matches: 23/49
    Wall: 430.8s

  --- Fold 4/5: train=196, val=49 ---
    Training (epochs=20, t=1, dropout=0.1, pool=max, edges=['AST', 'Back-AST', 'Data'], mode=cat, jump=True, weight=best)...
    Evaluating on 49 benchmarks...
    VBS:   46/49 solved, PAR-2=536.3
    Sibyl: 46/49 solved, PAR-2=609.9
    SBS:   44/49 solved, PAR-2=751.7
    VBS matches: 18/49
    Wall: 427.0s

  --- Fold 5/5: train=196, val=49 ---
    Training (epochs=20, t=1, dropout=0.1, pool=max, edges=['AST', 'Back-AST', 'Data'], mode=cat, jump=True, weight=best)...
    Evaluating on 49 benchmarks...
    VBS:   45/49 solved, PAR-2=511.3
    Sibyl: 43/49 solved, PAR-2=774.8
    SBS:   44/49 solved, PAR-2=657.1
    VBS matches: 18/49
    Wall: 412.0s

  Wrote: /dcs/23/u5573765/cs351/smt-ablation-sibyl/ablation/results/ABL_EPOCHS/20/QF_BV/perfold.csv
  Wrote: /dcs/23/u5573765/cs351/smt-ablation-sibyl/ablation/results/ABL_EPOCHS/20/QF_BV/summary.csv

======================================================================
SUMMARY: ABL_EPOCHS | epochs=20 | QF_BV
  Sibyl: 223/245 solved (91.0%), PAR-2=3267.9
  vs SBS: -1.6%
  Closeness to VBS: -6.5%
  Wall time: 2116s
======================================================================
[Thu  5 Mar 00:37:23 GMT 2026] Done.
