[Thu  5 Mar 02:44:06 GMT 2026] Sibyl ablation: ABL_TIME_STEPS | time_steps=3 | QF_BV
SLURM_JOB_ID=1260861
Node: gecko-03
GPU: NVIDIA A10
SMT environment loaded from /dcs/large/u5573765
======================================================================
Sibyl Ablation Runner
  Experiment: ABL_TIME_STEPS
  Knob:       time_steps = 3
  Logic:      QF_BV
  Output:     /dcs/23/u5573765/cs351/smt-ablation-sibyl/ablation/results/ABL_TIME_STEPS/3/QF_BV
======================================================================

  Logic: QF_BV
  Benchmarks: 245
  Configs: ['z3_bv_default', 'z3_bv_eager', 'cvc5_bv_default', 'cvc5_bv_eager']
  K-folds: 5

  --- Fold 1/5: train=196, val=49 ---
    Training (epochs=5, t=3, dropout=0.1, pool=max, edges=['AST', 'Back-AST', 'Data'], mode=cat, jump=True, weight=best)...
    Evaluating on 49 benchmarks...
    VBS:   46/49 solved, PAR-2=455.5
    Sibyl: 45/49 solved, PAR-2=617.8
    SBS:   45/49 solved, PAR-2=578.7
    VBS matches: 16/49
    Wall: 251.0s

  --- Fold 2/5: train=196, val=49 ---
    Training (epochs=5, t=3, dropout=0.1, pool=max, edges=['AST', 'Back-AST', 'Data'], mode=cat, jump=True, weight=best)...
    Evaluating on 49 benchmarks...
    VBS:   46/49 solved, PAR-2=423.0
    Sibyl: 42/49 solved, PAR-2=907.8
    SBS:   45/49 solved, PAR-2=526.5
    VBS matches: 16/49
    Wall: 259.1s

  --- Fold 3/5: train=196, val=49 ---
    Training (epochs=5, t=3, dropout=0.1, pool=max, edges=['AST', 'Back-AST', 'Data'], mode=cat, jump=True, weight=best)...
    Evaluating on 49 benchmarks...
    VBS:   46/49 solved, PAR-2=505.4
    Sibyl: 44/49 solved, PAR-2=721.6
    SBS:   44/49 solved, PAR-2=702.8
    VBS matches: 21/49
    Wall: 257.4s

  --- Fold 4/5: train=196, val=49 ---
    Training (epochs=5, t=3, dropout=0.1, pool=max, edges=['AST', 'Back-AST', 'Data'], mode=cat, jump=True, weight=best)...
    Evaluating on 49 benchmarks...
    VBS:   46/49 solved, PAR-2=536.3
    Sibyl: 44/49 solved, PAR-2=760.1
    SBS:   44/49 solved, PAR-2=751.7
    VBS matches: 11/49
    Wall: 252.0s

  --- Fold 5/5: train=196, val=49 ---
    Training (epochs=5, t=3, dropout=0.1, pool=max, edges=['AST', 'Back-AST', 'Data'], mode=cat, jump=True, weight=best)...
    Evaluating on 49 benchmarks...
    VBS:   45/49 solved, PAR-2=511.3
    Sibyl: 44/49 solved, PAR-2=638.9
    SBS:   44/49 solved, PAR-2=657.1
    VBS matches: 17/49
    Wall: 248.2s

  Wrote: /dcs/23/u5573765/cs351/smt-ablation-sibyl/ablation/results/ABL_TIME_STEPS/3/QF_BV/perfold.csv
  Wrote: /dcs/23/u5573765/cs351/smt-ablation-sibyl/ablation/results/ABL_TIME_STEPS/3/QF_BV/summary.csv

======================================================================
SUMMARY: ABL_TIME_STEPS | time_steps=3 | QF_BV
  Sibyl: 219/245 solved (89.4%), PAR-2=3646.2
  vs SBS: -13.3%
  Closeness to VBS: -54.7%
  Wall time: 1268s
======================================================================
[Thu  5 Mar 03:05:14 GMT 2026] Done.
