[Wed  4 Mar 21:11:59 GMT 2026] Sibyl ablation: ABL_POOL_TYPE | pool_type=mean | QF_LIA
SLURM_JOB_ID=1260629
Node: gecko-03
GPU: NVIDIA A10
SMT environment loaded from /dcs/large/u5573765
======================================================================
Sibyl Ablation Runner
  Experiment: ABL_POOL_TYPE
  Knob:       pool_type = mean
  Logic:      QF_LIA
  Output:     /dcs/23/u5573765/cs351/smt-ablation-sibyl/ablation/results/ABL_POOL_TYPE/mean/QF_LIA
======================================================================

  Logic: QF_LIA
  Benchmarks: 250
  Configs: ['z3_lia_default', 'z3_lia_arith', 'cvc5_lia_default', 'cvc5_lia_arith']
  K-folds: 5

  --- Fold 1/5: train=200, val=50 ---
    Training (epochs=5, t=1, dropout=0.1, pool=mean, edges=['AST', 'Back-AST', 'Data'], mode=cat, jump=True, weight=best)...
    Evaluating on 50 benchmarks...
    VBS:   47/50 solved, PAR-2=393.7
    Sibyl: 43/50 solved, PAR-2=960.7
    SBS:   47/50 solved, PAR-2=409.5
    VBS matches: 11/50
    Wall: 192.2s

  --- Fold 2/5: train=200, val=50 ---
    Training (epochs=5, t=1, dropout=0.1, pool=mean, edges=['AST', 'Back-AST', 'Data'], mode=cat, jump=True, weight=best)...
    Evaluating on 50 benchmarks...
    VBS:   47/50 solved, PAR-2=514.6
    Sibyl: 40/50 solved, PAR-2=1269.1
    SBS:   47/50 solved, PAR-2=537.6
    VBS matches: 7/50
    Wall: 196.8s

  --- Fold 3/5: train=200, val=50 ---
    Training (epochs=5, t=1, dropout=0.1, pool=mean, edges=['AST', 'Back-AST', 'Data'], mode=cat, jump=True, weight=best)...
    Evaluating on 50 benchmarks...
    VBS:   49/50 solved, PAR-2=142.0
    Sibyl: 47/50 solved, PAR-2=414.8
    SBS:   49/50 solved, PAR-2=192.6
    VBS matches: 17/50
    Wall: 191.8s

  --- Fold 4/5: train=200, val=50 ---
    Training (epochs=5, t=1, dropout=0.1, pool=mean, edges=['AST', 'Back-AST', 'Data'], mode=cat, jump=True, weight=best)...
    Evaluating on 50 benchmarks...
    VBS:   49/50 solved, PAR-2=182.7
    Sibyl: 46/50 solved, PAR-2=578.0
    SBS:   49/50 solved, PAR-2=235.3
    VBS matches: 14/50
    Wall: 192.9s

  --- Fold 5/5: train=200, val=50 ---
    Training (epochs=5, t=1, dropout=0.1, pool=mean, edges=['AST', 'Back-AST', 'Data'], mode=cat, jump=True, weight=best)...
    Evaluating on 50 benchmarks...
    VBS:   48/50 solved, PAR-2=335.7
    Sibyl: 45/50 solved, PAR-2=792.1
    SBS:   47/50 solved, PAR-2=469.8
    VBS matches: 14/50
    Wall: 186.2s

  Wrote: /dcs/23/u5573765/cs351/smt-ablation-sibyl/ablation/results/ABL_POOL_TYPE/mean/QF_LIA/perfold.csv
  Wrote: /dcs/23/u5573765/cs351/smt-ablation-sibyl/ablation/results/ABL_POOL_TYPE/mean/QF_LIA/summary.csv

======================================================================
SUMMARY: ABL_POOL_TYPE | pool_type=mean | QF_LIA
  Sibyl: 221/250 solved (88.4%), PAR-2=4014.6
  vs SBS: -117.6%
  Closeness to VBS: -786.3%
  Wall time: 960s
======================================================================
[Wed  4 Mar 21:27:59 GMT 2026] Done.
