[Wed  4 Mar 21:59:24 GMT 2026] Sibyl ablation: ABL_DROPOUT | dropout=0.2 | QF_BV
SLURM_JOB_ID=1260658
Node: gecko-03
GPU: NVIDIA A10
SMT environment loaded from /dcs/large/u5573765
======================================================================
Sibyl Ablation Runner
  Experiment: ABL_DROPOUT
  Knob:       dropout = 0.2
  Logic:      QF_BV
  Output:     /dcs/23/u5573765/cs351/smt-ablation-sibyl/ablation/results/ABL_DROPOUT/0.2/QF_BV
======================================================================

  Logic: QF_BV
  Benchmarks: 245
  Configs: ['z3_bv_default', 'z3_bv_eager', 'cvc5_bv_default', 'cvc5_bv_eager']
  K-folds: 5

  --- Fold 1/5: train=196, val=49 ---
    Training (epochs=5, t=1, dropout=0.2, pool=max, edges=['AST', 'Back-AST', 'Data'], mode=cat, jump=True, weight=best)...
    Evaluating on 49 benchmarks...
    VBS:   46/49 solved, PAR-2=455.5
    Sibyl: 45/49 solved, PAR-2=633.2
    SBS:   45/49 solved, PAR-2=578.7
    VBS matches: 18/49
    Wall: 221.9s

  --- Fold 2/5: train=196, val=49 ---
    Training (epochs=5, t=1, dropout=0.2, pool=max, edges=['AST', 'Back-AST', 'Data'], mode=cat, jump=True, weight=best)...
    Evaluating on 49 benchmarks...
    VBS:   46/49 solved, PAR-2=423.0
    Sibyl: 43/49 solved, PAR-2=788.7
    SBS:   45/49 solved, PAR-2=526.5
    VBS matches: 25/49
    Wall: 223.4s

  --- Fold 3/5: train=196, val=49 ---
    Training (epochs=5, t=1, dropout=0.2, pool=max, edges=['AST', 'Back-AST', 'Data'], mode=cat, jump=True, weight=best)...
    Evaluating on 49 benchmarks...
    VBS:   46/49 solved, PAR-2=505.4
    Sibyl: 45/49 solved, PAR-2=651.1
    SBS:   44/49 solved, PAR-2=702.8
    VBS matches: 15/49
    Wall: 230.5s

  --- Fold 4/5: train=196, val=49 ---
    Training (epochs=5, t=1, dropout=0.2, pool=max, edges=['AST', 'Back-AST', 'Data'], mode=cat, jump=True, weight=best)...
    Evaluating on 49 benchmarks...
    VBS:   46/49 solved, PAR-2=536.3
    Sibyl: 44/49 solved, PAR-2=797.7
    SBS:   44/49 solved, PAR-2=751.7
    VBS matches: 14/49
    Wall: 229.2s

  --- Fold 5/5: train=196, val=49 ---
    Training (epochs=5, t=1, dropout=0.2, pool=max, edges=['AST', 'Back-AST', 'Data'], mode=cat, jump=True, weight=best)...
    Evaluating on 49 benchmarks...
    VBS:   45/49 solved, PAR-2=511.3
    Sibyl: 43/49 solved, PAR-2=755.5
    SBS:   44/49 solved, PAR-2=657.1
    VBS matches: 27/49
    Wall: 228.9s

  Wrote: /dcs/23/u5573765/cs351/smt-ablation-sibyl/ablation/results/ABL_DROPOUT/0.2/QF_BV/perfold.csv
  Wrote: /dcs/23/u5573765/cs351/smt-ablation-sibyl/ablation/results/ABL_DROPOUT/0.2/QF_BV/summary.csv

======================================================================
SUMMARY: ABL_DROPOUT | dropout=0.2 | QF_BV
  Sibyl: 220/245 solved (89.8%), PAR-2=3626.3
  vs SBS: -12.7%
  Closeness to VBS: -52.1%
  Wall time: 1134s
======================================================================
[Wed  4 Mar 22:18:18 GMT 2026] Done.
