[Wed  4 Mar 21:29:55 GMT 2026] Sibyl ablation: ABL_TIME_STEPS | time_steps=1 | QF_BV
SLURM_JOB_ID=1260644
Node: gecko-03
GPU: NVIDIA A10
SMT environment loaded from /dcs/large/u5573765
======================================================================
Sibyl Ablation Runner
  Experiment: ABL_TIME_STEPS
  Knob:       time_steps = 1
  Logic:      QF_BV
  Output:     /dcs/23/u5573765/cs351/smt-ablation-sibyl/ablation/results/ABL_TIME_STEPS/1/QF_BV
======================================================================

  Logic: QF_BV
  Benchmarks: 245
  Configs: ['z3_bv_default', 'z3_bv_eager', 'cvc5_bv_default', 'cvc5_bv_eager']
  K-folds: 5

  --- Fold 1/5: train=196, val=49 ---
    Training (epochs=5, t=1, dropout=0.1, pool=max, edges=['AST', 'Back-AST', 'Data'], mode=cat, jump=True, weight=best)...
    Evaluating on 49 benchmarks...
    VBS:   46/49 solved, PAR-2=455.5
    Sibyl: 45/49 solved, PAR-2=583.0
    SBS:   45/49 solved, PAR-2=578.7
    VBS matches: 21/49
    Wall: 212.0s

  --- Fold 2/5: train=196, val=49 ---
    Training (epochs=5, t=1, dropout=0.1, pool=max, edges=['AST', 'Back-AST', 'Data'], mode=cat, jump=True, weight=best)...
    Evaluating on 49 benchmarks...
    VBS:   46/49 solved, PAR-2=423.0
    Sibyl: 46/49 solved, PAR-2=429.7
    SBS:   45/49 solved, PAR-2=526.5
    VBS matches: 28/49
    Wall: 218.9s

  --- Fold 3/5: train=196, val=49 ---
    Training (epochs=5, t=1, dropout=0.1, pool=max, edges=['AST', 'Back-AST', 'Data'], mode=cat, jump=True, weight=best)...
    Evaluating on 49 benchmarks...
    VBS:   46/49 solved, PAR-2=505.4
    Sibyl: 43/49 solved, PAR-2=877.3
    SBS:   44/49 solved, PAR-2=702.8
    VBS matches: 13/49
    Wall: 215.1s

  --- Fold 4/5: train=196, val=49 ---
    Training (epochs=5, t=1, dropout=0.1, pool=max, edges=['AST', 'Back-AST', 'Data'], mode=cat, jump=True, weight=best)...
    Evaluating on 49 benchmarks...
    VBS:   46/49 solved, PAR-2=536.3
    Sibyl: 44/49 solved, PAR-2=802.2
    SBS:   44/49 solved, PAR-2=751.7
    VBS matches: 20/49
    Wall: 222.0s

  --- Fold 5/5: train=196, val=49 ---
    Training (epochs=5, t=1, dropout=0.1, pool=max, edges=['AST', 'Back-AST', 'Data'], mode=cat, jump=True, weight=best)...
    Evaluating on 49 benchmarks...
    VBS:   45/49 solved, PAR-2=511.3
    Sibyl: 44/49 solved, PAR-2=641.9
    SBS:   44/49 solved, PAR-2=657.1
    VBS matches: 11/49
    Wall: 221.5s

  Wrote: /dcs/23/u5573765/cs351/smt-ablation-sibyl/ablation/results/ABL_TIME_STEPS/1/QF_BV/perfold.csv
  Wrote: /dcs/23/u5573765/cs351/smt-ablation-sibyl/ablation/results/ABL_TIME_STEPS/1/QF_BV/summary.csv

======================================================================
SUMMARY: ABL_TIME_STEPS | time_steps=1 | QF_BV
  Sibyl: 222/245 solved (90.6%), PAR-2=3334.1
  vs SBS: -3.6%
  Closeness to VBS: -14.9%
  Wall time: 1090s
======================================================================
[Wed  4 Mar 21:48:05 GMT 2026] Done.
