[Wed  4 Mar 22:06:27 GMT 2026] Sibyl ablation: ABL_DROPOUT | dropout=0.2 | QF_LIA
SLURM_JOB_ID=1260667
Node: gecko-03
GPU: NVIDIA A10
SMT environment loaded from /dcs/large/u5573765
======================================================================
Sibyl Ablation Runner
  Experiment: ABL_DROPOUT
  Knob:       dropout = 0.2
  Logic:      QF_LIA
  Output:     /dcs/23/u5573765/cs351/smt-ablation-sibyl/ablation/results/ABL_DROPOUT/0.2/QF_LIA
======================================================================

  Logic: QF_LIA
  Benchmarks: 250
  Configs: ['z3_lia_default', 'z3_lia_arith', 'cvc5_lia_default', 'cvc5_lia_arith']
  K-folds: 5

  --- Fold 1/5: train=200, val=50 ---
    Training (epochs=5, t=1, dropout=0.2, pool=max, edges=['AST', 'Back-AST', 'Data'], mode=cat, jump=True, weight=best)...
    Evaluating on 50 benchmarks...
    VBS:   47/50 solved, PAR-2=393.7
    Sibyl: 43/50 solved, PAR-2=982.3
    SBS:   47/50 solved, PAR-2=409.5
    VBS matches: 15/50
    Wall: 192.1s

  --- Fold 2/5: train=200, val=50 ---
    Training (epochs=5, t=1, dropout=0.2, pool=max, edges=['AST', 'Back-AST', 'Data'], mode=cat, jump=True, weight=best)...
    Evaluating on 50 benchmarks...
    VBS:   47/50 solved, PAR-2=514.6
    Sibyl: 40/50 solved, PAR-2=1268.4
    SBS:   47/50 solved, PAR-2=537.6
    VBS matches: 9/50
    Wall: 186.5s

  --- Fold 3/5: train=200, val=50 ---
    Training (epochs=5, t=1, dropout=0.2, pool=max, edges=['AST', 'Back-AST', 'Data'], mode=cat, jump=True, weight=best)...
    Evaluating on 50 benchmarks...
    VBS:   49/50 solved, PAR-2=142.0
    Sibyl: 47/50 solved, PAR-2=413.5
    SBS:   49/50 solved, PAR-2=192.6
    VBS matches: 14/50
    Wall: 185.3s

  --- Fold 4/5: train=200, val=50 ---
    Training (epochs=5, t=1, dropout=0.2, pool=max, edges=['AST', 'Back-AST', 'Data'], mode=cat, jump=True, weight=best)...
    Evaluating on 50 benchmarks...
    VBS:   49/50 solved, PAR-2=182.7
    Sibyl: 49/50 solved, PAR-2=273.1
    SBS:   49/50 solved, PAR-2=235.3
    VBS matches: 18/50
    Wall: 186.2s

  --- Fold 5/5: train=200, val=50 ---
    Training (epochs=5, t=1, dropout=0.2, pool=max, edges=['AST', 'Back-AST', 'Data'], mode=cat, jump=True, weight=best)...
    Evaluating on 50 benchmarks...
    VBS:   48/50 solved, PAR-2=335.7
    Sibyl: 46/50 solved, PAR-2=704.0
    SBS:   47/50 solved, PAR-2=469.8
    VBS matches: 13/50
    Wall: 181.5s

  Wrote: /dcs/23/u5573765/cs351/smt-ablation-sibyl/ablation/results/ABL_DROPOUT/0.2/QF_LIA/perfold.csv
  Wrote: /dcs/23/u5573765/cs351/smt-ablation-sibyl/ablation/results/ABL_DROPOUT/0.2/QF_LIA/summary.csv

======================================================================
SUMMARY: ABL_DROPOUT | dropout=0.2 | QF_LIA
  Sibyl: 225/250 solved (90.0%), PAR-2=3641.4
  vs SBS: -97.4%
  Closeness to VBS: -651.1%
  Wall time: 932s
======================================================================
[Wed  4 Mar 22:21:59 GMT 2026] Done.
