[Wed  4 Mar 22:40:42 GMT 2026] Sibyl ablation: ABL_EDGE_SETS | edge_sets=['AST', 'Back-AST', 'Data'] | QF_LIA
SLURM_JOB_ID=1260682
Node: gecko-03
GPU: NVIDIA A10
SMT environment loaded from /dcs/large/u5573765
======================================================================
Sibyl Ablation Runner
  Experiment: ABL_EDGE_SETS
  Knob:       edge_sets = ['AST', 'Back-AST', 'Data']
  Logic:      QF_LIA
  Output:     /dcs/23/u5573765/cs351/smt-ablation-sibyl/ablation/results/ABL_EDGE_SETS/ast_back-ast_data/QF_LIA
======================================================================

  Logic: QF_LIA
  Benchmarks: 250
  Configs: ['z3_lia_default', 'z3_lia_arith', 'cvc5_lia_default', 'cvc5_lia_arith']
  K-folds: 5

  --- Fold 1/5: train=200, val=50 ---
    Training (epochs=5, t=1, dropout=0.1, pool=max, edges=['AST', 'Back-AST', 'Data'], mode=cat, jump=True, weight=best)...
    Evaluating on 50 benchmarks...
    VBS:   47/50 solved, PAR-2=393.7
    Sibyl: 41/50 solved, PAR-2=1172.3
    SBS:   47/50 solved, PAR-2=409.5
    VBS matches: 16/50
    Wall: 190.3s

  --- Fold 2/5: train=200, val=50 ---
    Training (epochs=5, t=1, dropout=0.1, pool=max, edges=['AST', 'Back-AST', 'Data'], mode=cat, jump=True, weight=best)...
    Evaluating on 50 benchmarks...
    VBS:   47/50 solved, PAR-2=514.6
    Sibyl: 41/50 solved, PAR-2=1179.6
    SBS:   47/50 solved, PAR-2=537.6
    VBS matches: 17/50
    Wall: 192.6s

  --- Fold 3/5: train=200, val=50 ---
    Training (epochs=5, t=1, dropout=0.1, pool=max, edges=['AST', 'Back-AST', 'Data'], mode=cat, jump=True, weight=best)...
    Evaluating on 50 benchmarks...
    VBS:   49/50 solved, PAR-2=142.0
    Sibyl: 47/50 solved, PAR-2=413.8
    SBS:   49/50 solved, PAR-2=192.6
    VBS matches: 22/50
    Wall: 191.6s

  --- Fold 4/5: train=200, val=50 ---
    Training (epochs=5, t=1, dropout=0.1, pool=max, edges=['AST', 'Back-AST', 'Data'], mode=cat, jump=True, weight=best)...
    Evaluating on 50 benchmarks...
    VBS:   49/50 solved, PAR-2=182.7
    Sibyl: 47/50 solved, PAR-2=466.4
    SBS:   49/50 solved, PAR-2=235.3
    VBS matches: 13/50
    Wall: 185.9s

  --- Fold 5/5: train=200, val=50 ---
    Training (epochs=5, t=1, dropout=0.1, pool=max, edges=['AST', 'Back-AST', 'Data'], mode=cat, jump=True, weight=best)...
    Evaluating on 50 benchmarks...
    VBS:   48/50 solved, PAR-2=335.7
    Sibyl: 45/50 solved, PAR-2=773.0
    SBS:   47/50 solved, PAR-2=469.8
    VBS matches: 23/50
    Wall: 181.3s

  Wrote: /dcs/23/u5573765/cs351/smt-ablation-sibyl/ablation/results/ABL_EDGE_SETS/ast_back-ast_data/QF_LIA/perfold.csv
  Wrote: /dcs/23/u5573765/cs351/smt-ablation-sibyl/ablation/results/ABL_EDGE_SETS/ast_back-ast_data/QF_LIA/summary.csv

======================================================================
SUMMARY: ABL_EDGE_SETS | edge_sets=['AST', 'Back-AST', 'Data'] | QF_LIA
  Sibyl: 221/250 solved (88.4%), PAR-2=4005.1
  vs SBS: -117.1%
  Closeness to VBS: -782.9%
  Wall time: 942s
======================================================================
[Wed  4 Mar 22:56:24 GMT 2026] Done.
