[Wed  4 Mar 18:16:36 GMT 2026] Sibyl ablation: ABL_DATA_WEIGHT | data_weight=best | QF_BV
SLURM_JOB_ID=1260536
Node: gecko-01
GPU: NVIDIA A10
SMT environment loaded from /dcs/large/u5573765
======================================================================
Sibyl Ablation Runner
  Experiment: ABL_DATA_WEIGHT
  Knob:       data_weight = best
  Logic:      QF_BV
  Output:     /dcs/23/u5573765/cs351/smt-ablation-sibyl/ablation/results/ABL_DATA_WEIGHT/best/QF_BV
======================================================================

  Logic: QF_BV
  Benchmarks: 245
  Configs: ['z3_bv_default', 'z3_bv_eager', 'cvc5_bv_default', 'cvc5_bv_eager']
  K-folds: 5

  --- Fold 1/5: train=196, val=49 ---
    Training (epochs=5, t=1, dropout=0.1, pool=max, edges=['AST', 'Back-AST', 'Data'], mode=cat, jump=True, weight=best)...
    Evaluating on 49 benchmarks...
    VBS:   46/49 solved, PAR-2=455.5
    Sibyl: 45/49 solved, PAR-2=620.2
    SBS:   45/49 solved, PAR-2=578.7
    VBS matches: 18/49
    Wall: 225.1s

  --- Fold 2/5: train=196, val=49 ---
    Training (epochs=5, t=1, dropout=0.1, pool=max, edges=['AST', 'Back-AST', 'Data'], mode=cat, jump=True, weight=best)...
    Evaluating on 49 benchmarks...
    VBS:   46/49 solved, PAR-2=423.0
    Sibyl: 45/49 solved, PAR-2=555.1
    SBS:   45/49 solved, PAR-2=526.5
    VBS matches: 20/49
    Wall: 219.6s

  --- Fold 3/5: train=196, val=49 ---
    Training (epochs=5, t=1, dropout=0.1, pool=max, edges=['AST', 'Back-AST', 'Data'], mode=cat, jump=True, weight=best)...
    Evaluating on 49 benchmarks...
    VBS:   46/49 solved, PAR-2=505.4
    Sibyl: 45/49 solved, PAR-2=644.3
    SBS:   44/49 solved, PAR-2=702.8
    VBS matches: 14/49
    Wall: 219.2s

  --- Fold 4/5: train=196, val=49 ---
    Training (epochs=5, t=1, dropout=0.1, pool=max, edges=['AST', 'Back-AST', 'Data'], mode=cat, jump=True, weight=best)...
    Evaluating on 49 benchmarks...
    VBS:   46/49 solved, PAR-2=536.3
    Sibyl: 45/49 solved, PAR-2=728.5
    SBS:   44/49 solved, PAR-2=751.7
    VBS matches: 11/49
    Wall: 224.5s

  --- Fold 5/5: train=196, val=49 ---
    Training (epochs=5, t=1, dropout=0.1, pool=max, edges=['AST', 'Back-AST', 'Data'], mode=cat, jump=True, weight=best)...
    Evaluating on 49 benchmarks...
    VBS:   45/49 solved, PAR-2=511.3
    Sibyl: 44/49 solved, PAR-2=637.1
    SBS:   44/49 solved, PAR-2=657.1
    VBS matches: 17/49
    Wall: 218.7s

  Wrote: /dcs/23/u5573765/cs351/smt-ablation-sibyl/ablation/results/ABL_DATA_WEIGHT/best/QF_BV/perfold.csv
  Wrote: /dcs/23/u5573765/cs351/smt-ablation-sibyl/ablation/results/ABL_DATA_WEIGHT/best/QF_BV/summary.csv

======================================================================
SUMMARY: ABL_DATA_WEIGHT | data_weight=best | QF_BV
  Sibyl: 224/245 solved (91.4%), PAR-2=3185.2
  vs SBS: +1.0%
  Closeness to VBS: 4.0%
  Wall time: 1107s
======================================================================
[Wed  4 Mar 18:35:03 GMT 2026] Done.
