[Wed  4 Mar 20:20:44 GMT 2026] Sibyl ablation: ABL_NO_JUMP | no_jump=False | QF_BV
SLURM_JOB_ID=1260607
Node: gecko-03
GPU: NVIDIA A10
SMT environment loaded from /dcs/large/u5573765
======================================================================
Sibyl Ablation Runner
  Experiment: ABL_NO_JUMP
  Knob:       no_jump = False
  Logic:      QF_BV
  Output:     /dcs/23/u5573765/cs351/smt-ablation-sibyl/ablation/results/ABL_NO_JUMP/false/QF_BV
======================================================================

  Logic: QF_BV
  Benchmarks: 245
  Configs: ['z3_bv_default', 'z3_bv_eager', 'cvc5_bv_default', 'cvc5_bv_eager']
  K-folds: 5

  --- Fold 1/5: train=196, val=49 ---
    Training (epochs=5, t=1, dropout=0.1, pool=max, edges=['AST', 'Back-AST', 'Data'], mode=cat, jump=False, weight=best)...
    Evaluating on 49 benchmarks...
    VBS:   46/49 solved, PAR-2=455.5
    Sibyl: 45/49 solved, PAR-2=590.1
    SBS:   45/49 solved, PAR-2=578.7
    VBS matches: 10/49
    Wall: 213.1s

  --- Fold 2/5: train=196, val=49 ---
    Training (epochs=5, t=1, dropout=0.1, pool=max, edges=['AST', 'Back-AST', 'Data'], mode=cat, jump=False, weight=best)...
    Evaluating on 49 benchmarks...
    VBS:   46/49 solved, PAR-2=423.0
    Sibyl: 40/49 solved, PAR-2=1136.6
    SBS:   45/49 solved, PAR-2=526.5
    VBS matches: 16/49
    Wall: 224.3s

  --- Fold 3/5: train=196, val=49 ---
    Training (epochs=5, t=1, dropout=0.1, pool=max, edges=['AST', 'Back-AST', 'Data'], mode=cat, jump=False, weight=best)...
    Evaluating on 49 benchmarks...
    VBS:   46/49 solved, PAR-2=505.4
    Sibyl: 45/49 solved, PAR-2=644.6
    SBS:   44/49 solved, PAR-2=702.8
    VBS matches: 12/49
    Wall: 222.0s

  --- Fold 4/5: train=196, val=49 ---
    Training (epochs=5, t=1, dropout=0.1, pool=max, edges=['AST', 'Back-AST', 'Data'], mode=cat, jump=False, weight=best)...
    Evaluating on 49 benchmarks...
    VBS:   46/49 solved, PAR-2=536.3
    Sibyl: 45/49 solved, PAR-2=691.9
    SBS:   44/49 solved, PAR-2=751.7
    VBS matches: 27/49
    Wall: 219.3s

  --- Fold 5/5: train=196, val=49 ---
    Training (epochs=5, t=1, dropout=0.1, pool=max, edges=['AST', 'Back-AST', 'Data'], mode=cat, jump=False, weight=best)...
    Evaluating on 49 benchmarks...
    VBS:   45/49 solved, PAR-2=511.3
    Sibyl: 44/49 solved, PAR-2=647.1
    SBS:   44/49 solved, PAR-2=657.1
    VBS matches: 22/49
    Wall: 210.4s

  Wrote: /dcs/23/u5573765/cs351/smt-ablation-sibyl/ablation/results/ABL_NO_JUMP/false/QF_BV/perfold.csv
  Wrote: /dcs/23/u5573765/cs351/smt-ablation-sibyl/ablation/results/ABL_NO_JUMP/false/QF_BV/summary.csv

======================================================================
SUMMARY: ABL_NO_JUMP | no_jump=False | QF_BV
  Sibyl: 219/245 solved (89.4%), PAR-2=3710.4
  vs SBS: -15.3%
  Closeness to VBS: -62.8%
  Wall time: 1089s
======================================================================
[Wed  4 Mar 20:38:54 GMT 2026] Done.
