[Thu  5 Mar 01:52:12 GMT 2026] Sibyl ablation: ABL_POOL_TYPE | pool_type=mean | QF_BV
SLURM_JOB_ID=1260827
Node: gecko-03
GPU: NVIDIA A10
SMT environment loaded from /dcs/large/u5573765
======================================================================
Sibyl Ablation Runner
  Experiment: ABL_POOL_TYPE
  Knob:       pool_type = mean
  Logic:      QF_BV
  Output:     /dcs/23/u5573765/cs351/smt-ablation-sibyl/ablation/results/ABL_POOL_TYPE/mean/QF_BV
======================================================================

  Logic: QF_BV
  Benchmarks: 245
  Configs: ['z3_bv_default', 'z3_bv_eager', 'cvc5_bv_default', 'cvc5_bv_eager']
  K-folds: 5

  --- Fold 1/5: train=196, val=49 ---
    Training (epochs=5, t=1, dropout=0.1, pool=mean, edges=['AST', 'Back-AST', 'Data'], mode=cat, jump=True, weight=best)...
    Evaluating on 49 benchmarks...
    VBS:   46/49 solved, PAR-2=455.5
    Sibyl: 45/49 solved, PAR-2=633.5
    SBS:   45/49 solved, PAR-2=578.7
    VBS matches: 10/49
    Wall: 215.7s

  --- Fold 2/5: train=196, val=49 ---
    Training (epochs=5, t=1, dropout=0.1, pool=mean, edges=['AST', 'Back-AST', 'Data'], mode=cat, jump=True, weight=best)...
    Evaluating on 49 benchmarks...
    VBS:   46/49 solved, PAR-2=423.0
    Sibyl: 46/49 solved, PAR-2=434.1
    SBS:   45/49 solved, PAR-2=526.5
    VBS matches: 16/49
    Wall: 218.0s

  --- Fold 3/5: train=196, val=49 ---
    Training (epochs=5, t=1, dropout=0.1, pool=mean, edges=['AST', 'Back-AST', 'Data'], mode=cat, jump=True, weight=best)...
    Evaluating on 49 benchmarks...
    VBS:   46/49 solved, PAR-2=505.4
    Sibyl: 44/49 solved, PAR-2=710.8
    SBS:   44/49 solved, PAR-2=702.8
    VBS matches: 15/49
    Wall: 218.5s

  --- Fold 4/5: train=196, val=49 ---
    Training (epochs=5, t=1, dropout=0.1, pool=mean, edges=['AST', 'Back-AST', 'Data'], mode=cat, jump=True, weight=best)...
    Evaluating on 49 benchmarks...
    VBS:   46/49 solved, PAR-2=536.3
    Sibyl: 43/49 solved, PAR-2=891.6
    SBS:   44/49 solved, PAR-2=751.7
    VBS matches: 16/49
    Wall: 254.8s

  --- Fold 5/5: train=196, val=49 ---
    Training (epochs=5, t=1, dropout=0.1, pool=mean, edges=['AST', 'Back-AST', 'Data'], mode=cat, jump=True, weight=best)...
    Evaluating on 49 benchmarks...
    VBS:   45/49 solved, PAR-2=511.3
    Sibyl: 44/49 solved, PAR-2=657.2
    SBS:   44/49 solved, PAR-2=657.1
    VBS matches: 9/49
    Wall: 272.5s

  Wrote: /dcs/23/u5573765/cs351/smt-ablation-sibyl/ablation/results/ABL_POOL_TYPE/mean/QF_BV/perfold.csv
  Wrote: /dcs/23/u5573765/cs351/smt-ablation-sibyl/ablation/results/ABL_POOL_TYPE/mean/QF_BV/summary.csv

======================================================================
SUMMARY: ABL_POOL_TYPE | pool_type=mean | QF_BV
  Sibyl: 222/245 solved (90.6%), PAR-2=3327.2
  vs SBS: -3.4%
  Closeness to VBS: -14.1%
  Wall time: 1180s
======================================================================
[Thu  5 Mar 02:11:52 GMT 2026] Done.
