[Wed  4 Mar 20:05:29 GMT 2026] Sibyl ablation: ABL_MODE | mode=max | QF_LIA
SLURM_JOB_ID=1260606
Node: gecko-03
GPU: NVIDIA A10
SMT environment loaded from /dcs/large/u5573765
======================================================================
Sibyl Ablation Runner
  Experiment: ABL_MODE
  Knob:       mode = max
  Logic:      QF_LIA
  Output:     /dcs/23/u5573765/cs351/smt-ablation-sibyl/ablation/results/ABL_MODE/max/QF_LIA
======================================================================

  Logic: QF_LIA
  Benchmarks: 250
  Configs: ['z3_lia_default', 'z3_lia_arith', 'cvc5_lia_default', 'cvc5_lia_arith']
  K-folds: 5

  --- Fold 1/5: train=200, val=50 ---
    Training (epochs=5, t=1, dropout=0.1, pool=max, edges=['AST', 'Back-AST', 'Data'], mode=max, jump=True, weight=best)...
    Evaluating on 50 benchmarks...
    VBS:   47/50 solved, PAR-2=393.7
    Sibyl: 44/50 solved, PAR-2=853.8
    SBS:   47/50 solved, PAR-2=409.5
    VBS matches: 17/50
    Wall: 183.8s

  --- Fold 2/5: train=200, val=50 ---
    Training (epochs=5, t=1, dropout=0.1, pool=max, edges=['AST', 'Back-AST', 'Data'], mode=max, jump=True, weight=best)...
    Evaluating on 50 benchmarks...
    VBS:   47/50 solved, PAR-2=514.6
    Sibyl: 43/50 solved, PAR-2=1001.0
    SBS:   47/50 solved, PAR-2=537.6
    VBS matches: 18/50
    Wall: 182.7s

  --- Fold 3/5: train=200, val=50 ---
    Training (epochs=5, t=1, dropout=0.1, pool=max, edges=['AST', 'Back-AST', 'Data'], mode=max, jump=True, weight=best)...
    Evaluating on 50 benchmarks...
    VBS:   49/50 solved, PAR-2=142.0
    Sibyl: 47/50 solved, PAR-2=417.3
    SBS:   49/50 solved, PAR-2=192.6
    VBS matches: 18/50
    Wall: 182.0s

  --- Fold 4/5: train=200, val=50 ---
    Training (epochs=5, t=1, dropout=0.1, pool=max, edges=['AST', 'Back-AST', 'Data'], mode=max, jump=True, weight=best)...
    Evaluating on 50 benchmarks...
    VBS:   49/50 solved, PAR-2=182.7
    Sibyl: 49/50 solved, PAR-2=238.3
    SBS:   49/50 solved, PAR-2=235.3
    VBS matches: 19/50
    Wall: 186.5s

  --- Fold 5/5: train=200, val=50 ---
    Training (epochs=5, t=1, dropout=0.1, pool=max, edges=['AST', 'Back-AST', 'Data'], mode=max, jump=True, weight=best)...
    Evaluating on 50 benchmarks...
    VBS:   48/50 solved, PAR-2=335.7
    Sibyl: 45/50 solved, PAR-2=824.5
    SBS:   47/50 solved, PAR-2=469.8
    VBS matches: 18/50
    Wall: 179.7s

  Wrote: /dcs/23/u5573765/cs351/smt-ablation-sibyl/ablation/results/ABL_MODE/max/QF_LIA/perfold.csv
  Wrote: /dcs/23/u5573765/cs351/smt-ablation-sibyl/ablation/results/ABL_MODE/max/QF_LIA/summary.csv

======================================================================
SUMMARY: ABL_MODE | mode=max | QF_LIA
  Sibyl: 228/250 solved (91.2%), PAR-2=3335.0
  vs SBS: -80.8%
  Closeness to VBS: -540.0%
  Wall time: 915s
======================================================================
[Wed  4 Mar 20:20:44 GMT 2026] Done.
