[Wed  4 Mar 22:53:34 GMT 2026] Sibyl ablation: ABL_EDGE_SETS | edge_sets=['AST', 'Back-AST'] | QF_LIA
SLURM_JOB_ID=1260684
Node: gecko-03
GPU: NVIDIA A10
SMT environment loaded from /dcs/large/u5573765
======================================================================
Sibyl Ablation Runner
  Experiment: ABL_EDGE_SETS
  Knob:       edge_sets = ['AST', 'Back-AST']
  Logic:      QF_LIA
  Output:     /dcs/23/u5573765/cs351/smt-ablation-sibyl/ablation/results/ABL_EDGE_SETS/ast_back-ast/QF_LIA
======================================================================

  Logic: QF_LIA
  Benchmarks: 250
  Configs: ['z3_lia_default', 'z3_lia_arith', 'cvc5_lia_default', 'cvc5_lia_arith']
  K-folds: 5

  --- Fold 1/5: train=200, val=50 ---
    Training (epochs=5, t=1, dropout=0.1, pool=max, edges=['AST', 'Back-AST'], mode=cat, jump=True, weight=best)...
    Evaluating on 50 benchmarks...
    VBS:   47/50 solved, PAR-2=393.7
    Sibyl: 43/50 solved, PAR-2=960.0
    SBS:   47/50 solved, PAR-2=409.5
    VBS matches: 17/50
    Wall: 197.7s

  --- Fold 2/5: train=200, val=50 ---
    Training (epochs=5, t=1, dropout=0.1, pool=max, edges=['AST', 'Back-AST'], mode=cat, jump=True, weight=best)...
    Evaluating on 50 benchmarks...
    VBS:   47/50 solved, PAR-2=514.6
    Sibyl: 40/50 solved, PAR-2=1239.3
    SBS:   47/50 solved, PAR-2=537.6
    VBS matches: 18/50
    Wall: 194.5s

  --- Fold 3/5: train=200, val=50 ---
    Training (epochs=5, t=1, dropout=0.1, pool=max, edges=['AST', 'Back-AST'], mode=cat, jump=True, weight=best)...
    Evaluating on 50 benchmarks...
    VBS:   49/50 solved, PAR-2=142.0
    Sibyl: 46/50 solved, PAR-2=533.5
    SBS:   49/50 solved, PAR-2=192.6
    VBS matches: 11/50
    Wall: 195.7s

  --- Fold 4/5: train=200, val=50 ---
    Training (epochs=5, t=1, dropout=0.1, pool=max, edges=['AST', 'Back-AST'], mode=cat, jump=True, weight=best)...
    Evaluating on 50 benchmarks...
    VBS:   49/50 solved, PAR-2=182.7
    Sibyl: 49/50 solved, PAR-2=229.0
    SBS:   49/50 solved, PAR-2=235.3
    VBS matches: 18/50
    Wall: 241.7s

  --- Fold 5/5: train=200, val=50 ---
    Training (epochs=5, t=1, dropout=0.1, pool=max, edges=['AST', 'Back-AST'], mode=cat, jump=True, weight=best)...
    Evaluating on 50 benchmarks...
    VBS:   48/50 solved, PAR-2=335.7
    Sibyl: 48/50 solved, PAR-2=377.2
    SBS:   47/50 solved, PAR-2=469.8
    VBS matches: 25/50
    Wall: 187.3s

  Wrote: /dcs/23/u5573765/cs351/smt-ablation-sibyl/ablation/results/ABL_EDGE_SETS/ast_back-ast/QF_LIA/perfold.csv
  Wrote: /dcs/23/u5573765/cs351/smt-ablation-sibyl/ablation/results/ABL_EDGE_SETS/ast_back-ast/QF_LIA/summary.csv

======================================================================
SUMMARY: ABL_EDGE_SETS | edge_sets=['AST', 'Back-AST'] | QF_LIA
  Sibyl: 226/250 solved (90.4%), PAR-2=3339.0
  vs SBS: -81.0%
  Closeness to VBS: -541.5%
  Wall time: 1017s
======================================================================
[Wed  4 Mar 23:10:31 GMT 2026] Done.
