[Thu  5 Mar 02:29:12 GMT 2026] Sibyl ablation: ABL_TIME_STEPS | time_steps=2 | QF_BV
SLURM_JOB_ID=1260855
Node: gecko-03
GPU: NVIDIA A10
SMT environment loaded from /dcs/large/u5573765
======================================================================
Sibyl Ablation Runner
  Experiment: ABL_TIME_STEPS
  Knob:       time_steps = 2
  Logic:      QF_BV
  Output:     /dcs/23/u5573765/cs351/smt-ablation-sibyl/ablation/results/ABL_TIME_STEPS/2/QF_BV
======================================================================

  Logic: QF_BV
  Benchmarks: 245
  Configs: ['z3_bv_default', 'z3_bv_eager', 'cvc5_bv_default', 'cvc5_bv_eager']
  K-folds: 5

  --- Fold 1/5: train=196, val=49 ---
    Training (epochs=5, t=2, dropout=0.1, pool=max, edges=['AST', 'Back-AST', 'Data'], mode=cat, jump=True, weight=best)...
    Evaluating on 49 benchmarks...
    VBS:   46/49 solved, PAR-2=455.5
    Sibyl: 45/49 solved, PAR-2=588.4
    SBS:   45/49 solved, PAR-2=578.7
    VBS matches: 23/49
    Wall: 234.2s

  --- Fold 2/5: train=196, val=49 ---
    Training (epochs=5, t=2, dropout=0.1, pool=max, edges=['AST', 'Back-AST', 'Data'], mode=cat, jump=True, weight=best)...
    Evaluating on 49 benchmarks...
    VBS:   46/49 solved, PAR-2=423.0
    Sibyl: 43/49 solved, PAR-2=790.6
    SBS:   45/49 solved, PAR-2=526.5
    VBS matches: 16/49
    Wall: 241.4s

  --- Fold 3/5: train=196, val=49 ---
    Training (epochs=5, t=2, dropout=0.1, pool=max, edges=['AST', 'Back-AST', 'Data'], mode=cat, jump=True, weight=best)...
    Evaluating on 49 benchmarks...
    VBS:   46/49 solved, PAR-2=505.4
    Sibyl: 45/49 solved, PAR-2=611.7
    SBS:   44/49 solved, PAR-2=702.8
    VBS matches: 26/49
    Wall: 242.6s

  --- Fold 4/5: train=196, val=49 ---
    Training (epochs=5, t=2, dropout=0.1, pool=max, edges=['AST', 'Back-AST', 'Data'], mode=cat, jump=True, weight=best)...
    Evaluating on 49 benchmarks...
    VBS:   46/49 solved, PAR-2=536.3
    Sibyl: 44/49 solved, PAR-2=742.8
    SBS:   44/49 solved, PAR-2=751.7
    VBS matches: 12/49
    Wall: 243.8s

  --- Fold 5/5: train=196, val=49 ---
    Training (epochs=5, t=2, dropout=0.1, pool=max, edges=['AST', 'Back-AST', 'Data'], mode=cat, jump=True, weight=best)...
    Evaluating on 49 benchmarks...
    VBS:   45/49 solved, PAR-2=511.3
    Sibyl: 43/49 solved, PAR-2=758.5
    SBS:   44/49 solved, PAR-2=657.1
    VBS matches: 20/49
    Wall: 242.2s

  Wrote: /dcs/23/u5573765/cs351/smt-ablation-sibyl/ablation/results/ABL_TIME_STEPS/2/QF_BV/perfold.csv
  Wrote: /dcs/23/u5573765/cs351/smt-ablation-sibyl/ablation/results/ABL_TIME_STEPS/2/QF_BV/summary.csv

======================================================================
SUMMARY: ABL_TIME_STEPS | time_steps=2 | QF_BV
  Sibyl: 220/245 solved (89.8%), PAR-2=3492.0
  vs SBS: -8.6%
  Closeness to VBS: -35.0%
  Wall time: 1204s
======================================================================
[Thu  5 Mar 02:49:17 GMT 2026] Done.
