SMT environment loaded from /dcs/large/u5573765
=== Task 6: /dcs/23/u5573765/cs351/smt-ablation-machsmt/ablations/templates/ml_core_sweep.yaml ===
Experiment: ABL-ML01
  Knob: ml_core
  Values: ['scikit', 'xgboost', 'torch']
  Reference ml_core=scikit
  Suite: suite_9k, Portfolio: 7
  Logics: ['QF_BV', 'QF_LIA', 'QF_NRA']
  K-fold: 5
======================================================================
Experiment: ABL-ML01
  Knob: ml_core
  Values: ['scikit', 'xgboost', 'torch']
  Logics: ['QF_BV', 'QF_LIA', 'QF_NRA']
======================================================================
Loaded 9000 benchmarks from suite_9k
Filtered to 9000 benchmarks for logics: ['QF_BV', 'QF_LIA', 'QF_NRA']
Pre-parsing all benchmarks (one-time cost)...
  Parsed 500/9000 benchmarks
  Parsed 1000/9000 benchmarks
  Parsed 1500/9000 benchmarks
  Parsed 2000/9000 benchmarks
  Parsed 2500/9000 benchmarks
  Parsed 3000/9000 benchmarks
  Parsed 3500/9000 benchmarks
  Parsed 4000/9000 benchmarks
  Parsed 4500/9000 benchmarks
  Parsed 5000/9000 benchmarks
  Parsed 5500/9000 benchmarks
  Parsed 6000/9000 benchmarks
  Parsed 6500/9000 benchmarks
  Parsed 7000/9000 benchmarks
  Parsed 7500/9000 benchmarks
  Parsed 8000/9000 benchmarks
  Parsed 8500/9000 benchmarks
  Parsed 9000/9000 benchmarks
Cached features for 9000 benchmarks

============================================================
Variant 0: ml_core=scikit
  k-fold=5
============================================================
  Fold 0 QF_BV: avg_par2=27.361, solved=551/702 (78.5%)
  Fold 0 QF_LIA: avg_par2=27.703, solved=476/575 (82.8%)
  Fold 0 QF_NRA: avg_par2=0.655, solved=879/882 (99.7%)
  Fold 1 QF_BV: avg_par2=70.211, solved=247/550 (44.9%)
  Fold 1 QF_LIA: avg_par2=12.081, solved=496/541 (91.7%)
  Fold 1 QF_NRA: avg_par2=13.383, solved=456/512 (89.1%)
  Fold 2 QF_BV: avg_par2=2.018, solved=552/556 (99.3%)
  Fold 2 QF_LIA: avg_par2=3.425, solved=639/649 (98.5%)
  Fold 2 QF_NRA: avg_par2=28.819, solved=404/480 (84.2%)
  Fold 3 QF_BV: avg_par2=11.433, solved=546/589 (92.7%)
  Fold 3 QF_LIA: avg_par2=24.213, solved=525/647 (81.1%)
  Fold 3 QF_NRA: avg_par2=79.015, solved=230/544 (42.3%)
  Fold 4 QF_BV: avg_par2=54.182, solved=337/603 (55.9%)
  Fold 4 QF_LIA: avg_par2=59.249, solved=300/588 (51.0%)
  Fold 4 QF_NRA: avg_par2=4.099, solved=564/582 (96.9%)

============================================================
Variant 1: ml_core=xgboost
  k-fold=5
============================================================
  Fold 0 QF_BV: avg_par2=27.181, solved=550/702 (78.3%)
  Fold 0 QF_LIA: avg_par2=93.769, solved=145/575 (25.2%)
  Fold 0 QF_NRA: avg_par2=4.831, solved=848/882 (96.1%)
  Fold 1 QF_BV: avg_par2=69.701, solved=256/550 (46.5%)
  Fold 1 QF_LIA: avg_par2=10.619, solved=501/541 (92.6%)
  Fold 1 QF_NRA: avg_par2=13.835, solved=454/512 (88.7%)
  Fold 2 QF_BV: avg_par2=6.636, solved=534/556 (96.0%)
  Fold 2 QF_LIA: avg_par2=5.257, solved=628/649 (96.8%)
  Fold 2 QF_NRA: avg_par2=50.792, solved=298/480 (62.1%)
  Fold 3 QF_BV: avg_par2=31.375, solved=449/589 (76.2%)
  Fold 3 QF_LIA: avg_par2=30.767, solved=487/647 (75.3%)
  Fold 3 QF_NRA: avg_par2=56.452, solved=321/544 (59.0%)
  Fold 4 QF_BV: avg_par2=46.912, solved=378/603 (62.7%)
  Fold 4 QF_LIA: avg_par2=78.592, solved=210/588 (35.7%)
  Fold 4 QF_NRA: avg_par2=6.630, solved=552/582 (94.8%)

============================================================
Variant 2: ml_core=torch
  k-fold=5
============================================================
    WARNING: Training failed: 
  Fold 0 QF_BV: avg_par2=120.000, solved=0/702 (0.0%)
    WARNING: Training failed: 
  Fold 0 QF_LIA: avg_par2=120.000, solved=0/575 (0.0%)
    WARNING: Training failed: 
  Fold 0 QF_NRA: avg_par2=120.000, solved=0/882 (0.0%)
    WARNING: Training failed: 
  Fold 1 QF_BV: avg_par2=120.000, solved=0/550 (0.0%)
    WARNING: Training failed: 
  Fold 1 QF_LIA: avg_par2=120.000, solved=0/541 (0.0%)
    WARNING: Training failed: 
  Fold 1 QF_NRA: avg_par2=120.000, solved=0/512 (0.0%)
    WARNING: Training failed: 
  Fold 2 QF_BV: avg_par2=120.000, solved=0/556 (0.0%)
    WARNING: Training failed: 
  Fold 2 QF_LIA: avg_par2=120.000, solved=0/649 (0.0%)
    WARNING: Training failed: 
  Fold 2 QF_NRA: avg_par2=120.000, solved=0/480 (0.0%)
    WARNING: Training failed: 
  Fold 3 QF_BV: avg_par2=120.000, solved=0/589 (0.0%)
    WARNING: Training failed: 
  Fold 3 QF_LIA: avg_par2=120.000, solved=0/647 (0.0%)
    WARNING: Training failed: 
  Fold 3 QF_NRA: avg_par2=120.000, solved=0/544 (0.0%)
    WARNING: Training failed: 
  Fold 4 QF_BV: avg_par2=120.000, solved=0/603 (0.0%)
    WARNING: Training failed: 
  Fold 4 QF_LIA: avg_par2=120.000, solved=0/588 (0.0%)
    WARNING: Training failed: 
  Fold 4 QF_NRA: avg_par2=120.000, solved=0/582 (0.0%)

Experiment ABL-ML01 completed.
  Runs CSV:    /dcs/23/u5573765/cs351/smt-ablation-machsmt/ablations/results/ABL-ML01_runs.csv
  Summary CSV: /dcs/23/u5573765/cs351/smt-ablation-machsmt/ablations/results/ABL-ML01_summary.csv

# Ablation Report: ABL-ML01

**Hypothesis**: XGBoost or Torch may outperform scikit AdaBoost backend
**Knob**: ml_core
**Values**: ['scikit', 'xgboost', 'torch']

## QF_BV

| Variant | Value | Mean PAR-2 | Std PAR-2 | Solve Rate | Folds | Delta vs Ref |
|---------|-------|------------|-----------|------------|-------|--------------|
| 0 | scikit | 33.0407 | 28.6799 | 74.2% | 5 | 0.0000 |
| 1 | xgboost | 36.3611 | 23.5353 | 72.0% | 5 | +3.3204 |
| 2 | torch | 120.0 | 0.0 | 0.0% | 5 | +86.9593 |

## QF_LIA

| Variant | Value | Mean PAR-2 | Std PAR-2 | Solve Rate | Folds | Delta vs Ref |
|---------|-------|------------|-----------|------------|-------|--------------|
| 0 | scikit | 25.3343 | 21.2881 | 81.0% | 5 | 0.0000 |
| 1 | xgboost | 43.8008 | 40.1986 | 65.1% | 5 | +18.4665 |
| 2 | torch | 120.0 | 0.0 | 0.0% | 5 | +94.6657 |

## QF_NRA

| Variant | Value | Mean PAR-2 | Std PAR-2 | Solve Rate | Folds | Delta vs Ref |
|---------|-------|------------|-----------|------------|-------|--------------|
| 0 | scikit | 25.1943 | 32.0023 | 82.4% | 5 | 0.0000 |
| 1 | xgboost | 26.5081 | 25.0598 | 80.2% | 5 | +1.3138 |
| 2 | torch | 120.0 | 0.0 | 0.0% | 5 | +94.8057 |

## Per-Fold Details

| Variant | Value | Fold | Logic | Instances | Avg PAR-2 | Solved | Solve Rate |
|---------|-------|------|-------|-----------|-----------|--------|------------|
| 0 | scikit | 0 | QF_BV | 702 | 27.3605 | 551 | 78.5% |
| 0 | scikit | 0 | QF_LIA | 575 | 27.7029 | 476 | 82.8% |
| 0 | scikit | 0 | QF_NRA | 882 | 0.6547 | 879 | 99.7% |
| 0 | scikit | 1 | QF_BV | 550 | 70.2107 | 247 | 44.9% |
| 0 | scikit | 1 | QF_LIA | 541 | 12.0809 | 496 | 91.7% |
| 0 | scikit | 1 | QF_NRA | 512 | 13.3831 | 456 | 89.1% |
| 0 | scikit | 2 | QF_BV | 556 | 2.0178 | 552 | 99.3% |
| 0 | scikit | 2 | QF_LIA | 649 | 3.4255 | 639 | 98.5% |
| 0 | scikit | 2 | QF_NRA | 480 | 28.8193 | 404 | 84.2% |
| 0 | scikit | 3 | QF_BV | 589 | 11.4327 | 546 | 92.7% |
| 0 | scikit | 3 | QF_LIA | 647 | 24.2132 | 525 | 81.1% |
| 0 | scikit | 3 | QF_NRA | 544 | 79.0155 | 230 | 42.3% |
| 0 | scikit | 4 | QF_BV | 603 | 54.1819 | 337 | 55.9% |
| 0 | scikit | 4 | QF_LIA | 588 | 59.2491 | 300 | 51.0% |
| 0 | scikit | 4 | QF_NRA | 582 | 4.0988 | 564 | 96.9% |
| 1 | xgboost | 0 | QF_BV | 702 | 27.1813 | 550 | 78.3% |
| 1 | xgboost | 0 | QF_LIA | 575 | 93.7686 | 145 | 25.2% |
| 1 | xgboost | 0 | QF_NRA | 882 | 4.8314 | 848 | 96.2% |
| 1 | xgboost | 1 | QF_BV | 550 | 69.7015 | 256 | 46.6% |
| 1 | xgboost | 1 | QF_LIA | 541 | 10.6194 | 501 | 92.6% |
| 1 | xgboost | 1 | QF_NRA | 512 | 13.8345 | 454 | 88.7% |
| 1 | xgboost | 2 | QF_BV | 556 | 6.6357 | 534 | 96.0% |
| 1 | xgboost | 2 | QF_LIA | 649 | 5.2572 | 628 | 96.8% |
| 1 | xgboost | 2 | QF_NRA | 480 | 50.7917 | 298 | 62.1% |
| 1 | xgboost | 3 | QF_BV | 589 | 31.3749 | 449 | 76.2% |
| 1 | xgboost | 3 | QF_LIA | 647 | 30.7669 | 487 | 75.3% |
| 1 | xgboost | 3 | QF_NRA | 544 | 56.4524 | 321 | 59.0% |
| 1 | xgboost | 4 | QF_BV | 603 | 46.9123 | 378 | 62.7% |
| 1 | xgboost | 4 | QF_LIA | 588 | 78.5919 | 210 | 35.7% |
| 1 | xgboost | 4 | QF_NRA | 582 | 6.6305 | 552 | 94.8% |
| 2 | torch | 0 | QF_BV | 702 | 120.0 | 0 | 0.0% |
| 2 | torch | 0 | QF_LIA | 575 | 120.0 | 0 | 0.0% |
| 2 | torch | 0 | QF_NRA | 882 | 120.0 | 0 | 0.0% |
| 2 | torch | 1 | QF_BV | 550 | 120.0 | 0 | 0.0% |
| 2 | torch | 1 | QF_LIA | 541 | 120.0 | 0 | 0.0% |
| 2 | torch | 1 | QF_NRA | 512 | 120.0 | 0 | 0.0% |
| 2 | torch | 2 | QF_BV | 556 | 120.0 | 0 | 0.0% |
| 2 | torch | 2 | QF_LIA | 649 | 120.0 | 0 | 0.0% |
| 2 | torch | 2 | QF_NRA | 480 | 120.0 | 0 | 0.0% |
| 2 | torch | 3 | QF_BV | 589 | 120.0 | 0 | 0.0% |
| 2 | torch | 3 | QF_LIA | 647 | 120.0 | 0 | 0.0% |
| 2 | torch | 3 | QF_NRA | 544 | 120.0 | 0 | 0.0% |
| 2 | torch | 4 | QF_BV | 603 | 120.0 | 0 | 0.0% |
| 2 | torch | 4 | QF_LIA | 588 | 120.0 | 0 | 0.0% |
| 2 | torch | 4 | QF_NRA | 582 | 120.0 | 0 | 0.0% |

