SMT environment loaded from /dcs/large/u5573765
=== Task 2: /dcs/23/u5573765/cs351/smt-ablation-machsmt/ablations/templates/kfold_sweep.yaml ===
Experiment: ABL-KF01
  Knob: k
  Values: [2, 5, 10]
  Reference k=5
  Suite: suite_9k, Portfolio: 7
  Logics: ['QF_BV', 'QF_LIA', 'QF_NRA']
  K-fold: 5
======================================================================
Experiment: ABL-KF01
  Knob: k
  Values: [2, 5, 10]
  Logics: ['QF_BV', 'QF_LIA', 'QF_NRA']
======================================================================
Loaded 9000 benchmarks from suite_9k
Filtered to 9000 benchmarks for logics: ['QF_BV', 'QF_LIA', 'QF_NRA']

============================================================
Variant 0: k=2
  k-fold=2
============================================================
