SMT environment loaded from /dcs/large/u5573765
=== Task 8: /dcs/23/u5573765/cs351/smt-ablation-machsmt/ablations/templates/selector_swap.yaml ===
Experiment: ABL-SEL01
  Knob: pwc
  Values: [False, True]
  Reference pwc=False
  Suite: suite_9k, Portfolio: 7
  Logics: ['QF_BV', 'QF_LIA', 'QF_NRA']
  K-fold: 5
======================================================================
Experiment: ABL-SEL01
  Knob: pwc
  Values: [False, True]
  Logics: ['QF_BV', 'QF_LIA', 'QF_NRA']
======================================================================
Loaded 9000 benchmarks from suite_9k
Filtered to 9000 benchmarks for logics: ['QF_BV', 'QF_LIA', 'QF_NRA']
Pre-parsing all benchmarks (one-time cost)...
  Parsed 500/9000 benchmarks
  Parsed 1000/9000 benchmarks
  Parsed 1500/9000 benchmarks
  Parsed 2000/9000 benchmarks
  Parsed 2500/9000 benchmarks
  Parsed 3000/9000 benchmarks
  Parsed 3500/9000 benchmarks
  Parsed 4000/9000 benchmarks
  Parsed 4500/9000 benchmarks
  Parsed 5000/9000 benchmarks
  Parsed 5500/9000 benchmarks
  Parsed 6000/9000 benchmarks
  Parsed 6500/9000 benchmarks
  Parsed 7000/9000 benchmarks
  Parsed 7500/9000 benchmarks
  Parsed 8000/9000 benchmarks
  Parsed 8500/9000 benchmarks
  Parsed 9000/9000 benchmarks
Cached features for 9000 benchmarks

============================================================
Variant 0: pwc=False
  k-fold=5
============================================================
  Fold 0 QF_BV: avg_par2=27.361, solved=551/702 (78.5%)
  Fold 0 QF_LIA: avg_par2=27.703, solved=476/575 (82.8%)
  Fold 0 QF_NRA: avg_par2=0.655, solved=879/882 (99.7%)
  Fold 1 QF_BV: avg_par2=64.990, solved=271/550 (49.3%)
  Fold 1 QF_LIA: avg_par2=5.900, solved=525/541 (97.0%)
  Fold 1 QF_NRA: avg_par2=10.179, solved=481/512 (93.9%)
  Fold 2 QF_BV: avg_par2=1.195, solved=555/556 (99.8%)
  Fold 2 QF_LIA: avg_par2=8.446, solved=621/649 (95.7%)
  Fold 2 QF_NRA: avg_par2=33.711, solved=391/480 (81.5%)
  Fold 3 QF_BV: avg_par2=18.313, solved=512/589 (86.9%)
  Fold 3 QF_LIA: avg_par2=28.197, solved=502/647 (77.6%)
  Fold 3 QF_NRA: avg_par2=75.804, solved=248/544 (45.6%)
  Fold 4 QF_BV: avg_par2=32.163, solved=453/603 (75.1%)
  Fold 4 QF_LIA: avg_par2=56.149, solved=318/588 (54.1%)
  Fold 4 QF_NRA: avg_par2=6.592, solved=552/582 (94.8%)

============================================================
Variant 1: pwc=True
  k-fold=5
============================================================
  Fold 0 QF_BV: avg_par2=27.103, solved=552/702 (78.6%)
  Fold 0 QF_LIA: avg_par2=27.703, solved=476/575 (82.8%)
  Fold 0 QF_NRA: avg_par2=1.226, solved=875/882 (99.2%)
  Fold 1 QF_BV: avg_par2=72.441, solved=241/550 (43.8%)
  Fold 1 QF_LIA: avg_par2=5.439, solved=525/541 (97.0%)
  Fold 1 QF_NRA: avg_par2=14.036, solved=454/512 (88.7%)
  Fold 2 QF_BV: avg_par2=4.867, solved=542/556 (97.5%)
  Fold 2 QF_LIA: avg_par2=6.251, solved=635/649 (97.8%)
  Fold 2 QF_NRA: avg_par2=30.877, solved=383/480 (79.8%)
  Fold 3 QF_BV: avg_par2=18.839, solved=509/589 (86.4%)
  Fold 3 QF_LIA: avg_par2=27.230, solved=507/647 (78.4%)
  Fold 3 QF_NRA: avg_par2=79.144, solved=229/544 (42.1%)
  Fold 4 QF_BV: avg_par2=35.932, solved=432/603 (71.6%)
  Fold 4 QF_LIA: avg_par2=53.373, solved=332/588 (56.5%)
  Fold 4 QF_NRA: avg_par2=3.063, solved=570/582 (97.9%)

Experiment ABL-SEL01 completed.
  Runs CSV:    /dcs/23/u5573765/cs351/smt-ablation-machsmt/ablations/results/ABL-SEL01_runs.csv
  Summary CSV: /dcs/23/u5573765/cs351/smt-ablation-machsmt/ablations/results/ABL-SEL01_summary.csv

# Ablation Report: ABL-SEL01

**Hypothesis**: PWC selector may outperform EHM on logics with clearer pairwise solver dominance
**Knob**: pwc
**Values**: [False, True]

## QF_BV

| Variant | Value | Mean PAR-2 | Std PAR-2 | Solve Rate | Folds | Delta vs Ref |
|---------|-------|------------|-----------|------------|-------|--------------|
| 0 | False | 28.8041 | 23.426 | 77.9% | 5 | 0.0000 |
| 1 | True | 31.8366 | 25.4175 | 75.6% | 5 | +3.0325 |

## QF_LIA

| Variant | Value | Mean PAR-2 | Std PAR-2 | Solve Rate | Folds | Delta vs Ref |
|---------|-------|------------|-----------|------------|-------|--------------|
| 0 | False | 25.279 | 20.1631 | 81.4% | 5 | 0.0000 |
| 1 | True | 23.9994 | 19.6623 | 82.5% | 5 | -1.2796 |

## QF_NRA

| Variant | Value | Mean PAR-2 | Std PAR-2 | Solve Rate | Folds | Delta vs Ref |
|---------|-------|------------|-----------|------------|-------|--------------|
| 0 | False | 25.3881 | 30.852 | 83.1% | 5 | 0.0000 |
| 1 | True | 25.6693 | 32.1344 | 81.5% | 5 | +0.2812 |

## Per-Fold Details

| Variant | Value | Fold | Logic | Instances | Avg PAR-2 | Solved | Solve Rate |
|---------|-------|------|-------|-----------|-----------|--------|------------|
| 0 | False | 0 | QF_BV | 702 | 27.3605 | 551 | 78.5% |
| 0 | False | 0 | QF_LIA | 575 | 27.7029 | 476 | 82.8% |
| 0 | False | 0 | QF_NRA | 882 | 0.6547 | 879 | 99.7% |
| 0 | False | 1 | QF_BV | 550 | 64.9898 | 271 | 49.3% |
| 0 | False | 1 | QF_LIA | 541 | 5.9002 | 525 | 97.0% |
| 0 | False | 1 | QF_NRA | 512 | 10.1789 | 481 | 94.0% |
| 0 | False | 2 | QF_BV | 556 | 1.1945 | 555 | 99.8% |
| 0 | False | 2 | QF_LIA | 649 | 8.4463 | 621 | 95.7% |
| 0 | False | 2 | QF_NRA | 480 | 33.7108 | 391 | 81.5% |
| 0 | False | 3 | QF_BV | 589 | 18.313 | 512 | 86.9% |
| 0 | False | 3 | QF_LIA | 647 | 28.1968 | 502 | 77.6% |
| 0 | False | 3 | QF_NRA | 544 | 75.804 | 248 | 45.6% |
| 0 | False | 4 | QF_BV | 603 | 32.1626 | 453 | 75.1% |
| 0 | False | 4 | QF_LIA | 588 | 56.1488 | 318 | 54.1% |
| 0 | False | 4 | QF_NRA | 582 | 6.5921 | 552 | 94.8% |
| 1 | True | 0 | QF_BV | 702 | 27.1032 | 552 | 78.6% |
| 1 | True | 0 | QF_LIA | 575 | 27.703 | 476 | 82.8% |
| 1 | True | 0 | QF_NRA | 882 | 1.2262 | 875 | 99.2% |
| 1 | True | 1 | QF_BV | 550 | 72.4414 | 241 | 43.8% |
| 1 | True | 1 | QF_LIA | 541 | 5.4393 | 525 | 97.0% |
| 1 | True | 1 | QF_NRA | 512 | 14.0356 | 454 | 88.7% |
| 1 | True | 2 | QF_BV | 556 | 4.8675 | 542 | 97.5% |
| 1 | True | 2 | QF_LIA | 649 | 6.2514 | 635 | 97.8% |
| 1 | True | 2 | QF_NRA | 480 | 30.8773 | 383 | 79.8% |
| 1 | True | 3 | QF_BV | 589 | 18.8387 | 509 | 86.4% |
| 1 | True | 3 | QF_LIA | 647 | 27.2302 | 507 | 78.4% |
| 1 | True | 3 | QF_NRA | 544 | 79.1439 | 229 | 42.1% |
| 1 | True | 4 | QF_BV | 603 | 35.9322 | 432 | 71.6% |
| 1 | True | 4 | QF_LIA | 588 | 53.3729 | 332 | 56.5% |
| 1 | True | 4 | QF_NRA | 582 | 3.0634 | 570 | 97.9% |

