SMT environment loaded from /dcs/large/u5573765
=== Task 0: /dcs/23/u5573765/cs351/smt-ablation-machsmt/ablations/templates/feature_timeout_sweep.yaml ===
Experiment: ABL-FT01
  Knob: feature_timeout
  Values: [5, 10, 30]
  Reference feature_timeout=10
  Suite: suite_9k, Portfolio: 7
  Logics: ['QF_BV', 'QF_LIA', 'QF_NRA']
  K-fold: 5
======================================================================
Experiment: ABL-FT01
  Knob: feature_timeout
  Values: [5, 10, 30]
  Logics: ['QF_BV', 'QF_LIA', 'QF_NRA']
======================================================================
Loaded 9000 benchmarks from suite_9k
Filtered to 9000 benchmarks for logics: ['QF_BV', 'QF_LIA', 'QF_NRA']

============================================================
Variant 0: feature_timeout=5
  k-fold=5
============================================================
Parsing Input File |████████████████████████████████████████| 13788/13788 [100%] in 0.4s (33515.66/s) 
on 14: [machsmt] warning: Timeout after 5 seconds of compute_core_features on Benchmark(self.path=data/benchmarks/suite_9k/QF_BV/20221012-MCMPC/dualexecution.t1.i14.8bc2556c.smt2, len(self.solvers)=6, self.logic=QF_BV)
on 27: [machsmt] warning: Timeout after 5 seconds of compute_core_features on Benchmark(self.path=data/benchmarks/suite_9k/QF_BV/20221012-MCMPC/dualexecution.t1.i15.fb1699bf.smt2, len(self.solvers)=6, self.logic=QF_BV)
on 736: [machsmt] warning: Timeout after 5 seconds of compute_core_features on Benchmark(self.path=data/benchmarks/suite_9k/QF_BV/asp/disjunctiveScheduling.in1.smt2, len(self.solvers)=6, self.logic=QF_BV)
on 742: [machsmt] warning: Timeout after 5 seconds of compute_core_features on Benchmark(self.path=data/benchmarks/suite_9k/QF_BV/asp/disjunctiveScheduling.in7.smt2, len(self.solvers)=6, self.logic=QF_BV)
on 743: [machsmt] warning: Timeout after 5 seconds of compute_core_features on Benchmark(self.path=data/benchmarks/suite_9k/QF_BV/asp/disjunctiveScheduling.in9.smt2, len(self.solvers)=6, self.logic=QF_BV)
on 801: [machsmt] warning: Timeout after 5 seconds of compute_core_features on Benchmark(self.path=data/benchmarks/suite_9k/QF_BV/asp/knightTour.in09.smt2, len(self.solvers)=6, self.logic=QF_BV)
on 802: [machsmt] warning: Timeout after 5 seconds of compute_core_features on Benchmark(self.path=data/benchmarks/suite_9k/QF_BV/asp/laby_17_17_02.lp.smt2, len(self.solvers)=6, self.logic=QF_BV)
on 803: [machsmt] warning: Timeout after 5 seconds of compute_core_features on Benchmark(self.path=data/benchmarks/suite_9k/QF_BV/asp/laby_17_17_07.lp.smt2, len(self.solvers)=6, self.logic=QF_BV)
on 804: [machsmt] warning: Timeout after 5 seconds of compute_core_features on Benchmark(self.path=data/benchmarks/suite_9k/QF_BV/asp/laby_17_17_09.lp.smt2, len(self.solvers)=6, self.logic=QF_BV)
on 805: [machsmt] warning: Timeout after 5 seconds of compute_core_features on Benchmark(self.path=data/benchmarks/suite_9k/QF_BV/asp/laby_18_18_04.lp.smt2, len(self.solvers)=6, self.logic=QF_BV)
on 806: [machsmt] warning: Timeout after 5 seconds of compute_core_features on Benchmark(self.path=data/benchmarks/suite_9k/QF_BV/asp/laby_18_18_11.lp.smt2, len(self.solvers)=6, self.logic=QF_BV)
on 807: [machsmt] warning: Timeout after 5 seconds of compute_core_features on Benchmark(self.path=data/benchmarks/suite_9k/QF_BV/asp/laby_18_18_13.lp.smt2, len(self.solvers)=6, self.logic=QF_BV)
on 808: [machsmt] warning: Timeout after 5 seconds of compute_core_features on Benchmark(self.path=data/benchmarks/suite_9k/QF_BV/asp/laby_18_18_14.lp.smt2, len(self.solvers)=6, self.logic=QF_BV)
on 809: [machsmt] warning: Timeout after 5 seconds of compute_core_features on Benchmark(self.path=data/benchmarks/suite_9k/QF_BV/asp/laby_19_19_14.lp.smt2, len(self.solvers)=6, self.logic=QF_BV)
on 810: [machsmt] warning: Timeout after 5 seconds of compute_core_features on Benchmark(self.path=data/benchmarks/suite_9k/QF_BV/asp/laby_19_19_17.lp.smt2, len(self.solvers)=6, self.logic=QF_BV)
on 811: [machsmt] warning: Timeout after 5 seconds of compute_core_features on Benchmark(self.path=data/benchmarks/suite_9k/QF_BV/asp/laby_19_19_19.lp.smt2, len(self.solvers)=6, self.logic=QF_BV)
on 812: [machsmt] warning: Timeout after 5 seconds of compute_core_features on Benchmark(self.path=data/benchmarks/suite_9k/QF_BV/asp/laby_20_20_04.lp.smt2, len(self.solvers)=6, self.logic=QF_BV)
on 813: [machsmt] warning: Timeout after 5 seconds of compute_core_features on Benchmark(self.path=data/benchmarks/suite_9k/QF_BV/asp/laby_21_21_01.lp.smt2, len(self.solvers)=6, self.logic=QF_BV)
on 814: [machsmt] warning: Timeout after 5 seconds of compute_core_features on Benchmark(self.path=data/benchmarks/suite_9k/QF_BV/asp/laby_21_21_05.lp.smt2, len(self.solvers)=6, self.logic=QF_BV)
on 815: [machsmt] warning: Timeout after 5 seconds of compute_core_features on Benchmark(self.path=data/benchmarks/suite_9k/QF_BV/asp/laby_21_21_12.lp.smt2, len(self.solvers)=6, self.logic=QF_BV)
on 816: [machsmt] warning: Timeout after 5 seconds of compute_core_features on Benchmark(self.path=data/benchmarks/suite_9k/QF_BV/asp/laby_21_21_16.lp.smt2, len(self.solvers)=6, self.logic=QF_BV)
on 817: [machsmt] warning: Timeout after 5 seconds of compute_core_features on Benchmark(self.path=data/benchmarks/suite_9k/QF_BV/asp/laby_21_21_18.lp.smt2, len(self.solvers)=6, self.logic=QF_BV)
on 818: [machsmt] warning: Timeout after 5 seconds of compute_core_features on Benchmark(self.path=data/benchmarks/suite_9k/QF_BV/asp/laby_22_22_09.lp.smt2, len(self.solvers)=6, self.logic=QF_BV)
on 819: [machsmt] warning: Timeout after 5 seconds of compute_core_features on Benchmark(self.path=data/benchmarks/suite_9k/QF_BV/asp/laby_22_22_08.lp.smt2, len(self.solvers)=6, self.logic=QF_BV)
on 824: [machsmt] warning: Timeout after 5 seconds of compute_core_features on Benchmark(self.path=data/benchmarks/suite_9k/QF_BV/asp/laby_22_22_11.lp.smt2, len(self.solvers)=6, self.logic=QF_BV)
on 848: [machsmt] warning: Timeout after 5 seconds of compute_core_features on Benchmark(self.path=data/benchmarks/suite_9k/QF_BV/asp/laby_22_22_13.lp.smt2, len(self.solvers)=6, self.logic=QF_BV)
on 860: [machsmt] warning: Timeout after 5 seconds of compute_core_features on Benchmark(self.path=data/benchmarks/suite_9k/QF_BV/asp/laby_22_22_19.lp.smt2, len(self.solvers)=6, self.logic=QF_BV)
Processing Benchmark Files |████████████████████████████████████████| 2298/2298 [100%] in 10:47.3 (3.55/s) 
  Fold 0 QF_BV: avg_par2=27.352, solved=549/702 (78.2%)
Parsing Input File |████████████████████████████████████████| 14550/14550 [100%] in 0.4s (36909.37/s) 
Processing Benchmark Files |████████████████████████████████████████| 2425/2425 [100%] in 43.6s (55.61/s) 
  Fold 0 QF_LIA: avg_par2=83.449, solved=206/575 (35.8%)
Parsing Input File |████████████████████████████████████████| 12708/12708 [100%] in 0.2s (54096.15/s) 
on 1146: [machsmt] warning: Timeout after 5 seconds of compute_core_features on Benchmark(self.path=data/benchmarks/suite_9k/QF_NRA/LassoRanker/Collatz.bpl_Iteration1_Lasso_3-pieceTemplate.smt2, len(self.solvers)=6, self.logic=QF_NRA)
on 1148: [machsmt] warning: Timeout after 5 seconds of compute_core_features on Benchmark(self.path=data/benchmarks/suite_9k/QF_NRA/LassoRanker/Collatz.bpl_Iteration1_Loop_3-pieceTemplate.smt2, len(self.solvers)=6, self.logic=QF_NRA)
on 1273: [machsmt] warning: Timeout after 5 seconds of compute_core_features on Benchmark(self.path=data/benchmarks/suite_9k/QF_NRA/LassoRanker/aviad_true-termination.c_Iteration1_Loop_3-pieceTemplate.smt2, len(self.solvers)=6, self.logic=QF_NRA)
Processing Benchmark Files |████████████████████████████████████████| 2118/2118 [100%] in 2:09.4 (16.37/s) 
  Fold 0 QF_NRA: avg_par2=1.226, solved=875/882 (99.2%)
Parsing Input File |████████████████████████████████████████| 14700/14700 [100%] in 0.1s (154228.79/s) 
on 214: [machsmt] warning: Timeout after 5 seconds of compute_core_features on Benchmark(self.path=data/benchmarks/suite_9k/QF_BV/20221012-MCMPC/dualexecution.t1.i14.2ad5b925.smt2, len(self.solvers)=6, self.logic=QF_BV)
on 219: [machsmt] warning: Timeout after 5 seconds of compute_core_features on Benchmark(self.path=data/benchmarks/suite_9k/QF_BV/20221012-MCMPC/dualexecution.t1.i15.0695c39b.smt2, len(self.solvers)=6, self.logic=QF_BV)
on 226: [machsmt] warning: Timeout after 5 seconds of compute_core_features on Benchmark(self.path=data/benchmarks/suite_9k/QF_BV/20221012-MCMPC/dualexecution.t1.i15.ee376b59.smt2, len(self.solvers)=6, self.logic=QF_BV)
on 228: [machsmt] warning: Timeout after 5 seconds of compute_core_features on Benchmark(self.path=data/benchmarks/suite_9k/QF_BV/20221012-MCMPC/dualexecution.t1.i15.fb1699bf.smt2, len(self.solvers)=6, self.logic=QF_BV)
on 580: [machsmt] warning: Timeout after 5 seconds of compute_core_features on Benchmark(self.path=data/benchmarks/suite_9k/QF_BV/asp/channrlRoute.in6.smt2, len(self.solvers)=6, self.logic=QF_BV)
on 583: [machsmt] warning: Timeout after 5 seconds of compute_core_features on Benchmark(self.path=data/benchmarks/suite_9k/QF_BV/asp/disjunctiveScheduling.in9.smt2, len(self.solvers)=6, self.logic=QF_BV)
on 584: [machsmt] warning: Timeout after 5 seconds of compute_core_features on Benchmark(self.path=data/benchmarks/suite_9k/QF_BV/asp/disjunctiveScheduling.in1.smt2, len(self.solvers)=6, self.logic=QF_BV)
on 600: [machsmt] warning: Timeout after 5 seconds of compute_core_features on Benchmark(self.path=data/benchmarks/suite_9k/QF_BV/asp/disjunctiveScheduling.in7.smt2, len(self.solvers)=6, self.logic=QF_BV)
on 602: [machsmt] warning: Timeout after 5 seconds of compute_core_features on Benchmark(self.path=data/benchmarks/suite_9k/QF_BV/asp/edge-matching-width=10-height=10-colours=11.smt2, len(self.solvers)=6, self.logic=QF_BV)
on 615: [machsmt] warning: Timeout after 5 seconds of compute_core_features on Benchmark(self.path=data/benchmarks/suite_9k/QF_BV/asp/edge-matching-width=9-height=9-colours=12.smt2, len(self.solvers)=6, self.logic=QF_BV)
on 658: [machsmt] warning: Timeout after 5 seconds of compute_core_features on Benchmark(self.path=data/benchmarks/suite_9k/QF_BV/asp/knightTour.in08.smt2, len(self.solvers)=6, self.logic=QF_BV)
on 662: [machsmt] warning: Timeout after 5 seconds of compute_core_features on Benchmark(self.path=data/benchmarks/suite_9k/QF_BV/asp/laby_17_17_02.lp.smt2, len(self.solvers)=6, self.logic=QF_BV)
on 663: [machsmt] warning: Timeout after 5 seconds of compute_core_features on Benchmark(self.path=data/benchmarks/suite_9k/QF_BV/asp/laby_18_18_04.lp.smt2, len(self.solvers)=6, self.logic=QF_BV)
on 665: [machsmt] warning: Timeout after 5 seconds of compute_core_features on Benchmark(self.path=data/benchmarks/suite_9k/QF_BV/asp/laby_18_18_11.lp.smt2, len(self.solvers)=6, self.logic=QF_BV)
on 667: [machsmt] warning: Timeout after 5 seconds of compute_core_features on Benchmark(self.path=data/benchmarks/suite_9k/QF_BV/asp/laby_19_19_17.lp.smt2, len(self.solvers)=6, self.logic=QF_BV)
on 667: [machsmt] warning: Timeout after 5 seconds of compute_core_features on Benchmark(self.path=data/benchmarks/suite_9k/QF_BV/asp/laby_19_19_19.lp.smt2, len(self.solvers)=6, self.logic=QF_BV)
on 669: [machsmt] warning: Timeout after 5 seconds of compute_core_features on Benchmark(self.path=data/benchmarks/suite_9k/QF_BV/asp/laby_20_20_04.lp.smt2, len(self.solvers)=6, self.logic=QF_BV)
on 670: [machsmt] warning: Timeout after 5 seconds of compute_core_features on Benchmark(self.path=data/benchmarks/suite_9k/QF_BV/asp/laby_19_19_14.lp.smt2, len(self.solvers)=6, self.logic=QF_BV)
on 671: [machsmt] warning: Timeout after 5 seconds of compute_core_features on Benchmark(self.path=data/benchmarks/suite_9k/QF_BV/asp/laby_21_21_05.lp.smt2, len(self.solvers)=6, self.logic=QF_BV)
on 672: [machsmt] warning: Timeout after 5 seconds of compute_core_features on Benchmark(self.path=data/benchmarks/suite_9k/QF_BV/asp/laby_21_21_01.lp.smt2, len(self.solvers)=6, self.logic=QF_BV)
on 673: [machsmt] warning: Timeout after 5 seconds of compute_core_features on Benchmark(self.path=data/benchmarks/suite_9k/QF_BV/asp/laby_21_21_12.lp.smt2, len(self.solvers)=6, self.logic=QF_BV)
on 674: [machsmt] warning: Timeout after 5 seconds of compute_core_features on Benchmark(self.path=data/benchmarks/suite_9k/QF_BV/asp/laby_21_21_16.lp.smt2, len(self.solvers)=6, self.logic=QF_BV)
on 675: [machsmt] warning: Timeout after 5 seconds of compute_core_features on Benchmark(self.path=data/benchmarks/suite_9k/QF_BV/asp/laby_21_21_18.lp.smt2, len(self.solvers)=6, self.logic=QF_BV)
on 677: [machsmt] warning: Timeout after 5 seconds of compute_core_features on Benchmark(self.path=data/benchmarks/suite_9k/QF_BV/asp/laby_22_22_11.lp.smt2, len(self.solvers)=6, self.logic=QF_BV)
on 678: [machsmt] warning: Timeout after 5 seconds of compute_core_features on Benchmark(self.path=data/benchmarks/suite_9k/QF_BV/asp/laby_22_22_08.lp.smt2, len(self.solvers)=6, self.logic=QF_BV)
on 702: [machsmt] warning: Timeout after 5 seconds of compute_core_features on Benchmark(self.path=data/benchmarks/suite_9k/QF_BV/asp/laby_22_22_19.lp.smt2, len(self.solvers)=6, self.logic=QF_BV)
on 704: [machsmt] warning: Timeout after 5 seconds of compute_core_features on Benchmark(self.path=data/benchmarks/suite_9k/QF_BV/asp/laby_22_22_13.lp.smt2, len(self.solvers)=6, self.logic=QF_BV)
on 789: [machsmt] warning: Timeout after 5 seconds of compute_core_features on Benchmark(self.path=data/benchmarks/suite_9k/QF_BV/asp/sudoku.in10.smt2, len(self.solvers)=6, self.logic=QF_BV)
on 792: [machsmt] warning: Timeout after 5 seconds of compute_core_features on Benchmark(self.path=data/benchmarks/suite_9k/QF_BV/asp/sudoku.in6.smt2, len(self.solvers)=6, self.logic=QF_BV)
on 809: [machsmt] warning: Timeout after 5 seconds of compute_core_features on Benchmark(self.path=data/benchmarks/suite_9k/QF_BV/asp/wire.14.x.14.b.8.a.20_unsat.data.smt2, len(self.solvers)=6, self.logic=QF_BV)
on 810: [machsmt] warning: Timeout after 5 seconds of compute_core_features on Benchmark(self.path=data/benchmarks/suite_9k/QF_BV/asp/wire.15.x.15.b.11.25.a.45_sat.data.smt2, len(self.solvers)=6, self.logic=QF_BV)
Processing Benchmark Files |████████████████████████████████████████| 2450/2450 [100%] in 10:47.3 (3.79/s) 
  Fold 1 QF_BV: avg_par2=67.978, solved=259/550 (47.1%)
Parsing Input File |████████████████████████████████████████| 14754/14754 [100%] in 0.1s (157226.70/s) 
Processing Benchmark Files |████████████████████████████████████████| 2459/2459 [100%] in 1:22.2 (29.93/s) 
  Fold 1 QF_LIA: avg_par2=5.459, solved=525/541 (97.0%)
Parsing Input File |████████████████████████████████████████| 14928/14928 [100%] in 0.1s (156063.64/s) 
on 1141: [machsmt] warning: Timeout after 5 seconds of compute_core_features on Benchmark(self.path=data/benchmarks/suite_9k/QF_NRA/LassoRanker/Collatz.bpl_Iteration1_Lasso_2-lexTemplate.smt2, len(self.solvers)=6, self.logic=QF_NRA)
on 1145: [machsmt] warning: Timeout after 5 seconds of compute_core_features on Benchmark(self.path=data/benchmarks/suite_9k/QF_NRA/LassoRanker/Collatz.bpl_Iteration1_Lasso_3-pieceTemplate.smt2, len(self.solvers)=6, self.logic=QF_NRA)
on 1147: [machsmt] warning: Timeout after 5 seconds of compute_core_features on Benchmark(self.path=data/benchmarks/suite_9k/QF_NRA/LassoRanker/Collatz.bpl_Iteration1_Loop_4-phaseTemplate.smt2, len(self.solvers)=6, self.logic=QF_NRA)
on 1271: [machsmt] warning: Timeout after 5 seconds of compute_core_features on Benchmark(self.path=data/benchmarks/suite_9k/QF_NRA/LassoRanker/aviad_true-termination.c_Iteration1_Loop_3-pieceTemplate.smt2, len(self.solvers)=6, self.logic=QF_NRA)
Processing Benchmark Files |████████████████████████████████████████| 2488/2488 [100%] in 1:57.5 (21.18/s) 
  Fold 1 QF_NRA: avg_par2=13.344, solved=456/512 (89.1%)
Parsing Input File |████████████████████████████████████████| 14664/14664 [100%] in 0.1s (154067.95/s) 
on 605: [machsmt] warning: Timeout after 5 seconds of compute_core_features on Benchmark(self.path=data/benchmarks/suite_9k/QF_BV/asp/dimitri_yorick.51.steps.11.asp.smt2, len(self.solvers)=6, self.logic=QF_BV)
on 606: [machsmt] warning: Timeout after 5 seconds of compute_core_features on Benchmark(self.path=data/benchmarks/suite_9k/QF_BV/asp/disjunctiveScheduling.in1.smt2, len(self.solvers)=6, self.logic=QF_BV)
on 609: [machsmt] warning: Timeout after 5 seconds of compute_core_features on Benchmark(self.path=data/benchmarks/suite_9k/QF_BV/asp/disjunctiveScheduling.in9.smt2, len(self.solvers)=6, self.logic=QF_BV)
on 626: [machsmt] warning: Timeout after 5 seconds of compute_core_features on Benchmark(self.path=data/benchmarks/suite_9k/QF_BV/asp/disjunctiveScheduling.in7.smt2, len(self.solvers)=6, self.logic=QF_BV)
on 627: [machsmt] warning: Timeout after 5 seconds of compute_core_features on Benchmark(self.path=data/benchmarks/suite_9k/QF_BV/asp/edge-matching-width=10-height=10-colours=11.smt2, len(self.solvers)=6, self.logic=QF_BV)
on 632: [machsmt] warning: Timeout after 5 seconds of compute_core_features on Benchmark(self.path=data/benchmarks/suite_9k/QF_BV/asp/edge-matching-width=10-height=10-colours=9.smt2, len(self.solvers)=6, self.logic=QF_BV)
on 637: [machsmt] warning: Timeout after 5 seconds of compute_core_features on Benchmark(self.path=data/benchmarks/suite_9k/QF_BV/asp/edge-matching-width=9-height=9-colours=10.smt2, len(self.solvers)=6, self.logic=QF_BV)
on 639: [machsmt] warning: Timeout after 5 seconds of compute_core_features on Benchmark(self.path=data/benchmarks/suite_9k/QF_BV/asp/edge-matching-width=9-height=9-colours=12.smt2, len(self.solvers)=6, self.logic=QF_BV)
on 640: [machsmt] warning: Timeout after 5 seconds of compute_core_features on Benchmark(self.path=data/benchmarks/suite_9k/QF_BV/asp/edge-matching-width=9-height=9-colours=11.smt2, len(self.solvers)=6, self.logic=QF_BV)
on 682: [machsmt] warning: Timeout after 5 seconds of compute_core_features on Benchmark(self.path=data/benchmarks/suite_9k/QF_BV/asp/knightTour.in08.smt2, len(self.solvers)=6, self.logic=QF_BV)
on 682: [machsmt] warning: Timeout after 5 seconds of compute_core_features on Benchmark(self.path=data/benchmarks/suite_9k/QF_BV/asp/knightTour.in07.smt2, len(self.solvers)=6, self.logic=QF_BV)
on 684: [machsmt] warning: Timeout after 5 seconds of compute_core_features on Benchmark(self.path=data/benchmarks/suite_9k/QF_BV/asp/laby_17_17_02.lp.smt2, len(self.solvers)=6, self.logic=QF_BV)
on 684: [machsmt] warning: Timeout after 5 seconds of compute_core_features on Benchmark(self.path=data/benchmarks/suite_9k/QF_BV/asp/laby_17_17_07.lp.smt2, len(self.solvers)=6, self.logic=QF_BV)
on 685: [machsmt] warning: Timeout after 5 seconds of compute_core_features on Benchmark(self.path=data/benchmarks/suite_9k/QF_BV/asp/knightTour.in09.smt2, len(self.solvers)=6, self.logic=QF_BV)
on 687: [machsmt] warning: Timeout after 5 seconds of compute_core_features on Benchmark(self.path=data/benchmarks/suite_9k/QF_BV/asp/laby_18_18_11.lp.smt2, len(self.solvers)=6, self.logic=QF_BV)
on 688: [machsmt] warning: Timeout after 5 seconds of compute_core_features on Benchmark(self.path=data/benchmarks/suite_9k/QF_BV/asp/laby_18_18_04.lp.smt2, len(self.solvers)=6, self.logic=QF_BV)
on 689: [machsmt] warning: Timeout after 5 seconds of compute_core_features on Benchmark(self.path=data/benchmarks/suite_9k/QF_BV/asp/laby_17_17_09.lp.smt2, len(self.solvers)=6, self.logic=QF_BV)
on 690: [machsmt] warning: Timeout after 5 seconds of compute_core_features on Benchmark(self.path=data/benchmarks/suite_9k/QF_BV/asp/laby_18_18_13.lp.smt2, len(self.solvers)=6, self.logic=QF_BV)
on 692: [machsmt] warning: Timeout after 5 seconds of compute_core_features on Benchmark(self.path=data/benchmarks/suite_9k/QF_BV/asp/laby_19_19_14.lp.smt2, len(self.solvers)=6, self.logic=QF_BV)
on 693: [machsmt] warning: Timeout after 5 seconds of compute_core_features on Benchmark(self.path=data/benchmarks/suite_9k/QF_BV/asp/laby_19_19_17.lp.smt2, len(self.solvers)=6, self.logic=QF_BV)
on 694: [machsmt] warning: Timeout after 5 seconds of compute_core_features on Benchmark(self.path=data/benchmarks/suite_9k/QF_BV/asp/laby_19_19_19.lp.smt2, len(self.solvers)=6, self.logic=QF_BV)
on 695: [machsmt] warning: Timeout after 5 seconds of compute_core_features on Benchmark(self.path=data/benchmarks/suite_9k/QF_BV/asp/laby_20_20_04.lp.smt2, len(self.solvers)=6, self.logic=QF_BV)
on 696: [machsmt] warning: Timeout after 5 seconds of compute_core_features on Benchmark(self.path=data/benchmarks/suite_9k/QF_BV/asp/laby_21_21_01.lp.smt2, len(self.solvers)=6, self.logic=QF_BV)
on 697: [machsmt] warning: Timeout after 5 seconds of compute_core_features on Benchmark(self.path=data/benchmarks/suite_9k/QF_BV/asp/laby_21_21_05.lp.smt2, len(self.solvers)=6, self.logic=QF_BV)
on 698: [machsmt] warning: Timeout after 5 seconds of compute_core_features on Benchmark(self.path=data/benchmarks/suite_9k/QF_BV/asp/laby_21_21_12.lp.smt2, len(self.solvers)=6, self.logic=QF_BV)
on 699: [machsmt] warning: Timeout after 5 seconds of compute_core_features on Benchmark(self.path=data/benchmarks/suite_9k/QF_BV/asp/laby_21_21_18.lp.smt2, len(self.solvers)=6, self.logic=QF_BV)
on 699: [machsmt] warning: Timeout after 5 seconds of compute_core_features on Benchmark(self.path=data/benchmarks/suite_9k/QF_BV/asp/laby_21_21_16.lp.smt2, len(self.solvers)=6, self.logic=QF_BV)
on 701: [machsmt] warning: Timeout after 5 seconds of compute_core_features on Benchmark(self.path=data/benchmarks/suite_9k/QF_BV/asp/laby_22_22_08.lp.smt2, len(self.solvers)=6, self.logic=QF_BV)
on 814: [machsmt] warning: Timeout after 5 seconds of compute_core_features on Benchmark(self.path=data/benchmarks/suite_9k/QF_BV/asp/sudoku.in10.smt2, len(self.solvers)=6, self.logic=QF_BV)
on 836: [machsmt] warning: Timeout after 5 seconds of compute_core_features on Benchmark(self.path=data/benchmarks/suite_9k/QF_BV/asp/wire.14.x.14.b.8.a.20_unsat.data.smt2, len(self.solvers)=6, self.logic=QF_BV)
Processing Benchmark Files |████████████████████████████████████████| 2444/2444 [100%] in 10:10.4 (4.00/s) 
  Fold 2 QF_BV: avg_par2=1.400, solved=554/556 (99.6%)
Parsing Input File |████████████████████████████████████████| 14106/14106 [100%] in 0.1s (159193.85/s) 
Processing Benchmark Files |████████████████████████████████████████| 2351/2351 [100%] in 1:21.4 (28.87/s) 
  Fold 2 QF_LIA: avg_par2=9.485, solved=614/649 (94.6%)
Parsing Input File |████████████████████████████████████████| 15120/15120 [100%] in 0.1s (155202.70/s) 
Processing Benchmark Files |████████████████████████████████████████| 2520/2520 [100%] in 32.8s (76.93/s) 
  Fold 2 QF_NRA: avg_par2=33.530, solved=383/480 (79.8%)
Parsing Input File |████████████████████████████████████████| 14466/14466 [100%] in 0.1s (157633.26/s) 
on 213: [machsmt] warning: Timeout after 5 seconds of compute_core_features on Benchmark(self.path=data/benchmarks/suite_9k/QF_BV/20221012-MCMPC/dualexecution.t1.i14.8585dcb1.smt2, len(self.solvers)=6, self.logic=QF_BV)
on 214: [machsmt] warning: Timeout after 5 seconds of compute_core_features on Benchmark(self.path=data/benchmarks/suite_9k/QF_BV/20221012-MCMPC/dualexecution.t1.i14.8bc2556c.smt2, len(self.solvers)=6, self.logic=QF_BV)
on 215: [machsmt] warning: Timeout after 5 seconds of compute_core_features on Benchmark(self.path=data/benchmarks/suite_9k/QF_BV/20221012-MCMPC/dualexecution.t1.i15.0695c39b.smt2, len(self.solvers)=6, self.logic=QF_BV)
on 220: [machsmt] warning: Timeout after 5 seconds of compute_core_features on Benchmark(self.path=data/benchmarks/suite_9k/QF_BV/20221012-MCMPC/dualexecution.t1.i15.37fe63c0.smt2, len(self.solvers)=6, self.logic=QF_BV)
on 223: [machsmt] warning: Timeout after 5 seconds of compute_core_features on Benchmark(self.path=data/benchmarks/suite_9k/QF_BV/20221012-MCMPC/dualexecution.t1.i15.6e8fc75e.smt2, len(self.solvers)=6, self.logic=QF_BV)
on 227: [machsmt] warning: Timeout after 5 seconds of compute_core_features on Benchmark(self.path=data/benchmarks/suite_9k/QF_BV/20221012-MCMPC/dualexecution.t1.i15.fb1699bf.smt2, len(self.solvers)=6, self.logic=QF_BV)
