SMT environment loaded from /dcs/large/u5573765
=== Task 6: /dcs/23/u5573765/cs351/smt-ablation-machsmt/ablations/templates/ml_core_sweep.yaml ===
Experiment: ABL-ML01
  Knob: ml_core
  Values: ['scikit', 'xgboost', 'torch']
  Reference ml_core=scikit
  Suite: suite_9k, Portfolio: 7
  Logics: ['QF_BV', 'QF_LIA', 'QF_NRA']
  K-fold: 5
======================================================================
Experiment: ABL-ML01
  Knob: ml_core
  Values: ['scikit', 'xgboost', 'torch']
  Logics: ['QF_BV', 'QF_LIA', 'QF_NRA']
======================================================================
Loaded 9000 benchmarks from suite_9k
Filtered to 9000 benchmarks for logics: ['QF_BV', 'QF_LIA', 'QF_NRA']

============================================================
Variant 0: ml_core=scikit
  k-fold=5
============================================================
    WARNING: Training failed: __init__() missing 1 required positional argument: 'data'
  Fold 0 QF_BV: avg_par2=120.000, solved=0/702 (0.0%)
    WARNING: Training failed: __init__() missing 1 required positional argument: 'data'
  Fold 0 QF_LIA: avg_par2=120.000, solved=0/575 (0.0%)
    WARNING: Training failed: __init__() missing 1 required positional argument: 'data'
  Fold 0 QF_NRA: avg_par2=120.000, solved=0/882 (0.0%)
    WARNING: Training failed: __init__() missing 1 required positional argument: 'data'
  Fold 1 QF_BV: avg_par2=120.000, solved=0/550 (0.0%)
    WARNING: Training failed: __init__() missing 1 required positional argument: 'data'
  Fold 1 QF_LIA: avg_par2=120.000, solved=0/541 (0.0%)
    WARNING: Training failed: __init__() missing 1 required positional argument: 'data'
  Fold 1 QF_NRA: avg_par2=120.000, solved=0/512 (0.0%)
    WARNING: Training failed: __init__() missing 1 required positional argument: 'data'
  Fold 2 QF_BV: avg_par2=120.000, solved=0/556 (0.0%)
    WARNING: Training failed: __init__() missing 1 required positional argument: 'data'
  Fold 2 QF_LIA: avg_par2=120.000, solved=0/649 (0.0%)
    WARNING: Training failed: __init__() missing 1 required positional argument: 'data'
  Fold 2 QF_NRA: avg_par2=120.000, solved=0/480 (0.0%)
    WARNING: Training failed: __init__() missing 1 required positional argument: 'data'
  Fold 3 QF_BV: avg_par2=120.000, solved=0/589 (0.0%)
    WARNING: Training failed: __init__() missing 1 required positional argument: 'data'
  Fold 3 QF_LIA: avg_par2=120.000, solved=0/647 (0.0%)
    WARNING: Training failed: __init__() missing 1 required positional argument: 'data'
  Fold 3 QF_NRA: avg_par2=120.000, solved=0/544 (0.0%)
    WARNING: Training failed: __init__() missing 1 required positional argument: 'data'
  Fold 4 QF_BV: avg_par2=120.000, solved=0/603 (0.0%)
    WARNING: Training failed: __init__() missing 1 required positional argument: 'data'
  Fold 4 QF_LIA: avg_par2=120.000, solved=0/588 (0.0%)
    WARNING: Training failed: __init__() missing 1 required positional argument: 'data'
  Fold 4 QF_NRA: avg_par2=120.000, solved=0/582 (0.0%)

============================================================
Variant 1: ml_core=xgboost
  k-fold=5
============================================================
    WARNING: Training failed: __init__() missing 1 required positional argument: 'data'
  Fold 0 QF_BV: avg_par2=120.000, solved=0/702 (0.0%)
    WARNING: Training failed: __init__() missing 1 required positional argument: 'data'
  Fold 0 QF_LIA: avg_par2=120.000, solved=0/575 (0.0%)
    WARNING: Training failed: __init__() missing 1 required positional argument: 'data'
  Fold 0 QF_NRA: avg_par2=120.000, solved=0/882 (0.0%)
    WARNING: Training failed: __init__() missing 1 required positional argument: 'data'
  Fold 1 QF_BV: avg_par2=120.000, solved=0/550 (0.0%)
    WARNING: Training failed: __init__() missing 1 required positional argument: 'data'
  Fold 1 QF_LIA: avg_par2=120.000, solved=0/541 (0.0%)
    WARNING: Training failed: __init__() missing 1 required positional argument: 'data'
  Fold 1 QF_NRA: avg_par2=120.000, solved=0/512 (0.0%)
    WARNING: Training failed: __init__() missing 1 required positional argument: 'data'
  Fold 2 QF_BV: avg_par2=120.000, solved=0/556 (0.0%)
    WARNING: Training failed: __init__() missing 1 required positional argument: 'data'
  Fold 2 QF_LIA: avg_par2=120.000, solved=0/649 (0.0%)
    WARNING: Training failed: __init__() missing 1 required positional argument: 'data'
  Fold 2 QF_NRA: avg_par2=120.000, solved=0/480 (0.0%)
    WARNING: Training failed: __init__() missing 1 required positional argument: 'data'
  Fold 3 QF_BV: avg_par2=120.000, solved=0/589 (0.0%)
    WARNING: Training failed: __init__() missing 1 required positional argument: 'data'
  Fold 3 QF_LIA: avg_par2=120.000, solved=0/647 (0.0%)
    WARNING: Training failed: __init__() missing 1 required positional argument: 'data'
  Fold 3 QF_NRA: avg_par2=120.000, solved=0/544 (0.0%)
    WARNING: Training failed: __init__() missing 1 required positional argument: 'data'
  Fold 4 QF_BV: avg_par2=120.000, solved=0/603 (0.0%)
    WARNING: Training failed: __init__() missing 1 required positional argument: 'data'
  Fold 4 QF_LIA: avg_par2=120.000, solved=0/588 (0.0%)
    WARNING: Training failed: __init__() missing 1 required positional argument: 'data'
  Fold 4 QF_NRA: avg_par2=120.000, solved=0/582 (0.0%)

============================================================
Variant 2: ml_core=torch
  k-fold=5
============================================================
    WARNING: Training failed: __init__() missing 1 required positional argument: 'data'
  Fold 0 QF_BV: avg_par2=120.000, solved=0/702 (0.0%)
    WARNING: Training failed: __init__() missing 1 required positional argument: 'data'
  Fold 0 QF_LIA: avg_par2=120.000, solved=0/575 (0.0%)
    WARNING: Training failed: __init__() missing 1 required positional argument: 'data'
  Fold 0 QF_NRA: avg_par2=120.000, solved=0/882 (0.0%)
    WARNING: Training failed: __init__() missing 1 required positional argument: 'data'
  Fold 1 QF_BV: avg_par2=120.000, solved=0/550 (0.0%)
    WARNING: Training failed: __init__() missing 1 required positional argument: 'data'
  Fold 1 QF_LIA: avg_par2=120.000, solved=0/541 (0.0%)
    WARNING: Training failed: __init__() missing 1 required positional argument: 'data'
  Fold 1 QF_NRA: avg_par2=120.000, solved=0/512 (0.0%)
    WARNING: Training failed: __init__() missing 1 required positional argument: 'data'
  Fold 2 QF_BV: avg_par2=120.000, solved=0/556 (0.0%)
    WARNING: Training failed: __init__() missing 1 required positional argument: 'data'
  Fold 2 QF_LIA: avg_par2=120.000, solved=0/649 (0.0%)
    WARNING: Training failed: __init__() missing 1 required positional argument: 'data'
  Fold 2 QF_NRA: avg_par2=120.000, solved=0/480 (0.0%)
    WARNING: Training failed: __init__() missing 1 required positional argument: 'data'
  Fold 3 QF_BV: avg_par2=120.000, solved=0/589 (0.0%)
    WARNING: Training failed: __init__() missing 1 required positional argument: 'data'
  Fold 3 QF_LIA: avg_par2=120.000, solved=0/647 (0.0%)
    WARNING: Training failed: __init__() missing 1 required positional argument: 'data'
  Fold 3 QF_NRA: avg_par2=120.000, solved=0/544 (0.0%)
    WARNING: Training failed: __init__() missing 1 required positional argument: 'data'
  Fold 4 QF_BV: avg_par2=120.000, solved=0/603 (0.0%)
    WARNING: Training failed: __init__() missing 1 required positional argument: 'data'
  Fold 4 QF_LIA: avg_par2=120.000, solved=0/588 (0.0%)
    WARNING: Training failed: __init__() missing 1 required positional argument: 'data'
  Fold 4 QF_NRA: avg_par2=120.000, solved=0/582 (0.0%)

Experiment ABL-ML01 completed.
  Runs CSV:    /dcs/23/u5573765/cs351/smt-ablation-machsmt/ablations/results/ABL-ML01_runs.csv
  Summary CSV: /dcs/23/u5573765/cs351/smt-ablation-machsmt/ablations/results/ABL-ML01_summary.csv

# Ablation Report: ABL-ML01

**Hypothesis**: XGBoost or Torch may outperform scikit AdaBoost backend
**Knob**: ml_core
**Values**: ['scikit', 'xgboost', 'torch']

## QF_BV

| Variant | Value | Mean PAR-2 | Std PAR-2 | Solve Rate | Folds | Delta vs Ref |
|---------|-------|------------|-----------|------------|-------|--------------|
| 0 | scikit | 120.0 | 0.0 | 0.0% | 5 | 0.0000 |
| 1 | xgboost | 120.0 | 0.0 | 0.0% | 5 | 0.0000 |
| 2 | torch | 120.0 | 0.0 | 0.0% | 5 | 0.0000 |

## QF_LIA

| Variant | Value | Mean PAR-2 | Std PAR-2 | Solve Rate | Folds | Delta vs Ref |
|---------|-------|------------|-----------|------------|-------|--------------|
| 0 | scikit | 120.0 | 0.0 | 0.0% | 5 | 0.0000 |
| 1 | xgboost | 120.0 | 0.0 | 0.0% | 5 | 0.0000 |
| 2 | torch | 120.0 | 0.0 | 0.0% | 5 | 0.0000 |

## QF_NRA

| Variant | Value | Mean PAR-2 | Std PAR-2 | Solve Rate | Folds | Delta vs Ref |
|---------|-------|------------|-----------|------------|-------|--------------|
| 0 | scikit | 120.0 | 0.0 | 0.0% | 5 | 0.0000 |
| 1 | xgboost | 120.0 | 0.0 | 0.0% | 5 | 0.0000 |
| 2 | torch | 120.0 | 0.0 | 0.0% | 5 | 0.0000 |

## Per-Fold Details

| Variant | Value | Fold | Logic | Instances | Avg PAR-2 | Solved | Solve Rate |
|---------|-------|------|-------|-----------|-----------|--------|------------|
| 0 | scikit | 0 | QF_BV | 702 | 120.0 | 0 | 0.0% |
| 0 | scikit | 0 | QF_LIA | 575 | 120.0 | 0 | 0.0% |
| 0 | scikit | 0 | QF_NRA | 882 | 120.0 | 0 | 0.0% |
| 0 | scikit | 1 | QF_BV | 550 | 120.0 | 0 | 0.0% |
| 0 | scikit | 1 | QF_LIA | 541 | 120.0 | 0 | 0.0% |
| 0 | scikit | 1 | QF_NRA | 512 | 120.0 | 0 | 0.0% |
| 0 | scikit | 2 | QF_BV | 556 | 120.0 | 0 | 0.0% |
| 0 | scikit | 2 | QF_LIA | 649 | 120.0 | 0 | 0.0% |
| 0 | scikit | 2 | QF_NRA | 480 | 120.0 | 0 | 0.0% |
| 0 | scikit | 3 | QF_BV | 589 | 120.0 | 0 | 0.0% |
| 0 | scikit | 3 | QF_LIA | 647 | 120.0 | 0 | 0.0% |
| 0 | scikit | 3 | QF_NRA | 544 | 120.0 | 0 | 0.0% |
| 0 | scikit | 4 | QF_BV | 603 | 120.0 | 0 | 0.0% |
| 0 | scikit | 4 | QF_LIA | 588 | 120.0 | 0 | 0.0% |
| 0 | scikit | 4 | QF_NRA | 582 | 120.0 | 0 | 0.0% |
| 1 | xgboost | 0 | QF_BV | 702 | 120.0 | 0 | 0.0% |
| 1 | xgboost | 0 | QF_LIA | 575 | 120.0 | 0 | 0.0% |
| 1 | xgboost | 0 | QF_NRA | 882 | 120.0 | 0 | 0.0% |
| 1 | xgboost | 1 | QF_BV | 550 | 120.0 | 0 | 0.0% |
| 1 | xgboost | 1 | QF_LIA | 541 | 120.0 | 0 | 0.0% |
| 1 | xgboost | 1 | QF_NRA | 512 | 120.0 | 0 | 0.0% |
| 1 | xgboost | 2 | QF_BV | 556 | 120.0 | 0 | 0.0% |
| 1 | xgboost | 2 | QF_LIA | 649 | 120.0 | 0 | 0.0% |
| 1 | xgboost | 2 | QF_NRA | 480 | 120.0 | 0 | 0.0% |
| 1 | xgboost | 3 | QF_BV | 589 | 120.0 | 0 | 0.0% |
| 1 | xgboost | 3 | QF_LIA | 647 | 120.0 | 0 | 0.0% |
| 1 | xgboost | 3 | QF_NRA | 544 | 120.0 | 0 | 0.0% |
| 1 | xgboost | 4 | QF_BV | 603 | 120.0 | 0 | 0.0% |
| 1 | xgboost | 4 | QF_LIA | 588 | 120.0 | 0 | 0.0% |
| 1 | xgboost | 4 | QF_NRA | 582 | 120.0 | 0 | 0.0% |
| 2 | torch | 0 | QF_BV | 702 | 120.0 | 0 | 0.0% |
| 2 | torch | 0 | QF_LIA | 575 | 120.0 | 0 | 0.0% |
| 2 | torch | 0 | QF_NRA | 882 | 120.0 | 0 | 0.0% |
| 2 | torch | 1 | QF_BV | 550 | 120.0 | 0 | 0.0% |
| 2 | torch | 1 | QF_LIA | 541 | 120.0 | 0 | 0.0% |
| 2 | torch | 1 | QF_NRA | 512 | 120.0 | 0 | 0.0% |
| 2 | torch | 2 | QF_BV | 556 | 120.0 | 0 | 0.0% |
| 2 | torch | 2 | QF_LIA | 649 | 120.0 | 0 | 0.0% |
| 2 | torch | 2 | QF_NRA | 480 | 120.0 | 0 | 0.0% |
| 2 | torch | 3 | QF_BV | 589 | 120.0 | 0 | 0.0% |
| 2 | torch | 3 | QF_LIA | 647 | 120.0 | 0 | 0.0% |
| 2 | torch | 3 | QF_NRA | 544 | 120.0 | 0 | 0.0% |
| 2 | torch | 4 | QF_BV | 603 | 120.0 | 0 | 0.0% |
| 2 | torch | 4 | QF_LIA | 588 | 120.0 | 0 | 0.0% |
| 2 | torch | 4 | QF_NRA | 582 | 120.0 | 0 | 0.0% |

