SMT environment loaded from /dcs/large/u5573765
=== Task 2: /dcs/23/u5573765/cs351/smt-ablation-machsmt/ablations/templates/kfold_sweep.yaml ===
Experiment: ABL-KF01
  Knob: k
  Values: [2, 5, 10]
  Reference k=5
  Suite: suite_9k, Portfolio: 7
  Logics: ['QF_BV', 'QF_LIA', 'QF_NRA']
  K-fold: 5
======================================================================
Experiment: ABL-KF01
  Knob: k
  Values: [2, 5, 10]
  Logics: ['QF_BV', 'QF_LIA', 'QF_NRA']
======================================================================
Loaded 9000 benchmarks from suite_9k
Filtered to 9000 benchmarks for logics: ['QF_BV', 'QF_LIA', 'QF_NRA']
Pre-parsing all benchmarks (one-time cost)...
  Parsed 500/9000 benchmarks
  Parsed 1000/9000 benchmarks
  Parsed 1500/9000 benchmarks
  Parsed 2000/9000 benchmarks
  Parsed 2500/9000 benchmarks
  Parsed 3000/9000 benchmarks
  Parsed 3500/9000 benchmarks
  Parsed 4000/9000 benchmarks
  Parsed 4500/9000 benchmarks
  Parsed 5000/9000 benchmarks
  Parsed 5500/9000 benchmarks
  Parsed 6000/9000 benchmarks
  Parsed 6500/9000 benchmarks
  Parsed 7000/9000 benchmarks
  Parsed 7500/9000 benchmarks
  Parsed 8000/9000 benchmarks
  Parsed 8500/9000 benchmarks
  Parsed 9000/9000 benchmarks
Cached features for 9000 benchmarks

============================================================
Variant 0: k=2
  k-fold=2
============================================================
  Fold 0 QF_BV: avg_par2=17.303, solved=1347/1546 (87.1%)
  Fold 0 QF_LIA: avg_par2=64.710, solved=726/1516 (47.9%)
  Fold 0 QF_NRA: avg_par2=7.221, solved=1445/1533 (94.3%)
  Fold 1 QF_BV: avg_par2=47.346, solved=912/1454 (62.7%)
  Fold 1 QF_LIA: avg_par2=10.171, solved=1387/1484 (93.5%)
  Fold 1 QF_NRA: avg_par2=38.533, solved=1100/1467 (75.0%)

============================================================
Variant 1: k=5
  k-fold=5
============================================================
  Fold 0 QF_BV: avg_par2=27.361, solved=551/702 (78.5%)
  Fold 0 QF_LIA: avg_par2=27.703, solved=476/575 (82.8%)
  Fold 0 QF_NRA: avg_par2=0.655, solved=879/882 (99.7%)
  Fold 1 QF_BV: avg_par2=70.211, solved=247/550 (44.9%)
  Fold 1 QF_LIA: avg_par2=12.081, solved=496/541 (91.7%)
  Fold 1 QF_NRA: avg_par2=13.383, solved=456/512 (89.1%)
  Fold 2 QF_BV: avg_par2=2.018, solved=552/556 (99.3%)
  Fold 2 QF_LIA: avg_par2=3.425, solved=639/649 (98.5%)
  Fold 2 QF_NRA: avg_par2=28.819, solved=404/480 (84.2%)
  Fold 3 QF_BV: avg_par2=11.433, solved=546/589 (92.7%)
  Fold 3 QF_LIA: avg_par2=24.213, solved=525/647 (81.1%)
  Fold 3 QF_NRA: avg_par2=79.015, solved=230/544 (42.3%)
  Fold 4 QF_BV: avg_par2=54.182, solved=337/603 (55.9%)
  Fold 4 QF_LIA: avg_par2=59.249, solved=300/588 (51.0%)
  Fold 4 QF_NRA: avg_par2=4.099, solved=564/582 (96.9%)

============================================================
Variant 2: k=10
  k-fold=10
============================================================
  Fold 0 QF_BV: avg_par2=0.148, solved=502/502 (100.0%)
  Fold 0 QF_LIA: avg_par2=28.785, solved=476/575 (82.8%)
  Fold 0 QF_NRA: avg_par2=1.335, solved=874/882 (99.1%)
  Fold 1 QF_BV: avg_par2=50.638, solved=213/342 (62.3%)
  Fold 1 QF_LIA: avg_par2=7.207, solved=405/420 (96.4%)
  Fold 1 QF_NRA: avg_par2=14.542, solved=452/512 (88.3%)
  Fold 2 QF_BV: avg_par2=0.130, solved=317/317 (100.0%)
  Fold 2 QF_LIA: avg_par2=7.603, solved=405/416 (97.4%)
  Fold 2 QF_NRA: avg_par2=47.915, solved=252/345 (73.0%)
  Fold 3 QF_BV: avg_par2=63.459, solved=150/304 (49.3%)
  Fold 3 QF_LIA: avg_par2=2.083, solved=305/306 (99.7%)
  Fold 3 QF_NRA: avg_par2=51.686, solved=220/309 (71.2%)
  Fold 4 QF_BV: avg_par2=106.813, solved=40/302 (13.2%)
  Fold 4 QF_LIA: avg_par2=71.850, solved=118/294 (40.1%)
  Fold 4 QF_NRA: avg_par2=1.575, solved=242/245 (98.8%)
  Fold 5 QF_BV: avg_par2=0.011, solved=301/301 (100.0%)
  Fold 5 QF_LIA: avg_par2=5.772, solved=287/294 (97.6%)
  Fold 5 QF_NRA: avg_par2=3.300, solved=220/225 (97.8%)
  Fold 6 QF_BV: avg_par2=0.005, solved=285/285 (100.0%)
  Fold 6 QF_LIA: avg_par2=1.022, solved=232/233 (99.6%)
  Fold 6 QF_NRA: avg_par2=53.815, solved=93/166 (56.0%)
  Fold 7 QF_BV: avg_par2=2.512, solved=238/239 (99.6%)
  Fold 7 QF_LIA: avg_par2=21.604, solved=196/233 (84.1%)
  Fold 7 QF_NRA: avg_par2=2.813, solved=132/135 (97.8%)
  Fold 8 QF_BV: avg_par2=105.680, solved=34/208 (16.3%)
  Fold 8 QF_LIA: avg_par2=2.159, solved=121/121 (100.0%)
  Fold 8 QF_NRA: avg_par2=9.084, solved=104/112 (92.9%)
  Fold 9 QF_BV: avg_par2=76.714, solved=78/200 (39.0%)
  Fold 9 QF_LIA: avg_par2=63.124, solved=56/108 (51.9%)
  Fold 9 QF_NRA: avg_par2=113.198, solved=4/69 (5.8%)

Experiment ABL-KF01 completed.
  Runs CSV:    /dcs/23/u5573765/cs351/smt-ablation-machsmt/ablations/results/ABL-KF01_runs.csv
  Summary CSV: /dcs/23/u5573765/cs351/smt-ablation-machsmt/ablations/results/ABL-KF01_summary.csv

# Ablation Report: ABL-KF01

**Hypothesis**: More folds increase evaluation stability but reduce training set size per fold
**Knob**: k
**Values**: [2, 5, 10]

## QF_BV

| Variant | Value | Mean PAR-2 | Std PAR-2 | Solve Rate | Folds | Delta vs Ref |
|---------|-------|------------|-----------|------------|-------|--------------|
| 0 | 2 | 32.3246 | 21.2433 | 74.9% | 2 | -0.7161 |
| 1 | 5 | 33.0407 | 28.6799 | 74.2% | 5 | 0.0000 |
| 2 | 10 | 40.611 | 45.4208 | 68.0% | 10 | +7.5703 |

## QF_LIA

| Variant | Value | Mean PAR-2 | Std PAR-2 | Solve Rate | Folds | Delta vs Ref |
|---------|-------|------------|-----------|------------|-------|--------------|
| 0 | 2 | 37.4405 | 38.5649 | 70.7% | 2 | +12.1062 |
| 1 | 5 | 25.3343 | 21.2881 | 81.0% | 5 | 0.0000 |
| 2 | 10 | 21.1209 | 26.108 | 85.0% | 10 | -4.2134 |

## QF_NRA

| Variant | Value | Mean PAR-2 | Std PAR-2 | Solve Rate | Folds | Delta vs Ref |
|---------|-------|------------|-----------|------------|-------|--------------|
| 0 | 2 | 22.8772 | 22.1406 | 84.6% | 2 | -2.3171 |
| 1 | 5 | 25.1943 | 32.0023 | 82.4% | 5 | 0.0000 |
| 2 | 10 | 29.9262 | 36.5731 | 78.1% | 10 | +4.7319 |

## Per-Fold Details

| Variant | Value | Fold | Logic | Instances | Avg PAR-2 | Solved | Solve Rate |
|---------|-------|------|-------|-----------|-----------|--------|------------|
| 0 | 2 | 0 | QF_BV | 1546 | 17.3034 | 1347 | 87.1% |
| 0 | 2 | 0 | QF_LIA | 1516 | 64.71 | 726 | 47.9% |
| 0 | 2 | 0 | QF_NRA | 1533 | 7.2215 | 1445 | 94.3% |
| 0 | 2 | 1 | QF_BV | 1454 | 47.3459 | 912 | 62.7% |
| 0 | 2 | 1 | QF_LIA | 1484 | 10.171 | 1387 | 93.5% |
| 0 | 2 | 1 | QF_NRA | 1467 | 38.533 | 1100 | 75.0% |
| 1 | 5 | 0 | QF_BV | 702 | 27.3605 | 551 | 78.5% |
| 1 | 5 | 0 | QF_LIA | 575 | 27.7029 | 476 | 82.8% |
| 1 | 5 | 0 | QF_NRA | 882 | 0.6547 | 879 | 99.7% |
| 1 | 5 | 1 | QF_BV | 550 | 70.2107 | 247 | 44.9% |
| 1 | 5 | 1 | QF_LIA | 541 | 12.0809 | 496 | 91.7% |
| 1 | 5 | 1 | QF_NRA | 512 | 13.3831 | 456 | 89.1% |
| 1 | 5 | 2 | QF_BV | 556 | 2.0178 | 552 | 99.3% |
| 1 | 5 | 2 | QF_LIA | 649 | 3.4255 | 639 | 98.5% |
| 1 | 5 | 2 | QF_NRA | 480 | 28.8193 | 404 | 84.2% |
| 1 | 5 | 3 | QF_BV | 589 | 11.4327 | 546 | 92.7% |
| 1 | 5 | 3 | QF_LIA | 647 | 24.2132 | 525 | 81.1% |
| 1 | 5 | 3 | QF_NRA | 544 | 79.0155 | 230 | 42.3% |
| 1 | 5 | 4 | QF_BV | 603 | 54.1819 | 337 | 55.9% |
| 1 | 5 | 4 | QF_LIA | 588 | 59.2491 | 300 | 51.0% |
| 1 | 5 | 4 | QF_NRA | 582 | 4.0988 | 564 | 96.9% |
| 2 | 10 | 0 | QF_BV | 502 | 0.1481 | 502 | 100.0% |
| 2 | 10 | 0 | QF_LIA | 575 | 28.785 | 476 | 82.8% |
| 2 | 10 | 0 | QF_NRA | 882 | 1.3351 | 874 | 99.1% |
| 2 | 10 | 1 | QF_BV | 342 | 50.6376 | 213 | 62.3% |
| 2 | 10 | 1 | QF_LIA | 420 | 7.2068 | 405 | 96.4% |
| 2 | 10 | 1 | QF_NRA | 512 | 14.5421 | 452 | 88.3% |
| 2 | 10 | 2 | QF_BV | 317 | 0.1297 | 317 | 100.0% |
| 2 | 10 | 2 | QF_LIA | 416 | 7.6032 | 405 | 97.4% |
| 2 | 10 | 2 | QF_NRA | 345 | 47.9145 | 252 | 73.0% |
| 2 | 10 | 3 | QF_BV | 304 | 63.4593 | 150 | 49.3% |
| 2 | 10 | 3 | QF_LIA | 306 | 2.0828 | 305 | 99.7% |
| 2 | 10 | 3 | QF_NRA | 309 | 51.6862 | 220 | 71.2% |
| 2 | 10 | 4 | QF_BV | 302 | 106.8131 | 40 | 13.2% |
| 2 | 10 | 4 | QF_LIA | 294 | 71.8505 | 118 | 40.1% |
| 2 | 10 | 4 | QF_NRA | 245 | 1.5749 | 242 | 98.8% |
| 2 | 10 | 5 | QF_BV | 301 | 0.0109 | 301 | 100.0% |
| 2 | 10 | 5 | QF_LIA | 294 | 5.7722 | 287 | 97.6% |
| 2 | 10 | 5 | QF_NRA | 225 | 3.2996 | 220 | 97.8% |
| 2 | 10 | 6 | QF_BV | 285 | 0.0047 | 285 | 100.0% |
| 2 | 10 | 6 | QF_LIA | 233 | 1.0216 | 232 | 99.6% |
| 2 | 10 | 6 | QF_NRA | 166 | 53.8147 | 93 | 56.0% |
| 2 | 10 | 7 | QF_BV | 239 | 2.5122 | 238 | 99.6% |
| 2 | 10 | 7 | QF_LIA | 233 | 21.6041 | 196 | 84.1% |
| 2 | 10 | 7 | QF_NRA | 135 | 2.8134 | 132 | 97.8% |
| 2 | 10 | 8 | QF_BV | 208 | 105.6802 | 34 | 16.4% |
| 2 | 10 | 8 | QF_LIA | 121 | 2.1587 | 121 | 100.0% |
| 2 | 10 | 8 | QF_NRA | 112 | 9.0839 | 104 | 92.9% |
| 2 | 10 | 9 | QF_BV | 200 | 76.714 | 78 | 39.0% |
| 2 | 10 | 9 | QF_LIA | 108 | 63.1241 | 56 | 51.8% |
| 2 | 10 | 9 | QF_NRA | 69 | 113.1979 | 4 | 5.8% |

