SMT environment loaded from /dcs/large/u5573765
=== Task 4: /dcs/23/u5573765/cs351/smt-ablation-machsmt/ablations/templates/max_score_sweep.yaml ===
Experiment: ABL-MS01
  Knob: max_score
  Values: [60, 120, 240]
  Reference max_score=120
  Suite: suite_9k, Portfolio: 7
  Logics: ['QF_BV', 'QF_LIA', 'QF_NRA']
  K-fold: 5
======================================================================
Experiment: ABL-MS01
  Knob: max_score
  Values: [60, 120, 240]
  Logics: ['QF_BV', 'QF_LIA', 'QF_NRA']
======================================================================
Loaded 9000 benchmarks from suite_9k
Filtered to 9000 benchmarks for logics: ['QF_BV', 'QF_LIA', 'QF_NRA']

============================================================
Variant 0: max_score=60
  k-fold=5
============================================================
