SMT environment loaded from /dcs/large/u5573765
=== Task 5: /dcs/23/u5573765/cs351/smt-ablation-machsmt/ablations/templates/min_datapoints_sweep.yaml ===
Experiment: ABL-DP01
  Knob: min_datapoints
  Values: [3, 5, 10]
  Reference min_datapoints=3
  Suite: suite_9k, Portfolio: 7
  Logics: ['QF_BV', 'QF_LIA', 'QF_NRA']
  K-fold: 5
======================================================================
Experiment: ABL-DP01
  Knob: min_datapoints
  Values: [3, 5, 10]
  Logics: ['QF_BV', 'QF_LIA', 'QF_NRA']
======================================================================
Loaded 9000 benchmarks from suite_9k
Filtered to 9000 benchmarks for logics: ['QF_BV', 'QF_LIA', 'QF_NRA']

============================================================
Variant 0: min_datapoints=3
  k-fold=5
============================================================
