SMT environment loaded from /dcs/large/u5573765
=== Task 1: /dcs/23/u5573765/cs351/smt-ablation-machsmt/ablations/templates/greedy_toggle.yaml ===
Experiment: ABL-GR01
  Knob: greedy
  Values: [True, False]
  Reference greedy=True
  Suite: suite_9k, Portfolio: 7
  Logics: ['QF_BV', 'QF_LIA', 'QF_NRA']
  K-fold: 5
======================================================================
Experiment: ABL-GR01
  Knob: greedy
  Values: [True, False]
  Logics: ['QF_BV', 'QF_LIA', 'QF_NRA']
======================================================================
Loaded 9000 benchmarks from suite_9k
Filtered to 9000 benchmarks for logics: ['QF_BV', 'QF_LIA', 'QF_NRA']

============================================================
Variant 0: greedy=True
  k-fold=5
============================================================
