SMT environment loaded from /dcs/large/u5573765
=== Task 0: /dcs/23/u5573765/cs351/smt-ablation-machsmt/ablations/templates/feature_timeout_sweep.yaml ===
Experiment: ABL-FT01
  Knob: feature_timeout
  Values: [5, 10, 30]
  Reference feature_timeout=10
  Suite: suite_9k, Portfolio: 7
  Logics: ['QF_BV', 'QF_LIA', 'QF_NRA']
  K-fold: 5
======================================================================
Experiment: ABL-FT01
  Knob: feature_timeout
  Values: [5, 10, 30]
  Logics: ['QF_BV', 'QF_LIA', 'QF_NRA']
======================================================================
Loaded 9000 benchmarks from suite_9k
Filtered to 9000 benchmarks for logics: ['QF_BV', 'QF_LIA', 'QF_NRA']
Pre-parsing benchmarks with feature_timeout=5...
  Parsed 500/9000 benchmarks
  Parsed 1000/9000 benchmarks
  Parsed 1500/9000 benchmarks
  Parsed 2000/9000 benchmarks
  Parsed 2500/9000 benchmarks
  Parsed 3000/9000 benchmarks
  Parsed 3500/9000 benchmarks
  Parsed 4000/9000 benchmarks
  Parsed 4500/9000 benchmarks
  Parsed 5000/9000 benchmarks
  Parsed 5500/9000 benchmarks
  Parsed 6000/9000 benchmarks
  Parsed 6500/9000 benchmarks
  Parsed 7000/9000 benchmarks
  Parsed 7500/9000 benchmarks
  Parsed 8000/9000 benchmarks
  Parsed 8500/9000 benchmarks
  Parsed 9000/9000 benchmarks
Pre-parsing benchmarks with feature_timeout=10...
  Parsed 500/9000 benchmarks
  Parsed 1000/9000 benchmarks
  Parsed 1500/9000 benchmarks
  Parsed 2000/9000 benchmarks
  Parsed 2500/9000 benchmarks
  Parsed 3000/9000 benchmarks
  Parsed 3500/9000 benchmarks
  Parsed 4000/9000 benchmarks
  Parsed 4500/9000 benchmarks
  Parsed 5000/9000 benchmarks
  Parsed 5500/9000 benchmarks
  Parsed 6000/9000 benchmarks
  Parsed 6500/9000 benchmarks
  Parsed 7000/9000 benchmarks
  Parsed 7500/9000 benchmarks
  Parsed 8000/9000 benchmarks
  Parsed 8500/9000 benchmarks
  Parsed 9000/9000 benchmarks
Pre-parsing benchmarks with feature_timeout=30...
  Parsed 500/9000 benchmarks
  Parsed 1000/9000 benchmarks
  Parsed 1500/9000 benchmarks
  Parsed 2000/9000 benchmarks
  Parsed 2500/9000 benchmarks
  Parsed 3000/9000 benchmarks
  Parsed 3500/9000 benchmarks
  Parsed 4000/9000 benchmarks
  Parsed 4500/9000 benchmarks
  Parsed 5000/9000 benchmarks
  Parsed 5500/9000 benchmarks
  Parsed 6000/9000 benchmarks
  Parsed 6500/9000 benchmarks
  Parsed 7000/9000 benchmarks
  Parsed 7500/9000 benchmarks
  Parsed 8000/9000 benchmarks
  Parsed 8500/9000 benchmarks
  Parsed 9000/9000 benchmarks
Cached features for 9000 benchmarks

============================================================
Variant 0: feature_timeout=5
  k-fold=5
============================================================
  Fold 0 QF_BV: avg_par2=27.361, solved=551/702 (78.5%)
  Fold 0 QF_LIA: avg_par2=27.703, solved=476/575 (82.8%)
  Fold 0 QF_NRA: avg_par2=0.655, solved=879/882 (99.7%)
  Fold 1 QF_BV: avg_par2=70.211, solved=247/550 (44.9%)
  Fold 1 QF_LIA: avg_par2=12.081, solved=496/541 (91.7%)
  Fold 1 QF_NRA: avg_par2=13.383, solved=456/512 (89.1%)
  Fold 2 QF_BV: avg_par2=2.018, solved=552/556 (99.3%)
  Fold 2 QF_LIA: avg_par2=3.425, solved=639/649 (98.5%)
  Fold 2 QF_NRA: avg_par2=28.819, solved=404/480 (84.2%)
  Fold 3 QF_BV: avg_par2=11.433, solved=546/589 (92.7%)
  Fold 3 QF_LIA: avg_par2=24.213, solved=525/647 (81.1%)
  Fold 3 QF_NRA: avg_par2=79.015, solved=230/544 (42.3%)
  Fold 4 QF_BV: avg_par2=54.182, solved=337/603 (55.9%)
  Fold 4 QF_LIA: avg_par2=59.249, solved=300/588 (51.0%)
  Fold 4 QF_NRA: avg_par2=4.099, solved=564/582 (96.9%)

============================================================
Variant 1: feature_timeout=10
  k-fold=5
============================================================
  Fold 0 QF_BV: avg_par2=27.361, solved=551/702 (78.5%)
  Fold 0 QF_LIA: avg_par2=27.703, solved=476/575 (82.8%)
  Fold 0 QF_NRA: avg_par2=0.655, solved=879/882 (99.7%)
  Fold 1 QF_BV: avg_par2=70.211, solved=247/550 (44.9%)
  Fold 1 QF_LIA: avg_par2=12.081, solved=496/541 (91.7%)
  Fold 1 QF_NRA: avg_par2=13.383, solved=456/512 (89.1%)
  Fold 2 QF_BV: avg_par2=2.018, solved=552/556 (99.3%)
  Fold 2 QF_LIA: avg_par2=3.425, solved=639/649 (98.5%)
  Fold 2 QF_NRA: avg_par2=28.819, solved=404/480 (84.2%)
  Fold 3 QF_BV: avg_par2=11.433, solved=546/589 (92.7%)
  Fold 3 QF_LIA: avg_par2=24.213, solved=525/647 (81.1%)
  Fold 3 QF_NRA: avg_par2=79.015, solved=230/544 (42.3%)
  Fold 4 QF_BV: avg_par2=54.182, solved=337/603 (55.9%)
  Fold 4 QF_LIA: avg_par2=59.249, solved=300/588 (51.0%)
  Fold 4 QF_NRA: avg_par2=4.099, solved=564/582 (96.9%)

============================================================
Variant 2: feature_timeout=30
  k-fold=5
============================================================
  Fold 0 QF_BV: avg_par2=27.361, solved=551/702 (78.5%)
  Fold 0 QF_LIA: avg_par2=27.703, solved=476/575 (82.8%)
  Fold 0 QF_NRA: avg_par2=0.655, solved=879/882 (99.7%)
  Fold 1 QF_BV: avg_par2=70.211, solved=247/550 (44.9%)
  Fold 1 QF_LIA: avg_par2=12.081, solved=496/541 (91.7%)
  Fold 1 QF_NRA: avg_par2=13.383, solved=456/512 (89.1%)
  Fold 2 QF_BV: avg_par2=2.018, solved=552/556 (99.3%)
  Fold 2 QF_LIA: avg_par2=3.425, solved=639/649 (98.5%)
  Fold 2 QF_NRA: avg_par2=28.819, solved=404/480 (84.2%)
  Fold 3 QF_BV: avg_par2=11.433, solved=546/589 (92.7%)
  Fold 3 QF_LIA: avg_par2=24.213, solved=525/647 (81.1%)
  Fold 3 QF_NRA: avg_par2=79.015, solved=230/544 (42.3%)
  Fold 4 QF_BV: avg_par2=54.182, solved=337/603 (55.9%)
  Fold 4 QF_LIA: avg_par2=59.249, solved=300/588 (51.0%)
  Fold 4 QF_NRA: avg_par2=4.099, solved=564/582 (96.9%)

Experiment ABL-FT01 completed.
  Runs CSV:    /dcs/23/u5573765/cs351/smt-ablation-machsmt/ablations/results/ABL-FT01_runs.csv
  Summary CSV: /dcs/23/u5573765/cs351/smt-ablation-machsmt/ablations/results/ABL-FT01_summary.csv

# Ablation Report: ABL-FT01

**Hypothesis**: Longer feature extraction timeout may capture richer features for complex benchmarks
**Knob**: feature_timeout
**Values**: [5, 10, 30]

## QF_BV

| Variant | Value | Mean PAR-2 | Std PAR-2 | Solve Rate | Folds | Delta vs Ref |
|---------|-------|------------|-----------|------------|-------|--------------|
| 0 | 5 | 33.0407 | 28.6799 | 74.2% | 5 | 0.0000 |
| 1 | 10 | 33.0407 | 28.6799 | 74.2% | 5 | 0.0000 |
| 2 | 30 | 33.0407 | 28.6799 | 74.2% | 5 | 0.0000 |

## QF_LIA

| Variant | Value | Mean PAR-2 | Std PAR-2 | Solve Rate | Folds | Delta vs Ref |
|---------|-------|------------|-----------|------------|-------|--------------|
| 0 | 5 | 25.3343 | 21.2881 | 81.0% | 5 | 0.0000 |
| 1 | 10 | 25.3343 | 21.2881 | 81.0% | 5 | 0.0000 |
| 2 | 30 | 25.3343 | 21.2881 | 81.0% | 5 | 0.0000 |

## QF_NRA

| Variant | Value | Mean PAR-2 | Std PAR-2 | Solve Rate | Folds | Delta vs Ref |
|---------|-------|------------|-----------|------------|-------|--------------|
| 0 | 5 | 25.1943 | 32.0023 | 82.4% | 5 | 0.0000 |
| 1 | 10 | 25.1943 | 32.0023 | 82.4% | 5 | 0.0000 |
| 2 | 30 | 25.1943 | 32.0023 | 82.4% | 5 | 0.0000 |

## Per-Fold Details

| Variant | Value | Fold | Logic | Instances | Avg PAR-2 | Solved | Solve Rate |
|---------|-------|------|-------|-----------|-----------|--------|------------|
| 0 | 5 | 0 | QF_BV | 702 | 27.3605 | 551 | 78.5% |
| 0 | 5 | 0 | QF_LIA | 575 | 27.7029 | 476 | 82.8% |
| 0 | 5 | 0 | QF_NRA | 882 | 0.6547 | 879 | 99.7% |
| 0 | 5 | 1 | QF_BV | 550 | 70.2107 | 247 | 44.9% |
| 0 | 5 | 1 | QF_LIA | 541 | 12.0809 | 496 | 91.7% |
| 0 | 5 | 1 | QF_NRA | 512 | 13.3831 | 456 | 89.1% |
| 0 | 5 | 2 | QF_BV | 556 | 2.0178 | 552 | 99.3% |
| 0 | 5 | 2 | QF_LIA | 649 | 3.4255 | 639 | 98.5% |
| 0 | 5 | 2 | QF_NRA | 480 | 28.8193 | 404 | 84.2% |
| 0 | 5 | 3 | QF_BV | 589 | 11.4327 | 546 | 92.7% |
| 0 | 5 | 3 | QF_LIA | 647 | 24.2132 | 525 | 81.1% |
| 0 | 5 | 3 | QF_NRA | 544 | 79.0155 | 230 | 42.3% |
| 0 | 5 | 4 | QF_BV | 603 | 54.1819 | 337 | 55.9% |
| 0 | 5 | 4 | QF_LIA | 588 | 59.2491 | 300 | 51.0% |
| 0 | 5 | 4 | QF_NRA | 582 | 4.0988 | 564 | 96.9% |
| 1 | 10 | 0 | QF_BV | 702 | 27.3605 | 551 | 78.5% |
| 1 | 10 | 0 | QF_LIA | 575 | 27.7029 | 476 | 82.8% |
| 1 | 10 | 0 | QF_NRA | 882 | 0.6547 | 879 | 99.7% |
| 1 | 10 | 1 | QF_BV | 550 | 70.2107 | 247 | 44.9% |
| 1 | 10 | 1 | QF_LIA | 541 | 12.0809 | 496 | 91.7% |
| 1 | 10 | 1 | QF_NRA | 512 | 13.3831 | 456 | 89.1% |
| 1 | 10 | 2 | QF_BV | 556 | 2.0178 | 552 | 99.3% |
| 1 | 10 | 2 | QF_LIA | 649 | 3.4255 | 639 | 98.5% |
| 1 | 10 | 2 | QF_NRA | 480 | 28.8193 | 404 | 84.2% |
| 1 | 10 | 3 | QF_BV | 589 | 11.4327 | 546 | 92.7% |
| 1 | 10 | 3 | QF_LIA | 647 | 24.2132 | 525 | 81.1% |
| 1 | 10 | 3 | QF_NRA | 544 | 79.0155 | 230 | 42.3% |
| 1 | 10 | 4 | QF_BV | 603 | 54.1819 | 337 | 55.9% |
| 1 | 10 | 4 | QF_LIA | 588 | 59.2491 | 300 | 51.0% |
| 1 | 10 | 4 | QF_NRA | 582 | 4.0988 | 564 | 96.9% |
| 2 | 30 | 0 | QF_BV | 702 | 27.3605 | 551 | 78.5% |
| 2 | 30 | 0 | QF_LIA | 575 | 27.7029 | 476 | 82.8% |
| 2 | 30 | 0 | QF_NRA | 882 | 0.6547 | 879 | 99.7% |
| 2 | 30 | 1 | QF_BV | 550 | 70.2107 | 247 | 44.9% |
| 2 | 30 | 1 | QF_LIA | 541 | 12.0809 | 496 | 91.7% |
| 2 | 30 | 1 | QF_NRA | 512 | 13.3831 | 456 | 89.1% |
| 2 | 30 | 2 | QF_BV | 556 | 2.0178 | 552 | 99.3% |
| 2 | 30 | 2 | QF_LIA | 649 | 3.4255 | 639 | 98.5% |
| 2 | 30 | 2 | QF_NRA | 480 | 28.8193 | 404 | 84.2% |
| 2 | 30 | 3 | QF_BV | 589 | 11.4327 | 546 | 92.7% |
| 2 | 30 | 3 | QF_LIA | 647 | 24.2132 | 525 | 81.1% |
| 2 | 30 | 3 | QF_NRA | 544 | 79.0155 | 230 | 42.3% |
| 2 | 30 | 4 | QF_BV | 603 | 54.1819 | 337 | 55.9% |
| 2 | 30 | 4 | QF_LIA | 588 | 59.2491 | 300 | 51.0% |
| 2 | 30 | 4 | QF_NRA | 582 | 4.0988 | 564 | 96.9% |

