SMT environment loaded from /dcs/large/u5573765
=== Task 6: /dcs/23/u5573765/cs351/smt-ablation-machsmt/ablations/templates/ml_core_sweep.yaml ===
Experiment: ABL-ML01
  Knob: ml_core
  Values: ['scikit', 'xgboost', 'torch']
  Reference ml_core=scikit
  Suite: suite_9k, Portfolio: 7
  Logics: ['QF_BV', 'QF_LIA', 'QF_NRA']
  K-fold: 5
======================================================================
Experiment: ABL-ML01
  Knob: ml_core
  Values: ['scikit', 'xgboost', 'torch']
  Logics: ['QF_BV', 'QF_LIA', 'QF_NRA']
======================================================================
Loaded 9000 benchmarks from suite_9k
Filtered to 9000 benchmarks for logics: ['QF_BV', 'QF_LIA', 'QF_NRA']

============================================================
Variant 0: ml_core=scikit
  k-fold=5
============================================================
Parsing Input File |████████████████████████████████████████| 13788/13788 [100%] in 0.4s (33518.46/s) 
on 27: [machsmt] warning: Timeout after 10 seconds of compute_core_features on Benchmark(self.path=data/benchmarks/suite_9k/QF_BV/20221012-MCMPC/dualexecution.t1.i15.fb1699bf.smt2, len(self.solvers)=6, self.logic=QF_BV)
on 722: [machsmt] warning: Timeout after 10 seconds of compute_core_features on Benchmark(self.path=data/benchmarks/suite_9k/QF_BV/asp/channrlRoute.in6.smt2, len(self.solvers)=6, self.logic=QF_BV)
on 742: [machsmt] warning: Timeout after 10 seconds of compute_core_features on Benchmark(self.path=data/benchmarks/suite_9k/QF_BV/asp/disjunctiveScheduling.in7.smt2, len(self.solvers)=6, self.logic=QF_BV)
on 742: [machsmt] warning: Timeout after 10 seconds of compute_core_features on Benchmark(self.path=data/benchmarks/suite_9k/QF_BV/asp/disjunctiveScheduling.in9.smt2, len(self.solvers)=6, self.logic=QF_BV)
on 799: [machsmt] warning: Timeout after 10 seconds of compute_core_features on Benchmark(self.path=data/benchmarks/suite_9k/QF_BV/asp/knightTour.in07.smt2, len(self.solvers)=6, self.logic=QF_BV)
on 800: [machsmt] warning: Timeout after 10 seconds of compute_core_features on Benchmark(self.path=data/benchmarks/suite_9k/QF_BV/asp/knightTour.in09.smt2, len(self.solvers)=6, self.logic=QF_BV)
on 801: [machsmt] warning: Timeout after 10 seconds of compute_core_features on Benchmark(self.path=data/benchmarks/suite_9k/QF_BV/asp/knightTour.in08.smt2, len(self.solvers)=6, self.logic=QF_BV)
on 802: [machsmt] warning: Timeout after 10 seconds of compute_core_features on Benchmark(self.path=data/benchmarks/suite_9k/QF_BV/asp/laby_17_17_02.lp.smt2, len(self.solvers)=6, self.logic=QF_BV)
on 803: [machsmt] warning: Timeout after 10 seconds of compute_core_features on Benchmark(self.path=data/benchmarks/suite_9k/QF_BV/asp/laby_17_17_09.lp.smt2, len(self.solvers)=6, self.logic=QF_BV)
on 804: [machsmt] warning: Timeout after 10 seconds of compute_core_features on Benchmark(self.path=data/benchmarks/suite_9k/QF_BV/asp/laby_17_17_07.lp.smt2, len(self.solvers)=6, self.logic=QF_BV)
on 805: [machsmt] warning: Timeout after 10 seconds of compute_core_features on Benchmark(self.path=data/benchmarks/suite_9k/QF_BV/asp/laby_18_18_04.lp.smt2, len(self.solvers)=6, self.logic=QF_BV)
on 806: [machsmt] warning: Timeout after 10 seconds of compute_core_features on Benchmark(self.path=data/benchmarks/suite_9k/QF_BV/asp/laby_18_18_11.lp.smt2, len(self.solvers)=6, self.logic=QF_BV)
on 807: [machsmt] warning: Timeout after 10 seconds of compute_core_features on Benchmark(self.path=data/benchmarks/suite_9k/QF_BV/asp/laby_18_18_13.lp.smt2, len(self.solvers)=6, self.logic=QF_BV)
on 808: [machsmt] warning: Timeout after 10 seconds of compute_core_features on Benchmark(self.path=data/benchmarks/suite_9k/QF_BV/asp/laby_18_18_14.lp.smt2, len(self.solvers)=6, self.logic=QF_BV)
on 809: [machsmt] warning: Timeout after 10 seconds of compute_core_features on Benchmark(self.path=data/benchmarks/suite_9k/QF_BV/asp/laby_19_19_14.lp.smt2, len(self.solvers)=6, self.logic=QF_BV)
on 810: [machsmt] warning: Timeout after 10 seconds of compute_core_features on Benchmark(self.path=data/benchmarks/suite_9k/QF_BV/asp/laby_19_19_17.lp.smt2, len(self.solvers)=6, self.logic=QF_BV)
on 811: [machsmt] warning: Timeout after 10 seconds of compute_core_features on Benchmark(self.path=data/benchmarks/suite_9k/QF_BV/asp/laby_19_19_19.lp.smt2, len(self.solvers)=6, self.logic=QF_BV)
on 813: [machsmt] warning: Timeout after 10 seconds of compute_core_features on Benchmark(self.path=data/benchmarks/suite_9k/QF_BV/asp/laby_20_20_04.lp.smt2, len(self.solvers)=6, self.logic=QF_BV)
on 814: [machsmt] warning: Timeout after 10 seconds of compute_core_features on Benchmark(self.path=data/benchmarks/suite_9k/QF_BV/asp/laby_21_21_05.lp.smt2, len(self.solvers)=6, self.logic=QF_BV)
on 815: [machsmt] warning: Timeout after 10 seconds of compute_core_features on Benchmark(self.path=data/benchmarks/suite_9k/QF_BV/asp/laby_21_21_01.lp.smt2, len(self.solvers)=6, self.logic=QF_BV)
on 816: [machsmt] warning: Timeout after 10 seconds of compute_core_features on Benchmark(self.path=data/benchmarks/suite_9k/QF_BV/asp/laby_21_21_16.lp.smt2, len(self.solvers)=6, self.logic=QF_BV)
on 817: [machsmt] warning: Timeout after 10 seconds of compute_core_features on Benchmark(self.path=data/benchmarks/suite_9k/QF_BV/asp/laby_21_21_18.lp.smt2, len(self.solvers)=6, self.logic=QF_BV)
on 818: [machsmt] warning: Timeout after 10 seconds of compute_core_features on Benchmark(self.path=data/benchmarks/suite_9k/QF_BV/asp/laby_22_22_09.lp.smt2, len(self.solvers)=6, self.logic=QF_BV)
on 819: [machsmt] warning: Timeout after 10 seconds of compute_core_features on Benchmark(self.path=data/benchmarks/suite_9k/QF_BV/asp/laby_22_22_08.lp.smt2, len(self.solvers)=6, self.logic=QF_BV)
on 838: [machsmt] warning: Timeout after 10 seconds of compute_core_features on Benchmark(self.path=data/benchmarks/suite_9k/QF_BV/asp/laby_22_22_11.lp.smt2, len(self.solvers)=6, self.logic=QF_BV)
Processing Benchmark Files |████████████████████████████████████████| 2298/2298 [100%] in 11:02.8 (3.47/s) 
  Fold 0 QF_BV: avg_par2=22.330, solved=577/702 (82.2%)
Parsing Input File |████████████████████████████████████████| 14550/14550 [100%] in 0.1s (145734.76/s) 
Processing Benchmark Files |████████████████████████████████████████| 2425/2425 [100%] in 44.7s (54.28/s) 
  Fold 0 QF_LIA: avg_par2=30.610, solved=473/575 (82.3%)
Parsing Input File |████████████████████████████████████████| 12708/12708 [100%] in 0.1s (146878.75/s) 
Processing Benchmark Files |████████████████████████████████████████| 2118/2118 [100%] in 2:12.0 (16.05/s) 
  Fold 0 QF_NRA: avg_par2=1.227, solved=875/882 (99.2%)
Parsing Input File |████████████████████████████████████████| 14700/14700 [100%] in 0.2s (71278.67/s) 
on 227: [machsmt] warning: Timeout after 10 seconds of compute_core_features on Benchmark(self.path=data/benchmarks/suite_9k/QF_BV/20221012-MCMPC/dualexecution.t1.i15.fb1699bf.smt2, len(self.solvers)=6, self.logic=QF_BV)
on 580: [machsmt] warning: Timeout after 10 seconds of compute_core_features on Benchmark(self.path=data/benchmarks/suite_9k/QF_BV/asp/channrlRoute.in6.smt2, len(self.solvers)=6, self.logic=QF_BV)
on 582: [machsmt] warning: Timeout after 10 seconds of compute_core_features on Benchmark(self.path=data/benchmarks/suite_9k/QF_BV/asp/disjunctiveScheduling.in1.smt2, len(self.solvers)=6, self.logic=QF_BV)
on 601: [machsmt] warning: Timeout after 10 seconds of compute_core_features on Benchmark(self.path=data/benchmarks/suite_9k/QF_BV/asp/disjunctiveScheduling.in9.smt2, len(self.solvers)=6, self.logic=QF_BV)
on 602: [machsmt] warning: Timeout after 10 seconds of compute_core_features on Benchmark(self.path=data/benchmarks/suite_9k/QF_BV/asp/edge-matching-width=10-height=10-colours=11.smt2, len(self.solvers)=6, self.logic=QF_BV)
on 615: [machsmt] warning: Timeout after 10 seconds of compute_core_features on Benchmark(self.path=data/benchmarks/suite_9k/QF_BV/asp/edge-matching-width=9-height=9-colours=10.smt2, len(self.solvers)=6, self.logic=QF_BV)
on 658: [machsmt] warning: Timeout after 10 seconds of compute_core_features on Benchmark(self.path=data/benchmarks/suite_9k/QF_BV/asp/knightTour.in08.smt2, len(self.solvers)=6, self.logic=QF_BV)
on 659: [machsmt] warning: Timeout after 10 seconds of compute_core_features on Benchmark(self.path=data/benchmarks/suite_9k/QF_BV/asp/knightTour.in09.smt2, len(self.solvers)=6, self.logic=QF_BV)
on 663: [machsmt] warning: Timeout after 10 seconds of compute_core_features on Benchmark(self.path=data/benchmarks/suite_9k/QF_BV/asp/laby_17_17_07.lp.smt2, len(self.solvers)=6, self.logic=QF_BV)
on 666: [machsmt] warning: Timeout after 10 seconds of compute_core_features on Benchmark(self.path=data/benchmarks/suite_9k/QF_BV/asp/laby_18_18_14.lp.smt2, len(self.solvers)=6, self.logic=QF_BV)
on 667: [machsmt] warning: Timeout after 10 seconds of compute_core_features on Benchmark(self.path=data/benchmarks/suite_9k/QF_BV/asp/laby_19_19_14.lp.smt2, len(self.solvers)=6, self.logic=QF_BV)
on 669: [machsmt] warning: Timeout after 10 seconds of compute_core_features on Benchmark(self.path=data/benchmarks/suite_9k/QF_BV/asp/laby_21_21_01.lp.smt2, len(self.solvers)=6, self.logic=QF_BV)
on 670: [machsmt] warning: Timeout after 10 seconds of compute_core_features on Benchmark(self.path=data/benchmarks/suite_9k/QF_BV/asp/laby_20_20_04.lp.smt2, len(self.solvers)=6, self.logic=QF_BV)
on 671: [machsmt] warning: Timeout after 10 seconds of compute_core_features on Benchmark(self.path=data/benchmarks/suite_9k/QF_BV/asp/laby_19_19_17.lp.smt2, len(self.solvers)=6, self.logic=QF_BV)
on 674: [machsmt] warning: Timeout after 10 seconds of compute_core_features on Benchmark(self.path=data/benchmarks/suite_9k/QF_BV/asp/laby_21_21_16.lp.smt2, len(self.solvers)=6, self.logic=QF_BV)
on 675: [machsmt] warning: Timeout after 10 seconds of compute_core_features on Benchmark(self.path=data/benchmarks/suite_9k/QF_BV/asp/laby_21_21_18.lp.smt2, len(self.solvers)=6, self.logic=QF_BV)
on 676: [machsmt] warning: Timeout after 10 seconds of compute_core_features on Benchmark(self.path=data/benchmarks/suite_9k/QF_BV/asp/laby_22_22_11.lp.smt2, len(self.solvers)=6, self.logic=QF_BV)
on 679: [machsmt] warning: Timeout after 10 seconds of compute_core_features on Benchmark(self.path=data/benchmarks/suite_9k/QF_BV/asp/laby_22_22_09.lp.smt2, len(self.solvers)=6, self.logic=QF_BV)
on 680: [machsmt] warning: Timeout after 10 seconds of compute_core_features on Benchmark(self.path=data/benchmarks/suite_9k/QF_BV/asp/laby_22_22_13.lp.smt2, len(self.solvers)=6, self.logic=QF_BV)
on 711: [machsmt] warning: Timeout after 10 seconds of compute_core_features on Benchmark(self.path=data/benchmarks/suite_9k/QF_BV/asp/laby_22_22_19.lp.smt2, len(self.solvers)=6, self.logic=QF_BV)
Processing Benchmark Files |████████████████████████████████████████| 2450/2450 [100%] in 11:00.2 (3.71/s) 
  Fold 1 QF_BV: avg_par2=64.989, solved=271/550 (49.3%)
Parsing Input File |████████████████████████████████████████| 14754/14754 [100%] in 0.1s (152035.98/s) 
Processing Benchmark Files |████████████████████████████████████████| 2459/2459 [100%] in 1:23.9 (29.29/s) 
  Fold 1 QF_LIA: avg_par2=7.336, solved=518/541 (95.7%)
Parsing Input File |████████████████████████████████████████| 14928/14928 [100%] in 0.1s (142139.58/s) 
Processing Benchmark Files |████████████████████████████████████████| 2488/2488 [100%] in 2:00.3 (20.67/s) 
  Fold 1 QF_NRA: avg_par2=11.139, solved=476/512 (93.0%)
Parsing Input File |████████████████████████████████████████| 14664/14664 [100%] in 0.1s (153949.76/s) 
on 605: [machsmt] warning: Timeout after 10 seconds of compute_core_features on Benchmark(self.path=data/benchmarks/suite_9k/QF_BV/asp/disjunctiveScheduling.in1.smt2, len(self.solvers)=6, self.logic=QF_BV)[machsmt] warning: Timeout after 10 seconds of compute_core_features on Benchmark(self.path=data/benchmarks/suite_9k/QF_BV/asp/channelRoute.in5.smt2, len(self.solvers)=6, self.logic=QF_BV)

on 625: [machsmt] warning: Timeout after 10 seconds of compute_core_features on Benchmark(self.path=data/benchmarks/suite_9k/QF_BV/asp/disjunctiveScheduling.in7.smt2, len(self.solvers)=6, self.logic=QF_BV)
on 626: [machsmt] warning: Timeout after 10 seconds of compute_core_features on Benchmark(self.path=data/benchmarks/suite_9k/QF_BV/asp/disjunctiveScheduling.in9.smt2, len(self.solvers)=6, self.logic=QF_BV)
on 682: [machsmt] warning: Timeout after 10 seconds of compute_core_features on Benchmark(self.path=data/benchmarks/suite_9k/QF_BV/asp/knightTour.in07.smt2, len(self.solvers)=6, self.logic=QF_BV)
on 683: [machsmt] warning: Timeout after 10 seconds of compute_core_features on Benchmark(self.path=data/benchmarks/suite_9k/QF_BV/asp/knightTour.in08.smt2, len(self.solvers)=6, self.logic=QF_BV)
on 684: [machsmt] warning: Timeout after 10 seconds of compute_core_features on Benchmark(self.path=data/benchmarks/suite_9k/QF_BV/asp/knightTour.in09.smt2, len(self.solvers)=6, self.logic=QF_BV)
on 685: [machsmt] warning: Timeout after 10 seconds of compute_core_features on Benchmark(self.path=data/benchmarks/suite_9k/QF_BV/asp/laby_17_17_02.lp.smt2, len(self.solvers)=6, self.logic=QF_BV)
on 686: [machsmt] warning: Timeout after 10 seconds of compute_core_features on Benchmark(self.path=data/benchmarks/suite_9k/QF_BV/asp/laby_17_17_09.lp.smt2, len(self.solvers)=6, self.logic=QF_BV)
on 687: [machsmt] warning: Timeout after 10 seconds of compute_core_features on Benchmark(self.path=data/benchmarks/suite_9k/QF_BV/asp/laby_17_17_07.lp.smt2, len(self.solvers)=6, self.logic=QF_BV)
on 688: [machsmt] warning: Timeout after 10 seconds of compute_core_features on Benchmark(self.path=data/benchmarks/suite_9k/QF_BV/asp/laby_18_18_04.lp.smt2, len(self.solvers)=6, self.logic=QF_BV)
on 691: [machsmt] warning: Timeout after 10 seconds of compute_core_features on Benchmark(self.path=data/benchmarks/suite_9k/QF_BV/asp/laby_18_18_13.lp.smt2, len(self.solvers)=6, self.logic=QF_BV)
on 692: [machsmt] warning: Timeout after 10 seconds of compute_core_features on Benchmark(self.path=data/benchmarks/suite_9k/QF_BV/asp/laby_18_18_11.lp.smt2, len(self.solvers)=6, self.logic=QF_BV)
on 693: [machsmt] warning: Timeout after 10 seconds of compute_core_features on Benchmark(self.path=data/benchmarks/suite_9k/QF_BV/asp/laby_19_19_17.lp.smt2, len(self.solvers)=6, self.logic=QF_BV)
on 695: [machsmt] warning: Timeout after 10 seconds of compute_core_features on Benchmark(self.path=data/benchmarks/suite_9k/QF_BV/asp/laby_21_21_01.lp.smt2, len(self.solvers)=6, self.logic=QF_BV)
on 696: [machsmt] warning: Timeout after 10 seconds of compute_core_features on Benchmark(self.path=data/benchmarks/suite_9k/QF_BV/asp/laby_19_19_19.lp.smt2, len(self.solvers)=6, self.logic=QF_BV)
on 697: [machsmt] warning: Timeout after 10 seconds of compute_core_features on Benchmark(self.path=data/benchmarks/suite_9k/QF_BV/asp/laby_21_21_05.lp.smt2, len(self.solvers)=6, self.logic=QF_BV)
on 698: [machsmt] warning: Timeout after 10 seconds of compute_core_features on Benchmark(self.path=data/benchmarks/suite_9k/QF_BV/asp/laby_21_21_18.lp.smt2, len(self.solvers)=6, self.logic=QF_BV)
on 699: [machsmt] warning: Timeout after 10 seconds of compute_core_features on Benchmark(self.path=data/benchmarks/suite_9k/QF_BV/asp/laby_22_22_08.lp.smt2, len(self.solvers)=6, self.logic=QF_BV)
on 700: [machsmt] warning: Timeout after 10 seconds of compute_core_features on Benchmark(self.path=data/benchmarks/suite_9k/QF_BV/asp/laby_21_21_12.lp.smt2, len(self.solvers)=6, self.logic=QF_BV)
on 701: [machsmt] warning: Timeout after 10 seconds of compute_core_features on Benchmark(self.path=data/benchmarks/suite_9k/QF_BV/asp/laby_21_21_16.lp.smt2, len(self.solvers)=6, self.logic=QF_BV)
on 702: [machsmt] warning: Timeout after 10 seconds of compute_core_features on Benchmark(self.path=data/benchmarks/suite_9k/QF_BV/asp/laby_22_22_13.lp.smt2, len(self.solvers)=6, self.logic=QF_BV)
Processing Benchmark Files |████████████████████████████████████████| 2444/2444 [100%] in 10:26.7 (3.90/s) 
  Fold 2 QF_BV: avg_par2=2.453, solved=550/556 (98.9%)
Parsing Input File |████████████████████████████████████████| 14106/14106 [100%] in 0.1s (155323.09/s) 
Processing Benchmark Files |████████████████████████████████████████| 2351/2351 [100%] in 1:25.0 (27.65/s) 
  Fold 2 QF_LIA: avg_par2=6.276, solved=635/649 (97.8%)
Parsing Input File |████████████████████████████████████████| 15120/15120 [100%] in 0.1s (153087.15/s) 
Processing Benchmark Files |████████████████████████████████████████| 2520/2520 [100%] in 33.8s (74.57/s) 
  Fold 2 QF_NRA: avg_par2=30.453, solved=388/480 (80.8%)
Parsing Input File |████████████████████████████████████████| 14466/14466 [100%] in 0.1s (155922.18/s) 
on 227: [machsmt] warning: Timeout after 10 seconds of compute_core_features on Benchmark(self.path=data/benchmarks/suite_9k/QF_BV/20221012-MCMPC/dualexecution.t1.i15.fb1699bf.smt2, len(self.solvers)=6, self.logic=QF_BV)
on 943: [machsmt] warning: Timeout after 10 seconds of compute_core_features on Benchmark(self.path=data/benchmarks/suite_9k/QF_BV/asp/disjunctiveScheduling.in9.smt2, len(self.solvers)=6, self.logic=QF_BV)
on 944: [machsmt] warning: Timeout after 10 seconds of compute_core_features on Benchmark(self.path=data/benchmarks/suite_9k/QF_BV/asp/edge-matching-width=10-height=10-colours=11.smt2, len(self.solvers)=6, self.logic=QF_BV)
on 1001: [machsmt] warning: Timeout after 10 seconds of compute_core_features on Benchmark(self.path=data/benchmarks/suite_9k/QF_BV/asp/laby_17_17_02.lp.smt2, len(self.solvers)=6, self.logic=QF_BV)
on 1002: [machsmt] warning: Timeout after 10 seconds of compute_core_features on Benchmark(self.path=data/benchmarks/suite_9k/QF_BV/asp/knightTour.in09.smt2, len(self.solvers)=6, self.logic=QF_BV)
on 1003: [machsmt] warning: Timeout after 10 seconds of compute_core_features on Benchmark(self.path=data/benchmarks/suite_9k/QF_BV/asp/laby_17_17_07.lp.smt2, len(self.solvers)=6, self.logic=QF_BV)
on 1004: [machsmt] warning: Timeout after 10 seconds of compute_core_features on Benchmark(self.path=data/benchmarks/suite_9k/QF_BV/asp/laby_17_17_09.lp.smt2, len(self.solvers)=6, self.logic=QF_BV)
on 1005: [machsmt] warning: Timeout after 10 seconds of compute_core_features on Benchmark(self.path=data/benchmarks/suite_9k/QF_BV/asp/laby_18_18_04.lp.smt2, len(self.solvers)=6, self.logic=QF_BV)
on 1006: [machsmt] warning: Timeout after 10 seconds of compute_core_features on Benchmark(self.path=data/benchmarks/suite_9k/QF_BV/asp/laby_18_18_13.lp.smt2, len(self.solvers)=6, self.logic=QF_BV)
on 1006: [machsmt] warning: Timeout after 10 seconds of compute_core_features on Benchmark(self.path=data/benchmarks/suite_9k/QF_BV/asp/laby_18_18_11.lp.smt2, len(self.solvers)=6, self.logic=QF_BV)
on 1008: [machsmt] warning: Timeout after 10 seconds of compute_core_features on Benchmark(self.path=data/benchmarks/suite_9k/QF_BV/asp/laby_18_18_14.lp.smt2, len(self.solvers)=6, self.logic=QF_BV)
on 1009: [machsmt] warning: Timeout after 10 seconds of compute_core_features on Benchmark(self.path=data/benchmarks/suite_9k/QF_BV/asp/laby_19_19_14.lp.smt2, len(self.solvers)=6, self.logic=QF_BV)
on 1010: [machsmt] warning: Timeout after 10 seconds of compute_core_features on Benchmark(self.path=data/benchmarks/suite_9k/QF_BV/asp/laby_19_19_19.lp.smt2, len(self.solvers)=6, self.logic=QF_BV)
on 1011: [machsmt] warning: Timeout after 10 seconds of compute_core_features on Benchmark(self.path=data/benchmarks/suite_9k/QF_BV/asp/laby_19_19_17.lp.smt2, len(self.solvers)=6, self.logic=QF_BV)
on 1012: [machsmt] warning: Timeout after 10 seconds of compute_core_features on Benchmark(self.path=data/benchmarks/suite_9k/QF_BV/asp/laby_20_20_04.lp.smt2, len(self.solvers)=6, self.logic=QF_BV)
on 1013: [machsmt] warning: Timeout after 10 seconds of compute_core_features on Benchmark(self.path=data/benchmarks/suite_9k/QF_BV/asp/laby_21_21_01.lp.smt2, len(self.solvers)=6, self.logic=QF_BV)
on 1015: [machsmt] warning: Timeout after 10 seconds of compute_core_features on Benchmark(self.path=data/benchmarks/suite_9k/QF_BV/asp/laby_21_21_12.lp.smt2, len(self.solvers)=6, self.logic=QF_BV)
on 1015: [machsmt] warning: Timeout after 10 seconds of compute_core_features on Benchmark(self.path=data/benchmarks/suite_9k/QF_BV/asp/laby_21_21_18.lp.smt2, len(self.solvers)=6, self.logic=QF_BV)
on 1017: [machsmt] warning: Timeout after 10 seconds of compute_core_features on Benchmark(self.path=data/benchmarks/suite_9k/QF_BV/asp/laby_21_21_16.lp.smt2, len(self.solvers)=6, self.logic=QF_BV)
on 1018: [machsmt] warning: Timeout after 10 seconds of compute_core_features on Benchmark(self.path=data/benchmarks/suite_9k/QF_BV/asp/laby_22_22_09.lp.smt2, len(self.solvers)=6, self.logic=QF_BV)
on 1019: [machsmt] warning: Timeout after 10 seconds of compute_core_features on Benchmark(self.path=data/benchmarks/suite_9k/QF_BV/asp/laby_22_22_11.lp.smt2, len(self.solvers)=6, self.logic=QF_BV)
on 1019: [machsmt] warning: Timeout after 10 seconds of compute_core_features on Benchmark(self.path=data/benchmarks/suite_9k/QF_BV/asp/laby_22_22_08.lp.smt2, len(self.solvers)=6, self.logic=QF_BV)
Processing Benchmark Files |████████████████████████████████████████| 2411/2411 [100%] in 12:22.3 (3.25/s) 
  Fold 3 QF_BV: avg_par2=5.082, solved=575/589 (97.6%)
Parsing Input File |████████████████████████████████████████| 14118/14118 [100%] in 0.1s (128273.08/s) 
Processing Benchmark Files |████████████████████████████████████████| 2353/2353 [100%] in 1:02.5 (37.63/s) 
  Fold 3 QF_LIA: avg_par2=29.692, solved=495/647 (76.5%)
Parsing Input File |████████████████████████████████████████| 14736/14736 [100%] in 0.1s (151897.51/s) 
Processing Benchmark Files |████████████████████████████████████████| 2456/2456 [100%] in 1:49.6 (22.41/s) 
  Fold 3 QF_NRA: avg_par2=78.554, solved=233/544 (42.8%)
Parsing Input File |████████████████████████████████████████| 14382/14382 [100%] in 0.1s (149662.93/s) 
on 226: [machsmt] warning: Timeout after 10 seconds of compute_core_features on Benchmark(self.path=data/benchmarks/suite_9k/QF_BV/20221012-MCMPC/dualexecution.t1.i15.ee376b59.smt2, len(self.solvers)=6, self.logic=QF_BV)
on 227: [machsmt] warning: Timeout after 10 seconds of compute_core_features on Benchmark(self.path=data/benchmarks/suite_9k/QF_BV/20221012-MCMPC/dualexecution.t1.i15.fb1699bf.smt2, len(self.solvers)=6, self.logic=QF_BV)
Processing Benchmark Files |████████████████████████████████████████| 2397/2397 [100%] in 5:41.0 (7.03/s) 
  Fold 4 QF_BV: avg_par2=35.932, solved=432/603 (71.6%)
Parsing Input File |████████████████████████████████████████| 14472/14472 [100%] in 0.1s (156027.01/s) 
Processing Benchmark Files |████████████████████████████████████████| 2412/2412 [100%] in 1:30.0 (26.81/s) 
  Fold 4 QF_LIA: avg_par2=61.944, solved=287/588 (48.8%)
Parsing Input File |████████████████████████████████████████| 14508/14508 [100%] in 0.1s (150306.29/s) 
Processing Benchmark Files |████████████████████████████████████████| 2418/2418 [100%] in 2:10.9 (18.47/s) 
  Fold 4 QF_NRA: avg_par2=6.202, solved=554/582 (95.2%)

============================================================
Variant 1: ml_core=xgboost
  k-fold=5
============================================================
Parsing Input File |████████████████████████████████████████| 13788/13788 [100%] in 0.2s (65060.95/s) 
on 27: [machsmt] warning: Timeout after 10 seconds of compute_core_features on Benchmark(self.path=data/benchmarks/suite_9k/QF_BV/20221012-MCMPC/dualexecution.t1.i15.fb1699bf.smt2, len(self.solvers)=6, self.logic=QF_BV)
on 722: [machsmt] warning: Timeout after 10 seconds of compute_core_features on Benchmark(self.path=data/benchmarks/suite_9k/QF_BV/asp/altair1.9.asp.smt2, len(self.solvers)=6, self.logic=QF_BV)
on 742: [machsmt] warning: Timeout after 10 seconds of compute_core_features on Benchmark(self.path=data/benchmarks/suite_9k/QF_BV/asp/disjunctiveScheduling.in9.smt2, len(self.solvers)=6, self.logic=QF_BV)
on 800: [machsmt] warning: Timeout after 10 seconds of compute_core_features on Benchmark(self.path=data/benchmarks/suite_9k/QF_BV/asp/knightTour.in09.smt2, len(self.solvers)=6, self.logic=QF_BV)
on 801: [machsmt] warning: Timeout after 10 seconds of compute_core_features on Benchmark(self.path=data/benchmarks/suite_9k/QF_BV/asp/knightTour.in08.smt2, len(self.solvers)=6, self.logic=QF_BV)
on 803: [machsmt] warning: Timeout after 10 seconds of compute_core_features on Benchmark(self.path=data/benchmarks/suite_9k/QF_BV/asp/laby_17_17_02.lp.smt2, len(self.solvers)=6, self.logic=QF_BV)
on 805: [machsmt] warning: Timeout after 10 seconds of compute_core_features on Benchmark(self.path=data/benchmarks/suite_9k/QF_BV/asp/laby_18_18_04.lp.smt2, len(self.solvers)=6, self.logic=QF_BV)
on 809: [machsmt] warning: Timeout after 10 seconds of compute_core_features on Benchmark(self.path=data/benchmarks/suite_9k/QF_BV/asp/laby_19_19_14.lp.smt2, len(self.solvers)=6, self.logic=QF_BV)
on 813: [machsmt] warning: Timeout after 10 seconds of compute_core_features on Benchmark(self.path=data/benchmarks/suite_9k/QF_BV/asp/laby_21_21_01.lp.smt2, len(self.solvers)=6, self.logic=QF_BV)
on 817: [machsmt] warning: Timeout after 10 seconds of compute_core_features on Benchmark(self.path=data/benchmarks/suite_9k/QF_BV/asp/laby_21_21_18.lp.smt2, len(self.solvers)=6, self.logic=QF_BV)
on 818: [machsmt] warning: Timeout after 10 seconds of compute_core_features on Benchmark(self.path=data/benchmarks/suite_9k/QF_BV/asp/laby_22_22_11.lp.smt2, len(self.solvers)=6, self.logic=QF_BV)
on 819: [machsmt] warning: Timeout after 10 seconds of compute_core_features on Benchmark(self.path=data/benchmarks/suite_9k/QF_BV/asp/laby_22_22_08.lp.smt2, len(self.solvers)=6, self.logic=QF_BV)
on 819: [machsmt] warning: Timeout after 10 seconds of compute_core_features on Benchmark(self.path=data/benchmarks/suite_9k/QF_BV/asp/laby_22_22_09.lp.smt2, len(self.solvers)=6, self.logic=QF_BV)
on 823: [machsmt] warning: Timeout after 10 seconds of compute_core_features on Benchmark(self.path=data/benchmarks/suite_9k/QF_BV/asp/laby_22_22_13.lp.smt2, len(self.solvers)=6, self.logic=QF_BV)
on 852: [machsmt] warning: Timeout after 10 seconds of compute_core_features on Benchmark(self.path=data/benchmarks/suite_9k/QF_BV/asp/laby_22_22_19.lp.smt2, len(self.solvers)=6, self.logic=QF_BV)
on 933: [machsmt] warning: Timeout after 10 seconds of compute_core_features on Benchmark(self.path=data/benchmarks/suite_9k/QF_BV/asp/sudoku.in10.smt2, len(self.solvers)=6, self.logic=QF_BV)
Processing Benchmark Files |████████████████████████████████████████| 2298/2298 [100%] in 10:45.3 (3.56/s) 
  Fold 0 QF_BV: avg_par2=27.275, solved=550/702 (78.3%)
Parsing Input File |████████████████████████████████████████| 14550/14550 [100%] in 0.1s (154125.61/s) 
Processing Benchmark Files |████████████████████████████████████████| 2425/2425 [100%] in 43.7s (55.45/s) 
  Fold 0 QF_LIA: avg_par2=93.769, solved=145/575 (25.2%)
Parsing Input File |████████████████████████████████████████| 12708/12708 [100%] in 0.1s (153478.07/s) 
Processing Benchmark Files |████████████████████████████████████████| 2118/2118 [100%] in 2:10.5 (16.23/s) 
  Fold 0 QF_NRA: avg_par2=4.831, solved=848/882 (96.1%)
Parsing Input File |████████████████████████████████████████| 14700/14700 [100%] in 0.1s (155804.04/s) 
on 226: [machsmt] warning: Timeout after 10 seconds of compute_core_features on Benchmark(self.path=data/benchmarks/suite_9k/QF_BV/20221012-MCMPC/dualexecution.t1.i15.fb1699bf.smt2, len(self.solvers)=6, self.logic=QF_BV)
on 226: [machsmt] warning: Timeout after 10 seconds of compute_core_features on Benchmark(self.path=data/benchmarks/suite_9k/QF_BV/20221012-MCMPC/dualexecution.t1.i15.ee376b59.smt2, len(self.solvers)=6, self.logic=QF_BV)
