SMT environment loaded from /dcs/large/u5573765
=== Task 8: /dcs/23/u5573765/cs351/smt-ablation-machsmt/ablations/templates/selector_swap.yaml ===
Experiment: ABL-SEL01
  Knob: pwc
  Values: [False, True]
  Reference pwc=False
  Suite: suite_9k, Portfolio: 7
  Logics: ['QF_BV', 'QF_LIA', 'QF_NRA']
  K-fold: 5
======================================================================
Experiment: ABL-SEL01
  Knob: pwc
  Values: [False, True]
  Logics: ['QF_BV', 'QF_LIA', 'QF_NRA']
======================================================================
Loaded 9000 benchmarks from suite_9k
Filtered to 9000 benchmarks for logics: ['QF_BV', 'QF_LIA', 'QF_NRA']

============================================================
Variant 0: pwc=False
  k-fold=5
============================================================
