SMT environment loaded from /dcs/large/u5573765
=== Task 3: /dcs/23/u5573765/cs351/smt-ablation-machsmt/ablations/templates/logic_filter_toggle.yaml ===
Experiment: ABL-LF01
  Knob: logic_filter
  Values: [False, True]
  Reference logic_filter=False
  Suite: suite_9k, Portfolio: 7
  Logics: ['QF_BV', 'QF_LIA', 'QF_NRA']
  K-fold: 5
======================================================================
Experiment: ABL-LF01
  Knob: logic_filter
  Values: [False, True]
  Logics: ['QF_BV', 'QF_LIA', 'QF_NRA']
======================================================================
Loaded 9000 benchmarks from suite_9k
Filtered to 9000 benchmarks for logics: ['QF_BV', 'QF_LIA', 'QF_NRA']

============================================================
Variant 0: logic_filter=False
  k-fold=5
============================================================
