SMT environment loaded from /dcs/large/u5573765
=== Task 7: /dcs/23/u5573765/cs351/smt-ablation-machsmt/ablations/templates/seed_sensitivity.yaml ===
Experiment: ABL-RNG01
  Knob: rng
  Values: [42, 123, 456]
  Reference rng=42
  Suite: suite_9k, Portfolio: 7
  Logics: ['QF_BV', 'QF_LIA', 'QF_NRA']
  K-fold: 5
======================================================================
Experiment: ABL-RNG01
  Knob: rng
  Values: [42, 123, 456]
  Logics: ['QF_BV', 'QF_LIA', 'QF_NRA']
======================================================================
Loaded 9000 benchmarks from suite_9k
Filtered to 9000 benchmarks for logics: ['QF_BV', 'QF_LIA', 'QF_NRA']

============================================================
Variant 0: rng=42
  k-fold=5
============================================================
Parsing Input File |████████████████████████████████████████| 13788/13788 [100%] in 0.4s (33482.63/s) 
on 27: [machsmt] warning: Timeout after 10 seconds of compute_core_features on Benchmark(self.path=data/benchmarks/suite_9k/QF_BV/20221012-MCMPC/dualexecution.t1.i15.fb1699bf.smt2, len(self.solvers)=6, self.logic=QF_BV)
on 743: [machsmt] warning: Timeout after 10 seconds of compute_core_features on Benchmark(self.path=data/benchmarks/suite_9k/QF_BV/asp/disjunctiveScheduling.in9.smt2, len(self.solvers)=6, self.logic=QF_BV)
on 801: [machsmt] warning: Timeout after 10 seconds of compute_core_features on Benchmark(self.path=data/benchmarks/suite_9k/QF_BV/asp/knightTour.in09.smt2, len(self.solvers)=6, self.logic=QF_BV)
on 804: [machsmt] warning: Timeout after 10 seconds of compute_core_features on Benchmark(self.path=data/benchmarks/suite_9k/QF_BV/asp/laby_17_17_07.lp.smt2, len(self.solvers)=6, self.logic=QF_BV)
on 805: [machsmt] warning: Timeout after 10 seconds of compute_core_features on Benchmark(self.path=data/benchmarks/suite_9k/QF_BV/asp/laby_18_18_04.lp.smt2, len(self.solvers)=6, self.logic=QF_BV)
on 808: [machsmt] warning: Timeout after 10 seconds of compute_core_features on Benchmark(self.path=data/benchmarks/suite_9k/QF_BV/asp/laby_18_18_11.lp.smt2, len(self.solvers)=6, self.logic=QF_BV)
on 809: [machsmt] warning: Timeout after 10 seconds of compute_core_features on Benchmark(self.path=data/benchmarks/suite_9k/QF_BV/asp/laby_19_19_14.lp.smt2, len(self.solvers)=6, self.logic=QF_BV)
on 810: [machsmt] warning: Timeout after 10 seconds of compute_core_features on Benchmark(self.path=data/benchmarks/suite_9k/QF_BV/asp/laby_19_19_17.lp.smt2, len(self.solvers)=6, self.logic=QF_BV)
on 811: [machsmt] warning: Timeout after 10 seconds of compute_core_features on Benchmark(self.path=data/benchmarks/suite_9k/QF_BV/asp/laby_19_19_19.lp.smt2, len(self.solvers)=6, self.logic=QF_BV)
on 812: [machsmt] warning: Timeout after 10 seconds of compute_core_features on Benchmark(self.path=data/benchmarks/suite_9k/QF_BV/asp/laby_20_20_04.lp.smt2, len(self.solvers)=6, self.logic=QF_BV)
on 815: [machsmt] warning: Timeout after 10 seconds of compute_core_features on Benchmark(self.path=data/benchmarks/suite_9k/QF_BV/asp/laby_21_21_16.lp.smt2, len(self.solvers)=6, self.logic=QF_BV)
on 816: [machsmt] warning: Timeout after 10 seconds of compute_core_features on Benchmark(self.path=data/benchmarks/suite_9k/QF_BV/asp/laby_21_21_12.lp.smt2, len(self.solvers)=6, self.logic=QF_BV)
on 818: [machsmt] warning: Timeout after 10 seconds of compute_core_features on Benchmark(self.path=data/benchmarks/suite_9k/QF_BV/asp/laby_22_22_09.lp.smt2, len(self.solvers)=6, self.logic=QF_BV)
on 818: [machsmt] warning: Timeout after 10 seconds of compute_core_features on Benchmark(self.path=data/benchmarks/suite_9k/QF_BV/asp/laby_21_21_18.lp.smt2, len(self.solvers)=6, self.logic=QF_BV)
on 828: [machsmt] warning: Timeout after 10 seconds of compute_core_features on Benchmark(self.path=data/benchmarks/suite_9k/QF_BV/asp/laby_22_22_13.lp.smt2, len(self.solvers)=6, self.logic=QF_BV)
on 853: [machsmt] warning: Timeout after 10 seconds of compute_core_features on Benchmark(self.path=data/benchmarks/suite_9k/QF_BV/asp/laby_22_22_19.lp.smt2, len(self.solvers)=6, self.logic=QF_BV)
Processing Benchmark Files |████████████████████████████████████████| 2298/2298 [100%] in 10:58.6 (3.49/s) 
  Fold 0 QF_BV: avg_par2=22.841, solved=572/702 (81.5%)
Parsing Input File |████████████████████████████████████████| 14550/14550 [100%] in 0.1s (133801.26/s) 
Processing Benchmark Files |████████████████████████████████████████| 2425/2425 [100%] in 47.0s (51.55/s) 
  Fold 0 QF_LIA: avg_par2=83.449, solved=206/575 (35.8%)
Parsing Input File |████████████████████████████████████████| 12708/12708 [100%] in 0.1s (147843.31/s) 
Processing Benchmark Files |████████████████████████████████████████| 2118/2118 [100%] in 2:14.5 (15.75/s) 
  Fold 0 QF_NRA: avg_par2=1.227, solved=875/882 (99.2%)
Parsing Input File |████████████████████████████████████████| 14700/14700 [100%] in 0.3s (49358.06/s) 
on 216: [machsmt] warning: Timeout after 10 seconds of compute_core_features on Benchmark(self.path=data/benchmarks/suite_9k/QF_BV/20221012-MCMPC/dualexecution.t1.i14.8bc2556c.smt2, len(self.solvers)=6, self.logic=QF_BV)
on 227: [machsmt] warning: Timeout after 10 seconds of compute_core_features on Benchmark(self.path=data/benchmarks/suite_9k/QF_BV/20221012-MCMPC/dualexecution.t1.i15.fb1699bf.smt2, len(self.solvers)=6, self.logic=QF_BV)
on 582: [machsmt] warning: Timeout after 10 seconds of compute_core_features on Benchmark(self.path=data/benchmarks/suite_9k/QF_BV/asp/disjunctiveScheduling.in1.smt2, len(self.solvers)=6, self.logic=QF_BV)
on 601: [machsmt] warning: Timeout after 10 seconds of compute_core_features on Benchmark(self.path=data/benchmarks/suite_9k/QF_BV/asp/disjunctiveScheduling.in9.smt2, len(self.solvers)=6, self.logic=QF_BV)
on 657: [machsmt] warning: Timeout after 10 seconds of compute_core_features on Benchmark(self.path=data/benchmarks/suite_9k/QF_BV/asp/knightTour.in07.smt2, len(self.solvers)=6, self.logic=QF_BV)
on 658: [machsmt] warning: Timeout after 10 seconds of compute_core_features on Benchmark(self.path=data/benchmarks/suite_9k/QF_BV/asp/laby_17_17_02.lp.smt2, len(self.solvers)=6, self.logic=QF_BV)
on 658: [machsmt] warning: Timeout after 10 seconds of compute_core_features on Benchmark(self.path=data/benchmarks/suite_9k/QF_BV/asp/knightTour.in08.smt2, len(self.solvers)=6, self.logic=QF_BV)
on 661: [machsmt] warning: Timeout after 10 seconds of compute_core_features on Benchmark(self.path=data/benchmarks/suite_9k/QF_BV/asp/laby_17_17_07.lp.smt2, len(self.solvers)=6, self.logic=QF_BV)
on 662: [machsmt] warning: Timeout after 10 seconds of compute_core_features on Benchmark(self.path=data/benchmarks/suite_9k/QF_BV/asp/laby_17_17_09.lp.smt2, len(self.solvers)=6, self.logic=QF_BV)
on 664: [machsmt] warning: Timeout after 10 seconds of compute_core_features on Benchmark(self.path=data/benchmarks/suite_9k/QF_BV/asp/laby_18_18_13.lp.smt2, len(self.solvers)=6, self.logic=QF_BV)
on 664: [machsmt] warning: Timeout after 10 seconds of compute_core_features on Benchmark(self.path=data/benchmarks/suite_9k/QF_BV/asp/laby_18_18_11.lp.smt2, len(self.solvers)=6, self.logic=QF_BV)
on 666: [machsmt] warning: Timeout after 10 seconds of compute_core_features on Benchmark(self.path=data/benchmarks/suite_9k/QF_BV/asp/laby_18_18_14.lp.smt2, len(self.solvers)=6, self.logic=QF_BV)
on 669: [machsmt] warning: Timeout after 10 seconds of compute_core_features on Benchmark(self.path=data/benchmarks/suite_9k/QF_BV/asp/laby_20_20_04.lp.smt2, len(self.solvers)=6, self.logic=QF_BV)
on 669: [machsmt] warning: Timeout after 10 seconds of compute_core_features on Benchmark(self.path=data/benchmarks/suite_9k/QF_BV/asp/laby_19_19_19.lp.smt2, len(self.solvers)=6, self.logic=QF_BV)
on 672: [machsmt] warning: Timeout after 10 seconds of compute_core_features on Benchmark(self.path=data/benchmarks/suite_9k/QF_BV/asp/laby_21_21_05.lp.smt2, len(self.solvers)=6, self.logic=QF_BV)
on 673: [machsmt] warning: Timeout after 10 seconds of compute_core_features on Benchmark(self.path=data/benchmarks/suite_9k/QF_BV/asp/laby_21_21_16.lp.smt2, len(self.solvers)=6, self.logic=QF_BV)
on 674: [machsmt] warning: Timeout after 10 seconds of compute_core_features on Benchmark(self.path=data/benchmarks/suite_9k/QF_BV/asp/laby_21_21_12.lp.smt2, len(self.solvers)=6, self.logic=QF_BV)
on 677: [machsmt] warning: Timeout after 10 seconds of compute_core_features on Benchmark(self.path=data/benchmarks/suite_9k/QF_BV/asp/laby_22_22_08.lp.smt2, len(self.solvers)=6, self.logic=QF_BV)
on 678: [machsmt] warning: Timeout after 10 seconds of compute_core_features on Benchmark(self.path=data/benchmarks/suite_9k/QF_BV/asp/laby_22_22_11.lp.smt2, len(self.solvers)=6, self.logic=QF_BV)
Processing Benchmark Files |████████████████████████████████████████| 2450/2450 [100%] in 10:58.4 (3.72/s) 
  Fold 1 QF_BV: avg_par2=64.833, solved=272/550 (49.5%)
Parsing Input File |████████████████████████████████████████| 14754/14754 [100%] in 0.1s (158191.24/s) 
Processing Benchmark Files |████████████████████████████████████████| 2459/2459 [100%] in 1:27.5 (28.10/s) 
  Fold 1 QF_LIA: avg_par2=7.531, solved=518/541 (95.7%)
Parsing Input File |████████████████████████████████████████| 14928/14928 [100%] in 0.2s (93331.77/s) 
Processing Benchmark Files |████████████████████████████████████████| 2488/2488 [100%] in 2:00.7 (20.62/s) 
  Fold 1 QF_NRA: avg_par2=10.923, solved=477/512 (93.2%)
Parsing Input File |████████████████████████████████████████| 14664/14664 [100%] in 0.1s (153344.75/s) 
on 605: [machsmt] warning: Timeout after 10 seconds of compute_core_features on Benchmark(self.path=data/benchmarks/suite_9k/QF_BV/asp/channrlRoute.in6.smt2, len(self.solvers)=6, self.logic=QF_BV)
on 627: [machsmt] warning: Timeout after 10 seconds of compute_core_features on Benchmark(self.path=data/benchmarks/suite_9k/QF_BV/asp/edge-matching-width=10-height=10-colours=12.smt2, len(self.solvers)=6, self.logic=QF_BV)
on 630: [machsmt] warning: Timeout after 10 seconds of compute_core_features on Benchmark(self.path=data/benchmarks/suite_9k/QF_BV/asp/edge-matching-width=10-height=10-colours=11.smt2, len(self.solvers)=6, self.logic=QF_BV)
on 682: [machsmt] warning: Timeout after 10 seconds of compute_core_features on Benchmark(self.path=data/benchmarks/suite_9k/QF_BV/asp/knightTour.in07.smt2, len(self.solvers)=6, self.logic=QF_BV)
on 685: [machsmt] warning: Timeout after 10 seconds of compute_core_features on Benchmark(self.path=data/benchmarks/suite_9k/QF_BV/asp/laby_17_17_02.lp.smt2, len(self.solvers)=6, self.logic=QF_BV)
on 686: [machsmt] warning: Timeout after 10 seconds of compute_core_features on Benchmark(self.path=data/benchmarks/suite_9k/QF_BV/asp/laby_17_17_07.lp.smt2, len(self.solvers)=6, self.logic=QF_BV)
on 689: [machsmt] warning: Timeout after 10 seconds of compute_core_features on Benchmark(self.path=data/benchmarks/suite_9k/QF_BV/asp/laby_17_17_09.lp.smt2, len(self.solvers)=6, self.logic=QF_BV)
on 690: [machsmt] warning: Timeout after 10 seconds of compute_core_features on Benchmark(self.path=data/benchmarks/suite_9k/QF_BV/asp/laby_18_18_13.lp.smt2, len(self.solvers)=6, self.logic=QF_BV)
on 693: [machsmt] warning: Timeout after 10 seconds of compute_core_features on Benchmark(self.path=data/benchmarks/suite_9k/QF_BV/asp/laby_19_19_19.lp.smt2, len(self.solvers)=6, self.logic=QF_BV)
on 694: [machsmt] warning: Timeout after 10 seconds of compute_core_features on Benchmark(self.path=data/benchmarks/suite_9k/QF_BV/asp/laby_19_19_14.lp.smt2, len(self.solvers)=6, self.logic=QF_BV)
on 696: [machsmt] warning: Timeout after 10 seconds of compute_core_features on Benchmark(self.path=data/benchmarks/suite_9k/QF_BV/asp/laby_21_21_12.lp.smt2, len(self.solvers)=6, self.logic=QF_BV)
on 697: [machsmt] warning: Timeout after 10 seconds of compute_core_features on Benchmark(self.path=data/benchmarks/suite_9k/QF_BV/asp/laby_21_21_05.lp.smt2, len(self.solvers)=6, self.logic=QF_BV)
on 697: [machsmt] warning: Timeout after 10 seconds of compute_core_features on Benchmark(self.path=data/benchmarks/suite_9k/QF_BV/asp/laby_21_21_01.lp.smt2, len(self.solvers)=6, self.logic=QF_BV)
on 701: [machsmt] warning: Timeout after 10 seconds of compute_core_features on Benchmark(self.path=data/benchmarks/suite_9k/QF_BV/asp/laby_21_21_16.lp.smt2, len(self.solvers)=6, self.logic=QF_BV)
on 702: [machsmt] warning: Timeout after 10 seconds of compute_core_features on Benchmark(self.path=data/benchmarks/suite_9k/QF_BV/asp/laby_21_21_18.lp.smt2, len(self.solvers)=6, self.logic=QF_BV)
Processing Benchmark Files |████████████████████████████████████████| 2444/2444 [100%] in 10:23.1 (3.92/s) 
  Fold 2 QF_BV: avg_par2=17.175, solved=491/556 (88.3%)
Parsing Input File |████████████████████████████████████████| 14106/14106 [100%] in 0.1s (154394.32/s) 
Processing Benchmark Files |████████████████████████████████████████| 2351/2351 [100%] in 1:28.5 (26.55/s) 
  Fold 2 QF_LIA: avg_par2=9.943, solved=612/649 (94.3%)
Parsing Input File |████████████████████████████████████████| 15120/15120 [100%] in 0.1s (152999.87/s) 
Processing Benchmark Files |████████████████████████████████████████| 2520/2520 [100%] in 35.6s (70.86/s) 
  Fold 2 QF_NRA: avg_par2=31.474, solved=380/480 (79.2%)
Parsing Input File |████████████████████████████████████████| 14466/14466 [100%] in 0.1s (156632.83/s) 
on 227: [machsmt] warning: Timeout after 10 seconds of compute_core_features on Benchmark(self.path=data/benchmarks/suite_9k/QF_BV/20221012-MCMPC/dualexecution.t1.i15.fb1699bf.smt2, len(self.solvers)=6, self.logic=QF_BV)
on 923: [machsmt] warning: Timeout after 10 seconds of compute_core_features on Benchmark(self.path=data/benchmarks/suite_9k/QF_BV/asp/disjunctiveScheduling.in1.smt2, len(self.solvers)=6, self.logic=QF_BV)
on 942: [machsmt] warning: Timeout after 10 seconds of compute_core_features on Benchmark(self.path=data/benchmarks/suite_9k/QF_BV/asp/disjunctiveScheduling.in7.smt2, len(self.solvers)=6, self.logic=QF_BV)
on 943: [machsmt] warning: Timeout after 10 seconds of compute_core_features on Benchmark(self.path=data/benchmarks/suite_9k/QF_BV/asp/disjunctiveScheduling.in9.smt2, len(self.solvers)=6, self.logic=QF_BV)
on 949: [machsmt] warning: Timeout after 10 seconds of compute_core_features on Benchmark(self.path=data/benchmarks/suite_9k/QF_BV/asp/edge-matching-width=10-height=10-colours=11.smt2, len(self.solvers)=6, self.logic=QF_BV)
on 999: [machsmt] warning: Timeout after 10 seconds of compute_core_features on Benchmark(self.path=data/benchmarks/suite_9k/QF_BV/asp/knightTour.in07.smt2, len(self.solvers)=6, self.logic=QF_BV)
on 1000: [machsmt] warning: Timeout after 10 seconds of compute_core_features on Benchmark(self.path=data/benchmarks/suite_9k/QF_BV/asp/knightTour.in08.smt2, len(self.solvers)=6, self.logic=QF_BV)
on 1001: [machsmt] warning: Timeout after 10 seconds of compute_core_features on Benchmark(self.path=data/benchmarks/suite_9k/QF_BV/asp/knightTour.in09.smt2, len(self.solvers)=6, self.logic=QF_BV)
on 1002: [machsmt] warning: Timeout after 10 seconds of compute_core_features on Benchmark(self.path=data/benchmarks/suite_9k/QF_BV/asp/laby_17_17_02.lp.smt2, len(self.solvers)=6, self.logic=QF_BV)
on 1003: [machsmt] warning: Timeout after 10 seconds of compute_core_features on Benchmark(self.path=data/benchmarks/suite_9k/QF_BV/asp/laby_17_17_07.lp.smt2, len(self.solvers)=6, self.logic=QF_BV)
on 1005: [machsmt] warning: Timeout after 10 seconds of compute_core_features on Benchmark(self.path=data/benchmarks/suite_9k/QF_BV/asp/laby_18_18_11.lp.smt2, len(self.solvers)=6, self.logic=QF_BV)
on 1006: [machsmt] warning: Timeout after 10 seconds of compute_core_features on Benchmark(self.path=data/benchmarks/suite_9k/QF_BV/asp/laby_18_18_04.lp.smt2, len(self.solvers)=6, self.logic=QF_BV)
on 1006: [machsmt] warning: Timeout after 10 seconds of compute_core_features on Benchmark(self.path=data/benchmarks/suite_9k/QF_BV/asp/laby_18_18_13.lp.smt2, len(self.solvers)=6, self.logic=QF_BV)
on 1008: [machsmt] warning: Timeout after 10 seconds of compute_core_features on Benchmark(self.path=data/benchmarks/suite_9k/QF_BV/asp/laby_18_18_14.lp.smt2, len(self.solvers)=6, self.logic=QF_BV)
on 1009: [machsmt] warning: Timeout after 10 seconds of compute_core_features on Benchmark(self.path=data/benchmarks/suite_9k/QF_BV/asp/laby_19_19_14.lp.smt2, len(self.solvers)=6, self.logic=QF_BV)
on 1010: [machsmt] warning: Timeout after 10 seconds of compute_core_features on Benchmark(self.path=data/benchmarks/suite_9k/QF_BV/asp/laby_19_19_17.lp.smt2, len(self.solvers)=6, self.logic=QF_BV)
on 1011: [machsmt] warning: Timeout after 10 seconds of compute_core_features on Benchmark(self.path=data/benchmarks/suite_9k/QF_BV/asp/laby_19_19_19.lp.smt2, len(self.solvers)=6, self.logic=QF_BV)
on 1012: [machsmt] warning: Timeout after 10 seconds of compute_core_features on Benchmark(self.path=data/benchmarks/suite_9k/QF_BV/asp/laby_21_21_01.lp.smt2, len(self.solvers)=6, self.logic=QF_BV)
on 1013: [machsmt] warning: Timeout after 10 seconds of compute_core_features on Benchmark(self.path=data/benchmarks/suite_9k/QF_BV/asp/laby_20_20_04.lp.smt2, len(self.solvers)=6, self.logic=QF_BV)
on 1014: [machsmt] warning: Timeout after 10 seconds of compute_core_features on Benchmark(self.path=data/benchmarks/suite_9k/QF_BV/asp/laby_21_21_12.lp.smt2, len(self.solvers)=6, self.logic=QF_BV)
on 1015: [machsmt] warning: Timeout after 10 seconds of compute_core_features on Benchmark(self.path=data/benchmarks/suite_9k/QF_BV/asp/laby_21_21_05.lp.smt2, len(self.solvers)=6, self.logic=QF_BV)
on 1016: [machsmt] warning: Timeout after 10 seconds of compute_core_features on Benchmark(self.path=data/benchmarks/suite_9k/QF_BV/asp/laby_21_21_16.lp.smt2, len(self.solvers)=6, self.logic=QF_BV)
on 1017: [machsmt] warning: Timeout after 10 seconds of compute_core_features on Benchmark(self.path=data/benchmarks/suite_9k/QF_BV/asp/laby_21_21_18.lp.smt2, len(self.solvers)=6, self.logic=QF_BV)
on 1020: [machsmt] warning: Timeout after 10 seconds of compute_core_features on Benchmark(self.path=data/benchmarks/suite_9k/QF_BV/asp/laby_22_22_11.lp.smt2, len(self.solvers)=6, self.logic=QF_BV)
on 1021: [machsmt] warning: Timeout after 10 seconds of compute_core_features on Benchmark(self.path=data/benchmarks/suite_9k/QF_BV/asp/laby_22_22_09.lp.smt2, len(self.solvers)=6, self.logic=QF_BV)
on 1052: [machsmt] warning: Timeout after 10 seconds of compute_core_features on Benchmark(self.path=data/benchmarks/suite_9k/QF_BV/asp/laby_22_22_19.lp.smt2, len(self.solvers)=6, self.logic=QF_BV)
Processing Benchmark Files |████████████████████████████████████████| 2411/2411 [100%] in 12:26.3 (3.23/s) 
  Fold 3 QF_BV: avg_par2=19.443, solved=502/589 (85.2%)
Parsing Input File |████████████████████████████████████████| 14118/14118 [100%] in 0.1s (131452.30/s) 
Processing Benchmark Files |████████████████████████████████████████| 2353/2353 [100%] in 1:05.3 (36.01/s) 
  Fold 3 QF_LIA: avg_par2=16.208, solved=567/647 (87.6%)
Parsing Input File |████████████████████████████████████████| 14736/14736 [100%] in 0.1s (149523.18/s) 
on 767: [machsmt] warning: Timeout after 10 seconds of compute_core_features on Benchmark(self.path=data/benchmarks/suite_9k/QF_NRA/LassoRanker/Collatz.bpl_Iteration1_Lasso_3-pieceTemplate.smt2, len(self.solvers)=6, self.logic=QF_NRA)
Processing Benchmark Files |████████████████████████████████████████| 2456/2456 [100%] in 1:52.0 (21.93/s) 
  Fold 3 QF_NRA: avg_par2=75.197, solved=251/544 (46.1%)
Parsing Input File |████████████████████████████████████████| 14382/14382 [100%] in 0.1s (147257.77/s) 
on 227: [machsmt] warning: Timeout after 10 seconds of compute_core_features on Benchmark(self.path=data/benchmarks/suite_9k/QF_BV/20221012-MCMPC/dualexecution.t1.i15.fb1699bf.smt2, len(self.solvers)=6, self.logic=QF_BV)
Processing Benchmark Files |████████████████████████████████████████| 2397/2397 [100%] in 5:41.9 (7.01/s) 
  Fold 4 QF_BV: avg_par2=54.182, solved=337/603 (55.9%)
Parsing Input File |████████████████████████████████████████| 14472/14472 [100%] in 0.1s (158484.71/s) 
Processing Benchmark Files |████████████████████████████████████████| 2412/2412 [100%] in 1:27.7 (27.49/s) 
  Fold 4 QF_LIA: avg_par2=61.942, solved=287/588 (48.8%)
Parsing Input File |████████████████████████████████████████| 14508/14508 [100%] in 0.1s (155435.23/s) 
Processing Benchmark Files |████████████████████████████████████████| 2418/2418 [100%] in 2:13.0 (18.18/s) 
  Fold 4 QF_NRA: avg_par2=4.599, solved=562/582 (96.6%)

============================================================
Variant 1: rng=123
  k-fold=5
============================================================
Parsing Input File |████████████████████████████████████████| 13788/13788 [100%] in 0.1s (155392.65/s) 
on 27: [machsmt] warning: Timeout after 10 seconds of compute_core_features on Benchmark(self.path=data/benchmarks/suite_9k/QF_BV/20221012-MCMPC/dualexecution.t1.i15.fb1699bf.smt2, len(self.solvers)=6, self.logic=QF_BV)
on 29: Recurrsion Error on :Benchmark(self.path=data/benchmarks/suite_9k/QF_BV/20221012-MCMPC/dualexecution.t1.i28.f4ae65b3.smt2, len(self.solvers)=6, self.logic=QF_BV)
on 722: [machsmt] warning: Timeout after 10 seconds of compute_core_features on Benchmark(self.path=data/benchmarks/suite_9k/QF_BV/asp/dimitri_yorick.51.steps.11.asp.smt2, len(self.solvers)=6, self.logic=QF_BV)
on 743: [machsmt] warning: Timeout after 10 seconds of compute_core_features on Benchmark(self.path=data/benchmarks/suite_9k/QF_BV/asp/disjunctiveScheduling.in9.smt2, len(self.solvers)=6, self.logic=QF_BV)
on 749: [machsmt] warning: Timeout after 10 seconds of compute_core_features on Benchmark(self.path=data/benchmarks/suite_9k/QF_BV/asp/edge-matching-width=10-height=10-colours=12.smt2, len(self.solvers)=6, self.logic=QF_BV)
on 799: [machsmt] warning: Timeout after 10 seconds of compute_core_features on Benchmark(self.path=data/benchmarks/suite_9k/QF_BV/asp/knightTour.in07.smt2, len(self.solvers)=6, self.logic=QF_BV)
on 800: [machsmt] warning: Timeout after 10 seconds of compute_core_features on Benchmark(self.path=data/benchmarks/suite_9k/QF_BV/asp/knightTour.in08.smt2, len(self.solvers)=6, self.logic=QF_BV)
on 801: [machsmt] warning: Timeout after 10 seconds of compute_core_features on Benchmark(self.path=data/benchmarks/suite_9k/QF_BV/asp/knightTour.in09.smt2, len(self.solvers)=6, self.logic=QF_BV)
on 802: [machsmt] warning: Timeout after 10 seconds of compute_core_features on Benchmark(self.path=data/benchmarks/suite_9k/QF_BV/asp/laby_17_17_02.lp.smt2, len(self.solvers)=6, self.logic=QF_BV)
on 803: [machsmt] warning: Timeout after 10 seconds of compute_core_features on Benchmark(self.path=data/benchmarks/suite_9k/QF_BV/asp/laby_17_17_09.lp.smt2, len(self.solvers)=6, self.logic=QF_BV)
on 805: [machsmt] warning: Timeout after 10 seconds of compute_core_features on Benchmark(self.path=data/benchmarks/suite_9k/QF_BV/asp/laby_18_18_04.lp.smt2, len(self.solvers)=6, self.logic=QF_BV)
on 806: [machsmt] warning: Timeout after 10 seconds of compute_core_features on Benchmark(self.path=data/benchmarks/suite_9k/QF_BV/asp/laby_18_18_11.lp.smt2, len(self.solvers)=6, self.logic=QF_BV)
on 807: [machsmt] warning: Timeout after 10 seconds of compute_core_features on Benchmark(self.path=data/benchmarks/suite_9k/QF_BV/asp/laby_18_18_14.lp.smt2, len(self.solvers)=6, self.logic=QF_BV)
on 808: [machsmt] warning: Timeout after 10 seconds of compute_core_features on Benchmark(self.path=data/benchmarks/suite_9k/QF_BV/asp/laby_19_19_14.lp.smt2, len(self.solvers)=6, self.logic=QF_BV)
on 809: [machsmt] warning: Timeout after 10 seconds of compute_core_features on Benchmark(self.path=data/benchmarks/suite_9k/QF_BV/asp/laby_19_19_17.lp.smt2, len(self.solvers)=6, self.logic=QF_BV)
on 810: [machsmt] warning: Timeout after 10 seconds of compute_core_features on Benchmark(self.path=data/benchmarks/suite_9k/QF_BV/asp/laby_19_19_19.lp.smt2, len(self.solvers)=6, self.logic=QF_BV)
on 810: [machsmt] warning: Timeout after 10 seconds of compute_core_features on Benchmark(self.path=data/benchmarks/suite_9k/QF_BV/asp/laby_18_18_13.lp.smt2, len(self.solvers)=6, self.logic=QF_BV)
on 812: [machsmt] warning: Timeout after 10 seconds of compute_core_features on Benchmark(self.path=data/benchmarks/suite_9k/QF_BV/asp/laby_20_20_04.lp.smt2, len(self.solvers)=6, self.logic=QF_BV)
on 813: [machsmt] warning: Timeout after 10 seconds of compute_core_features on Benchmark(self.path=data/benchmarks/suite_9k/QF_BV/asp/laby_21_21_01.lp.smt2, len(self.solvers)=6, self.logic=QF_BV)
on 814: [machsmt] warning: Timeout after 10 seconds of compute_core_features on Benchmark(self.path=data/benchmarks/suite_9k/QF_BV/asp/laby_21_21_05.lp.smt2, len(self.solvers)=6, self.logic=QF_BV)
on 815: [machsmt] warning: Timeout after 10 seconds of compute_core_features on Benchmark(self.path=data/benchmarks/suite_9k/QF_BV/asp/laby_21_21_12.lp.smt2, len(self.solvers)=6, self.logic=QF_BV)
on 817: [machsmt] warning: Timeout after 10 seconds of compute_core_features on Benchmark(self.path=data/benchmarks/suite_9k/QF_BV/asp/laby_21_21_16.lp.smt2, len(self.solvers)=6, self.logic=QF_BV)
on 817: [machsmt] warning: Timeout after 10 seconds of compute_core_features on Benchmark(self.path=data/benchmarks/suite_9k/QF_BV/asp/laby_22_22_09.lp.smt2, len(self.solvers)=6, self.logic=QF_BV)
on 819: [machsmt] warning: Timeout after 10 seconds of compute_core_features on Benchmark(self.path=data/benchmarks/suite_9k/QF_BV/asp/laby_22_22_08.lp.smt2, len(self.solvers)=6, self.logic=QF_BV)
Processing Benchmark Files |████████████████████████████████████████| 2298/2298 [100%] in 10:50.2 (3.53/s) 
  Fold 0 QF_BV: avg_par2=31.356, solved=527/702 (75.1%)
Parsing Input File |████████████████████████████████████████| 14550/14550 [100%] in 0.1s (157052.62/s) 
Processing Benchmark Files |████████████████████████████████████████| 2425/2425 [100%] in 44.4s (54.59/s) 
  Fold 0 QF_LIA: avg_par2=51.095, solved=365/575 (63.5%)
Parsing Input File |████████████████████████████████████████| 12708/12708 [100%] in 0.1s (152427.80/s) 
on 1147: [machsmt] warning: Timeout after 10 seconds of compute_core_features on Benchmark(self.path=data/benchmarks/suite_9k/QF_NRA/LassoRanker/Collatz.bpl_Iteration1_Lasso_3-pieceTemplate.smt2, len(self.solvers)=6, self.logic=QF_NRA)
Processing Benchmark Files |████████████████████████████████████████| 2118/2118 [100%] in 2:12.1 (16.03/s) 
  Fold 0 QF_NRA: avg_par2=1.333, solved=874/882 (99.1%)
Parsing Input File |████████████████████████████████████████| 14700/14700 [100%] in 0.1s (156452.82/s) 
on 214: [machsmt] warning: Timeout after 10 seconds of compute_core_features on Benchmark(self.path=data/benchmarks/suite_9k/QF_BV/20221012-MCMPC/dualexecution.t1.i14.2ad5b925.smt2, len(self.solvers)=6, self.logic=QF_BV)
on 226: [machsmt] warning: Timeout after 10 seconds of compute_core_features on Benchmark(self.path=data/benchmarks/suite_9k/QF_BV/20221012-MCMPC/dualexecution.t1.i15.ee376b59.smt2, len(self.solvers)=6, self.logic=QF_BV)
on 227: [machsmt] warning: Timeout after 10 seconds of compute_core_features on Benchmark(self.path=data/benchmarks/suite_9k/QF_BV/20221012-MCMPC/dualexecution.t1.i15.fb1699bf.smt2, len(self.solvers)=6, self.logic=QF_BV)
on 580: [machsmt] warning: Timeout after 10 seconds of compute_core_features on Benchmark(self.path=data/benchmarks/suite_9k/QF_BV/asp/channrlRoute.in6.smt2, len(self.solvers)=6, self.logic=QF_BV)
on 582: [machsmt] warning: Timeout after 10 seconds of compute_core_features on Benchmark(self.path=data/benchmarks/suite_9k/QF_BV/asp/disjunctiveScheduling.in1.smt2, len(self.solvers)=6, self.logic=QF_BV)
on 584: [machsmt] warning: Timeout after 10 seconds of compute_core_features on Benchmark(self.path=data/benchmarks/suite_9k/QF_BV/asp/disjunctiveScheduling.in7.smt2, len(self.solvers)=6, self.logic=QF_BV)
on 601: [machsmt] warning: Timeout after 10 seconds of compute_core_features on Benchmark(self.path=data/benchmarks/suite_9k/QF_BV/asp/disjunctiveScheduling.in9.smt2, len(self.solvers)=6, self.logic=QF_BV)
on 657: [machsmt] warning: Timeout after 10 seconds of compute_core_features on Benchmark(self.path=data/benchmarks/suite_9k/QF_BV/asp/knightTour.in07.smt2, len(self.solvers)=6, self.logic=QF_BV)
on 658: [machsmt] warning: Timeout after 10 seconds of compute_core_features on Benchmark(self.path=data/benchmarks/suite_9k/QF_BV/asp/knightTour.in09.smt2, len(self.solvers)=6, self.logic=QF_BV)
on 662: [machsmt] warning: Timeout after 10 seconds of compute_core_features on Benchmark(self.path=data/benchmarks/suite_9k/QF_BV/asp/laby_17_17_07.lp.smt2, len(self.solvers)=6, self.logic=QF_BV)
on 665: [machsmt] warning: Timeout after 10 seconds of compute_core_features on Benchmark(self.path=data/benchmarks/suite_9k/QF_BV/asp/laby_18_18_11.lp.smt2, len(self.solvers)=6, self.logic=QF_BV)
on 666: [machsmt] warning: Timeout after 10 seconds of compute_core_features on Benchmark(self.path=data/benchmarks/suite_9k/QF_BV/asp/laby_18_18_14.lp.smt2, len(self.solvers)=6, self.logic=QF_BV)
on 670: [machsmt] warning: Timeout after 10 seconds of compute_core_features on Benchmark(self.path=data/benchmarks/suite_9k/QF_BV/asp/laby_20_20_04.lp.smt2, len(self.solvers)=6, self.logic=QF_BV)
on 672: [machsmt] warning: Timeout after 10 seconds of compute_core_features on Benchmark(self.path=data/benchmarks/suite_9k/QF_BV/asp/laby_21_21_16.lp.smt2, len(self.solvers)=6, self.logic=QF_BV)
on 673: [machsmt] warning: Timeout after 10 seconds of compute_core_features on Benchmark(self.path=data/benchmarks/suite_9k/QF_BV/asp/laby_21_21_01.lp.smt2, len(self.solvers)=6, self.logic=QF_BV)
on 674: [machsmt] warning: Timeout after 10 seconds of compute_core_features on Benchmark(self.path=data/benchmarks/suite_9k/QF_BV/asp/laby_21_21_12.lp.smt2, len(self.solvers)=6, self.logic=QF_BV)
on 675: [machsmt] warning: Timeout after 10 seconds of compute_core_features on Benchmark(self.path=data/benchmarks/suite_9k/QF_BV/asp/laby_21_21_18.lp.smt2, len(self.solvers)=6, self.logic=QF_BV)
on 676: [machsmt] warning: Timeout after 10 seconds of compute_core_features on Benchmark(self.path=data/benchmarks/suite_9k/QF_BV/asp/laby_22_22_09.lp.smt2, len(self.solvers)=6, self.logic=QF_BV)
on 677: [machsmt] warning: Timeout after 10 seconds of compute_core_features on Benchmark(self.path=data/benchmarks/suite_9k/QF_BV/asp/laby_22_22_08.lp.smt2, len(self.solvers)=6, self.logic=QF_BV)
on 679: [machsmt] warning: Timeout after 10 seconds of compute_core_features on Benchmark(self.path=data/benchmarks/suite_9k/QF_BV/asp/laby_22_22_11.lp.smt2, len(self.solvers)=6, self.logic=QF_BV)
on 707: [machsmt] warning: Timeout after 10 seconds of compute_core_features on Benchmark(self.path=data/benchmarks/suite_9k/QF_BV/asp/laby_22_22_19.lp.smt2, len(self.solvers)=6, self.logic=QF_BV)
Processing Benchmark Files |████████████████████████████████████████| 2450/2450 [100%] in 10:54.3 (3.74/s) 
  Fold 1 QF_BV: avg_par2=72.137, solved=238/550 (43.3%)
Parsing Input File |████████████████████████████████████████| 14754/14754 [100%] in 0.1s (157921.07/s) 
Processing Benchmark Files |████████████████████████████████████████| 2459/2459 [100%] in 1:25.6 (28.72/s) 
  Fold 1 QF_LIA: avg_par2=5.941, solved=525/541 (97.0%)
Parsing Input File |████████████████████████████████████████| 14928/14928 [100%] in 0.1s (156019.15/s) 
on 1150: [machsmt] warning: Timeout after 10 seconds of compute_core_features on Benchmark(self.path=data/benchmarks/suite_9k/QF_NRA/LassoRanker/Collatz.bpl_Iteration1_Loop_3-pieceTemplate.smt2, len(self.solvers)=6, self.logic=QF_NRA)
Processing Benchmark Files |████████████████████████████████████████| 2488/2488 [100%] in 2:00.0 (20.74/s) 
  Fold 1 QF_NRA: avg_par2=14.036, solved=454/512 (88.7%)
Parsing Input File |████████████████████████████████████████| 14664/14664 [100%] in 0.1s (157215.39/s) 
on 626: [machsmt] warning: Timeout after 10 seconds of compute_core_features on Benchmark(self.path=data/benchmarks/suite_9k/QF_BV/asp/disjunctiveScheduling.in9.smt2, len(self.solvers)=6, self.logic=QF_BV)
on 634: [machsmt] warning: Timeout after 10 seconds of compute_core_features on Benchmark(self.path=data/benchmarks/suite_9k/QF_BV/asp/edge-matching-width=10-height=10-colours=13.smt2, len(self.solvers)=6, self.logic=QF_BV)
on 682: [machsmt] warning: Timeout after 10 seconds of compute_core_features on Benchmark(self.path=data/benchmarks/suite_9k/QF_BV/asp/knightTour.in07.smt2, len(self.solvers)=6, self.logic=QF_BV)
on 684: [machsmt] warning: Timeout after 10 seconds of compute_core_features on Benchmark(self.path=data/benchmarks/suite_9k/QF_BV/asp/knightTour.in08.smt2, len(self.solvers)=6, self.logic=QF_BV)
on 685: [machsmt] warning: Timeout after 10 seconds of compute_core_features on Benchmark(self.path=data/benchmarks/suite_9k/QF_BV/asp/laby_17_17_02.lp.smt2, len(self.solvers)=6, self.logic=QF_BV)
on 688: [machsmt] warning: Timeout after 10 seconds of compute_core_features on Benchmark(self.path=data/benchmarks/suite_9k/QF_BV/asp/laby_17_17_09.lp.smt2, len(self.solvers)=6, self.logic=QF_BV)
on 690: [machsmt] warning: Timeout after 10 seconds of compute_core_features on Benchmark(self.path=data/benchmarks/suite_9k/QF_BV/asp/laby_18_18_11.lp.smt2, len(self.solvers)=6, self.logic=QF_BV)
on 691: [machsmt] warning: Timeout after 10 seconds of compute_core_features on Benchmark(self.path=data/benchmarks/suite_9k/QF_BV/asp/laby_18_18_14.lp.smt2, len(self.solvers)=6, self.logic=QF_BV)
on 691: [machsmt] warning: Timeout after 10 seconds of compute_core_features on Benchmark(self.path=data/benchmarks/suite_9k/QF_BV/asp/laby_19_19_19.lp.smt2, len(self.solvers)=6, self.logic=QF_BV)
on 693: [machsmt] warning: Timeout after 10 seconds of compute_core_features on Benchmark(self.path=data/benchmarks/suite_9k/QF_BV/asp/laby_19_19_17.lp.smt2, len(self.solvers)=6, self.logic=QF_BV)
on 696: [machsmt] warning: Timeout after 10 seconds of compute_core_features on Benchmark(self.path=data/benchmarks/suite_9k/QF_BV/asp/laby_20_20_04.lp.smt2, len(self.solvers)=6, self.logic=QF_BV)
on 698: [machsmt] warning: Timeout after 10 seconds of compute_core_features on Benchmark(self.path=data/benchmarks/suite_9k/QF_BV/asp/laby_21_21_18.lp.smt2, len(self.solvers)=6, self.logic=QF_BV)
on 699: [machsmt] warning: Timeout after 10 seconds of compute_core_features on Benchmark(self.path=data/benchmarks/suite_9k/QF_BV/asp/laby_21_21_16.lp.smt2, len(self.solvers)=6, self.logic=QF_BV)
on 700: [machsmt] warning: Timeout after 10 seconds of compute_core_features on Benchmark(self.path=data/benchmarks/suite_9k/QF_BV/asp/laby_21_21_12.lp.smt2, len(self.solvers)=6, self.logic=QF_BV)
on 701: [machsmt] warning: Timeout after 10 seconds of compute_core_features on Benchmark(self.path=data/benchmarks/suite_9k/QF_BV/asp/laby_22_22_08.lp.smt2, len(self.solvers)=6, self.logic=QF_BV)
on 728: [machsmt] warning: Timeout after 10 seconds of compute_core_features on Benchmark(self.path=data/benchmarks/suite_9k/QF_BV/asp/laby_22_22_09.lp.smt2, len(self.solvers)=6, self.logic=QF_BV)
Processing Benchmark Files |████████████████████████████████████████| 2444/2444 [100%] in 10:21.2 (3.93/s) 
  Fold 2 QF_BV: avg_par2=1.815, solved=553/556 (99.5%)
Parsing Input File |████████████████████████████████████████| 14106/14106 [100%] in 0.1s (159652.33/s) 
Processing Benchmark Files |████████████████████████████████████████| 2351/2351 [100%] in 1:25.9 (27.37/s) 
  Fold 2 QF_LIA: avg_par2=6.845, solved=630/649 (97.1%)
Parsing Input File |████████████████████████████████████████| 15120/15120 [100%] in 0.1s (151549.78/s) 
Processing Benchmark Files |████████████████████████████████████████| 2520/2520 [100%] in 34.7s (72.55/s) 
  Fold 2 QF_NRA: avg_par2=34.195, solved=391/480 (81.5%)
Parsing Input File |████████████████████████████████████████| 14466/14466 [100%] in 0.4s (37933.66/s) 
on 220: [machsmt] warning: Timeout after 10 seconds of compute_core_features on Benchmark(self.path=data/benchmarks/suite_9k/QF_BV/20221012-MCMPC/dualexecution.t1.i15.3663f71c.smt2, len(self.solvers)=6, self.logic=QF_BV)
on 227: [machsmt] warning: Timeout after 10 seconds of compute_core_features on Benchmark(self.path=data/benchmarks/suite_9k/QF_BV/20221012-MCMPC/dualexecution.t1.i15.fb1699bf.smt2, len(self.solvers)=6, self.logic=QF_BV)
on 927: [machsmt] warning: Timeout after 10 seconds of compute_core_features on Benchmark(self.path=data/benchmarks/suite_9k/QF_BV/asp/disjunctiveScheduling.in1.smt2, len(self.solvers)=6, self.logic=QF_BV)
on 929: [machsmt] warning: Timeout after 10 seconds of compute_core_features on Benchmark(self.path=data/benchmarks/suite_9k/QF_BV/asp/disjunctiveScheduling.in9.smt2, len(self.solvers)=6, self.logic=QF_BV)
on 942: [machsmt] warning: Timeout after 10 seconds of compute_core_features on Benchmark(self.path=data/benchmarks/suite_9k/QF_BV/asp/disjunctiveScheduling.in7.smt2, len(self.solvers)=6, self.logic=QF_BV)
on 944: [machsmt] warning: Timeout after 10 seconds of compute_core_features on Benchmark(self.path=data/benchmarks/suite_9k/QF_BV/asp/edge-matching-width=10-height=10-colours=12.smt2, len(self.solvers)=6, self.logic=QF_BV)
on 999: [machsmt] warning: Timeout after 10 seconds of compute_core_features on Benchmark(self.path=data/benchmarks/suite_9k/QF_BV/asp/knightTour.in07.smt2, len(self.solvers)=6, self.logic=QF_BV)
on 1001: [machsmt] warning: Timeout after 10 seconds of compute_core_features on Benchmark(self.path=data/benchmarks/suite_9k/QF_BV/asp/knightTour.in09.smt2, len(self.solvers)=6, self.logic=QF_BV)
on 1002: [machsmt] warning: Timeout after 10 seconds of compute_core_features on Benchmark(self.path=data/benchmarks/suite_9k/QF_BV/asp/laby_17_17_02.lp.smt2, len(self.solvers)=6, self.logic=QF_BV)
on 1003: [machsmt] warning: Timeout after 10 seconds of compute_core_features on Benchmark(self.path=data/benchmarks/suite_9k/QF_BV/asp/laby_17_17_07.lp.smt2, len(self.solvers)=6, self.logic=QF_BV)
on 1004: [machsmt] warning: Timeout after 10 seconds of compute_core_features on Benchmark(self.path=data/benchmarks/suite_9k/QF_BV/asp/laby_18_18_04.lp.smt2, len(self.solvers)=6, self.logic=QF_BV)
on 1005: [machsmt] warning: Timeout after 10 seconds of compute_core_features on Benchmark(self.path=data/benchmarks/suite_9k/QF_BV/asp/laby_17_17_09.lp.smt2, len(self.solvers)=6, self.logic=QF_BV)
on 1007: [machsmt] warning: Timeout after 10 seconds of compute_core_features on Benchmark(self.path=data/benchmarks/suite_9k/QF_BV/asp/laby_18_18_13.lp.smt2, len(self.solvers)=6, self.logic=QF_BV)
on 1009: [machsmt] warning: Timeout after 10 seconds of compute_core_features on Benchmark(self.path=data/benchmarks/suite_9k/QF_BV/asp/laby_19_19_14.lp.smt2, len(self.solvers)=6, self.logic=QF_BV)
on 1011: [machsmt] warning: Timeout after 10 seconds of compute_core_features on Benchmark(self.path=data/benchmarks/suite_9k/QF_BV/asp/laby_19_19_19.lp.smt2, len(self.solvers)=6, self.logic=QF_BV)
on 1013: [machsmt] warning: Timeout after 10 seconds of compute_core_features on Benchmark(self.path=data/benchmarks/suite_9k/QF_BV/asp/laby_21_21_12.lp.smt2, len(self.solvers)=6, self.logic=QF_BV)
on 1014: [machsmt] warning: Timeout after 10 seconds of compute_core_features on Benchmark(self.path=data/benchmarks/suite_9k/QF_BV/asp/laby_21_21_05.lp.smt2, len(self.solvers)=6, self.logic=QF_BV)
on 1015: [machsmt] warning: Timeout after 10 seconds of compute_core_features on Benchmark(self.path=data/benchmarks/suite_9k/QF_BV/asp/laby_21_21_01.lp.smt2, len(self.solvers)=6, self.logic=QF_BV)
on 1018: [machsmt] warning: Timeout after 10 seconds of compute_core_features on Benchmark(self.path=data/benchmarks/suite_9k/QF_BV/asp/laby_21_21_18.lp.smt2, len(self.solvers)=6, self.logic=QF_BV)
on 1019: [machsmt] warning: Timeout after 10 seconds of compute_core_features on Benchmark(self.path=data/benchmarks/suite_9k/QF_BV/asp/laby_22_22_09.lp.smt2, len(self.solvers)=6, self.logic=QF_BV)
on 1026: [machsmt] warning: Timeout after 10 seconds of compute_core_features on Benchmark(self.path=data/benchmarks/suite_9k/QF_BV/asp/laby_22_22_11.lp.smt2, len(self.solvers)=6, self.logic=QF_BV)
on 1050: [machsmt] warning: Timeout after 10 seconds of compute_core_features on Benchmark(self.path=data/benchmarks/suite_9k/QF_BV/asp/laby_22_22_13.lp.smt2, len(self.solvers)=6, self.logic=QF_BV)
Processing Benchmark Files |████████████████████████████████████████| 2411/2411 [100%] in 12:21.2 (3.25/s) 
  Fold 3 QF_BV: avg_par2=5.957, solved=571/589 (96.9%)
Parsing Input File |████████████████████████████████████████| 14118/14118 [100%] in 0.2s (68761.97/s) 
Processing Benchmark Files |████████████████████████████████████████| 2353/2353 [100%] in 1:03.8 (36.91/s) 
  Fold 3 QF_LIA: avg_par2=29.477, solved=496/647 (76.7%)
Parsing Input File |████████████████████████████████████████| 14736/14736 [100%] in 0.4s (35804.89/s) 
Processing Benchmark Files |████████████████████████████████████████| 2456/2456 [100%] in 1:49.9 (22.35/s) 
  Fold 3 QF_NRA: avg_par2=78.758, solved=232/544 (42.6%)
Parsing Input File |████████████████████████████████████████| 14382/14382 [100%] in 0.4s (35427.24/s) 
on 219: [machsmt] warning: Timeout after 10 seconds of compute_core_features on Benchmark(self.path=data/benchmarks/suite_9k/QF_BV/20221012-MCMPC/dualexecution.t1.i15.0695c39b.smt2, len(self.solvers)=6, self.logic=QF_BV)
on 227: [machsmt] warning: Timeout after 10 seconds of compute_core_features on Benchmark(self.path=data/benchmarks/suite_9k/QF_BV/20221012-MCMPC/dualexecution.t1.i15.fb1699bf.smt2, len(self.solvers)=6, self.logic=QF_BV)
on 229: Recurrsion Error on :Benchmark(self.path=data/benchmarks/suite_9k/QF_BV/20221012-MCMPC/dualexecution.t1.i29.a91c1738.smt2, len(self.solvers)=6, self.logic=QF_BV)
Processing Benchmark Files |████████████████████████████████████████| 2397/2397 [100%] in 5:34.3 (7.17/s) 
  Fold 4 QF_BV: avg_par2=53.499, solved=341/603 (56.6%)
Parsing Input File |████████████████████████████████████████| 14472/14472 [100%] in 0.4s (33806.34/s) 
Processing Benchmark Files |████████████████████████████████████████| 2412/2412 [100%] in 1:30.5 (26.66/s) 
  Fold 4 QF_LIA: avg_par2=52.830, solved=333/588 (56.6%)
Parsing Input File |████████████████████████████████████████| 14508/14508 [100%] in 0.4s (34048.62/s) 
Processing Benchmark Files |████████████████████████████████████████| 2418/2418 [100%] in 2:10.1 (18.58/s) 
  Fold 4 QF_NRA: avg_par2=3.887, solved=565/582 (97.1%)

============================================================
Variant 2: rng=456
  k-fold=5
============================================================
Parsing Input File |████████████████████████████████████████| 13788/13788 [100%] in 0.4s (35525.20/s) 
on 27: [machsmt] warning: Timeout after 10 seconds of compute_core_features on Benchmark(self.path=data/benchmarks/suite_9k/QF_BV/20221012-MCMPC/dualexecution.t1.i15.fb1699bf.smt2, len(self.solvers)=6, self.logic=QF_BV)
on 722: [machsmt] warning: Timeout after 10 seconds of compute_core_features on Benchmark(self.path=data/benchmarks/suite_9k/QF_BV/asp/altair1.37.asp.smt2, len(self.solvers)=6, self.logic=QF_BV)
on 743: [machsmt] warning: Timeout after 10 seconds of compute_core_features on Benchmark(self.path=data/benchmarks/suite_9k/QF_BV/asp/disjunctiveScheduling.in7.smt2, len(self.solvers)=6, self.logic=QF_BV)
on 801: [machsmt] warning: Timeout after 10 seconds of compute_core_features on Benchmark(self.path=data/benchmarks/suite_9k/QF_BV/asp/knightTour.in09.smt2, len(self.solvers)=6, self.logic=QF_BV)
on 802: [machsmt] warning: Timeout after 10 seconds of compute_core_features on Benchmark(self.path=data/benchmarks/suite_9k/QF_BV/asp/laby_17_17_07.lp.smt2, len(self.solvers)=6, self.logic=QF_BV)
on 803: [machsmt] warning: Timeout after 10 seconds of compute_core_features on Benchmark(self.path=data/benchmarks/suite_9k/QF_BV/asp/laby_17_17_09.lp.smt2, len(self.solvers)=6, self.logic=QF_BV)
on 804: [machsmt] warning: Timeout after 10 seconds of compute_core_features on Benchmark(self.path=data/benchmarks/suite_9k/QF_BV/asp/laby_17_17_02.lp.smt2, len(self.solvers)=6, self.logic=QF_BV)
on 805: [machsmt] warning: Timeout after 10 seconds of compute_core_features on Benchmark(self.path=data/benchmarks/suite_9k/QF_BV/asp/laby_18_18_11.lp.smt2, len(self.solvers)=6, self.logic=QF_BV)
on 806: [machsmt] warning: Timeout after 10 seconds of compute_core_features on Benchmark(self.path=data/benchmarks/suite_9k/QF_BV/asp/laby_18_18_04.lp.smt2, len(self.solvers)=6, self.logic=QF_BV)
on 807: [machsmt] warning: Timeout after 10 seconds of compute_core_features on Benchmark(self.path=data/benchmarks/suite_9k/QF_BV/asp/laby_18_18_13.lp.smt2, len(self.solvers)=6, self.logic=QF_BV)
on 808: [machsmt] warning: Timeout after 10 seconds of compute_core_features on Benchmark(self.path=data/benchmarks/suite_9k/QF_BV/asp/laby_19_19_17.lp.smt2, len(self.solvers)=6, self.logic=QF_BV)
on 809: [machsmt] warning: Timeout after 10 seconds of compute_core_features on Benchmark(self.path=data/benchmarks/suite_9k/QF_BV/asp/laby_19_19_14.lp.smt2, len(self.solvers)=6, self.logic=QF_BV)
on 810: [machsmt] warning: Timeout after 10 seconds of compute_core_features on Benchmark(self.path=data/benchmarks/suite_9k/QF_BV/asp/laby_19_19_19.lp.smt2, len(self.solvers)=6, self.logic=QF_BV)
on 811: [machsmt] warning: Timeout after 10 seconds of compute_core_features on Benchmark(self.path=data/benchmarks/suite_9k/QF_BV/asp/laby_18_18_14.lp.smt2, len(self.solvers)=6, self.logic=QF_BV)
on 812: [machsmt] warning: Timeout after 10 seconds of compute_core_features on Benchmark(self.path=data/benchmarks/suite_9k/QF_BV/asp/laby_21_21_01.lp.smt2, len(self.solvers)=6, self.logic=QF_BV)
on 813: [machsmt] warning: Timeout after 10 seconds of compute_core_features on Benchmark(self.path=data/benchmarks/suite_9k/QF_BV/asp/laby_21_21_05.lp.smt2, len(self.solvers)=6, self.logic=QF_BV)
on 814: [machsmt] warning: Timeout after 10 seconds of compute_core_features on Benchmark(self.path=data/benchmarks/suite_9k/QF_BV/asp/laby_21_21_12.lp.smt2, len(self.solvers)=6, self.logic=QF_BV)
on 815: [machsmt] warning: Timeout after 10 seconds of compute_core_features on Benchmark(self.path=data/benchmarks/suite_9k/QF_BV/asp/laby_20_20_04.lp.smt2, len(self.solvers)=6, self.logic=QF_BV)
on 816: [machsmt] warning: Timeout after 10 seconds of compute_core_features on Benchmark(self.path=data/benchmarks/suite_9k/QF_BV/asp/laby_21_21_16.lp.smt2, len(self.solvers)=6, self.logic=QF_BV)
on 817: [machsmt] warning: Timeout after 10 seconds of compute_core_features on Benchmark(self.path=data/benchmarks/suite_9k/QF_BV/asp/laby_22_22_09.lp.smt2, len(self.solvers)=6, self.logic=QF_BV)
on 818: [machsmt] warning: Timeout after 10 seconds of compute_core_features on Benchmark(self.path=data/benchmarks/suite_9k/QF_BV/asp/laby_21_21_18.lp.smt2, len(self.solvers)=6, self.logic=QF_BV)
on 819: [machsmt] warning: Timeout after 10 seconds of compute_core_features on Benchmark(self.path=data/benchmarks/suite_9k/QF_BV/asp/laby_22_22_08.lp.smt2, len(self.solvers)=6, self.logic=QF_BV)
on 850: [machsmt] warning: Timeout after 10 seconds of compute_core_features on Benchmark(self.path=data/benchmarks/suite_9k/QF_BV/asp/laby_22_22_19.lp.smt2, len(self.solvers)=6, self.logic=QF_BV)
Processing Benchmark Files |████████████████████████████████████████| 2298/2298 [100%] in 10:39.4 (3.59/s) 
  Fold 0 QF_BV: avg_par2=22.851, solved=572/702 (81.5%)
Parsing Input File |████████████████████████████████████████| 14550/14550 [100%] in 0.4s (33422.99/s) 
Processing Benchmark Files |████████████████████████████████████████| 2425/2425 [100%] in 44.9s (54.02/s) 
  Fold 0 QF_LIA: avg_par2=27.703, solved=476/575 (82.8%)
Parsing Input File |████████████████████████████████████████| 12708/12708 [100%] in 0.4s (36045.14/s) 
Processing Benchmark Files |████████████████████████████████████████| 2118/2118 [100%] in 2:10.5 (16.23/s) 
  Fold 0 QF_NRA: avg_par2=1.227, solved=875/882 (99.2%)
Parsing Input File |████████████████████████████████████████| 14700/14700 [100%] in 0.4s (34807.91/s) 
on 216: [machsmt] warning: Timeout after 10 seconds of compute_core_features on Benchmark(self.path=data/benchmarks/suite_9k/QF_BV/20221012-MCMPC/dualexecution.t1.i14.8585dcb1.smt2, len(self.solvers)=6, self.logic=QF_BV)
on 226: [machsmt] warning: Timeout after 10 seconds of compute_core_features on Benchmark(self.path=data/benchmarks/suite_9k/QF_BV/20221012-MCMPC/dualexecution.t1.i15.cbbd31d8.smt2, len(self.solvers)=6, self.logic=QF_BV)
on 226: [machsmt] warning: Timeout after 10 seconds of compute_core_features on Benchmark(self.path=data/benchmarks/suite_9k/QF_BV/20221012-MCMPC/dualexecution.t1.i15.fb1699bf.smt2, len(self.solvers)=6, self.logic=QF_BV)
on 581: [machsmt] warning: Timeout after 10 seconds of compute_core_features on Benchmark(self.path=data/benchmarks/suite_9k/QF_BV/asp/disjunctiveScheduling.in1.smt2, len(self.solvers)=6, self.logic=QF_BV)
on 583: [machsmt] warning: Timeout after 10 seconds of compute_core_features on Benchmark(self.path=data/benchmarks/suite_9k/QF_BV/asp/disjunctiveScheduling.in7.smt2, len(self.solvers)=6, self.logic=QF_BV)
on 601: [machsmt] warning: Timeout after 10 seconds of compute_core_features on Benchmark(self.path=data/benchmarks/suite_9k/QF_BV/asp/disjunctiveScheduling.in9.smt2, len(self.solvers)=6, self.logic=QF_BV)
on 657: [machsmt] warning: Timeout after 10 seconds of compute_core_features on Benchmark(self.path=data/benchmarks/suite_9k/QF_BV/asp/knightTour.in07.smt2, len(self.solvers)=6, self.logic=QF_BV)
on 659: [machsmt] warning: Timeout after 10 seconds of compute_core_features on Benchmark(self.path=data/benchmarks/suite_9k/QF_BV/asp/laby_17_17_02.lp.smt2, len(self.solvers)=6, self.logic=QF_BV)
on 660: [machsmt] warning: Timeout after 10 seconds of compute_core_features on Benchmark(self.path=data/benchmarks/suite_9k/QF_BV/asp/knightTour.in09.smt2, len(self.solvers)=6, self.logic=QF_BV)
on 663: [machsmt] warning: Timeout after 10 seconds of compute_core_features on Benchmark(self.path=data/benchmarks/suite_9k/QF_BV/asp/laby_17_17_07.lp.smt2, len(self.solvers)=6, self.logic=QF_BV)
on 664: [machsmt] warning: Timeout after 10 seconds of compute_core_features on Benchmark(self.path=data/benchmarks/suite_9k/QF_BV/asp/laby_18_18_11.lp.smt2, len(self.solvers)=6, self.logic=QF_BV)
on 665: [machsmt] warning: Timeout after 10 seconds of compute_core_features on Benchmark(self.path=data/benchmarks/suite_9k/QF_BV/asp/laby_18_18_14.lp.smt2, len(self.solvers)=6, self.logic=QF_BV)
on 666: [machsmt] warning: Timeout after 10 seconds of compute_core_features on Benchmark(self.path=data/benchmarks/suite_9k/QF_BV/asp/laby_19_19_14.lp.smt2, len(self.solvers)=6, self.logic=QF_BV)
on 667: [machsmt] warning: Timeout after 10 seconds of compute_core_features on Benchmark(self.path=data/benchmarks/suite_9k/QF_BV/asp/laby_18_18_13.lp.smt2, len(self.solvers)=6, self.logic=QF_BV)
on 668: [machsmt] warning: Timeout after 10 seconds of compute_core_features on Benchmark(self.path=data/benchmarks/suite_9k/QF_BV/asp/laby_19_19_17.lp.smt2, len(self.solvers)=6, self.logic=QF_BV)
on 669: [machsmt] warning: Timeout after 10 seconds of compute_core_features on Benchmark(self.path=data/benchmarks/suite_9k/QF_BV/asp/laby_19_19_19.lp.smt2, len(self.solvers)=6, self.logic=QF_BV)
on 670: [machsmt] warning: Timeout after 10 seconds of compute_core_features on Benchmark(self.path=data/benchmarks/suite_9k/QF_BV/asp/laby_21_21_01.lp.smt2, len(self.solvers)=6, self.logic=QF_BV)
on 671: [machsmt] warning: Timeout after 10 seconds of compute_core_features on Benchmark(self.path=data/benchmarks/suite_9k/QF_BV/asp/laby_20_20_04.lp.smt2, len(self.solvers)=6, self.logic=QF_BV)
on 671: [machsmt] warning: Timeout after 10 seconds of compute_core_features on Benchmark(self.path=data/benchmarks/suite_9k/QF_BV/asp/laby_21_21_05.lp.smt2, len(self.solvers)=6, self.logic=QF_BV)
on 673: [machsmt] warning: Timeout after 10 seconds of compute_core_features on Benchmark(self.path=data/benchmarks/suite_9k/QF_BV/asp/laby_21_21_12.lp.smt2, len(self.solvers)=6, self.logic=QF_BV)
on 674: [machsmt] warning: Timeout after 10 seconds of compute_core_features on Benchmark(self.path=data/benchmarks/suite_9k/QF_BV/asp/laby_21_21_16.lp.smt2, len(self.solvers)=6, self.logic=QF_BV)
on 675: [machsmt] warning: Timeout after 10 seconds of compute_core_features on Benchmark(self.path=data/benchmarks/suite_9k/QF_BV/asp/laby_22_22_09.lp.smt2, len(self.solvers)=6, self.logic=QF_BV)
on 676: [machsmt] warning: Timeout after 10 seconds of compute_core_features on Benchmark(self.path=data/benchmarks/suite_9k/QF_BV/asp/laby_22_22_08.lp.smt2, len(self.solvers)=6, self.logic=QF_BV)
on 677: [machsmt] warning: Timeout after 10 seconds of compute_core_features on Benchmark(self.path=data/benchmarks/suite_9k/QF_BV/asp/laby_21_21_18.lp.smt2, len(self.solvers)=6, self.logic=QF_BV)
Processing Benchmark Files |████████████████████████████████████████| 2450/2450 [100%] in 10:51.7 (3.76/s) 
  Fold 1 QF_BV: avg_par2=65.199, solved=270/550 (49.1%)
Parsing Input File |████████████████████████████████████████| 14754/14754 [100%] in 0.4s (35749.62/s) 
Processing Benchmark Files |████████████████████████████████████████| 2459/2459 [100%] in 1:24.0 (29.27/s) 
  Fold 1 QF_LIA: avg_par2=6.975, solved=521/541 (96.3%)
Parsing Input File |████████████████████████████████████████| 14928/14928 [100%] in 0.4s (36095.51/s) 
Processing Benchmark Files |████████████████████████████████████████| 2488/2488 [100%] in 1:59.1 (20.89/s) 
  Fold 1 QF_NRA: avg_par2=14.352, solved=452/512 (88.3%)
Parsing Input File |████████████████████████████████████████| 14664/14664 [100%] in 0.4s (34791.80/s) 
on 604: [machsmt] warning: Timeout after 10 seconds of compute_core_features on Benchmark(self.path=data/benchmarks/suite_9k/QF_BV/asp/dimitri_yorick.54.steps.12.asp.smt2, len(self.solvers)=6, self.logic=QF_BV)
on 611: [machsmt] warning: Timeout after 10 seconds of compute_core_features on Benchmark(self.path=data/benchmarks/suite_9k/QF_BV/asp/disjunctiveScheduling.in1.smt2, len(self.solvers)=6, self.logic=QF_BV)
on 626: [machsmt] warning: Timeout after 10 seconds of compute_core_features on Benchmark(self.path=data/benchmarks/suite_9k/QF_BV/asp/disjunctiveScheduling.in9.smt2, len(self.solvers)=6, self.logic=QF_BV)
on 627: [machsmt] warning: Timeout after 10 seconds of compute_core_features on Benchmark(self.path=data/benchmarks/suite_9k/QF_BV/asp/edge-matching-width=10-height=10-colours=11.smt2, len(self.solvers)=6, self.logic=QF_BV)
on 638: [machsmt] warning: Timeout after 10 seconds of compute_core_features on Benchmark(self.path=data/benchmarks/suite_9k/QF_BV/asp/edge-matching-width=8-height=8-colours=11.smt2, len(self.solvers)=6, self.logic=QF_BV)
on 682: [machsmt] warning: Timeout after 10 seconds of compute_core_features on Benchmark(self.path=data/benchmarks/suite_9k/QF_BV/asp/knightTour.in07.smt2, len(self.solvers)=6, self.logic=QF_BV)
on 683: [machsmt] warning: Timeout after 10 seconds of compute_core_features on Benchmark(self.path=data/benchmarks/suite_9k/QF_BV/asp/knightTour.in08.smt2, len(self.solvers)=6, self.logic=QF_BV)
on 684: [machsmt] warning: Timeout after 10 seconds of compute_core_features on Benchmark(self.path=data/benchmarks/suite_9k/QF_BV/asp/laby_17_17_02.lp.smt2, len(self.solvers)=6, self.logic=QF_BV)
on 685: [machsmt] warning: Timeout after 10 seconds of compute_core_features on Benchmark(self.path=data/benchmarks/suite_9k/QF_BV/asp/knightTour.in09.smt2, len(self.solvers)=6, self.logic=QF_BV)
on 686: [machsmt] warning: Timeout after 10 seconds of compute_core_features on Benchmark(self.path=data/benchmarks/suite_9k/QF_BV/asp/laby_17_17_07.lp.smt2, len(self.solvers)=6, self.logic=QF_BV)
on 687: [machsmt] warning: Timeout after 10 seconds of compute_core_features on Benchmark(self.path=data/benchmarks/suite_9k/QF_BV/asp/laby_17_17_09.lp.smt2, len(self.solvers)=6, self.logic=QF_BV)
on 688: [machsmt] warning: Timeout after 10 seconds of compute_core_features on Benchmark(self.path=data/benchmarks/suite_9k/QF_BV/asp/laby_18_18_04.lp.smt2, len(self.solvers)=6, self.logic=QF_BV)
on 689: [machsmt] warning: Timeout after 10 seconds of compute_core_features on Benchmark(self.path=data/benchmarks/suite_9k/QF_BV/asp/laby_18_18_11.lp.smt2, len(self.solvers)=6, self.logic=QF_BV)
on 690: [machsmt] warning: Timeout after 10 seconds of compute_core_features on Benchmark(self.path=data/benchmarks/suite_9k/QF_BV/asp/laby_18_18_14.lp.smt2, len(self.solvers)=6, self.logic=QF_BV)
on 690: [machsmt] warning: Timeout after 10 seconds of compute_core_features on Benchmark(self.path=data/benchmarks/suite_9k/QF_BV/asp/laby_18_18_13.lp.smt2, len(self.solvers)=6, self.logic=QF_BV)
on 692: [machsmt] warning: Timeout after 10 seconds of compute_core_features on Benchmark(self.path=data/benchmarks/suite_9k/QF_BV/asp/laby_19_19_14.lp.smt2, len(self.solvers)=6, self.logic=QF_BV)
on 693: [machsmt] warning: Timeout after 10 seconds of compute_core_features on Benchmark(self.path=data/benchmarks/suite_9k/QF_BV/asp/laby_19_19_17.lp.smt2, len(self.solvers)=6, self.logic=QF_BV)
on 695: [machsmt] warning: Timeout after 10 seconds of compute_core_features on Benchmark(self.path=data/benchmarks/suite_9k/QF_BV/asp/laby_19_19_19.lp.smt2, len(self.solvers)=6, self.logic=QF_BV)
on 696: [machsmt] warning: Timeout after 10 seconds of compute_core_features on Benchmark(self.path=data/benchmarks/suite_9k/QF_BV/asp/laby_21_21_01.lp.smt2, len(self.solvers)=6, self.logic=QF_BV)
on 697: [machsmt] warning: Timeout after 10 seconds of compute_core_features on Benchmark(self.path=data/benchmarks/suite_9k/QF_BV/asp/laby_21_21_05.lp.smt2, len(self.solvers)=6, self.logic=QF_BV)
on 701: [machsmt] warning: Timeout after 10 seconds of compute_core_features on Benchmark(self.path=data/benchmarks/suite_9k/QF_BV/asp/laby_22_22_08.lp.smt2, len(self.solvers)=6, self.logic=QF_BV)
Processing Benchmark Files |████████████████████████████████████████| 2444/2444 [100%] in 10:16.7 (3.96/s) 
  Fold 2 QF_BV: avg_par2=2.508, solved=553/556 (99.5%)
Parsing Input File |████████████████████████████████████████| 14106/14106 [100%] in 0.4s (31928.80/s) 
Processing Benchmark Files |████████████████████████████████████████| 2351/2351 [100%] in 1:24.7 (27.76/s) 
  Fold 2 QF_LIA: avg_par2=7.981, solved=626/649 (96.5%)
Parsing Input File |████████████████████████████████████████| 15120/15120 [100%] in 0.4s (34140.38/s) 
Processing Benchmark Files |████████████████████████████████████████| 2520/2520 [100%] in 34.1s (73.95/s) 
  Fold 2 QF_NRA: avg_par2=27.542, solved=395/480 (82.3%)
Parsing Input File |████████████████████████████████████████| 14466/14466 [100%] in 0.4s (38100.53/s) 
on 227: [machsmt] warning: Timeout after 10 seconds of compute_core_features on Benchmark(self.path=data/benchmarks/suite_9k/QF_BV/20221012-MCMPC/dualexecution.t1.i15.fb1699bf.smt2, len(self.solvers)=6, self.logic=QF_BV)
on 922: [machsmt] warning: Timeout after 10 seconds of compute_core_features on Benchmark(self.path=data/benchmarks/suite_9k/QF_BV/asp/channrlRoute.in6.smt2, len(self.solvers)=6, self.logic=QF_BV)
on 925: [machsmt] warning: Timeout after 10 seconds of compute_core_features on Benchmark(self.path=data/benchmarks/suite_9k/QF_BV/asp/disjunctiveScheduling.in1.smt2, len(self.solvers)=6, self.logic=QF_BV)
on 926: [machsmt] warning: Timeout after 10 seconds of compute_core_features on Benchmark(self.path=data/benchmarks/suite_9k/QF_BV/asp/disjunctiveScheduling.in7.smt2, len(self.solvers)=6, self.logic=QF_BV)
on 944: [machsmt] warning: Timeout after 10 seconds of compute_core_features on Benchmark(self.path=data/benchmarks/suite_9k/QF_BV/asp/disjunctiveScheduling.in9.smt2, len(self.solvers)=6, self.logic=QF_BV)
on 1001: [machsmt] warning: Timeout after 10 seconds of compute_core_features on Benchmark(self.path=data/benchmarks/suite_9k/QF_BV/asp/knightTour.in08.smt2, len(self.solvers)=6, self.logic=QF_BV)
on 1002: [machsmt] warning: Timeout after 10 seconds of compute_core_features on Benchmark(self.path=data/benchmarks/suite_9k/QF_BV/asp/laby_17_17_02.lp.smt2, len(self.solvers)=6, self.logic=QF_BV)
on 1003: [machsmt] warning: Timeout after 10 seconds of compute_core_features on Benchmark(self.path=data/benchmarks/suite_9k/QF_BV/asp/laby_17_17_07.lp.smt2, len(self.solvers)=6, self.logic=QF_BV)
on 1004: [machsmt] warning: Timeout after 10 seconds of compute_core_features on Benchmark(self.path=data/benchmarks/suite_9k/QF_BV/asp/laby_17_17_09.lp.smt2, len(self.solvers)=6, self.logic=QF_BV)
on 1005: [machsmt] warning: Timeout after 10 seconds of compute_core_features on Benchmark(self.path=data/benchmarks/suite_9k/QF_BV/asp/laby_18_18_04.lp.smt2, len(self.solvers)=6, self.logic=QF_BV)
on 1009: [machsmt] warning: Timeout after 10 seconds of compute_core_features on Benchmark(self.path=data/benchmarks/suite_9k/QF_BV/asp/laby_19_19_14.lp.smt2, len(self.solvers)=6, self.logic=QF_BV)
on 1010: [machsmt] warning: Timeout after 10 seconds of compute_core_features on Benchmark(self.path=data/benchmarks/suite_9k/QF_BV/asp/laby_19_19_17.lp.smt2, len(self.solvers)=6, self.logic=QF_BV)
on 1011: [machsmt] warning: Timeout after 10 seconds of compute_core_features on Benchmark(self.path=data/benchmarks/suite_9k/QF_BV/asp/laby_20_20_04.lp.smt2, len(self.solvers)=6, self.logic=QF_BV)
on 1012: [machsmt] warning: Timeout after 10 seconds of compute_core_features on Benchmark(self.path=data/benchmarks/suite_9k/QF_BV/asp/laby_19_19_19.lp.smt2, len(self.solvers)=6, self.logic=QF_BV)
on 1012: [machsmt] warning: Timeout after 10 seconds of compute_core_features on Benchmark(self.path=data/benchmarks/suite_9k/QF_BV/asp/laby_21_21_01.lp.smt2, len(self.solvers)=6, self.logic=QF_BV)
on 1015: [machsmt] warning: Timeout after 10 seconds of compute_core_features on Benchmark(self.path=data/benchmarks/suite_9k/QF_BV/asp/laby_21_21_16.lp.smt2, len(self.solvers)=6, self.logic=QF_BV)
on 1015: [machsmt] warning: Timeout after 10 seconds of compute_core_features on Benchmark(self.path=data/benchmarks/suite_9k/QF_BV/asp/laby_21_21_12.lp.smt2, len(self.solvers)=6, self.logic=QF_BV)
on 1017: [machsmt] warning: Timeout after 10 seconds of compute_core_features on Benchmark(self.path=data/benchmarks/suite_9k/QF_BV/asp/laby_21_21_05.lp.smt2, len(self.solvers)=6, self.logic=QF_BV)
on 1018: [machsmt] warning: Timeout after 10 seconds of compute_core_features on Benchmark(self.path=data/benchmarks/suite_9k/QF_BV/asp/laby_22_22_08.lp.smt2, len(self.solvers)=6, self.logic=QF_BV)
on 1018: [machsmt] warning: Timeout after 10 seconds of compute_core_features on Benchmark(self.path=data/benchmarks/suite_9k/QF_BV/asp/laby_22_22_09.lp.smt2, len(self.solvers)=6, self.logic=QF_BV)
on 1051: [machsmt] warning: Timeout after 10 seconds of compute_core_features on Benchmark(self.path=data/benchmarks/suite_9k/QF_BV/asp/laby_22_22_13.lp.smt2, len(self.solvers)=6, self.logic=QF_BV)
Processing Benchmark Files |████████████████████████████████████████| 2411/2411 [100%] in 12:06.3 (3.32/s) 
  Fold 3 QF_BV: avg_par2=25.822, solved=478/589 (81.2%)
Parsing Input File |████████████████████████████████████████| 14118/14118 [100%] in 0.4s (34818.70/s) 
Processing Benchmark Files |████████████████████████████████████████| 2353/2353 [100%] in 1:02.8 (37.47/s) 
  Fold 3 QF_LIA: avg_par2=29.321, solved=497/647 (76.8%)
Parsing Input File |████████████████████████████████████████| 14736/14736 [100%] in 0.4s (40212.66/s) 
Processing Benchmark Files |████████████████████████████████████████| 2456/2456 [100%] in 1:50.1 (22.30/s) 
  Fold 3 QF_NRA: avg_par2=76.042, solved=246/544 (45.2%)
Parsing Input File |████████████████████████████████████████| 14382/14382 [100%] in 0.4s (37516.23/s) 
on 227: [machsmt] warning: Timeout after 10 seconds of compute_core_features on Benchmark(self.path=data/benchmarks/suite_9k/QF_BV/20221012-MCMPC/dualexecution.t1.i15.fb1699bf.smt2, len(self.solvers)=6, self.logic=QF_BV)
Processing Benchmark Files |████████████████████████████████████████| 2397/2397 [100%] in 5:35.1 (7.15/s) 
