SMT environment loaded from /dcs/large/u5573765
=== Task 3: /dcs/23/u5573765/cs351/smt-ablation-machsmt/ablations/templates/logic_filter_toggle.yaml ===
Experiment: ABL-LF01
  Knob: logic_filter
  Values: [False, True]
  Reference logic_filter=False
  Suite: suite_9k, Portfolio: 7
  Logics: ['QF_BV', 'QF_LIA', 'QF_NRA']
  K-fold: 5
======================================================================
Experiment: ABL-LF01
  Knob: logic_filter
  Values: [False, True]
  Logics: ['QF_BV', 'QF_LIA', 'QF_NRA']
======================================================================
Loaded 9000 benchmarks from suite_9k
Filtered to 9000 benchmarks for logics: ['QF_BV', 'QF_LIA', 'QF_NRA']

============================================================
Variant 0: logic_filter=False
  k-fold=5
============================================================
Parsing Input File |████████████████████████████████████████| 13788/13788 [100%] in 0.4s (33491.51/s) 
on 27: [machsmt] warning: Timeout after 10 seconds of compute_core_features on Benchmark(self.path=data/benchmarks/suite_9k/QF_BV/20221012-MCMPC/dualexecution.t1.i15.fb1699bf.smt2, len(self.solvers)=6, self.logic=QF_BV)
on 722: [machsmt] warning: Timeout after 10 seconds of compute_core_features on Benchmark(self.path=data/benchmarks/suite_9k/QF_BV/asp/channrlRoute.in6.smt2, len(self.solvers)=6, self.logic=QF_BV)
on 732: [machsmt] warning: Timeout after 10 seconds of compute_core_features on Benchmark(self.path=data/benchmarks/suite_9k/QF_BV/asp/disjunctiveScheduling.in1.smt2, len(self.solvers)=6, self.logic=QF_BV)
on 743: [machsmt] warning: Timeout after 10 seconds of compute_core_features on Benchmark(self.path=data/benchmarks/suite_9k/QF_BV/asp/disjunctiveScheduling.in9.smt2, len(self.solvers)=6, self.logic=QF_BV)
on 757: [machsmt] warning: Timeout after 10 seconds of compute_core_features on Benchmark(self.path=data/benchmarks/suite_9k/QF_BV/asp/edge-matching-width=9-height=9-colours=10.smt2, len(self.solvers)=6, self.logic=QF_BV)
on 799: [machsmt] warning: Timeout after 10 seconds of compute_core_features on Benchmark(self.path=data/benchmarks/suite_9k/QF_BV/asp/knightTour.in07.smt2, len(self.solvers)=6, self.logic=QF_BV)
on 800: [machsmt] warning: Timeout after 10 seconds of compute_core_features on Benchmark(self.path=data/benchmarks/suite_9k/QF_BV/asp/knightTour.in08.smt2, len(self.solvers)=6, self.logic=QF_BV)
on 801: [machsmt] warning: Timeout after 10 seconds of compute_core_features on Benchmark(self.path=data/benchmarks/suite_9k/QF_BV/asp/knightTour.in09.smt2, len(self.solvers)=6, self.logic=QF_BV)
on 804: [machsmt] warning: Timeout after 10 seconds of compute_core_features on Benchmark(self.path=data/benchmarks/suite_9k/QF_BV/asp/laby_17_17_09.lp.smt2, len(self.solvers)=6, self.logic=QF_BV)
on 806: [machsmt] warning: Timeout after 10 seconds of compute_core_features on Benchmark(self.path=data/benchmarks/suite_9k/QF_BV/asp/laby_18_18_13.lp.smt2, len(self.solvers)=6, self.logic=QF_BV)
on 808: [machsmt] warning: Timeout after 10 seconds of compute_core_features on Benchmark(self.path=data/benchmarks/suite_9k/QF_BV/asp/laby_18_18_14.lp.smt2, len(self.solvers)=6, self.logic=QF_BV)
on 811: [machsmt] warning: Timeout after 10 seconds of compute_core_features on Benchmark(self.path=data/benchmarks/suite_9k/QF_BV/asp/laby_19_19_14.lp.smt2, len(self.solvers)=6, self.logic=QF_BV)
on 812: [machsmt] warning: Timeout after 10 seconds of compute_core_features on Benchmark(self.path=data/benchmarks/suite_9k/QF_BV/asp/laby_20_20_04.lp.smt2, len(self.solvers)=6, self.logic=QF_BV)
on 813: [machsmt] warning: Timeout after 10 seconds of compute_core_features on Benchmark(self.path=data/benchmarks/suite_9k/QF_BV/asp/laby_21_21_01.lp.smt2, len(self.solvers)=6, self.logic=QF_BV)
on 814: [machsmt] warning: Timeout after 10 seconds of compute_core_features on Benchmark(self.path=data/benchmarks/suite_9k/QF_BV/asp/laby_21_21_12.lp.smt2, len(self.solvers)=6, self.logic=QF_BV)
on 815: [machsmt] warning: Timeout after 10 seconds of compute_core_features on Benchmark(self.path=data/benchmarks/suite_9k/QF_BV/asp/laby_21_21_16.lp.smt2, len(self.solvers)=6, self.logic=QF_BV)
on 816: [machsmt] warning: Timeout after 10 seconds of compute_core_features on Benchmark(self.path=data/benchmarks/suite_9k/QF_BV/asp/laby_21_21_05.lp.smt2, len(self.solvers)=6, self.logic=QF_BV)
on 817: [machsmt] warning: Timeout after 10 seconds of compute_core_features on Benchmark(self.path=data/benchmarks/suite_9k/QF_BV/asp/laby_21_21_18.lp.smt2, len(self.solvers)=6, self.logic=QF_BV)
on 818: [machsmt] warning: Timeout after 10 seconds of compute_core_features on Benchmark(self.path=data/benchmarks/suite_9k/QF_BV/asp/laby_22_22_08.lp.smt2, len(self.solvers)=6, self.logic=QF_BV)
on 819: [machsmt] warning: Timeout after 10 seconds of compute_core_features on Benchmark(self.path=data/benchmarks/suite_9k/QF_BV/asp/laby_22_22_11.lp.smt2, len(self.solvers)=6, self.logic=QF_BV)
on 826: [machsmt] warning: Timeout after 10 seconds of compute_core_features on Benchmark(self.path=data/benchmarks/suite_9k/QF_BV/asp/laby_22_22_09.lp.smt2, len(self.solvers)=6, self.logic=QF_BV)
on 845: [machsmt] warning: Timeout after 10 seconds of compute_core_features on Benchmark(self.path=data/benchmarks/suite_9k/QF_BV/asp/laby_22_22_13.lp.smt2, len(self.solvers)=6, self.logic=QF_BV)
on 850: [machsmt] warning: Timeout after 10 seconds of compute_core_features on Benchmark(self.path=data/benchmarks/suite_9k/QF_BV/asp/laby_22_22_19.lp.smt2, len(self.solvers)=6, self.logic=QF_BV)
Processing Benchmark Files |████████████████████████████████████████| 2298/2298 [100%] in 10:59.0 (3.49/s) 
  Fold 0 QF_BV: avg_par2=27.319, solved=549/702 (78.2%)
Parsing Input File |████████████████████████████████████████| 14550/14550 [100%] in 0.1s (149392.88/s) 
Processing Benchmark Files |████████████████████████████████████████| 2425/2425 [100%] in 45.9s (52.87/s) 
  Fold 0 QF_LIA: avg_par2=31.829, solved=474/575 (82.4%)
Parsing Input File |████████████████████████████████████████| 12708/12708 [100%] in 0.3s (39143.98/s) 
Processing Benchmark Files |████████████████████████████████████████| 2118/2118 [100%] in 2:14.0 (15.80/s) 
  Fold 0 QF_NRA: avg_par2=0.655, solved=879/882 (99.7%)
Parsing Input File |████████████████████████████████████████| 14700/14700 [100%] in 0.1s (153157.54/s) 
on 225: [machsmt] warning: Timeout after 10 seconds of compute_core_features on Benchmark(self.path=data/benchmarks/suite_9k/QF_BV/20221012-MCMPC/dualexecution.t1.i15.7edaecb4.smt2, len(self.solvers)=6, self.logic=QF_BV)
on 227: [machsmt] warning: Timeout after 10 seconds of compute_core_features on Benchmark(self.path=data/benchmarks/suite_9k/QF_BV/20221012-MCMPC/dualexecution.t1.i15.fb1699bf.smt2, len(self.solvers)=6, self.logic=QF_BV)
on 581: [machsmt] warning: Timeout after 10 seconds of compute_core_features on Benchmark(self.path=data/benchmarks/suite_9k/QF_BV/asp/disjunctiveScheduling.in1.smt2, len(self.solvers)=6, self.logic=QF_BV)
on 601: [machsmt] warning: Timeout after 10 seconds of compute_core_features on Benchmark(self.path=data/benchmarks/suite_9k/QF_BV/asp/disjunctiveScheduling.in9.smt2, len(self.solvers)=6, self.logic=QF_BV)
on 608: [machsmt] warning: Timeout after 10 seconds of compute_core_features on Benchmark(self.path=data/benchmarks/suite_9k/QF_BV/asp/edge-matching-width=10-height=10-colours=12.smt2, len(self.solvers)=6, self.logic=QF_BV)
on 658: [machsmt] warning: Timeout after 10 seconds of compute_core_features on Benchmark(self.path=data/benchmarks/suite_9k/QF_BV/asp/knightTour.in08.smt2, len(self.solvers)=6, self.logic=QF_BV)
on 659: [machsmt] warning: Timeout after 10 seconds of compute_core_features on Benchmark(self.path=data/benchmarks/suite_9k/QF_BV/asp/knightTour.in09.smt2, len(self.solvers)=6, self.logic=QF_BV)
on 660: [machsmt] warning: Timeout after 10 seconds of compute_core_features on Benchmark(self.path=data/benchmarks/suite_9k/QF_BV/asp/laby_17_17_02.lp.smt2, len(self.solvers)=6, self.logic=QF_BV)
on 661: [machsmt] warning: Timeout after 10 seconds of compute_core_features on Benchmark(self.path=data/benchmarks/suite_9k/QF_BV/asp/laby_17_17_09.lp.smt2, len(self.solvers)=6, self.logic=QF_BV)
on 663: [machsmt] warning: Timeout after 10 seconds of compute_core_features on Benchmark(self.path=data/benchmarks/suite_9k/QF_BV/asp/laby_17_17_07.lp.smt2, len(self.solvers)=6, self.logic=QF_BV)
on 664: [machsmt] warning: Timeout after 10 seconds of compute_core_features on Benchmark(self.path=data/benchmarks/suite_9k/QF_BV/asp/laby_18_18_04.lp.smt2, len(self.solvers)=6, self.logic=QF_BV)
on 664: [machsmt] warning: Timeout after 10 seconds of compute_core_features on Benchmark(self.path=data/benchmarks/suite_9k/QF_BV/asp/laby_18_18_13.lp.smt2, len(self.solvers)=6, self.logic=QF_BV)
on 668: [machsmt] warning: Timeout after 10 seconds of compute_core_features on Benchmark(self.path=data/benchmarks/suite_9k/QF_BV/asp/laby_19_19_19.lp.smt2, len(self.solvers)=6, self.logic=QF_BV)
on 669: [machsmt] warning: Timeout after 10 seconds of compute_core_features on Benchmark(self.path=data/benchmarks/suite_9k/QF_BV/asp/laby_19_19_17.lp.smt2, len(self.solvers)=6, self.logic=QF_BV)
on 672: [machsmt] warning: Timeout after 10 seconds of compute_core_features on Benchmark(self.path=data/benchmarks/suite_9k/QF_BV/asp/laby_21_21_12.lp.smt2, len(self.solvers)=6, self.logic=QF_BV)
on 672: [machsmt] warning: Timeout after 10 seconds of compute_core_features on Benchmark(self.path=data/benchmarks/suite_9k/QF_BV/asp/laby_21_21_01.lp.smt2, len(self.solvers)=6, self.logic=QF_BV)
on 674: [machsmt] warning: Timeout after 10 seconds of compute_core_features on Benchmark(self.path=data/benchmarks/suite_9k/QF_BV/asp/laby_21_21_18.lp.smt2, len(self.solvers)=6, self.logic=QF_BV)
on 676: [machsmt] warning: Timeout after 10 seconds of compute_core_features on Benchmark(self.path=data/benchmarks/suite_9k/QF_BV/asp/laby_22_22_08.lp.smt2, len(self.solvers)=6, self.logic=QF_BV)
on 677: [machsmt] warning: Timeout after 10 seconds of compute_core_features on Benchmark(self.path=data/benchmarks/suite_9k/QF_BV/asp/laby_22_22_09.lp.smt2, len(self.solvers)=6, self.logic=QF_BV)
Processing Benchmark Files |████████████████████████████████████████| 2450/2450 [100%] in 10:54.8 (3.74/s) 
  Fold 1 QF_BV: avg_par2=62.922, solved=284/550 (51.6%)
Parsing Input File |████████████████████████████████████████| 14754/14754 [100%] in 0.1s (115076.96/s) 
Processing Benchmark Files |████████████████████████████████████████| 2459/2459 [100%] in 1:27.3 (28.16/s) 
  Fold 1 QF_LIA: avg_par2=6.958, solved=521/541 (96.3%)
Parsing Input File |████████████████████████████████████████| 14928/14928 [100%] in 0.1s (150325.56/s) 
on 1150: [machsmt] warning: Timeout after 10 seconds of compute_core_features on Benchmark(self.path=data/benchmarks/suite_9k/QF_NRA/LassoRanker/Collatz.bpl_Iteration1_Loop_3-pieceTemplate.smt2, len(self.solvers)=6, self.logic=QF_NRA)
Processing Benchmark Files |████████████████████████████████████████| 2488/2488 [100%] in 2:00.7 (20.61/s) 
  Fold 1 QF_NRA: avg_par2=14.029, solved=454/512 (88.7%)
Parsing Input File |████████████████████████████████████████| 14664/14664 [100%] in 0.1s (122054.52/s) 
on 606: [machsmt] warning: Timeout after 10 seconds of compute_core_features on Benchmark(self.path=data/benchmarks/suite_9k/QF_BV/asp/disjunctiveScheduling.in1.smt2, len(self.solvers)=6, self.logic=QF_BV)
on 625: [machsmt] warning: Timeout after 10 seconds of compute_core_features on Benchmark(self.path=data/benchmarks/suite_9k/QF_BV/asp/disjunctiveScheduling.in7.smt2, len(self.solvers)=6, self.logic=QF_BV)
on 626: [machsmt] warning: Timeout after 10 seconds of compute_core_features on Benchmark(self.path=data/benchmarks/suite_9k/QF_BV/asp/disjunctiveScheduling.in9.smt2, len(self.solvers)=6, self.logic=QF_BV)
on 682: [machsmt] warning: Timeout after 10 seconds of compute_core_features on Benchmark(self.path=data/benchmarks/suite_9k/QF_BV/asp/knightTour.in08.smt2, len(self.solvers)=6, self.logic=QF_BV)
on 685: [machsmt] warning: Timeout after 10 seconds of compute_core_features on Benchmark(self.path=data/benchmarks/suite_9k/QF_BV/asp/laby_17_17_02.lp.smt2, len(self.solvers)=6, self.logic=QF_BV)
on 686: [machsmt] warning: Timeout after 10 seconds of compute_core_features on Benchmark(self.path=data/benchmarks/suite_9k/QF_BV/asp/laby_17_17_09.lp.smt2, len(self.solvers)=6, self.logic=QF_BV)
on 687: [machsmt] warning: Timeout after 10 seconds of compute_core_features on Benchmark(self.path=data/benchmarks/suite_9k/QF_BV/asp/laby_17_17_07.lp.smt2, len(self.solvers)=6, self.logic=QF_BV)
on 691: [machsmt] warning: Timeout after 10 seconds of compute_core_features on Benchmark(self.path=data/benchmarks/suite_9k/QF_BV/asp/laby_18_18_04.lp.smt2, len(self.solvers)=6, self.logic=QF_BV)
on 694: [machsmt] warning: Timeout after 10 seconds of compute_core_features on Benchmark(self.path=data/benchmarks/suite_9k/QF_BV/asp/laby_19_19_19.lp.smt2, len(self.solvers)=6, self.logic=QF_BV)
on 695: [machsmt] warning: Timeout after 10 seconds of compute_core_features on Benchmark(self.path=data/benchmarks/suite_9k/QF_BV/asp/laby_20_20_04.lp.smt2, len(self.solvers)=6, self.logic=QF_BV)
on 699: [machsmt] warning: Timeout after 10 seconds of compute_core_features on Benchmark(self.path=data/benchmarks/suite_9k/QF_BV/asp/laby_21_21_12.lp.smt2, len(self.solvers)=6, self.logic=QF_BV)
on 702: [machsmt] warning: Timeout after 10 seconds of compute_core_features on Benchmark(self.path=data/benchmarks/suite_9k/QF_BV/asp/laby_22_22_11.lp.smt2, len(self.solvers)=6, self.logic=QF_BV)
on 704: [machsmt] warning: Timeout after 10 seconds of compute_core_features on Benchmark(self.path=data/benchmarks/suite_9k/QF_BV/asp/laby_22_22_08.lp.smt2, len(self.solvers)=6, self.logic=QF_BV)
on 731: [machsmt] warning: Timeout after 10 seconds of compute_core_features on Benchmark(self.path=data/benchmarks/suite_9k/QF_BV/asp/laby_22_22_19.lp.smt2, len(self.solvers)=6, self.logic=QF_BV)
on 733: [machsmt] warning: Timeout after 10 seconds of compute_core_features on Benchmark(self.path=data/benchmarks/suite_9k/QF_BV/asp/laby_22_22_13.lp.smt2, len(self.solvers)=6, self.logic=QF_BV)
Processing Benchmark Files |████████████████████████████████████████| 2444/2444 [100%] in 10:19.0 (3.95/s) 
  Fold 2 QF_BV: avg_par2=2.253, solved=554/556 (99.6%)
Parsing Input File |████████████████████████████████████████| 14106/14106 [100%] in 0.2s (73169.74/s) 
Processing Benchmark Files |████████████████████████████████████████| 2351/2351 [100%] in 1:26.7 (27.10/s) 
  Fold 2 QF_LIA: avg_par2=9.944, solved=612/649 (94.3%)
Parsing Input File |████████████████████████████████████████| 15120/15120 [100%] in 0.2s (67322.84/s) 
Processing Benchmark Files |████████████████████████████████████████| 2520/2520 [100%] in 35.2s (71.56/s) 
  Fold 2 QF_NRA: avg_par2=26.378, solved=395/480 (82.3%)
Parsing Input File |████████████████████████████████████████| 14466/14466 [100%] in 0.1s (155475.56/s) 
on 227: [machsmt] warning: Timeout after 10 seconds of compute_core_features on Benchmark(self.path=data/benchmarks/suite_9k/QF_BV/20221012-MCMPC/dualexecution.t1.i15.fb1699bf.smt2, len(self.solvers)=6, self.logic=QF_BV)
on 922: [machsmt] warning: Timeout after 10 seconds of compute_core_features on Benchmark(self.path=data/benchmarks/suite_9k/QF_BV/asp/channrlRoute.in6.smt2, len(self.solvers)=6, self.logic=QF_BV)
on 943: [machsmt] warning: Timeout after 10 seconds of compute_core_features on Benchmark(self.path=data/benchmarks/suite_9k/QF_BV/asp/disjunctiveScheduling.in7.smt2, len(self.solvers)=6, self.logic=QF_BV)
on 945: [machsmt] warning: Timeout after 10 seconds of compute_core_features on Benchmark(self.path=data/benchmarks/suite_9k/QF_BV/asp/edge-matching-width=10-height=10-colours=11.smt2, len(self.solvers)=6, self.logic=QF_BV)
on 952: [machsmt] warning: Timeout after 10 seconds of compute_core_features on Benchmark(self.path=data/benchmarks/suite_9k/QF_BV/asp/edge-matching-width=10-height=10-colours=9.smt2, len(self.solvers)=6, self.logic=QF_BV)
on 1000: [machsmt] warning: Timeout after 10 seconds of compute_core_features on Benchmark(self.path=data/benchmarks/suite_9k/QF_BV/asp/knightTour.in08.smt2, len(self.solvers)=6, self.logic=QF_BV)
on 1002: [machsmt] warning: Timeout after 10 seconds of compute_core_features on Benchmark(self.path=data/benchmarks/suite_9k/QF_BV/asp/laby_17_17_02.lp.smt2, len(self.solvers)=6, self.logic=QF_BV)
on 1004: [machsmt] warning: Timeout after 10 seconds of compute_core_features on Benchmark(self.path=data/benchmarks/suite_9k/QF_BV/asp/laby_17_17_09.lp.smt2, len(self.solvers)=6, self.logic=QF_BV)
on 1005: [machsmt] warning: Timeout after 10 seconds of compute_core_features on Benchmark(self.path=data/benchmarks/suite_9k/QF_BV/asp/laby_18_18_04.lp.smt2, len(self.solvers)=6, self.logic=QF_BV)
on 1007: [machsmt] warning: Timeout after 10 seconds of compute_core_features on Benchmark(self.path=data/benchmarks/suite_9k/QF_BV/asp/laby_18_18_14.lp.smt2, len(self.solvers)=6, self.logic=QF_BV)
on 1008: [machsmt] warning: Timeout after 10 seconds of compute_core_features on Benchmark(self.path=data/benchmarks/suite_9k/QF_BV/asp/laby_18_18_13.lp.smt2, len(self.solvers)=6, self.logic=QF_BV)
on 1009: [machsmt] warning: Timeout after 10 seconds of compute_core_features on Benchmark(self.path=data/benchmarks/suite_9k/QF_BV/asp/laby_19_19_14.lp.smt2, len(self.solvers)=6, self.logic=QF_BV)
on 1010: [machsmt] warning: Timeout after 10 seconds of compute_core_features on Benchmark(self.path=data/benchmarks/suite_9k/QF_BV/asp/laby_19_19_17.lp.smt2, len(self.solvers)=6, self.logic=QF_BV)
on 1012: [machsmt] warning: Timeout after 10 seconds of compute_core_features on Benchmark(self.path=data/benchmarks/suite_9k/QF_BV/asp/laby_21_21_01.lp.smt2, len(self.solvers)=6, self.logic=QF_BV)
on 1013: [machsmt] warning: Timeout after 10 seconds of compute_core_features on Benchmark(self.path=data/benchmarks/suite_9k/QF_BV/asp/laby_20_20_04.lp.smt2, len(self.solvers)=6, self.logic=QF_BV)
on 1014: [machsmt] warning: Timeout after 10 seconds of compute_core_features on Benchmark(self.path=data/benchmarks/suite_9k/QF_BV/asp/laby_21_21_12.lp.smt2, len(self.solvers)=6, self.logic=QF_BV)
on 1015: [machsmt] warning: Timeout after 10 seconds of compute_core_features on Benchmark(self.path=data/benchmarks/suite_9k/QF_BV/asp/laby_21_21_16.lp.smt2, len(self.solvers)=6, self.logic=QF_BV)
on 1016: [machsmt] warning: Timeout after 10 seconds of compute_core_features on Benchmark(self.path=data/benchmarks/suite_9k/QF_BV/asp/laby_21_21_05.lp.smt2, len(self.solvers)=6, self.logic=QF_BV)
on 1019: [machsmt] warning: Timeout after 10 seconds of compute_core_features on Benchmark(self.path=data/benchmarks/suite_9k/QF_BV/asp/laby_21_21_18.lp.smt2, len(self.solvers)=6, self.logic=QF_BV)
on 1021: [machsmt] warning: Timeout after 10 seconds of compute_core_features on Benchmark(self.path=data/benchmarks/suite_9k/QF_BV/asp/laby_22_22_11.lp.smt2, len(self.solvers)=6, self.logic=QF_BV)
Processing Benchmark Files |████████████████████████████████████████| 2411/2411 [100%] in 12:14.3 (3.28/s) 
  Fold 3 QF_BV: avg_par2=20.575, solved=499/589 (84.7%)
Parsing Input File |████████████████████████████████████████| 14118/14118 [100%] in 0.1s (146633.84/s) 
Processing Benchmark Files |████████████████████████████████████████| 2353/2353 [100%] in 1:03.9 (36.81/s) 
  Fold 3 QF_LIA: avg_par2=20.171, solved=547/647 (84.5%)
Parsing Input File |████████████████████████████████████████| 14736/14736 [100%] in 0.1s (155081.92/s) 
Processing Benchmark Files |████████████████████████████████████████| 2456/2456 [100%] in 1:50.5 (22.24/s) 
  Fold 3 QF_NRA: avg_par2=75.715, solved=248/544 (45.6%)
Parsing Input File |████████████████████████████████████████| 14382/14382 [100%] in 0.1s (154770.06/s) 
on 215: [machsmt] warning: Timeout after 10 seconds of compute_core_features on Benchmark(self.path=data/benchmarks/suite_9k/QF_BV/20221012-MCMPC/dualexecution.t1.i14.8bc2556c.smt2, len(self.solvers)=6, self.logic=QF_BV)
Processing Benchmark Files |████████████████████████████████████████| 2397/2397 [100%] in 5:34.8 (7.16/s) 
  Fold 4 QF_BV: avg_par2=54.182, solved=337/603 (55.9%)
Parsing Input File |████████████████████████████████████████| 14472/14472 [100%] in 0.4s (34717.13/s) 
Processing Benchmark Files |████████████████████████████████████████| 2412/2412 [100%] in 1:31.2 (26.44/s) 
  Fold 4 QF_LIA: avg_par2=56.144, solved=318/588 (54.1%)
Parsing Input File |████████████████████████████████████████| 14508/14508 [100%] in 0.4s (36861.37/s) 
Processing Benchmark Files |████████████████████████████████████████| 2418/2418 [100%] in 2:12.1 (18.30/s) 
  Fold 4 QF_NRA: avg_par2=5.613, solved=557/582 (95.7%)

============================================================
Variant 1: logic_filter=True
  k-fold=5
============================================================
Parsing Input File |████████████████████████████████████████| 13788/13788 [100%] in 0.1s (154137.97/s) 
on 27: [machsmt] warning: Timeout after 10 seconds of compute_core_features on Benchmark(self.path=data/benchmarks/suite_9k/QF_BV/20221012-MCMPC/dualexecution.t1.i15.fb1699bf.smt2, len(self.solvers)=6, self.logic=QF_BV)
on 743: [machsmt] warning: Timeout after 10 seconds of compute_core_features on Benchmark(self.path=data/benchmarks/suite_9k/QF_BV/asp/disjunctiveScheduling.in9.smt2, len(self.solvers)=6, self.logic=QF_BV)
on 747: [machsmt] warning: Timeout after 10 seconds of compute_core_features on Benchmark(self.path=data/benchmarks/suite_9k/QF_BV/asp/edge-matching-width=10-height=10-colours=11.smt2, len(self.solvers)=6, self.logic=QF_BV)
on 800: [machsmt] warning: Timeout after 10 seconds of compute_core_features on Benchmark(self.path=data/benchmarks/suite_9k/QF_BV/asp/knightTour.in09.smt2, len(self.solvers)=6, self.logic=QF_BV)
on 801: [machsmt] warning: Timeout after 10 seconds of compute_core_features on Benchmark(self.path=data/benchmarks/suite_9k/QF_BV/asp/knightTour.in08.smt2, len(self.solvers)=6, self.logic=QF_BV)
on 802: [machsmt] warning: Timeout after 10 seconds of compute_core_features on Benchmark(self.path=data/benchmarks/suite_9k/QF_BV/asp/laby_17_17_02.lp.smt2, len(self.solvers)=6, self.logic=QF_BV)
on 803: [machsmt] warning: Timeout after 10 seconds of compute_core_features on Benchmark(self.path=data/benchmarks/suite_9k/QF_BV/asp/laby_17_17_07.lp.smt2, len(self.solvers)=6, self.logic=QF_BV)
on 804: [machsmt] warning: Timeout after 10 seconds of compute_core_features on Benchmark(self.path=data/benchmarks/suite_9k/QF_BV/asp/laby_18_18_04.lp.smt2, len(self.solvers)=6, self.logic=QF_BV)
on 805: [machsmt] warning: Timeout after 10 seconds of compute_core_features on Benchmark(self.path=data/benchmarks/suite_9k/QF_BV/asp/laby_17_17_09.lp.smt2, len(self.solvers)=6, self.logic=QF_BV)
on 806: [machsmt] warning: Timeout after 10 seconds of compute_core_features on Benchmark(self.path=data/benchmarks/suite_9k/QF_BV/asp/laby_18_18_11.lp.smt2, len(self.solvers)=6, self.logic=QF_BV)
on 807: [machsmt] warning: Timeout after 10 seconds of compute_core_features on Benchmark(self.path=data/benchmarks/suite_9k/QF_BV/asp/laby_18_18_13.lp.smt2, len(self.solvers)=6, self.logic=QF_BV)
on 808: [machsmt] warning: Timeout after 10 seconds of compute_core_features on Benchmark(self.path=data/benchmarks/suite_9k/QF_BV/asp/laby_19_19_14.lp.smt2, len(self.solvers)=6, self.logic=QF_BV)
on 809: [machsmt] warning: Timeout after 10 seconds of compute_core_features on Benchmark(self.path=data/benchmarks/suite_9k/QF_BV/asp/laby_18_18_14.lp.smt2, len(self.solvers)=6, self.logic=QF_BV)
on 810: [machsmt] warning: Timeout after 10 seconds of compute_core_features on Benchmark(self.path=data/benchmarks/suite_9k/QF_BV/asp/laby_19_19_17.lp.smt2, len(self.solvers)=6, self.logic=QF_BV)
on 811: [machsmt] warning: Timeout after 10 seconds of compute_core_features on Benchmark(self.path=data/benchmarks/suite_9k/QF_BV/asp/laby_19_19_19.lp.smt2, len(self.solvers)=6, self.logic=QF_BV)
on 812: [machsmt] warning: Timeout after 10 seconds of compute_core_features on Benchmark(self.path=data/benchmarks/suite_9k/QF_BV/asp/laby_20_20_04.lp.smt2, len(self.solvers)=6, self.logic=QF_BV)
on 813: [machsmt] warning: Timeout after 10 seconds of compute_core_features on Benchmark(self.path=data/benchmarks/suite_9k/QF_BV/asp/laby_21_21_05.lp.smt2, len(self.solvers)=6, self.logic=QF_BV)
on 817: [machsmt] warning: Timeout after 10 seconds of compute_core_features on Benchmark(self.path=data/benchmarks/suite_9k/QF_BV/asp/laby_21_21_18.lp.smt2, len(self.solvers)=6, self.logic=QF_BV)
on 818: [machsmt] warning: Timeout after 10 seconds of compute_core_features on Benchmark(self.path=data/benchmarks/suite_9k/QF_BV/asp/laby_22_22_09.lp.smt2, len(self.solvers)=6, self.logic=QF_BV)
on 819: [machsmt] warning: Timeout after 10 seconds of compute_core_features on Benchmark(self.path=data/benchmarks/suite_9k/QF_BV/asp/laby_22_22_11.lp.smt2, len(self.solvers)=6, self.logic=QF_BV)
Processing Benchmark Files |████████████████████████████████████████| 2298/2298 [100%] in 10:52.5 (3.52/s) 
  Fold 0 QF_BV: avg_par2=32.193, solved=519/702 (73.9%)
Parsing Input File |████████████████████████████████████████| 14550/14550 [100%] in 0.1s (157848.50/s) 
Processing Benchmark Files |████████████████████████████████████████| 2425/2425 [100%] in 44.3s (54.78/s) 
  Fold 0 QF_LIA: avg_par2=53.267, solved=358/575 (62.3%)
Parsing Input File |████████████████████████████████████████| 12708/12708 [100%] in 0.1s (151385.15/s) 
Processing Benchmark Files |████████████████████████████████████████| 2118/2118 [100%] in 2:10.4 (16.24/s) 
  Fold 0 QF_NRA: avg_par2=1.333, solved=874/882 (99.1%)
Parsing Input File |████████████████████████████████████████| 14700/14700 [100%] in 0.1s (157083.04/s) 
on 226: [machsmt] warning: Timeout after 10 seconds of compute_core_features on Benchmark(self.path=data/benchmarks/suite_9k/QF_BV/20221012-MCMPC/dualexecution.t1.i15.cbbd31d8.smt2, len(self.solvers)=6, self.logic=QF_BV)
on 227: [machsmt] warning: Timeout after 10 seconds of compute_core_features on Benchmark(self.path=data/benchmarks/suite_9k/QF_BV/20221012-MCMPC/dualexecution.t1.i15.fb1699bf.smt2, len(self.solvers)=6, self.logic=QF_BV)
