SMT environment loaded from /dcs/large/u5573765
=== Task 7: /dcs/23/u5573765/cs351/smt-ablation-machsmt/ablations/templates/seed_sensitivity.yaml ===
Experiment: ABL-RNG01
  Knob: rng
  Values: [42, 123, 456]
  Reference rng=42
  Suite: suite_9k, Portfolio: 7
  Logics: ['QF_BV', 'QF_LIA', 'QF_NRA']
  K-fold: 5
======================================================================
Experiment: ABL-RNG01
  Knob: rng
  Values: [42, 123, 456]
  Logics: ['QF_BV', 'QF_LIA', 'QF_NRA']
======================================================================
Loaded 9000 benchmarks from suite_9k
Filtered to 9000 benchmarks for logics: ['QF_BV', 'QF_LIA', 'QF_NRA']

============================================================
Variant 0: rng=42
  k-fold=5
============================================================
