SMT environment loaded from /dcs/large/u5573765
=== Task 0: /dcs/23/u5573765/cs351/smt-ablation-machsmt/ablations/templates/feature_timeout_sweep.yaml ===
Experiment: ABL-FT01
  Knob: feature_timeout
  Values: [5, 10, 30]
  Reference feature_timeout=10
  Suite: suite_9k, Portfolio: 7
  Logics: ['QF_BV', 'QF_LIA', 'QF_NRA']
  K-fold: 5
======================================================================
Experiment: ABL-FT01
  Knob: feature_timeout
  Values: [5, 10, 30]
  Logics: ['QF_BV', 'QF_LIA', 'QF_NRA']
======================================================================
Loaded 9000 benchmarks from suite_9k
Filtered to 9000 benchmarks for logics: ['QF_BV', 'QF_LIA', 'QF_NRA']

============================================================
Variant 0: feature_timeout=5
  k-fold=5
============================================================
