SMT environment loaded from /dcs/large/u5573765
=== Task 5: /dcs/23/u5573765/cs351/smt-ablation-machsmt/ablations/templates/min_datapoints_sweep.yaml ===
Experiment: ABL-DP01
  Knob: min_datapoints
  Values: [3, 5, 10]
  Reference min_datapoints=3
  Suite: suite_9k, Portfolio: 7
  Logics: ['QF_BV', 'QF_LIA', 'QF_NRA']
  K-fold: 5
======================================================================
Experiment: ABL-DP01
  Knob: min_datapoints
  Values: [3, 5, 10]
  Logics: ['QF_BV', 'QF_LIA', 'QF_NRA']
======================================================================
Loaded 9000 benchmarks from suite_9k
Filtered to 9000 benchmarks for logics: ['QF_BV', 'QF_LIA', 'QF_NRA']

============================================================
Variant 0: min_datapoints=3
  k-fold=5
============================================================
Parsing Input File |████████████████████████████████████████| 13788/13788 [100%] in 0.4s (33492.07/s) 
on 27: [machsmt] warning: Timeout after 10 seconds of compute_core_features on Benchmark(self.path=data/benchmarks/suite_9k/QF_BV/20221012-MCMPC/dualexecution.t1.i15.fb1699bf.smt2, len(self.solvers)=6, self.logic=QF_BV)
on 722: [machsmt] warning: Timeout after 10 seconds of compute_core_features on Benchmark(self.path=data/benchmarks/suite_9k/QF_BV/asp/channrlRoute.in6.smt2, len(self.solvers)=6, self.logic=QF_BV)
on 736: [machsmt] warning: Timeout after 10 seconds of compute_core_features on Benchmark(self.path=data/benchmarks/suite_9k/QF_BV/asp/disjunctiveScheduling.in7.smt2, len(self.solvers)=6, self.logic=QF_BV)
on 742: [machsmt] warning: Timeout after 10 seconds of compute_core_features on Benchmark(self.path=data/benchmarks/suite_9k/QF_BV/asp/disjunctiveScheduling.in9.smt2, len(self.solvers)=6, self.logic=QF_BV)
on 744: [machsmt] warning: Timeout after 10 seconds of compute_core_features on Benchmark(self.path=data/benchmarks/suite_9k/QF_BV/asp/edge-matching-width=10-height=10-colours=11.smt2, len(self.solvers)=6, self.logic=QF_BV)
on 800: [machsmt] warning: Timeout after 10 seconds of compute_core_features on Benchmark(self.path=data/benchmarks/suite_9k/QF_BV/asp/knightTour.in08.smt2, len(self.solvers)=6, self.logic=QF_BV)
on 801: [machsmt] warning: Timeout after 10 seconds of compute_core_features on Benchmark(self.path=data/benchmarks/suite_9k/QF_BV/asp/knightTour.in09.smt2, len(self.solvers)=6, self.logic=QF_BV)
on 802: [machsmt] warning: Timeout after 10 seconds of compute_core_features on Benchmark(self.path=data/benchmarks/suite_9k/QF_BV/asp/laby_17_17_02.lp.smt2, len(self.solvers)=6, self.logic=QF_BV)
on 803: [machsmt] warning: Timeout after 10 seconds of compute_core_features on Benchmark(self.path=data/benchmarks/suite_9k/QF_BV/asp/laby_17_17_07.lp.smt2, len(self.solvers)=6, self.logic=QF_BV)
on 804: [machsmt] warning: Timeout after 10 seconds of compute_core_features on Benchmark(self.path=data/benchmarks/suite_9k/QF_BV/asp/laby_17_17_09.lp.smt2, len(self.solvers)=6, self.logic=QF_BV)
on 805: [machsmt] warning: Timeout after 10 seconds of compute_core_features on Benchmark(self.path=data/benchmarks/suite_9k/QF_BV/asp/laby_18_18_04.lp.smt2, len(self.solvers)=6, self.logic=QF_BV)
on 806: [machsmt] warning: Timeout after 10 seconds of compute_core_features on Benchmark(self.path=data/benchmarks/suite_9k/QF_BV/asp/laby_18_18_11.lp.smt2, len(self.solvers)=6, self.logic=QF_BV)
on 807: [machsmt] warning: Timeout after 10 seconds of compute_core_features on Benchmark(self.path=data/benchmarks/suite_9k/QF_BV/asp/laby_18_18_13.lp.smt2, len(self.solvers)=6, self.logic=QF_BV)
on 808: [machsmt] warning: Timeout after 10 seconds of compute_core_features on Benchmark(self.path=data/benchmarks/suite_9k/QF_BV/asp/laby_18_18_14.lp.smt2, len(self.solvers)=6, self.logic=QF_BV)
on 809: [machsmt] warning: Timeout after 10 seconds of compute_core_features on Benchmark(self.path=data/benchmarks/suite_9k/QF_BV/asp/laby_19_19_17.lp.smt2, len(self.solvers)=6, self.logic=QF_BV)
on 811: [machsmt] warning: Timeout after 10 seconds of compute_core_features on Benchmark(self.path=data/benchmarks/suite_9k/QF_BV/asp/laby_19_19_14.lp.smt2, len(self.solvers)=6, self.logic=QF_BV)
on 812: [machsmt] warning: Timeout after 10 seconds of compute_core_features on Benchmark(self.path=data/benchmarks/suite_9k/QF_BV/asp/laby_20_20_04.lp.smt2, len(self.solvers)=6, self.logic=QF_BV)
on 813: [machsmt] warning: Timeout after 10 seconds of compute_core_features on Benchmark(self.path=data/benchmarks/suite_9k/QF_BV/asp/laby_21_21_01.lp.smt2, len(self.solvers)=6, self.logic=QF_BV)
on 814: [machsmt] warning: Timeout after 10 seconds of compute_core_features on Benchmark(self.path=data/benchmarks/suite_9k/QF_BV/asp/laby_21_21_05.lp.smt2, len(self.solvers)=6, self.logic=QF_BV)
on 815: [machsmt] warning: Timeout after 10 seconds of compute_core_features on Benchmark(self.path=data/benchmarks/suite_9k/QF_BV/asp/laby_21_21_12.lp.smt2, len(self.solvers)=6, self.logic=QF_BV)
on 816: [machsmt] warning: Timeout after 10 seconds of compute_core_features on Benchmark(self.path=data/benchmarks/suite_9k/QF_BV/asp/laby_21_21_16.lp.smt2, len(self.solvers)=6, self.logic=QF_BV)
on 819: [machsmt] warning: Timeout after 10 seconds of compute_core_features on Benchmark(self.path=data/benchmarks/suite_9k/QF_BV/asp/laby_22_22_09.lp.smt2, len(self.solvers)=6, self.logic=QF_BV)
on 821: [machsmt] warning: Timeout after 10 seconds of compute_core_features on Benchmark(self.path=data/benchmarks/suite_9k/QF_BV/asp/laby_22_22_11.lp.smt2, len(self.solvers)=6, self.logic=QF_BV)
on 850: [machsmt] warning: Timeout after 10 seconds of compute_core_features on Benchmark(self.path=data/benchmarks/suite_9k/QF_BV/asp/laby_22_22_13.lp.smt2, len(self.solvers)=6, self.logic=QF_BV)
on 852: [machsmt] warning: Timeout after 10 seconds of compute_core_features on Benchmark(self.path=data/benchmarks/suite_9k/QF_BV/asp/laby_22_22_19.lp.smt2, len(self.solvers)=6, self.logic=QF_BV)
Processing Benchmark Files |████████████████████████████████████████| 2298/2298 [100%] in 11:00.2 (3.48/s) 
  Fold 0 QF_BV: avg_par2=22.065, solved=578/702 (82.3%)
Parsing Input File |████████████████████████████████████████| 14550/14550 [100%] in 0.3s (52019.59/s) 
Processing Benchmark Files |████████████████████████████████████████| 2425/2425 [100%] in 44.7s (54.26/s) 
  Fold 0 QF_LIA: avg_par2=27.403, solved=480/575 (83.5%)
Parsing Input File |████████████████████████████████████████| 12708/12708 [100%] in 0.3s (37943.92/s) 
on 1145: [machsmt] warning: Timeout after 10 seconds of compute_core_features on Benchmark(self.path=data/benchmarks/suite_9k/QF_NRA/LassoRanker/Collatz.bpl_Iteration1_Lasso_3-pieceTemplate.smt2, len(self.solvers)=6, self.logic=QF_NRA)
Processing Benchmark Files |████████████████████████████████████████| 2118/2118 [100%] in 2:12.5 (15.98/s) 
  Fold 0 QF_NRA: avg_par2=0.654, solved=879/882 (99.7%)
Parsing Input File |████████████████████████████████████████| 14700/14700 [100%] in 0.2s (64724.71/s) 
on 217: [machsmt] warning: Timeout after 10 seconds of compute_core_features on Benchmark(self.path=data/benchmarks/suite_9k/QF_BV/20221012-MCMPC/dualexecution.t1.i14.8bc2556c.smt2, len(self.solvers)=6, self.logic=QF_BV)
on 580: [machsmt] warning: Timeout after 10 seconds of compute_core_features on Benchmark(self.path=data/benchmarks/suite_9k/QF_BV/asp/channrlRoute.in6.smt2, len(self.solvers)=6, self.logic=QF_BV)
on 582: [machsmt] warning: Timeout after 10 seconds of compute_core_features on Benchmark(self.path=data/benchmarks/suite_9k/QF_BV/asp/disjunctiveScheduling.in1.smt2, len(self.solvers)=6, self.logic=QF_BV)
on 584: [machsmt] warning: Timeout after 10 seconds of compute_core_features on Benchmark(self.path=data/benchmarks/suite_9k/QF_BV/asp/disjunctiveScheduling.in7.smt2, len(self.solvers)=6, self.logic=QF_BV)
on 601: [machsmt] warning: Timeout after 10 seconds of compute_core_features on Benchmark(self.path=data/benchmarks/suite_9k/QF_BV/asp/disjunctiveScheduling.in9.smt2, len(self.solvers)=6, self.logic=QF_BV)
on 658: [machsmt] warning: Timeout after 10 seconds of compute_core_features on Benchmark(self.path=data/benchmarks/suite_9k/QF_BV/asp/knightTour.in08.smt2, len(self.solvers)=6, self.logic=QF_BV)
on 659: [machsmt] warning: Timeout after 10 seconds of compute_core_features on Benchmark(self.path=data/benchmarks/suite_9k/QF_BV/asp/knightTour.in09.smt2, len(self.solvers)=6, self.logic=QF_BV)
on 660: [machsmt] warning: Timeout after 10 seconds of compute_core_features on Benchmark(self.path=data/benchmarks/suite_9k/QF_BV/asp/laby_17_17_02.lp.smt2, len(self.solvers)=6, self.logic=QF_BV)
on 660: [machsmt] warning: Timeout after 10 seconds of compute_core_features on Benchmark(self.path=data/benchmarks/suite_9k/QF_BV/asp/laby_17_17_07.lp.smt2, len(self.solvers)=6, self.logic=QF_BV)
on 664: [machsmt] warning: Timeout after 10 seconds of compute_core_features on Benchmark(self.path=data/benchmarks/suite_9k/QF_BV/asp/laby_17_17_09.lp.smt2, len(self.solvers)=6, self.logic=QF_BV)
on 665: [machsmt] warning: Timeout after 10 seconds of compute_core_features on Benchmark(self.path=data/benchmarks/suite_9k/QF_BV/asp/laby_18_18_11.lp.smt2, len(self.solvers)=6, self.logic=QF_BV)
on 667: [machsmt] warning: Timeout after 10 seconds of compute_core_features on Benchmark(self.path=data/benchmarks/suite_9k/QF_BV/asp/laby_19_19_14.lp.smt2, len(self.solvers)=6, self.logic=QF_BV)
on 667: [machsmt] warning: Timeout after 10 seconds of compute_core_features on Benchmark(self.path=data/benchmarks/suite_9k/QF_BV/asp/laby_19_19_19.lp.smt2, len(self.solvers)=6, self.logic=QF_BV)
on 668: [machsmt] warning: Timeout after 10 seconds of compute_core_features on Benchmark(self.path=data/benchmarks/suite_9k/QF_BV/asp/laby_19_19_17.lp.smt2, len(self.solvers)=6, self.logic=QF_BV)
on 670: [machsmt] warning: Timeout after 10 seconds of compute_core_features on Benchmark(self.path=data/benchmarks/suite_9k/QF_BV/asp/laby_20_20_04.lp.smt2, len(self.solvers)=6, self.logic=QF_BV)
on 671: [machsmt] warning: Timeout after 10 seconds of compute_core_features on Benchmark(self.path=data/benchmarks/suite_9k/QF_BV/asp/laby_21_21_01.lp.smt2, len(self.solvers)=6, self.logic=QF_BV)
on 673: [machsmt] warning: Timeout after 10 seconds of compute_core_features on Benchmark(self.path=data/benchmarks/suite_9k/QF_BV/asp/laby_21_21_05.lp.smt2, len(self.solvers)=6, self.logic=QF_BV)
on 674: [machsmt] warning: Timeout after 10 seconds of compute_core_features on Benchmark(self.path=data/benchmarks/suite_9k/QF_BV/asp/laby_21_21_18.lp.smt2, len(self.solvers)=6, self.logic=QF_BV)
on 675: [machsmt] warning: Timeout after 10 seconds of compute_core_features on Benchmark(self.path=data/benchmarks/suite_9k/QF_BV/asp/laby_21_21_16.lp.smt2, len(self.solvers)=6, self.logic=QF_BV)
on 676: [machsmt] warning: Timeout after 10 seconds of compute_core_features on Benchmark(self.path=data/benchmarks/suite_9k/QF_BV/asp/laby_22_22_08.lp.smt2, len(self.solvers)=6, self.logic=QF_BV)
on 677: [machsmt] warning: Timeout after 10 seconds of compute_core_features on Benchmark(self.path=data/benchmarks/suite_9k/QF_BV/asp/laby_22_22_09.lp.smt2, len(self.solvers)=6, self.logic=QF_BV)
on 678: [machsmt] warning: Timeout after 10 seconds of compute_core_features on Benchmark(self.path=data/benchmarks/suite_9k/QF_BV/asp/laby_22_22_11.lp.smt2, len(self.solvers)=6, self.logic=QF_BV)
on 682: [machsmt] warning: Timeout after 10 seconds of compute_core_features on Benchmark(self.path=data/benchmarks/suite_9k/QF_BV/asp/laby_22_22_13.lp.smt2, len(self.solvers)=6, self.logic=QF_BV)
on 711: [machsmt] warning: Timeout after 10 seconds of compute_core_features on Benchmark(self.path=data/benchmarks/suite_9k/QF_BV/asp/laby_22_22_19.lp.smt2, len(self.solvers)=6, self.logic=QF_BV)
Processing Benchmark Files |████████████████████████████████████████| 2450/2450 [100%] in 10:56.0 (3.74/s) 
  Fold 1 QF_BV: avg_par2=70.059, solved=248/550 (45.1%)
Parsing Input File |████████████████████████████████████████| 14754/14754 [100%] in 0.2s (72799.80/s) 
Processing Benchmark Files |████████████████████████████████████████| 2459/2459 [100%] in 1:22.8 (29.69/s) 
  Fold 1 QF_LIA: avg_par2=6.742, solved=518/541 (95.7%)
Parsing Input File |████████████████████████████████████████| 14928/14928 [100%] in 0.3s (43183.98/s) 
Processing Benchmark Files |████████████████████████████████████████| 2488/2488 [100%] in 1:59.8 (20.77/s) 
  Fold 1 QF_NRA: avg_par2=14.501, solved=452/512 (88.3%)
Parsing Input File |████████████████████████████████████████| 14664/14664 [100%] in 0.1s (139669.88/s) 
on 605: [machsmt] warning: Timeout after 10 seconds of compute_core_features on Benchmark(self.path=data/benchmarks/suite_9k/QF_BV/asp/altair1.9.asp.smt2, len(self.solvers)=6, self.logic=QF_BV)
on 627: [machsmt] warning: Timeout after 10 seconds of compute_core_features on Benchmark(self.path=data/benchmarks/suite_9k/QF_BV/asp/edge-matching-width=10-height=10-colours=11.smt2, len(self.solvers)=6, self.logic=QF_BV)
on 682: [machsmt] warning: Timeout after 10 seconds of compute_core_features on Benchmark(self.path=data/benchmarks/suite_9k/QF_BV/asp/knightTour.in07.smt2, len(self.solvers)=6, self.logic=QF_BV)
on 685: [machsmt] warning: Timeout after 10 seconds of compute_core_features on Benchmark(self.path=data/benchmarks/suite_9k/QF_BV/asp/laby_17_17_02.lp.smt2, len(self.solvers)=6, self.logic=QF_BV)
on 686: [machsmt] warning: Timeout after 10 seconds of compute_core_features on Benchmark(self.path=data/benchmarks/suite_9k/QF_BV/asp/laby_17_17_07.lp.smt2, len(self.solvers)=6, self.logic=QF_BV)
on 687: [machsmt] warning: Timeout after 10 seconds of compute_core_features on Benchmark(self.path=data/benchmarks/suite_9k/QF_BV/asp/laby_17_17_09.lp.smt2, len(self.solvers)=6, self.logic=QF_BV)
on 688: [machsmt] warning: Timeout after 10 seconds of compute_core_features on Benchmark(self.path=data/benchmarks/suite_9k/QF_BV/asp/laby_18_18_04.lp.smt2, len(self.solvers)=6, self.logic=QF_BV)
on 689: [machsmt] warning: Timeout after 10 seconds of compute_core_features on Benchmark(self.path=data/benchmarks/suite_9k/QF_BV/asp/laby_18_18_11.lp.smt2, len(self.solvers)=6, self.logic=QF_BV)
on 690: [machsmt] warning: Timeout after 10 seconds of compute_core_features on Benchmark(self.path=data/benchmarks/suite_9k/QF_BV/asp/laby_18_18_13.lp.smt2, len(self.solvers)=6, self.logic=QF_BV)
on 691: [machsmt] warning: Timeout after 10 seconds of compute_core_features on Benchmark(self.path=data/benchmarks/suite_9k/QF_BV/asp/laby_18_18_14.lp.smt2, len(self.solvers)=6, self.logic=QF_BV)
on 694: [machsmt] warning: Timeout after 10 seconds of compute_core_features on Benchmark(self.path=data/benchmarks/suite_9k/QF_BV/asp/laby_19_19_17.lp.smt2, len(self.solvers)=6, self.logic=QF_BV)
on 694: [machsmt] warning: Timeout after 10 seconds of compute_core_features on Benchmark(self.path=data/benchmarks/suite_9k/QF_BV/asp/laby_19_19_19.lp.smt2, len(self.solvers)=6, self.logic=QF_BV)
on 697: [machsmt] warning: Timeout after 10 seconds of compute_core_features on Benchmark(self.path=data/benchmarks/suite_9k/QF_BV/asp/laby_21_21_01.lp.smt2, len(self.solvers)=6, self.logic=QF_BV)
on 697: [machsmt] warning: Timeout after 10 seconds of compute_core_features on Benchmark(self.path=data/benchmarks/suite_9k/QF_BV/asp/laby_21_21_05.lp.smt2, len(self.solvers)=6, self.logic=QF_BV)
on 699: [machsmt] warning: Timeout after 10 seconds of compute_core_features on Benchmark(self.path=data/benchmarks/suite_9k/QF_BV/asp/laby_21_21_16.lp.smt2, len(self.solvers)=6, self.logic=QF_BV)
on 700: [machsmt] warning: Timeout after 10 seconds of compute_core_features on Benchmark(self.path=data/benchmarks/suite_9k/QF_BV/asp/laby_22_22_08.lp.smt2, len(self.solvers)=6, self.logic=QF_BV)
on 700: [machsmt] warning: Timeout after 10 seconds of compute_core_features on Benchmark(self.path=data/benchmarks/suite_9k/QF_BV/asp/laby_21_21_18.lp.smt2, len(self.solvers)=6, self.logic=QF_BV)
on 702: [machsmt] warning: Timeout after 10 seconds of compute_core_features on Benchmark(self.path=data/benchmarks/suite_9k/QF_BV/asp/laby_22_22_11.lp.smt2, len(self.solvers)=6, self.logic=QF_BV)
on 703: [machsmt] warning: Timeout after 10 seconds of compute_core_features on Benchmark(self.path=data/benchmarks/suite_9k/QF_BV/asp/laby_22_22_09.lp.smt2, len(self.solvers)=6, self.logic=QF_BV)
on 728: [machsmt] warning: Timeout after 10 seconds of compute_core_features on Benchmark(self.path=data/benchmarks/suite_9k/QF_BV/asp/laby_22_22_19.lp.smt2, len(self.solvers)=6, self.logic=QF_BV)
Processing Benchmark Files |████████████████████████████████████████| 2444/2444 [100%] in 10:24.2 (3.92/s) 
  Fold 2 QF_BV: avg_par2=1.821, solved=552/556 (99.3%)
Parsing Input File |████████████████████████████████████████| 14106/14106 [100%] in 0.1s (156174.08/s) 
Processing Benchmark Files |████████████████████████████████████████| 2351/2351 [100%] in 1:24.9 (27.71/s) 
  Fold 2 QF_LIA: avg_par2=9.763, solved=613/649 (94.5%)
Parsing Input File |████████████████████████████████████████| 15120/15120 [100%] in 0.1s (152621.76/s) 
Processing Benchmark Files |████████████████████████████████████████| 2520/2520 [100%] in 33.4s (75.55/s) 
  Fold 2 QF_NRA: avg_par2=27.310, solved=395/480 (82.3%)
Parsing Input File |████████████████████████████████████████| 14466/14466 [100%] in 0.4s (36329.02/s) 
on 227: [machsmt] warning: Timeout after 10 seconds of compute_core_features on Benchmark(self.path=data/benchmarks/suite_9k/QF_BV/20221012-MCMPC/dualexecution.t1.i15.fb1699bf.smt2, len(self.solvers)=6, self.logic=QF_BV)
on 926: [machsmt] warning: Timeout after 10 seconds of compute_core_features on Benchmark(self.path=data/benchmarks/suite_9k/QF_BV/asp/disjunctiveScheduling.in7.smt2, len(self.solvers)=6, self.logic=QF_BV)
on 927: [machsmt] warning: Timeout after 10 seconds of compute_core_features on Benchmark(self.path=data/benchmarks/suite_9k/QF_BV/asp/disjunctiveScheduling.in9.smt2, len(self.solvers)=6, self.logic=QF_BV)
on 943: [machsmt] warning: Timeout after 10 seconds of compute_core_features on Benchmark(self.path=data/benchmarks/suite_9k/QF_BV/asp/disjunctiveScheduling.in1.smt2, len(self.solvers)=6, self.logic=QF_BV)
on 999: [machsmt] warning: Timeout after 10 seconds of compute_core_features on Benchmark(self.path=data/benchmarks/suite_9k/QF_BV/asp/knightTour.in07.smt2, len(self.solvers)=6, self.logic=QF_BV)
on 1002: [machsmt] warning: Timeout after 10 seconds of compute_core_features on Benchmark(self.path=data/benchmarks/suite_9k/QF_BV/asp/laby_17_17_02.lp.smt2, len(self.solvers)=6, self.logic=QF_BV)
on 1003: [machsmt] warning: Timeout after 10 seconds of compute_core_features on Benchmark(self.path=data/benchmarks/suite_9k/QF_BV/asp/laby_17_17_07.lp.smt2, len(self.solvers)=6, self.logic=QF_BV)
on 1004: [machsmt] warning: Timeout after 10 seconds of compute_core_features on Benchmark(self.path=data/benchmarks/suite_9k/QF_BV/asp/laby_18_18_04.lp.smt2, len(self.solvers)=6, self.logic=QF_BV)
on 1005: [machsmt] warning: Timeout after 10 seconds of compute_core_features on Benchmark(self.path=data/benchmarks/suite_9k/QF_BV/asp/laby_18_18_11.lp.smt2, len(self.solvers)=6, self.logic=QF_BV)
on 1006: [machsmt] warning: Timeout after 10 seconds of compute_core_features on Benchmark(self.path=data/benchmarks/suite_9k/QF_BV/asp/laby_17_17_09.lp.smt2, len(self.solvers)=6, self.logic=QF_BV)
on 1007: [machsmt] warning: Timeout after 10 seconds of compute_core_features on Benchmark(self.path=data/benchmarks/suite_9k/QF_BV/asp/laby_18_18_13.lp.smt2, len(self.solvers)=6, self.logic=QF_BV)
on 1008: [machsmt] warning: Timeout after 10 seconds of compute_core_features on Benchmark(self.path=data/benchmarks/suite_9k/QF_BV/asp/laby_18_18_14.lp.smt2, len(self.solvers)=6, self.logic=QF_BV)
on 1010: [machsmt] warning: Timeout after 10 seconds of compute_core_features on Benchmark(self.path=data/benchmarks/suite_9k/QF_BV/asp/laby_19_19_14.lp.smt2, len(self.solvers)=6, self.logic=QF_BV)
on 1011: [machsmt] warning: Timeout after 10 seconds of compute_core_features on Benchmark(self.path=data/benchmarks/suite_9k/QF_BV/asp/laby_20_20_04.lp.smt2, len(self.solvers)=6, self.logic=QF_BV)
on 1011: [machsmt] warning: Timeout after 10 seconds of compute_core_features on Benchmark(self.path=data/benchmarks/suite_9k/QF_BV/asp/laby_19_19_17.lp.smt2, len(self.solvers)=6, self.logic=QF_BV)
on 1013: [machsmt] warning: Timeout after 10 seconds of compute_core_features on Benchmark(self.path=data/benchmarks/suite_9k/QF_BV/asp/laby_21_21_01.lp.smt2, len(self.solvers)=6, self.logic=QF_BV)
on 1014: [machsmt] warning: Timeout after 10 seconds of compute_core_features on Benchmark(self.path=data/benchmarks/suite_9k/QF_BV/asp/laby_21_21_05.lp.smt2, len(self.solvers)=6, self.logic=QF_BV)
on 1015: [machsmt] warning: Timeout after 10 seconds of compute_core_features on Benchmark(self.path=data/benchmarks/suite_9k/QF_BV/asp/laby_21_21_12.lp.smt2, len(self.solvers)=6, self.logic=QF_BV)
on 1016: [machsmt] warning: Timeout after 10 seconds of compute_core_features on Benchmark(self.path=data/benchmarks/suite_9k/QF_BV/asp/laby_21_21_18.lp.smt2, len(self.solvers)=6, self.logic=QF_BV)
on 1017: [machsmt] warning: Timeout after 10 seconds of compute_core_features on Benchmark(self.path=data/benchmarks/suite_9k/QF_BV/asp/laby_21_21_16.lp.smt2, len(self.solvers)=6, self.logic=QF_BV)
on 1018: [machsmt] warning: Timeout after 10 seconds of compute_core_features on Benchmark(self.path=data/benchmarks/suite_9k/QF_BV/asp/laby_22_22_08.lp.smt2, len(self.solvers)=6, self.logic=QF_BV)
on 1019: [machsmt] warning: Timeout after 10 seconds of compute_core_features on Benchmark(self.path=data/benchmarks/suite_9k/QF_BV/asp/laby_22_22_09.lp.smt2, len(self.solvers)=6, self.logic=QF_BV)
Processing Benchmark Files |████████████████████████████████████████| 2411/2411 [100%] in 12:18.8 (3.26/s) 
  Fold 3 QF_BV: avg_par2=6.333, solved=570/589 (96.8%)
Parsing Input File |████████████████████████████████████████| 14118/14118 [100%] in 0.2s (68268.30/s) 
Processing Benchmark Files |████████████████████████████████████████| 2353/2353 [100%] in 1:02.0 (37.96/s) 
  Fold 3 QF_LIA: avg_par2=29.352, solved=497/647 (76.8%)
Parsing Input File |████████████████████████████████████████| 14736/14736 [100%] in 0.4s (35521.46/s) 
Processing Benchmark Files |████████████████████████████████████████| 2456/2456 [100%] in 1:49.4 (22.45/s) 
  Fold 3 QF_NRA: avg_par2=79.085, solved=230/544 (42.3%)
Parsing Input File |████████████████████████████████████████| 14382/14382 [100%] in 0.4s (37517.54/s) 
on 227: [machsmt] warning: Timeout after 10 seconds of compute_core_features on Benchmark(self.path=data/benchmarks/suite_9k/QF_BV/20221012-MCMPC/dualexecution.t1.i15.fb1699bf.smt2, len(self.solvers)=6, self.logic=QF_BV)
Processing Benchmark Files |████████████████████████████████████████| 2397/2397 [100%] in 5:36.9 (7.11/s) 
  Fold 4 QF_BV: avg_par2=32.149, solved=453/603 (75.1%)
Parsing Input File |████████████████████████████████████████| 14472/14472 [100%] in 0.1s (153265.25/s) 
Processing Benchmark Files |████████████████████████████████████████| 2412/2412 [100%] in 1:28.8 (27.17/s) 
  Fold 4 QF_LIA: avg_par2=61.944, solved=287/588 (48.8%)
Parsing Input File |████████████████████████████████████████| 14508/14508 [100%] in 0.1s (150144.26/s) 
Processing Benchmark Files |████████████████████████████████████████| 2418/2418 [100%] in 2:11.4 (18.41/s) 
  Fold 4 QF_NRA: avg_par2=4.309, solved=563/582 (96.7%)

============================================================
Variant 1: min_datapoints=5
  k-fold=5
============================================================
Parsing Input File |████████████████████████████████████████| 13788/13788 [100%] in 0.4s (34430.37/s) 
on 26: [machsmt] warning: Timeout after 10 seconds of compute_core_features on Benchmark(self.path=data/benchmarks/suite_9k/QF_BV/20221012-MCMPC/dualexecution.t1.i15.cbbd31d8.smt2, len(self.solvers)=6, self.logic=QF_BV)
on 27: [machsmt] warning: Timeout after 10 seconds of compute_core_features on Benchmark(self.path=data/benchmarks/suite_9k/QF_BV/20221012-MCMPC/dualexecution.t1.i15.fb1699bf.smt2, len(self.solvers)=6, self.logic=QF_BV)
on 722: [machsmt] warning: Timeout after 10 seconds of compute_core_features on Benchmark(self.path=data/benchmarks/suite_9k/QF_BV/asp/channrlRoute.in6.smt2, len(self.solvers)=6, self.logic=QF_BV)
on 724: [machsmt] warning: Timeout after 10 seconds of compute_core_features on Benchmark(self.path=data/benchmarks/suite_9k/QF_BV/asp/disjunctiveScheduling.in1.smt2, len(self.solvers)=6, self.logic=QF_BV)
on 742: [machsmt] warning: Timeout after 10 seconds of compute_core_features on Benchmark(self.path=data/benchmarks/suite_9k/QF_BV/asp/disjunctiveScheduling.in9.smt2, len(self.solvers)=6, self.logic=QF_BV)
on 743: [machsmt] warning: Timeout after 10 seconds of compute_core_features on Benchmark(self.path=data/benchmarks/suite_9k/QF_BV/asp/disjunctiveScheduling.in7.smt2, len(self.solvers)=6, self.logic=QF_BV)
on 744: [machsmt] warning: Timeout after 10 seconds of compute_core_features on Benchmark(self.path=data/benchmarks/suite_9k/QF_BV/asp/edge-matching-width=10-height=10-colours=11.smt2, len(self.solvers)=6, self.logic=QF_BV)
on 800: [machsmt] warning: Timeout after 10 seconds of compute_core_features on Benchmark(self.path=data/benchmarks/suite_9k/QF_BV/asp/knightTour.in09.smt2, len(self.solvers)=6, self.logic=QF_BV)
on 800: [machsmt] warning: Timeout after 10 seconds of compute_core_features on Benchmark(self.path=data/benchmarks/suite_9k/QF_BV/asp/knightTour.in08.smt2, len(self.solvers)=6, self.logic=QF_BV)
on 802: [machsmt] warning: Timeout after 10 seconds of compute_core_features on Benchmark(self.path=data/benchmarks/suite_9k/QF_BV/asp/laby_17_17_07.lp.smt2, len(self.solvers)=6, self.logic=QF_BV)
on 803: [machsmt] warning: Timeout after 10 seconds of compute_core_features on Benchmark(self.path=data/benchmarks/suite_9k/QF_BV/asp/laby_17_17_02.lp.smt2, len(self.solvers)=6, self.logic=QF_BV)
on 804: [machsmt] warning: Timeout after 10 seconds of compute_core_features on Benchmark(self.path=data/benchmarks/suite_9k/QF_BV/asp/laby_17_17_09.lp.smt2, len(self.solvers)=6, self.logic=QF_BV)
on 805: [machsmt] warning: Timeout after 10 seconds of compute_core_features on Benchmark(self.path=data/benchmarks/suite_9k/QF_BV/asp/laby_18_18_11.lp.smt2, len(self.solvers)=6, self.logic=QF_BV)
on 806: [machsmt] warning: Timeout after 10 seconds of compute_core_features on Benchmark(self.path=data/benchmarks/suite_9k/QF_BV/asp/laby_18_18_13.lp.smt2, len(self.solvers)=6, self.logic=QF_BV)
on 807: [machsmt] warning: Timeout after 10 seconds of compute_core_features on Benchmark(self.path=data/benchmarks/suite_9k/QF_BV/asp/laby_18_18_04.lp.smt2, len(self.solvers)=6, self.logic=QF_BV)
on 808: [machsmt] warning: Timeout after 10 seconds of compute_core_features on Benchmark(self.path=data/benchmarks/suite_9k/QF_BV/asp/laby_19_19_14.lp.smt2, len(self.solvers)=6, self.logic=QF_BV)
on 809: [machsmt] warning: Timeout after 10 seconds of compute_core_features on Benchmark(self.path=data/benchmarks/suite_9k/QF_BV/asp/laby_18_18_14.lp.smt2, len(self.solvers)=6, self.logic=QF_BV)
on 810: [machsmt] warning: Timeout after 10 seconds of compute_core_features on Benchmark(self.path=data/benchmarks/suite_9k/QF_BV/asp/laby_19_19_17.lp.smt2, len(self.solvers)=6, self.logic=QF_BV)
on 811: [machsmt] warning: Timeout after 10 seconds of compute_core_features on Benchmark(self.path=data/benchmarks/suite_9k/QF_BV/asp/laby_19_19_19.lp.smt2, len(self.solvers)=6, self.logic=QF_BV)
on 812: [machsmt] warning: Timeout after 10 seconds of compute_core_features on Benchmark(self.path=data/benchmarks/suite_9k/QF_BV/asp/laby_20_20_04.lp.smt2, len(self.solvers)=6, self.logic=QF_BV)
on 813: [machsmt] warning: Timeout after 10 seconds of compute_core_features on Benchmark(self.path=data/benchmarks/suite_9k/QF_BV/asp/laby_21_21_01.lp.smt2, len(self.solvers)=6, self.logic=QF_BV)
on 814: [machsmt] warning: Timeout after 10 seconds of compute_core_features on Benchmark(self.path=data/benchmarks/suite_9k/QF_BV/asp/laby_21_21_05.lp.smt2, len(self.solvers)=6, self.logic=QF_BV)
on 815: [machsmt] warning: Timeout after 10 seconds of compute_core_features on Benchmark(self.path=data/benchmarks/suite_9k/QF_BV/asp/laby_21_21_16.lp.smt2, len(self.solvers)=6, self.logic=QF_BV)
on 816: [machsmt] warning: Timeout after 10 seconds of compute_core_features on Benchmark(self.path=data/benchmarks/suite_9k/QF_BV/asp/laby_21_21_12.lp.smt2, len(self.solvers)=6, self.logic=QF_BV)
on 817: [machsmt] warning: Timeout after 10 seconds of compute_core_features on Benchmark(self.path=data/benchmarks/suite_9k/QF_BV/asp/laby_21_21_18.lp.smt2, len(self.solvers)=6, self.logic=QF_BV)
on 819: [machsmt] warning: Timeout after 10 seconds of compute_core_features on Benchmark(self.path=data/benchmarks/suite_9k/QF_BV/asp/laby_22_22_13.lp.smt2, len(self.solvers)=6, self.logic=QF_BV)
on 819: [machsmt] warning: Timeout after 10 seconds of compute_core_features on Benchmark(self.path=data/benchmarks/suite_9k/QF_BV/asp/laby_22_22_11.lp.smt2, len(self.solvers)=6, self.logic=QF_BV)
on 821: [machsmt] warning: Timeout after 10 seconds of compute_core_features on Benchmark(self.path=data/benchmarks/suite_9k/QF_BV/asp/laby_22_22_09.lp.smt2, len(self.solvers)=6, self.logic=QF_BV)
on 852: [machsmt] warning: Timeout after 10 seconds of compute_core_features on Benchmark(self.path=data/benchmarks/suite_9k/QF_BV/asp/laby_22_22_19.lp.smt2, len(self.solvers)=6, self.logic=QF_BV)
Processing Benchmark Files |████████████████████████████████████████| 2298/2298 [100%] in 10:47.9 (3.55/s) 
  Fold 0 QF_BV: avg_par2=23.031, solved=572/702 (81.5%)
Parsing Input File |████████████████████████████████████████| 14550/14550 [100%] in 0.4s (35787.65/s) 
Processing Benchmark Files |████████████████████████████████████████| 2425/2425 [100%] in 43.7s (55.49/s) 
  Fold 0 QF_LIA: avg_par2=34.628, solved=455/575 (79.1%)
Parsing Input File |████████████████████████████████████████| 12708/12708 [100%] in 0.4s (34814.53/s) 
Processing Benchmark Files |████████████████████████████████████████| 2118/2118 [100%] in 2:10.1 (16.28/s) 
  Fold 0 QF_NRA: avg_par2=1.196, solved=875/882 (99.2%)
Parsing Input File |████████████████████████████████████████| 14700/14700 [100%] in 0.4s (37734.56/s) 
on 227: [machsmt] warning: Timeout after 10 seconds of compute_core_features on Benchmark(self.path=data/benchmarks/suite_9k/QF_BV/20221012-MCMPC/dualexecution.t1.i15.fb1699bf.smt2, len(self.solvers)=6, self.logic=QF_BV)
on 581: [machsmt] warning: Timeout after 10 seconds of compute_core_features on Benchmark(self.path=data/benchmarks/suite_9k/QF_BV/asp/dom_rand_70_300_1155482584_3.lp.smt2, len(self.solvers)=6, self.logic=QF_BV)
on 606: [machsmt] warning: Timeout after 10 seconds of compute_core_features on Benchmark(self.path=data/benchmarks/suite_9k/QF_BV/asp/edge-matching-width=10-height=10-colours=12.smt2, len(self.solvers)=6, self.logic=QF_BV)
on 658: [machsmt] warning: Timeout after 10 seconds of compute_core_features on Benchmark(self.path=data/benchmarks/suite_9k/QF_BV/asp/knightTour.in08.smt2, len(self.solvers)=6, self.logic=QF_BV)
on 659: [machsmt] warning: Timeout after 10 seconds of compute_core_features on Benchmark(self.path=data/benchmarks/suite_9k/QF_BV/asp/knightTour.in09.smt2, len(self.solvers)=6, self.logic=QF_BV)
on 660: [machsmt] warning: Timeout after 10 seconds of compute_core_features on Benchmark(self.path=data/benchmarks/suite_9k/QF_BV/asp/laby_17_17_07.lp.smt2, len(self.solvers)=6, self.logic=QF_BV)
on 664: [machsmt] warning: Timeout after 10 seconds of compute_core_features on Benchmark(self.path=data/benchmarks/suite_9k/QF_BV/asp/laby_18_18_11.lp.smt2, len(self.solvers)=6, self.logic=QF_BV)
on 667: [machsmt] warning: Timeout after 10 seconds of compute_core_features on Benchmark(self.path=data/benchmarks/suite_9k/QF_BV/asp/laby_18_18_13.lp.smt2, len(self.solvers)=6, self.logic=QF_BV)
on 668: [machsmt] warning: Timeout after 10 seconds of compute_core_features on Benchmark(self.path=data/benchmarks/suite_9k/QF_BV/asp/laby_18_18_14.lp.smt2, len(self.solvers)=6, self.logic=QF_BV)
on 670: [machsmt] warning: Timeout after 10 seconds of compute_core_features on Benchmark(self.path=data/benchmarks/suite_9k/QF_BV/asp/laby_20_20_04.lp.smt2, len(self.solvers)=6, self.logic=QF_BV)
on 671: [machsmt] warning: Timeout after 10 seconds of compute_core_features on Benchmark(self.path=data/benchmarks/suite_9k/QF_BV/asp/laby_21_21_01.lp.smt2, len(self.solvers)=6, self.logic=QF_BV)
on 672: [machsmt] warning: Timeout after 10 seconds of compute_core_features on Benchmark(self.path=data/benchmarks/suite_9k/QF_BV/asp/laby_21_21_05.lp.smt2, len(self.solvers)=6, self.logic=QF_BV)
on 674: [machsmt] warning: Timeout after 10 seconds of compute_core_features on Benchmark(self.path=data/benchmarks/suite_9k/QF_BV/asp/laby_21_21_16.lp.smt2, len(self.solvers)=6, self.logic=QF_BV)
on 676: [machsmt] warning: Timeout after 10 seconds of compute_core_features on Benchmark(self.path=data/benchmarks/suite_9k/QF_BV/asp/laby_22_22_08.lp.smt2, len(self.solvers)=6, self.logic=QF_BV)
on 677: [machsmt] warning: Timeout after 10 seconds of compute_core_features on Benchmark(self.path=data/benchmarks/suite_9k/QF_BV/asp/laby_22_22_09.lp.smt2, len(self.solvers)=6, self.logic=QF_BV)
on 677: [machsmt] warning: Timeout after 10 seconds of compute_core_features on Benchmark(self.path=data/benchmarks/suite_9k/QF_BV/asp/laby_22_22_13.lp.smt2, len(self.solvers)=6, self.logic=QF_BV)
on 679: [machsmt] warning: Timeout after 10 seconds of compute_core_features on Benchmark(self.path=data/benchmarks/suite_9k/QF_BV/asp/laby_22_22_11.lp.smt2, len(self.solvers)=6, self.logic=QF_BV)
Processing Benchmark Files |████████████████████████████████████████| 2450/2450 [100%] in 10:48.0 (3.78/s) 
  Fold 1 QF_BV: avg_par2=68.073, solved=260/550 (47.3%)
Parsing Input File |████████████████████████████████████████| 14754/14754 [100%] in 0.5s (32403.64/s) 
Processing Benchmark Files |████████████████████████████████████████| 2459/2459 [100%] in 1:19.4 (30.97/s) 
  Fold 1 QF_LIA: avg_par2=6.953, solved=518/541 (95.7%)
Parsing Input File |████████████████████████████████████████| 14928/14928 [100%] in 0.4s (33614.06/s) 
Processing Benchmark Files |████████████████████████████████████████| 2488/2488 [100%] in 1:57.1 (21.25/s) 
  Fold 1 QF_NRA: avg_par2=14.351, solved=452/512 (88.3%)
Parsing Input File |████████████████████████████████████████| 14664/14664 [100%] in 0.4s (33616.12/s) 
on 606: [machsmt] warning: Timeout after 10 seconds of compute_core_features on Benchmark(self.path=data/benchmarks/suite_9k/QF_BV/asp/disjunctiveScheduling.in1.smt2, len(self.solvers)=6, self.logic=QF_BV)
on 625: [machsmt] warning: Timeout after 10 seconds of compute_core_features on Benchmark(self.path=data/benchmarks/suite_9k/QF_BV/asp/disjunctiveScheduling.in9.smt2, len(self.solvers)=6, self.logic=QF_BV)
on 626: [machsmt] warning: Timeout after 10 seconds of compute_core_features on Benchmark(self.path=data/benchmarks/suite_9k/QF_BV/asp/disjunctiveScheduling.in7.smt2, len(self.solvers)=6, self.logic=QF_BV)
on 627: [machsmt] warning: Timeout after 10 seconds of compute_core_features on Benchmark(self.path=data/benchmarks/suite_9k/QF_BV/asp/edge-matching-width=10-height=10-colours=11.smt2, len(self.solvers)=6, self.logic=QF_BV)
on 683: [machsmt] warning: Timeout after 10 seconds of compute_core_features on Benchmark(self.path=data/benchmarks/suite_9k/QF_BV/asp/knightTour.in09.smt2, len(self.solvers)=6, self.logic=QF_BV)
on 685: [machsmt] warning: Timeout after 10 seconds of compute_core_features on Benchmark(self.path=data/benchmarks/suite_9k/QF_BV/asp/laby_17_17_07.lp.smt2, len(self.solvers)=6, self.logic=QF_BV)
on 686: [machsmt] warning: Timeout after 10 seconds of compute_core_features on Benchmark(self.path=data/benchmarks/suite_9k/QF_BV/asp/laby_17_17_02.lp.smt2, len(self.solvers)=6, self.logic=QF_BV)
on 687: [machsmt] warning: Timeout after 10 seconds of compute_core_features on Benchmark(self.path=data/benchmarks/suite_9k/QF_BV/asp/laby_18_18_04.lp.smt2, len(self.solvers)=6, self.logic=QF_BV)
on 688: [machsmt] warning: Timeout after 10 seconds of compute_core_features on Benchmark(self.path=data/benchmarks/suite_9k/QF_BV/asp/laby_17_17_09.lp.smt2, len(self.solvers)=6, self.logic=QF_BV)
on 689: [machsmt] warning: Timeout after 10 seconds of compute_core_features on Benchmark(self.path=data/benchmarks/suite_9k/QF_BV/asp/laby_18_18_11.lp.smt2, len(self.solvers)=6, self.logic=QF_BV)
on 695: [machsmt] warning: Timeout after 10 seconds of compute_core_features on Benchmark(self.path=data/benchmarks/suite_9k/QF_BV/asp/laby_20_20_04.lp.smt2, len(self.solvers)=6, self.logic=QF_BV)
on 696: [machsmt] warning: Timeout after 10 seconds of compute_core_features on Benchmark(self.path=data/benchmarks/suite_9k/QF_BV/asp/laby_21_21_01.lp.smt2, len(self.solvers)=6, self.logic=QF_BV)
on 697: [machsmt] warning: Timeout after 10 seconds of compute_core_features on Benchmark(self.path=data/benchmarks/suite_9k/QF_BV/asp/laby_21_21_05.lp.smt2, len(self.solvers)=6, self.logic=QF_BV)
on 699: [machsmt] warning: Timeout after 10 seconds of compute_core_features on Benchmark(self.path=data/benchmarks/suite_9k/QF_BV/asp/laby_21_21_18.lp.smt2, len(self.solvers)=6, self.logic=QF_BV)
on 701: [machsmt] warning: Timeout after 10 seconds of compute_core_features on Benchmark(self.path=data/benchmarks/suite_9k/QF_BV/asp/laby_22_22_08.lp.smt2, len(self.solvers)=6, self.logic=QF_BV)
Processing Benchmark Files |████████████████████████████████████████| 2444/2444 [100%] in 10:11.2 (4.00/s) 
  Fold 2 QF_BV: avg_par2=1.193, solved=555/556 (99.8%)
Parsing Input File |████████████████████████████████████████| 14106/14106 [100%] in 0.4s (35079.42/s) 
Processing Benchmark Files |████████████████████████████████████████| 2351/2351 [100%] in 1:20.2 (29.31/s) 
  Fold 2 QF_LIA: avg_par2=6.644, solved=633/649 (97.5%)
Parsing Input File |████████████████████████████████████████| 15120/15120 [100%] in 0.4s (34067.56/s) 
Processing Benchmark Files |████████████████████████████████████████| 2520/2520 [100%] in 32.5s (77.65/s) 
  Fold 2 QF_NRA: avg_par2=33.064, solved=383/480 (79.8%)
Parsing Input File |████████████████████████████████████████| 14466/14466 [100%] in 0.4s (36604.55/s) 
on 227: [machsmt] warning: Timeout after 10 seconds of compute_core_features on Benchmark(self.path=data/benchmarks/suite_9k/QF_BV/20221012-MCMPC/dualexecution.t1.i15.fb1699bf.smt2, len(self.solvers)=6, self.logic=QF_BV)
on 944: [machsmt] warning: Timeout after 10 seconds of compute_core_features on Benchmark(self.path=data/benchmarks/suite_9k/QF_BV/asp/edge-matching-width=10-height=10-colours=12.smt2, len(self.solvers)=6, self.logic=QF_BV)
on 1000: [machsmt] warning: Timeout after 10 seconds of compute_core_features on Benchmark(self.path=data/benchmarks/suite_9k/QF_BV/asp/knightTour.in09.smt2, len(self.solvers)=6, self.logic=QF_BV)
on 1001: [machsmt] warning: Timeout after 10 seconds of compute_core_features on Benchmark(self.path=data/benchmarks/suite_9k/QF_BV/asp/knightTour.in08.smt2, len(self.solvers)=6, self.logic=QF_BV)
on 1002: [machsmt] warning: Timeout after 10 seconds of compute_core_features on Benchmark(self.path=data/benchmarks/suite_9k/QF_BV/asp/laby_17_17_02.lp.smt2, len(self.solvers)=6, self.logic=QF_BV)
on 1003: [machsmt] warning: Timeout after 10 seconds of compute_core_features on Benchmark(self.path=data/benchmarks/suite_9k/QF_BV/asp/laby_17_17_07.lp.smt2, len(self.solvers)=6, self.logic=QF_BV)
on 1007: [machsmt] warning: Timeout after 10 seconds of compute_core_features on Benchmark(self.path=data/benchmarks/suite_9k/QF_BV/asp/laby_18_18_04.lp.smt2, len(self.solvers)=6, self.logic=QF_BV)
on 1008: [machsmt] warning: Timeout after 10 seconds of compute_core_features on Benchmark(self.path=data/benchmarks/suite_9k/QF_BV/asp/laby_18_18_14.lp.smt2, len(self.solvers)=6, self.logic=QF_BV)
on 1011: [machsmt] warning: Timeout after 10 seconds of compute_core_features on Benchmark(self.path=data/benchmarks/suite_9k/QF_BV/asp/laby_19_19_19.lp.smt2, len(self.solvers)=6, self.logic=QF_BV)
on 1012: [machsmt] warning: Timeout after 10 seconds of compute_core_features on Benchmark(self.path=data/benchmarks/suite_9k/QF_BV/asp/laby_20_20_04.lp.smt2, len(self.solvers)=6, self.logic=QF_BV)
on 1014: [machsmt] warning: Timeout after 10 seconds of compute_core_features on Benchmark(self.path=data/benchmarks/suite_9k/QF_BV/asp/laby_21_21_01.lp.smt2, len(self.solvers)=6, self.logic=QF_BV)
on 1015: [machsmt] warning: Timeout after 10 seconds of compute_core_features on Benchmark(self.path=data/benchmarks/suite_9k/QF_BV/asp/laby_21_21_16.lp.smt2, len(self.solvers)=6, self.logic=QF_BV)
on 1016: [machsmt] warning: Timeout after 10 seconds of compute_core_features on Benchmark(self.path=data/benchmarks/suite_9k/QF_BV/asp/laby_21_21_12.lp.smt2, len(self.solvers)=6, self.logic=QF_BV)
on 1019: [machsmt] warning: Timeout after 10 seconds of compute_core_features on Benchmark(self.path=data/benchmarks/suite_9k/QF_BV/asp/laby_21_21_18.lp.smt2, len(self.solvers)=6, self.logic=QF_BV)
on 1021: [machsmt] warning: Timeout after 10 seconds of compute_core_features on Benchmark(self.path=data/benchmarks/suite_9k/QF_BV/asp/laby_22_22_11.lp.smt2, len(self.solvers)=6, self.logic=QF_BV)
on 1050: [machsmt] warning: Timeout after 10 seconds of compute_core_features on Benchmark(self.path=data/benchmarks/suite_9k/QF_BV/asp/laby_22_22_19.lp.smt2, len(self.solvers)=6, self.logic=QF_BV)
Processing Benchmark Files |████████████████████████████████████████| 2411/2411 [100%] in 12:05.3 (3.32/s) 
  Fold 3 QF_BV: avg_par2=27.459, solved=463/589 (78.6%)
Parsing Input File |████████████████████████████████████████| 14118/14118 [100%] in 0.4s (34096.23/s) 
Processing Benchmark Files |████████████████████████████████████████| 2353/2353 [100%] in 59.4s (39.65/s) 
  Fold 3 QF_LIA: avg_par2=23.813, solved=527/647 (81.5%)
Parsing Input File |████████████████████████████████████████| 14736/14736 [100%] in 0.5s (27784.00/s) 
on 772: [machsmt] warning: Timeout after 10 seconds of compute_core_features on Benchmark(self.path=data/benchmarks/suite_9k/QF_NRA/LassoRanker/Collatz.bpl_Iteration1_Loop_3-pieceTemplate.smt2, len(self.solvers)=6, self.logic=QF_NRA)
Processing Benchmark Files |████████████████████████████████████████| 2456/2456 [100%] in 1:47.5 (22.85/s) 
  Fold 3 QF_NRA: avg_par2=77.287, solved=240/544 (44.1%)
Parsing Input File |████████████████████████████████████████| 14382/14382 [100%] in 0.4s (33917.67/s) 
on 227: [machsmt] warning: Timeout after 10 seconds of compute_core_features on Benchmark(self.path=data/benchmarks/suite_9k/QF_BV/20221012-MCMPC/dualexecution.t1.i15.fb1699bf.smt2, len(self.solvers)=6, self.logic=QF_BV)
