SMT environment loaded from /dcs/large/u5573765
=== Task 7: /dcs/23/u5573765/cs351/smt-ablation-machsmt/ablations/templates/seed_sensitivity.yaml ===
Experiment: ABL-RNG01
  Knob: rng
  Values: [42, 123, 456]
  Reference rng=42
  Suite: suite_9k, Portfolio: 7
  Logics: ['QF_BV', 'QF_LIA', 'QF_NRA']
  K-fold: 5
======================================================================
Experiment: ABL-RNG01
  Knob: rng
  Values: [42, 123, 456]
  Logics: ['QF_BV', 'QF_LIA', 'QF_NRA']
======================================================================
Loaded 9000 benchmarks from suite_9k
Filtered to 9000 benchmarks for logics: ['QF_BV', 'QF_LIA', 'QF_NRA']
Pre-parsing all benchmarks (one-time cost)...
  Parsed 500/9000 benchmarks
  Parsed 1000/9000 benchmarks
  Parsed 1500/9000 benchmarks
  Parsed 2000/9000 benchmarks
  Parsed 2500/9000 benchmarks
  Parsed 3000/9000 benchmarks
  Parsed 3500/9000 benchmarks
  Parsed 4000/9000 benchmarks
  Parsed 4500/9000 benchmarks
  Parsed 5000/9000 benchmarks
  Parsed 5500/9000 benchmarks
  Parsed 6000/9000 benchmarks
  Parsed 6500/9000 benchmarks
  Parsed 7000/9000 benchmarks
  Parsed 7500/9000 benchmarks
  Parsed 8000/9000 benchmarks
  Parsed 8500/9000 benchmarks
  Parsed 9000/9000 benchmarks
Cached features for 9000 benchmarks

============================================================
Variant 0: rng=42
  k-fold=5
============================================================
  Fold 0 QF_BV: avg_par2=27.361, solved=551/702 (78.5%)
  Fold 0 QF_LIA: avg_par2=27.703, solved=476/575 (82.8%)
  Fold 0 QF_NRA: avg_par2=0.655, solved=879/882 (99.7%)
  Fold 1 QF_BV: avg_par2=64.990, solved=271/550 (49.3%)
  Fold 1 QF_LIA: avg_par2=5.900, solved=525/541 (97.0%)
  Fold 1 QF_NRA: avg_par2=10.179, solved=481/512 (93.9%)
  Fold 2 QF_BV: avg_par2=1.195, solved=555/556 (99.8%)
  Fold 2 QF_LIA: avg_par2=8.446, solved=621/649 (95.7%)
  Fold 2 QF_NRA: avg_par2=33.711, solved=391/480 (81.5%)
  Fold 3 QF_BV: avg_par2=18.313, solved=512/589 (86.9%)
  Fold 3 QF_LIA: avg_par2=28.197, solved=502/647 (77.6%)
  Fold 3 QF_NRA: avg_par2=75.804, solved=248/544 (45.6%)
  Fold 4 QF_BV: avg_par2=32.163, solved=453/603 (75.1%)
  Fold 4 QF_LIA: avg_par2=56.149, solved=318/588 (54.1%)
  Fold 4 QF_NRA: avg_par2=6.592, solved=552/582 (94.8%)

============================================================
Variant 1: rng=123
  k-fold=5
============================================================
  Fold 0 QF_BV: avg_par2=27.103, solved=552/702 (78.6%)
  Fold 0 QF_LIA: avg_par2=76.009, solved=242/575 (42.1%)
  Fold 0 QF_NRA: avg_par2=0.654, solved=879/882 (99.7%)
  Fold 1 QF_BV: avg_par2=67.907, solved=260/550 (47.3%)
  Fold 1 QF_LIA: avg_par2=7.388, solved=519/541 (95.9%)
  Fold 1 QF_NRA: avg_par2=14.463, solved=452/512 (88.3%)
  Fold 2 QF_BV: avg_par2=5.260, solved=540/556 (97.1%)
  Fold 2 QF_LIA: avg_par2=9.943, solved=612/649 (94.3%)
  Fold 2 QF_NRA: avg_par2=28.123, solved=388/480 (80.8%)
  Fold 3 QF_BV: avg_par2=5.409, solved=571/589 (96.9%)
  Fold 3 QF_LIA: avg_par2=22.438, solved=535/647 (82.7%)
  Fold 3 QF_NRA: avg_par2=72.937, solved=262/544 (48.2%)
  Fold 4 QF_BV: avg_par2=53.585, solved=340/603 (56.4%)
  Fold 4 QF_LIA: avg_par2=49.722, solved=350/588 (59.5%)
  Fold 4 QF_NRA: avg_par2=3.292, solved=568/582 (97.6%)

============================================================
Variant 2: rng=456
  k-fold=5
============================================================
  Fold 0 QF_BV: avg_par2=27.038, solved=553/702 (78.8%)
  Fold 0 QF_LIA: avg_par2=33.795, solved=451/575 (78.4%)
  Fold 0 QF_NRA: avg_par2=1.061, solved=876/882 (99.3%)
  Fold 1 QF_BV: avg_par2=70.323, solved=248/550 (45.1%)
  Fold 1 QF_LIA: avg_par2=12.180, solved=493/541 (91.1%)
  Fold 1 QF_NRA: avg_par2=14.365, solved=452/512 (88.3%)
  Fold 2 QF_BV: avg_par2=1.564, solved=554/556 (99.6%)
  Fold 2 QF_LIA: avg_par2=6.616, solved=633/649 (97.5%)
  Fold 2 QF_NRA: avg_par2=27.005, solved=393/480 (81.9%)
  Fold 3 QF_BV: avg_par2=6.686, solved=565/589 (95.9%)
  Fold 3 QF_LIA: avg_par2=29.479, solved=496/647 (76.7%)
  Fold 3 QF_NRA: avg_par2=79.290, solved=229/544 (42.1%)
  Fold 4 QF_BV: avg_par2=32.164, solved=453/603 (75.1%)
  Fold 4 QF_LIA: avg_par2=31.757, solved=443/588 (75.3%)
  Fold 4 QF_NRA: avg_par2=5.417, solved=558/582 (95.9%)

Experiment ABL-RNG01 completed.
  Runs CSV:    /dcs/23/u5573765/cs351/smt-ablation-machsmt/ablations/results/ABL-RNG01_runs.csv
  Summary CSV: /dcs/23/u5573765/cs351/smt-ablation-machsmt/ablations/results/ABL-RNG01_summary.csv

# Ablation Report: ABL-RNG01

**Hypothesis**: Different random seeds should show low variance if model is stable
**Knob**: rng
**Values**: [42, 123, 456]

## QF_BV

| Variant | Value | Mean PAR-2 | Std PAR-2 | Solve Rate | Folds | Delta vs Ref |
|---------|-------|------------|-----------|------------|-------|--------------|
| 0 | 42 | 28.8041 | 23.426 | 77.9% | 5 | 0.0000 |
| 1 | 123 | 31.8529 | 28.2895 | 75.3% | 5 | +3.0488 |
| 2 | 456 | 27.5552 | 27.2106 | 78.9% | 5 | -1.2489 |

## QF_LIA

| Variant | Value | Mean PAR-2 | Std PAR-2 | Solve Rate | Folds | Delta vs Ref |
|---------|-------|------------|-----------|------------|-------|--------------|
| 0 | 42 | 25.279 | 20.1631 | 81.4% | 5 | 0.0000 |
| 1 | 123 | 33.1001 | 29.2766 | 74.9% | 5 | +7.8211 |
| 2 | 456 | 22.7652 | 12.4542 | 83.8% | 5 | -2.5138 |

## QF_NRA

| Variant | Value | Mean PAR-2 | Std PAR-2 | Solve Rate | Folds | Delta vs Ref |
|---------|-------|------------|-----------|------------|-------|--------------|
| 0 | 42 | 25.3881 | 30.852 | 83.1% | 5 | 0.0000 |
| 1 | 123 | 23.8937 | 29.4814 | 82.9% | 5 | -1.4944 |
| 2 | 456 | 25.4275 | 31.7023 | 81.5% | 5 | +0.0394 |

## Per-Fold Details

| Variant | Value | Fold | Logic | Instances | Avg PAR-2 | Solved | Solve Rate |
|---------|-------|------|-------|-----------|-----------|--------|------------|
| 0 | 42 | 0 | QF_BV | 702 | 27.3605 | 551 | 78.5% |
| 0 | 42 | 0 | QF_LIA | 575 | 27.7029 | 476 | 82.8% |
| 0 | 42 | 0 | QF_NRA | 882 | 0.6547 | 879 | 99.7% |
| 0 | 42 | 1 | QF_BV | 550 | 64.9898 | 271 | 49.3% |
| 0 | 42 | 1 | QF_LIA | 541 | 5.9002 | 525 | 97.0% |
| 0 | 42 | 1 | QF_NRA | 512 | 10.1789 | 481 | 94.0% |
| 0 | 42 | 2 | QF_BV | 556 | 1.1945 | 555 | 99.8% |
| 0 | 42 | 2 | QF_LIA | 649 | 8.4463 | 621 | 95.7% |
| 0 | 42 | 2 | QF_NRA | 480 | 33.7108 | 391 | 81.5% |
| 0 | 42 | 3 | QF_BV | 589 | 18.313 | 512 | 86.9% |
| 0 | 42 | 3 | QF_LIA | 647 | 28.1968 | 502 | 77.6% |
| 0 | 42 | 3 | QF_NRA | 544 | 75.804 | 248 | 45.6% |
| 0 | 42 | 4 | QF_BV | 603 | 32.1626 | 453 | 75.1% |
| 0 | 42 | 4 | QF_LIA | 588 | 56.1488 | 318 | 54.1% |
| 0 | 42 | 4 | QF_NRA | 582 | 6.5921 | 552 | 94.8% |
| 1 | 123 | 0 | QF_BV | 702 | 27.1032 | 552 | 78.6% |
| 1 | 123 | 0 | QF_LIA | 575 | 76.0088 | 242 | 42.1% |
| 1 | 123 | 0 | QF_NRA | 882 | 0.6537 | 879 | 99.7% |
| 1 | 123 | 1 | QF_BV | 550 | 67.9067 | 260 | 47.3% |
| 1 | 123 | 1 | QF_LIA | 541 | 7.3882 | 519 | 95.9% |
| 1 | 123 | 1 | QF_NRA | 512 | 14.4635 | 452 | 88.3% |
| 1 | 123 | 2 | QF_BV | 556 | 5.2605 | 540 | 97.1% |
| 1 | 123 | 2 | QF_LIA | 649 | 9.9432 | 612 | 94.3% |
| 1 | 123 | 2 | QF_NRA | 480 | 28.123 | 388 | 80.8% |
| 1 | 123 | 3 | QF_BV | 589 | 5.4088 | 571 | 96.9% |
| 1 | 123 | 3 | QF_LIA | 647 | 22.4382 | 535 | 82.7% |
| 1 | 123 | 3 | QF_NRA | 544 | 72.9369 | 262 | 48.2% |
| 1 | 123 | 4 | QF_BV | 603 | 53.5854 | 340 | 56.4% |
| 1 | 123 | 4 | QF_LIA | 588 | 49.7222 | 350 | 59.5% |
| 1 | 123 | 4 | QF_NRA | 582 | 3.2915 | 568 | 97.6% |
| 2 | 456 | 0 | QF_BV | 702 | 27.0385 | 553 | 78.8% |
| 2 | 456 | 0 | QF_LIA | 575 | 33.7947 | 451 | 78.4% |
| 2 | 456 | 0 | QF_NRA | 882 | 1.061 | 876 | 99.3% |
| 2 | 456 | 1 | QF_BV | 550 | 70.3231 | 248 | 45.1% |
| 2 | 456 | 1 | QF_LIA | 541 | 12.1795 | 493 | 91.1% |
| 2 | 456 | 1 | QF_NRA | 512 | 14.3646 | 452 | 88.3% |
| 2 | 456 | 2 | QF_BV | 556 | 1.5645 | 554 | 99.6% |
| 2 | 456 | 2 | QF_LIA | 649 | 6.616 | 633 | 97.5% |
| 2 | 456 | 2 | QF_NRA | 480 | 27.005 | 393 | 81.9% |
| 2 | 456 | 3 | QF_BV | 589 | 6.6855 | 565 | 95.9% |
| 2 | 456 | 3 | QF_LIA | 647 | 29.4793 | 496 | 76.7% |
| 2 | 456 | 3 | QF_NRA | 544 | 79.2896 | 229 | 42.1% |
| 2 | 456 | 4 | QF_BV | 603 | 32.1643 | 453 | 75.1% |
| 2 | 456 | 4 | QF_LIA | 588 | 31.7567 | 443 | 75.3% |
| 2 | 456 | 4 | QF_NRA | 582 | 5.4174 | 558 | 95.9% |

