SMT environment loaded from /dcs/large/u5573765
=== Task 5: /dcs/23/u5573765/cs351/smt-ablation-machsmt/ablations/templates/min_datapoints_sweep.yaml ===
Experiment: ABL-DP01
  Knob: min_datapoints
  Values: [3, 5, 10]
  Reference min_datapoints=3
  Suite: suite_9k, Portfolio: 7
  Logics: ['QF_BV', 'QF_LIA', 'QF_NRA']
  K-fold: 5
======================================================================
Experiment: ABL-DP01
  Knob: min_datapoints
  Values: [3, 5, 10]
  Logics: ['QF_BV', 'QF_LIA', 'QF_NRA']
======================================================================
Loaded 9000 benchmarks from suite_9k
Filtered to 9000 benchmarks for logics: ['QF_BV', 'QF_LIA', 'QF_NRA']

============================================================
Variant 0: min_datapoints=3
  k-fold=5
============================================================
    WARNING: Training failed: __init__() missing 1 required positional argument: 'data'
  Fold 0 QF_BV: avg_par2=120.000, solved=0/702 (0.0%)
    WARNING: Training failed: __init__() missing 1 required positional argument: 'data'
  Fold 0 QF_LIA: avg_par2=120.000, solved=0/575 (0.0%)
    WARNING: Training failed: __init__() missing 1 required positional argument: 'data'
  Fold 0 QF_NRA: avg_par2=120.000, solved=0/882 (0.0%)
    WARNING: Training failed: __init__() missing 1 required positional argument: 'data'
  Fold 1 QF_BV: avg_par2=120.000, solved=0/550 (0.0%)
    WARNING: Training failed: __init__() missing 1 required positional argument: 'data'
  Fold 1 QF_LIA: avg_par2=120.000, solved=0/541 (0.0%)
    WARNING: Training failed: __init__() missing 1 required positional argument: 'data'
  Fold 1 QF_NRA: avg_par2=120.000, solved=0/512 (0.0%)
    WARNING: Training failed: __init__() missing 1 required positional argument: 'data'
  Fold 2 QF_BV: avg_par2=120.000, solved=0/556 (0.0%)
    WARNING: Training failed: __init__() missing 1 required positional argument: 'data'
  Fold 2 QF_LIA: avg_par2=120.000, solved=0/649 (0.0%)
    WARNING: Training failed: __init__() missing 1 required positional argument: 'data'
  Fold 2 QF_NRA: avg_par2=120.000, solved=0/480 (0.0%)
    WARNING: Training failed: __init__() missing 1 required positional argument: 'data'
  Fold 3 QF_BV: avg_par2=120.000, solved=0/589 (0.0%)
    WARNING: Training failed: __init__() missing 1 required positional argument: 'data'
  Fold 3 QF_LIA: avg_par2=120.000, solved=0/647 (0.0%)
    WARNING: Training failed: __init__() missing 1 required positional argument: 'data'
  Fold 3 QF_NRA: avg_par2=120.000, solved=0/544 (0.0%)
    WARNING: Training failed: __init__() missing 1 required positional argument: 'data'
  Fold 4 QF_BV: avg_par2=120.000, solved=0/603 (0.0%)
    WARNING: Training failed: __init__() missing 1 required positional argument: 'data'
  Fold 4 QF_LIA: avg_par2=120.000, solved=0/588 (0.0%)
    WARNING: Training failed: __init__() missing 1 required positional argument: 'data'
  Fold 4 QF_NRA: avg_par2=120.000, solved=0/582 (0.0%)

============================================================
Variant 1: min_datapoints=5
  k-fold=5
============================================================
    WARNING: Training failed: __init__() missing 1 required positional argument: 'data'
  Fold 0 QF_BV: avg_par2=120.000, solved=0/702 (0.0%)
    WARNING: Training failed: __init__() missing 1 required positional argument: 'data'
  Fold 0 QF_LIA: avg_par2=120.000, solved=0/575 (0.0%)
    WARNING: Training failed: __init__() missing 1 required positional argument: 'data'
  Fold 0 QF_NRA: avg_par2=120.000, solved=0/882 (0.0%)
    WARNING: Training failed: __init__() missing 1 required positional argument: 'data'
  Fold 1 QF_BV: avg_par2=120.000, solved=0/550 (0.0%)
    WARNING: Training failed: __init__() missing 1 required positional argument: 'data'
  Fold 1 QF_LIA: avg_par2=120.000, solved=0/541 (0.0%)
    WARNING: Training failed: __init__() missing 1 required positional argument: 'data'
  Fold 1 QF_NRA: avg_par2=120.000, solved=0/512 (0.0%)
    WARNING: Training failed: __init__() missing 1 required positional argument: 'data'
  Fold 2 QF_BV: avg_par2=120.000, solved=0/556 (0.0%)
    WARNING: Training failed: __init__() missing 1 required positional argument: 'data'
  Fold 2 QF_LIA: avg_par2=120.000, solved=0/649 (0.0%)
    WARNING: Training failed: __init__() missing 1 required positional argument: 'data'
  Fold 2 QF_NRA: avg_par2=120.000, solved=0/480 (0.0%)
    WARNING: Training failed: __init__() missing 1 required positional argument: 'data'
  Fold 3 QF_BV: avg_par2=120.000, solved=0/589 (0.0%)
    WARNING: Training failed: __init__() missing 1 required positional argument: 'data'
  Fold 3 QF_LIA: avg_par2=120.000, solved=0/647 (0.0%)
    WARNING: Training failed: __init__() missing 1 required positional argument: 'data'
  Fold 3 QF_NRA: avg_par2=120.000, solved=0/544 (0.0%)
    WARNING: Training failed: __init__() missing 1 required positional argument: 'data'
  Fold 4 QF_BV: avg_par2=120.000, solved=0/603 (0.0%)
    WARNING: Training failed: __init__() missing 1 required positional argument: 'data'
  Fold 4 QF_LIA: avg_par2=120.000, solved=0/588 (0.0%)
    WARNING: Training failed: __init__() missing 1 required positional argument: 'data'
  Fold 4 QF_NRA: avg_par2=120.000, solved=0/582 (0.0%)

============================================================
Variant 2: min_datapoints=10
  k-fold=5
============================================================
    WARNING: Training failed: __init__() missing 1 required positional argument: 'data'
  Fold 0 QF_BV: avg_par2=120.000, solved=0/702 (0.0%)
    WARNING: Training failed: __init__() missing 1 required positional argument: 'data'
  Fold 0 QF_LIA: avg_par2=120.000, solved=0/575 (0.0%)
    WARNING: Training failed: __init__() missing 1 required positional argument: 'data'
  Fold 0 QF_NRA: avg_par2=120.000, solved=0/882 (0.0%)
    WARNING: Training failed: __init__() missing 1 required positional argument: 'data'
  Fold 1 QF_BV: avg_par2=120.000, solved=0/550 (0.0%)
    WARNING: Training failed: __init__() missing 1 required positional argument: 'data'
  Fold 1 QF_LIA: avg_par2=120.000, solved=0/541 (0.0%)
    WARNING: Training failed: __init__() missing 1 required positional argument: 'data'
  Fold 1 QF_NRA: avg_par2=120.000, solved=0/512 (0.0%)
    WARNING: Training failed: __init__() missing 1 required positional argument: 'data'
  Fold 2 QF_BV: avg_par2=120.000, solved=0/556 (0.0%)
    WARNING: Training failed: __init__() missing 1 required positional argument: 'data'
  Fold 2 QF_LIA: avg_par2=120.000, solved=0/649 (0.0%)
    WARNING: Training failed: __init__() missing 1 required positional argument: 'data'
  Fold 2 QF_NRA: avg_par2=120.000, solved=0/480 (0.0%)
    WARNING: Training failed: __init__() missing 1 required positional argument: 'data'
  Fold 3 QF_BV: avg_par2=120.000, solved=0/589 (0.0%)
    WARNING: Training failed: __init__() missing 1 required positional argument: 'data'
  Fold 3 QF_LIA: avg_par2=120.000, solved=0/647 (0.0%)
    WARNING: Training failed: __init__() missing 1 required positional argument: 'data'
  Fold 3 QF_NRA: avg_par2=120.000, solved=0/544 (0.0%)
    WARNING: Training failed: __init__() missing 1 required positional argument: 'data'
  Fold 4 QF_BV: avg_par2=120.000, solved=0/603 (0.0%)
    WARNING: Training failed: __init__() missing 1 required positional argument: 'data'
  Fold 4 QF_LIA: avg_par2=120.000, solved=0/588 (0.0%)
    WARNING: Training failed: __init__() missing 1 required positional argument: 'data'
  Fold 4 QF_NRA: avg_par2=120.000, solved=0/582 (0.0%)

Experiment ABL-DP01 completed.
  Runs CSV:    /dcs/23/u5573765/cs351/smt-ablation-machsmt/ablations/results/ABL-DP01_runs.csv
  Summary CSV: /dcs/23/u5573765/cs351/smt-ablation-machsmt/ablations/results/ABL-DP01_summary.csv

# Ablation Report: ABL-DP01

**Hypothesis**: Higher min_datapoints threshold may improve model quality by filtering noisy solver configs
**Knob**: min_datapoints
**Values**: [3, 5, 10]

## QF_BV

| Variant | Value | Mean PAR-2 | Std PAR-2 | Solve Rate | Folds | Delta vs Ref |
|---------|-------|------------|-----------|------------|-------|--------------|
| 0 | 3 | 120.0 | 0.0 | 0.0% | 5 | 0.0000 |
| 1 | 5 | 120.0 | 0.0 | 0.0% | 5 | 0.0000 |
| 2 | 10 | 120.0 | 0.0 | 0.0% | 5 | 0.0000 |

## QF_LIA

| Variant | Value | Mean PAR-2 | Std PAR-2 | Solve Rate | Folds | Delta vs Ref |
|---------|-------|------------|-----------|------------|-------|--------------|
| 0 | 3 | 120.0 | 0.0 | 0.0% | 5 | 0.0000 |
| 1 | 5 | 120.0 | 0.0 | 0.0% | 5 | 0.0000 |
| 2 | 10 | 120.0 | 0.0 | 0.0% | 5 | 0.0000 |

## QF_NRA

| Variant | Value | Mean PAR-2 | Std PAR-2 | Solve Rate | Folds | Delta vs Ref |
|---------|-------|------------|-----------|------------|-------|--------------|
| 0 | 3 | 120.0 | 0.0 | 0.0% | 5 | 0.0000 |
| 1 | 5 | 120.0 | 0.0 | 0.0% | 5 | 0.0000 |
| 2 | 10 | 120.0 | 0.0 | 0.0% | 5 | 0.0000 |

## Per-Fold Details

| Variant | Value | Fold | Logic | Instances | Avg PAR-2 | Solved | Solve Rate |
|---------|-------|------|-------|-----------|-----------|--------|------------|
| 0 | 3 | 0 | QF_BV | 702 | 120.0 | 0 | 0.0% |
| 0 | 3 | 0 | QF_LIA | 575 | 120.0 | 0 | 0.0% |
| 0 | 3 | 0 | QF_NRA | 882 | 120.0 | 0 | 0.0% |
| 0 | 3 | 1 | QF_BV | 550 | 120.0 | 0 | 0.0% |
| 0 | 3 | 1 | QF_LIA | 541 | 120.0 | 0 | 0.0% |
| 0 | 3 | 1 | QF_NRA | 512 | 120.0 | 0 | 0.0% |
| 0 | 3 | 2 | QF_BV | 556 | 120.0 | 0 | 0.0% |
| 0 | 3 | 2 | QF_LIA | 649 | 120.0 | 0 | 0.0% |
| 0 | 3 | 2 | QF_NRA | 480 | 120.0 | 0 | 0.0% |
| 0 | 3 | 3 | QF_BV | 589 | 120.0 | 0 | 0.0% |
| 0 | 3 | 3 | QF_LIA | 647 | 120.0 | 0 | 0.0% |
| 0 | 3 | 3 | QF_NRA | 544 | 120.0 | 0 | 0.0% |
| 0 | 3 | 4 | QF_BV | 603 | 120.0 | 0 | 0.0% |
| 0 | 3 | 4 | QF_LIA | 588 | 120.0 | 0 | 0.0% |
| 0 | 3 | 4 | QF_NRA | 582 | 120.0 | 0 | 0.0% |
| 1 | 5 | 0 | QF_BV | 702 | 120.0 | 0 | 0.0% |
| 1 | 5 | 0 | QF_LIA | 575 | 120.0 | 0 | 0.0% |
| 1 | 5 | 0 | QF_NRA | 882 | 120.0 | 0 | 0.0% |
| 1 | 5 | 1 | QF_BV | 550 | 120.0 | 0 | 0.0% |
| 1 | 5 | 1 | QF_LIA | 541 | 120.0 | 0 | 0.0% |
| 1 | 5 | 1 | QF_NRA | 512 | 120.0 | 0 | 0.0% |
| 1 | 5 | 2 | QF_BV | 556 | 120.0 | 0 | 0.0% |
| 1 | 5 | 2 | QF_LIA | 649 | 120.0 | 0 | 0.0% |
| 1 | 5 | 2 | QF_NRA | 480 | 120.0 | 0 | 0.0% |
| 1 | 5 | 3 | QF_BV | 589 | 120.0 | 0 | 0.0% |
| 1 | 5 | 3 | QF_LIA | 647 | 120.0 | 0 | 0.0% |
| 1 | 5 | 3 | QF_NRA | 544 | 120.0 | 0 | 0.0% |
| 1 | 5 | 4 | QF_BV | 603 | 120.0 | 0 | 0.0% |
| 1 | 5 | 4 | QF_LIA | 588 | 120.0 | 0 | 0.0% |
| 1 | 5 | 4 | QF_NRA | 582 | 120.0 | 0 | 0.0% |
| 2 | 10 | 0 | QF_BV | 702 | 120.0 | 0 | 0.0% |
| 2 | 10 | 0 | QF_LIA | 575 | 120.0 | 0 | 0.0% |
| 2 | 10 | 0 | QF_NRA | 882 | 120.0 | 0 | 0.0% |
| 2 | 10 | 1 | QF_BV | 550 | 120.0 | 0 | 0.0% |
| 2 | 10 | 1 | QF_LIA | 541 | 120.0 | 0 | 0.0% |
| 2 | 10 | 1 | QF_NRA | 512 | 120.0 | 0 | 0.0% |
| 2 | 10 | 2 | QF_BV | 556 | 120.0 | 0 | 0.0% |
| 2 | 10 | 2 | QF_LIA | 649 | 120.0 | 0 | 0.0% |
| 2 | 10 | 2 | QF_NRA | 480 | 120.0 | 0 | 0.0% |
| 2 | 10 | 3 | QF_BV | 589 | 120.0 | 0 | 0.0% |
| 2 | 10 | 3 | QF_LIA | 647 | 120.0 | 0 | 0.0% |
| 2 | 10 | 3 | QF_NRA | 544 | 120.0 | 0 | 0.0% |
| 2 | 10 | 4 | QF_BV | 603 | 120.0 | 0 | 0.0% |
| 2 | 10 | 4 | QF_LIA | 588 | 120.0 | 0 | 0.0% |
| 2 | 10 | 4 | QF_NRA | 582 | 120.0 | 0 | 0.0% |

