[Wed  4 Mar 22:29:27 GMT 2026] Sibyl ablation: ABL_DROPOUT | dropout=0.5 | QF_LIA
SLURM_JOB_ID=1260677
Node: gecko-03
GPU: NVIDIA A10
SMT environment loaded from /dcs/large/u5573765
======================================================================
Sibyl Ablation Runner
  Experiment: ABL_DROPOUT
  Knob:       dropout = 0.5
  Logic:      QF_LIA
  Output:     /dcs/23/u5573765/cs351/smt-ablation-sibyl/ablation/results/ABL_DROPOUT/0.5/QF_LIA
======================================================================

  Logic: QF_LIA
  Benchmarks: 250
  Configs: ['z3_lia_default', 'z3_lia_arith', 'cvc5_lia_default', 'cvc5_lia_arith']
  K-folds: 5

  --- Fold 1/5: train=200, val=50 ---
    Training (epochs=5, t=1, dropout=0.5, pool=max, edges=['AST', 'Back-AST', 'Data'], mode=cat, jump=True, weight=best)...
    Evaluating on 50 benchmarks...
    VBS:   47/50 solved, PAR-2=393.7
    Sibyl: 36/50 solved, PAR-2=1743.3
    SBS:   47/50 solved, PAR-2=409.5
    VBS matches: 4/50
    Wall: 195.0s

  --- Fold 2/5: train=200, val=50 ---
    Training (epochs=5, t=1, dropout=0.5, pool=max, edges=['AST', 'Back-AST', 'Data'], mode=cat, jump=True, weight=best)...
    Evaluating on 50 benchmarks...
    VBS:   47/50 solved, PAR-2=514.6
    Sibyl: 39/50 solved, PAR-2=1411.1
    SBS:   47/50 solved, PAR-2=537.6
    VBS matches: 11/50
    Wall: 194.6s

  --- Fold 3/5: train=200, val=50 ---
    Training (epochs=5, t=1, dropout=0.5, pool=max, edges=['AST', 'Back-AST', 'Data'], mode=cat, jump=True, weight=best)...
    Evaluating on 50 benchmarks...
    VBS:   49/50 solved, PAR-2=142.0
    Sibyl: 44/50 solved, PAR-2=765.3
    SBS:   49/50 solved, PAR-2=192.6
    VBS matches: 16/50
    Wall: 204.2s

  --- Fold 4/5: train=200, val=50 ---
    Training (epochs=5, t=1, dropout=0.5, pool=max, edges=['AST', 'Back-AST', 'Data'], mode=cat, jump=True, weight=best)...
    Evaluating on 50 benchmarks...
    VBS:   49/50 solved, PAR-2=182.7
    Sibyl: 42/50 solved, PAR-2=1131.6
    SBS:   49/50 solved, PAR-2=235.3
    VBS matches: 5/50
    Wall: 198.1s

  --- Fold 5/5: train=200, val=50 ---
    Training (epochs=5, t=1, dropout=0.5, pool=max, edges=['AST', 'Back-AST', 'Data'], mode=cat, jump=True, weight=best)...
    Evaluating on 50 benchmarks...
    VBS:   48/50 solved, PAR-2=335.7
    Sibyl: 39/50 solved, PAR-2=1528.6
    SBS:   47/50 solved, PAR-2=469.8
    VBS matches: 9/50
    Wall: 195.9s

  Wrote: /dcs/23/u5573765/cs351/smt-ablation-sibyl/ablation/results/ABL_DROPOUT/0.5/QF_LIA/perfold.csv
  Wrote: /dcs/23/u5573765/cs351/smt-ablation-sibyl/ablation/results/ABL_DROPOUT/0.5/QF_LIA/summary.csv

======================================================================
SUMMARY: ABL_DROPOUT | dropout=0.5 | QF_LIA
  Sibyl: 200/250 solved (80.0%), PAR-2=6580.0
  vs SBS: -256.7%
  Closeness to VBS: -1716.0%
  Wall time: 988s
======================================================================
[Wed  4 Mar 22:45:55 GMT 2026] Done.
