[Thu  5 Mar 01:50:37 GMT 2026] Sibyl ablation: ABL_POOL_TYPE | pool_type=max | QF_LIA
SLURM_JOB_ID=1260826
Node: gecko-03
GPU: NVIDIA A10
SMT environment loaded from /dcs/large/u5573765
======================================================================
Sibyl Ablation Runner
  Experiment: ABL_POOL_TYPE
  Knob:       pool_type = max
  Logic:      QF_LIA
  Output:     /dcs/23/u5573765/cs351/smt-ablation-sibyl/ablation/results/ABL_POOL_TYPE/max/QF_LIA
======================================================================

  Logic: QF_LIA
  Benchmarks: 250
  Configs: ['z3_lia_default', 'z3_lia_arith', 'cvc5_lia_default', 'cvc5_lia_arith']
  K-folds: 5

  --- Fold 1/5: train=200, val=50 ---
    Training (epochs=5, t=1, dropout=0.1, pool=max, edges=['AST', 'Back-AST', 'Data'], mode=cat, jump=True, weight=best)...
    Evaluating on 50 benchmarks...
    VBS:   47/50 solved, PAR-2=393.7
    Sibyl: 44/50 solved, PAR-2=776.0
    SBS:   47/50 solved, PAR-2=409.5
    VBS matches: 22/50
    Wall: 195.4s

  --- Fold 2/5: train=200, val=50 ---
    Training (epochs=5, t=1, dropout=0.1, pool=max, edges=['AST', 'Back-AST', 'Data'], mode=cat, jump=True, weight=best)...
    Evaluating on 50 benchmarks...
    VBS:   47/50 solved, PAR-2=514.6
    Sibyl: 41/50 solved, PAR-2=1185.7
    SBS:   47/50 solved, PAR-2=537.6
    VBS matches: 10/50
    Wall: 193.5s

  --- Fold 3/5: train=200, val=50 ---
    Training (epochs=5, t=1, dropout=0.1, pool=max, edges=['AST', 'Back-AST', 'Data'], mode=cat, jump=True, weight=best)...
    Evaluating on 50 benchmarks...
    VBS:   49/50 solved, PAR-2=142.0
    Sibyl: 46/50 solved, PAR-2=572.4
    SBS:   49/50 solved, PAR-2=192.6
    VBS matches: 8/50
    Wall: 192.1s

  --- Fold 4/5: train=200, val=50 ---
    Training (epochs=5, t=1, dropout=0.1, pool=max, edges=['AST', 'Back-AST', 'Data'], mode=cat, jump=True, weight=best)...
    Evaluating on 50 benchmarks...
    VBS:   49/50 solved, PAR-2=182.7
    Sibyl: 47/50 solved, PAR-2=516.6
    SBS:   49/50 solved, PAR-2=235.3
    VBS matches: 14/50
    Wall: 196.1s

  --- Fold 5/5: train=200, val=50 ---
    Training (epochs=5, t=1, dropout=0.1, pool=max, edges=['AST', 'Back-AST', 'Data'], mode=cat, jump=True, weight=best)...
    Evaluating on 50 benchmarks...
    VBS:   48/50 solved, PAR-2=335.7
    Sibyl: 45/50 solved, PAR-2=809.3
    SBS:   47/50 solved, PAR-2=469.8
    VBS matches: 15/50
    Wall: 221.1s

  Wrote: /dcs/23/u5573765/cs351/smt-ablation-sibyl/ablation/results/ABL_POOL_TYPE/max/QF_LIA/perfold.csv
  Wrote: /dcs/23/u5573765/cs351/smt-ablation-sibyl/ablation/results/ABL_POOL_TYPE/max/QF_LIA/summary.csv

======================================================================
SUMMARY: ABL_POOL_TYPE | pool_type=max | QF_LIA
  Sibyl: 223/250 solved (89.2%), PAR-2=3859.9
  vs SBS: -109.2%
  Closeness to VBS: -730.3%
  Wall time: 998s
======================================================================
[Thu  5 Mar 02:07:15 GMT 2026] Done.
