[Wed  4 Mar 20:58:01 GMT 2026] Sibyl ablation: ABL_POOL_TYPE | pool_type=max | QF_LIA
SLURM_JOB_ID=1260616
Node: gecko-03
GPU: NVIDIA A10
SMT environment loaded from /dcs/large/u5573765
======================================================================
Sibyl Ablation Runner
  Experiment: ABL_POOL_TYPE
  Knob:       pool_type = max
  Logic:      QF_LIA
  Output:     /dcs/23/u5573765/cs351/smt-ablation-sibyl/ablation/results/ABL_POOL_TYPE/max/QF_LIA
======================================================================

  Logic: QF_LIA
  Benchmarks: 250
  Configs: ['z3_lia_default', 'z3_lia_arith', 'cvc5_lia_default', 'cvc5_lia_arith']
  K-folds: 5

  --- Fold 1/5: train=200, val=50 ---
    Training (epochs=5, t=1, dropout=0.1, pool=max, edges=['AST', 'Back-AST', 'Data'], mode=cat, jump=True, weight=best)...
    Evaluating on 50 benchmarks...
    VBS:   47/50 solved, PAR-2=393.7
    Sibyl: 45/50 solved, PAR-2=631.0
    SBS:   47/50 solved, PAR-2=409.5
    VBS matches: 25/50
    Wall: 189.2s

  --- Fold 2/5: train=200, val=50 ---
    Training (epochs=5, t=1, dropout=0.1, pool=max, edges=['AST', 'Back-AST', 'Data'], mode=cat, jump=True, weight=best)...
    Evaluating on 50 benchmarks...
    VBS:   47/50 solved, PAR-2=514.6
    Sibyl: 40/50 solved, PAR-2=1243.0
    SBS:   47/50 solved, PAR-2=537.6
    VBS matches: 12/50
    Wall: 187.0s

  --- Fold 3/5: train=200, val=50 ---
    Training (epochs=5, t=1, dropout=0.1, pool=max, edges=['AST', 'Back-AST', 'Data'], mode=cat, jump=True, weight=best)...
    Evaluating on 50 benchmarks...
    VBS:   49/50 solved, PAR-2=142.0
    Sibyl: 47/50 solved, PAR-2=429.3
    SBS:   49/50 solved, PAR-2=192.6
    VBS matches: 20/50
    Wall: 184.3s

  --- Fold 4/5: train=200, val=50 ---
    Training (epochs=5, t=1, dropout=0.1, pool=max, edges=['AST', 'Back-AST', 'Data'], mode=cat, jump=True, weight=best)...
    Evaluating on 50 benchmarks...
    VBS:   49/50 solved, PAR-2=182.7
    Sibyl: 49/50 solved, PAR-2=225.8
    SBS:   49/50 solved, PAR-2=235.3
    VBS matches: 21/50
    Wall: 185.0s

  --- Fold 5/5: train=200, val=50 ---
    Training (epochs=5, t=1, dropout=0.1, pool=max, edges=['AST', 'Back-AST', 'Data'], mode=cat, jump=True, weight=best)...
    Evaluating on 50 benchmarks...
    VBS:   48/50 solved, PAR-2=335.7
    Sibyl: 45/50 solved, PAR-2=784.9
    SBS:   47/50 solved, PAR-2=469.8
    VBS matches: 12/50
    Wall: 179.9s

  Wrote: /dcs/23/u5573765/cs351/smt-ablation-sibyl/ablation/results/ABL_POOL_TYPE/max/QF_LIA/perfold.csv
  Wrote: /dcs/23/u5573765/cs351/smt-ablation-sibyl/ablation/results/ABL_POOL_TYPE/max/QF_LIA/summary.csv

======================================================================
SUMMARY: ABL_POOL_TYPE | pool_type=max | QF_LIA
  Sibyl: 226/250 solved (90.4%), PAR-2=3313.9
  vs SBS: -79.6%
  Closeness to VBS: -532.4%
  Wall time: 925s
======================================================================
[Wed  4 Mar 21:13:26 GMT 2026] Done.
